number,value,datetime_start,datetime_complete,duration,params_a_0,params_a_1,params_a_2,params_a_3,params_a_4,params_a_5,params_a_6,params_u_dc_0,params_u_dc_1,params_u_dc_2,params_u_dc_3,params_u_dc_4,params_u_dc_5,params_u_dc_6,state
283,0.7383444338725024,2025-11-18 10:10:47.237159,2025-11-18 11:04:12.048447,0 days 00:53:24.811288,0.8642361832151441,-0.14899095288909942,-1.800235042731579,-0.022469871011687084,0.07153778994830676,0.0034610490451952025,1.177454125080395,0.05766859508054445,0.46085131661845175,0.9052376547699257,0.42017554104486404,0.21998084121183498,0.7409889292896313,0.19469871303432168,COMPLETE
284,0.42721217887725976,2025-11-18 11:04:12.321650,2025-11-18 11:57:36.694371,0 days 00:53:24.372721,1.0044916992603594,0.11781257051872371,-1.169865889099731,0.18484835512082506,-0.32453565319456096,0.3186806220194688,0.8372349750254295,0.9686202202755627,0.5867384536883257,0.9988682892835559,0.5156270896575164,0.14814809166585932,0.623629176341567,0.14795407570828378,COMPLETE
285,0.6974310180780209,2025-11-18 11:57:37.044486,2025-11-18 12:50:59.744056,0 days 00:53:22.699570,0.48044999661178706,0.014288561892827928,-1.8626370990423189,0.09192205646021834,0.2856813963243514,0.22424764595631153,0.9523883314517791,0.10490053161335999,0.5101418632693178,0.9653882168201475,0.46492034395159787,0.2569700709900509,0.6869790877117202,0.7994710988540324,COMPLETE
286,0.7297811607992388,2025-11-18 12:51:00.045269,2025-11-18 13:44:25.502869,0 days 00:53:25.457600,0.3170093458380897,0.026182705483982216,-1.7190562206300029,-0.08435142480081027,0.1483808922018253,0.07570875097540439,0.7531440696944637,0.07904665991812578,0.5703454022843849,0.9235243807380599,0.39404804412891065,0.6197123026476365,0.4982560946559322,0.11972302649600317,COMPLETE
287,0.505708848715509,2025-11-18 13:44:26.268014,2025-11-18 14:38:02.801814,0 days 00:53:36.533800,1.4244364647288241,0.9737400286422135,-1.3821059575948218,0.3715591719706046,0.34585529292217976,-0.023851425408742896,1.3359647808772186,0.39189801407653996,0.610078147089686,0.8920815235709063,0.35495462415971063,0.19553199610777466,0.45390848274030915,0.17146784529030107,COMPLETE
288,0.7350142721217888,2025-11-18 14:38:03.093882,2025-11-18 15:31:41.624276,0 days 00:53:38.530394,0.7762107355428526,-1.6734400484523175,-1.5916827020710735,0.024268473674954646,0.2454601207770249,0.14076078204490078,1.0438887880886814,0.05203678985619032,0.38864311832649173,0.8452919783967799,0.44433102583854417,0.1361461623727964,0.6001594286313064,0.21425455585265338,COMPLETE
289,0.7397716460513797,2025-11-18 15:31:42.443632,2025-11-18 16:25:14.872244,0 days 00:53:32.428612,0.9321278969239206,0.18435462169691713,-1.2297781188550427,0.24536354445870934,0.018388488535414187,-0.12044997746245661,1.1519548736445884,0.07208915696451122,0.5380582978007692,0.9385693817843044,0.49759659108719,0.16880454536935716,0.38276759844443303,0.14233300506499066,COMPLETE
290,0.5252140818268316,2025-11-18 16:25:15.434512,2025-11-18 17:19:50.261493,0 days 00:54:34.826981,1.0749092500246507,-0.11886045090370484,-1.760040893476516,0.11473089130970757,-0.08854794627649673,0.27463171326315117,0.9732878726435273,0.10693328780617324,0.5617879733987117,0.9569384072261998,0.4219949515365472,0.11217714558494957,0.6746533247370701,0.19247465736214192,COMPLETE
291,0.7293054234062797,2025-11-18 17:19:50.930897,2025-11-18 18:13:38.484951,0 days 00:53:47.554054,1.3146462072440652,0.057281537437627976,-1.3279859784980013,0.18902417900573906,0.6886092170584486,0.1836443472520267,1.2346596114275803,0.045838500067496166,0.5963615839094711,0.42915561429950255,0.48113121867661796,0.205572283108397,0.47770658963556273,0.052146357935868304,COMPLETE
292,0.7169362511893435,2025-11-18 18:13:38.728105,2025-11-18 19:07:05.160001,0 days 00:53:26.431896,0.9890632664156926,-0.04729316566186975,-1.642892886771009,-0.007620532260829649,0.44631587953847895,0.7740999169886698,1.069986029101946,0.0838396877271877,0.6441899741394316,0.9149279207027261,0.36269463302634464,0.23040587827319767,0.5156715844561541,0.10357316416219736,COMPLETE
293,0.49191246431969554,2025-11-18 19:07:05.436890,2025-11-18 20:00:24.585865,0 days 00:53:19.148975,0.7045832143596372,0.19883512566200867,-1.533590373996033,-0.15681986863894132,0.12218998447328305,0.0849300882620424,0.8690312331787915,0.30700511196848945,0.5371147812876365,0.9752728910613948,0.3967472036880448,0.25707478355950936,0.6250753418004396,0.02801537168281713,COMPLETE
294,0.4995242626070409,2025-11-18 20:00:24.812080,2025-11-18 20:53:51.284253,0 days 00:53:26.472173,1.192839855346347,0.10099368894969075,-1.3961718075308198,0.32038507762236673,0.3631331787473065,-0.0035759121003541283,0.7808411967300882,0.5010170800307867,0.5803338908341168,0.9352652359849885,0.534292910288624,0.15629526318579853,0.4942243602031193,0.1623524182018145,COMPLETE
295,0.7126546146527117,2025-11-18 20:53:51.933341,2025-11-18 21:47:32.412376,0 days 00:53:40.479035,0.8730712689662452,0.5283033425942869,-1.9008217072883087,0.12350737536220416,0.2546343775896649,0.3393903817029391,0.6616149824905313,0.06376237798880505,0.49341523568482026,0.8961586569942636,0.4464198671468884,0.9323360860395589,0.6515942379394161,0.12626997402307666,COMPLETE
296,0.450523311132255,2025-11-18 21:47:32.949991,2025-11-18 22:41:10.574329,0 days 00:53:37.624338,1.1028746671916032,0.3723232952431512,-1.666764639575423,0.03951396099314396,0.534834016929489,0.19710472535163834,0.9386854578300895,0.13387638603103658,0.5565073344955096,0.9484603211729116,0.467932692369194,0.1205837452351631,0.963921705073996,0.18046253158749584,COMPLETE
297,0.7392959086584205,2025-11-18 22:41:10.877619,2025-11-18 23:34:58.695918,0 days 00:53:47.818299,0.9525072616287454,0.22078335799312798,-1.81121832176424,0.21288265332626316,0.17757969682265895,0.1122482992020337,1.0990604593483535,0.03829316196539697,0.41077320759887,0.8718848549661515,0.37750374999132413,0.21731150740046937,0.7014065336948857,0.15232702327872255,COMPLETE
298,0.7045670789724072,2025-11-18 23:34:59.008189,2025-11-19 00:28:54.391427,0 days 00:53:55.383238,1.0398984383864858,1.0632531080763323,-1.2769369057476743,0.27370471290340165,-0.16342846538118344,0.41177862593835357,1.024222407415679,0.0297989349567815,0.6191808613246781,0.9193713875691967,0.423158320428906,0.28130870301701805,0.590683075632443,0.12841355247900416,COMPLETE
299,0.7297811607992388,2025-11-19 00:28:54.869934,2025-11-19 01:22:40.150954,0 days 00:53:45.281020,0.8105334291310746,0.13757835839737986,-1.5411087078535404,-0.04575640427234278,0.3119299066909583,0.2609266977252557,0.8803558671289332,0.0918853009766464,0.5119357157745719,0.9755657592499529,0.509168927693017,0.24501420930870402,0.5210536054827704,0.16658793365001984,COMPLETE
300,0.7321598477640342,2025-11-19 08:17:07.107890,2025-11-19 09:09:31.565626,0 days 00:52:24.457736,1.2626221803028566,0.03259331054201109,-1.1402803337581415,0.08781565357501556,0.4887817270234677,-0.8711500517782095,1.1638389895182137,0.05916600875969956,0.5903692399234737,0.9582899420541422,0.4415945930869435,0.13688995488335026,0.5279498216818879,0.09498254534970185,COMPLETE
301,0.5670789724072313,2025-11-19 09:09:31.825022,2025-11-19 10:01:46.055978,0 days 00:52:14.230956,1.1567468491172344,0.2413159458610529,0.5240977221543279,0.16801937161929315,0.37672658763653627,-0.1005230526862772,0.9687347071077033,0.6447795307884904,0.5346950105554267,0.9037778327478833,0.40715071263209335,0.17860741468714356,0.46905149977666294,0.2089154375892011,COMPLETE
302,0.7283539486203615,2025-11-19 10:01:46.306408,2025-11-19 10:53:38.869177,0 days 00:51:52.562769,0.9074213752840905,0.37875460704730285,-1.4309857996465098,0.3870937896800533,0.004399852218301095,-0.005654510103593621,1.0576716595444187,0.04526631439728028,0.462469126730321,0.3117740209387161,0.49345988183471406,0.103939688647777,0.49985052791640844,0.13848272368734782,COMPLETE
303,0.725499524262607,2025-11-19 10:53:39.098044,2025-11-19 11:45:40.640433,0 days 00:52:01.542389,0.9955957073922004,-0.036326443706248046,-1.7211911700725007,0.022248462169433623,0.20087964249493112,0.5209011890876187,0.8044652427189062,0.02897598613095111,0.5648638338028411,0.9295011890288055,0.47315147172586586,0.5131255396079952,0.5730748559930304,0.18539751852082814,COMPLETE
304,0.6931493815413892,2025-11-19 11:45:40.878801,2025-11-19 12:37:35.308948,0 days 00:51:54.430147,0.3416400972579788,0.8211372681194773,-1.576622490029699,-0.10435692642856975,0.6063468438879723,0.15011978768158757,1.2454289779242247,0.07113514052742606,0.4396591737918964,0.9988108514962123,0.38649694217057506,0.2009719590313993,0.6198039551523387,0.23085503347651845,COMPLETE
305,0.6360608943862988,2025-11-19 12:37:35.626752,2025-11-19 13:29:25.351550,0 days 00:51:49.724798,1.926076844983573,0.581067736933367,-1.3347399661023416,0.23203249138389215,0.08991663600902924,0.06242991747155338,0.9155374413015215,0.10476987089322708,0.604435505175066,0.8839362555977718,0.5250519627252015,0.08132535265849147,0.3373027984951147,0.10999727652801922,COMPLETE
306,0.7183634633682208,2025-11-19 13:29:25.571209,2025-11-19 14:21:24.399057,0 days 00:51:58.827848,1.1197368446008067,0.1198836695006047,-1.4812259400443535,-0.2258453280328119,0.4410222655153596,1.0452148912636776,1.1293144126820083,0.05674180773288913,0.5490006155134244,0.9454942662135086,0.456605586182692,0.15014980971385472,0.4420105900887415,0.1580397037538764,COMPLETE
307,0.48810656517602286,2025-11-19 14:21:24.608354,2025-11-19 15:13:23.761037,0 days 00:51:59.152683,0.7329008516555109,0.15904260334044173,-1.2194796978399562,0.11170169053681363,0.2858504118093514,0.21615915160056848,1.007581846434342,0.8060904508681696,0.5754045287493096,0.9156902249428464,0.4178243005895734,0.9693477211986514,0.8606498099839189,0.06749545976363078,COMPLETE
308,0.4804947668886774,2025-11-19 15:13:24.043001,2025-11-19 16:05:22.271552,0 days 00:51:58.228551,1.0585278512633765,0.4051746199868943,-1.6400416240739968,0.16559701993811238,-0.0774502709132163,0.30813594623904744,0.7178450117267471,0.08273442707059382,0.5125899169115881,0.9798296710168404,0.34280929475588234,0.12007678137038491,0.6681892254821996,0.049797401490270135,COMPLETE
309,0.7069457659372027,2025-11-19 16:05:22.475907,2025-11-19 16:57:19.831755,0 days 00:51:57.355848,0.8241523475195189,0.2546715119714388,-1.999639432464403,0.28173977784840387,0.3529856962854555,0.13819762822682585,1.397858335899312,0.02668699438497034,0.4833375556546407,0.9542087185200853,0.43944837192072306,0.2288495539777586,0.5169745294984192,0.2000341261298371,COMPLETE
310,0.7040913415794482,2025-11-19 16:57:20.067217,2025-11-19 17:49:18.002824,0 days 00:51:57.935607,0.45109075467838744,-1.2700026055954015,-1.8285707283276893,0.061891782059200706,0.20535892235305703,0.01061301313778304,0.8362294086494024,0.04755052525779767,0.9090931795781669,0.8602050475602899,0.36619917977540445,0.41541850957990467,0.5363070731720673,0.543592083748337,COMPLETE
311,0.5023786869647955,2025-11-19 17:49:18.261412,2025-11-19 18:41:17.569762,0 days 00:51:59.308350,1.2251688131986633,0.07085284267056755,-1.4240983838414405,-0.03251466930452983,0.48035282652662287,1.5781202920951545,1.0682607992591733,0.11763438660581876,0.632421980637011,0.9308301735851177,0.4948400197688612,0.1740438146640304,0.6386643522828206,0.11687743205613928,COMPLETE
312,0.7397716460513797,2025-11-19 18:41:17.845211,2025-11-19 19:33:44.200763,0 days 00:52:26.355552,0.5918582265516931,0.5223139494266457,-1.7525082257964721,0.1821342359509419,0.2899632363080797,0.21372188253034563,0.9625514566366135,0.07190552663127453,0.5300992213461131,0.8968205286792981,0.4072239190270863,0.25114342720436755,0.4992906777536639,0.14087289176006487,COMPLETE
313,0.7378686964795433,2025-11-19 19:33:44.471235,2025-11-19 20:25:46.049663,0 days 00:52:01.578428,1.339210649985878,0.20932310533858217,-1.5312704414562834,0.08123805188373873,-1.9294679134234154,0.07662638128656596,1.2090646705115702,0.025468590082034278,0.5807585999834455,0.9642849534691288,0.47637594668692146,0.132450975501601,0.5633913600592025,0.17417275162862988,COMPLETE
314,0.7045670789724072,2025-11-19 20:25:46.340656,2025-11-19 21:17:40.439970,0 days 00:51:54.099314,0.9209650337641864,0.8979453056340303,-1.3137486733011385,0.3095785591995659,0.12260175544078597,1.2008651221690845,0.9200333631484131,0.09067901262597874,0.5567955956783843,0.9121813343656908,0.43094352037501554,0.45093879408427023,0.5879236416819695,0.011471452807516658,COMPLETE
315,0.7378686964795433,2025-11-19 21:17:40.698618,2025-11-19 22:09:34.202026,0 days 00:51:53.503408,1.5183883533554052,-0.1202549187081607,-1.6749622204471013,0.017168997697074237,0.4104503600233995,-0.06741734067138687,1.1394513954015006,0.04386162383403048,0.5934025350914843,0.938285250649857,0.45672290252710146,0.0954085300793985,0.46199692748211807,0.08806001396243313,COMPLETE
316,0.7426260704091342,2025-11-19 22:09:34.480650,2025-11-19 23:01:29.774192,0 days 00:51:55.293542,1.0080713034050195,0.3324468750695282,-1.397394398417412,0.2192726977969909,0.2286924375272411,0.2972156081434897,1.0296614429619986,0.06091050269180262,0.5458659173039723,0.8773693124662716,0.5150367193794191,0.053764803484817277,0.48479894672656415,0.15471500222070705,COMPLETE
317,0.7226450999048525,2025-11-19 23:01:29.989109,2025-11-19 23:53:26.849933,0 days 00:51:56.860824,0.2493725108945421,0.4339498741009535,-1.3759750708557077,0.4527982160970053,0.029843681331649843,0.39316326533793633,1.0458179292989043,0.024699721343260025,0.5234975372570214,0.8433603225728955,0.5365035975393311,0.040200413509971666,0.6105128586503941,0.1823292409615283,COMPLETE
318,0.7231208372978116,2025-11-19 23:53:27.070703,2025-11-20 00:45:29.055985,0 days 00:52:01.985282,1.0117454784302238,-0.018725145024010473,-1.2806545164275485,0.11512604295223602,0.16524535328739426,0.5843361519304981,1.3060780722746077,0.05227046320021811,0.5475351587619166,0.8768883646915675,0.5126446614730226,0.05492607074288561,0.5334670335707701,0.12337963239644908,COMPLETE
319,0.7150333016175071,2025-11-20 00:45:29.287982,2025-11-20 01:37:22.128053,0 days 00:51:52.840071,-1.2438507707015483,0.06001388710077203,-1.0677752548101296,0.2437657930730805,0.5664098323297447,0.3125663174276282,0.8432312109885843,0.012270394863103514,0.5351055794274181,0.8156362467640923,0.5251595736730365,0.07667945769638268,0.5092857207351481,0.03224275551628725,COMPLETE
320,0.3653663177925785,2025-11-20 01:37:22.349745,2025-11-20 02:29:12.313809,0 days 00:51:49.964064,0.881850261209352,-0.25358959690507277,-1.2286643226862537,-0.10534596289163539,0.34611134678848837,0.4474575465679452,1.1162213923544513,0.09575512770333156,0.5062869592731801,0.862326199959699,0.5500478060835927,0.05647929190446354,0.6826759281524503,0.20105086314902265,COMPLETE
321,0.6574690770694577,2025-11-20 02:29:12.562120,2025-11-20 03:21:03.821629,0 days 00:51:51.259509,1.136713051994204,1.8377748773914648,1.0065641098875384,0.3733471706540702,-0.06774290482617033,0.27577494982008344,1.6506336575498821,0.061866108680322156,0.6705219755381573,0.8893991018736336,0.9465569749769693,0.3044387466951521,0.5592774446221906,0.15932746230341407,COMPLETE
322,0.7407231208372979,2025-11-20 03:21:04.024437,2025-11-20 04:12:59.354680,0 days 00:51:55.330243,0.6712380418289534,0.5954734562148228,-1.4440822902402743,0.027681797920164092,0.06726902640304211,0.20332910904061463,1.0033292795783886,0.039401832547452276,0.48993064844472267,0.9840608177012405,0.3734041376504718,0.26197843292457673,0.48824069640605067,0.10153504756201492,COMPLETE
323,0.7145575642245481,2025-11-20 04:12:59.630895,2025-11-20 05:04:53.113650,0 days 00:51:53.482755,0.9406350527112709,0.31778608555098825,-1.9194536390119303,-1.885504831380546,0.25346873726683566,0.327958464058098,1.1977189825954655,0.07232038711649932,0.36609601712321593,0.9033268321770042,0.5012853443150231,0.2078244048710475,0.6545586950348867,0.14352552158546641,COMPLETE
324,0.7421503330161751,2025-11-20 05:04:53.434295,2025-11-20 05:56:41.261688,0 days 00:51:47.827393,1.0790511317772826,0.16012819420708635,-1.1671430790364865,0.14422979108416634,0.4657186955580348,0.15031564180548468,0.7646021913983152,0.010501206323561448,0.40460076974644876,0.946341685262192,0.11837013355797327,0.22587708137381435,0.5284296412932094,0.21865692317219,COMPLETE
325,0.7321598477640342,2025-11-20 05:56:41.525662,2025-11-20 06:48:27.393993,0 days 00:51:45.868331,0.5124874575765846,0.15175556025582354,-1.1602422606220528,-1.0629843043705727,0.46880456179275687,0.14787602826523003,0.7887930662181356,0.013250732204009547,0.3948755242692382,0.9576882483070958,0.5570523728584035,0.22310449104039473,0.5339358617726231,0.23699260902207414,COMPLETE
326,0.7207421503330161,2025-11-20 06:48:27.604590,2025-11-20 07:40:18.334590,0 days 00:51:50.730000,1.1708595469649192,0.21408104118639848,-0.9786930962060588,0.2263272866724737,0.6447688260538642,0.23520493098006987,0.6201431428821964,0.010290879233906126,0.5615621987137134,0.1700164139465566,0.5160987018618453,0.48862288186715364,0.7711355836139143,0.20759685251177376,COMPLETE
327,0.7183634633682208,2025-11-20 07:40:18.525417,2025-11-20 08:32:11.983966,0 days 00:51:53.458549,1.2742185424318377,0.051602256663814405,-1.13447344342766,0.14423348449499013,0.5247851556810634,-0.1739039677338558,0.706462140170051,0.029729084171477967,0.328979588479703,0.9735162706593364,0.060670670573704455,0.1871184738948128,0.5142421902489578,0.23669527087499567,COMPLETE
328,0.7392959086584205,2025-11-20 08:32:12.202439,2025-11-20 09:24:06.402061,0 days 00:51:54.199622,1.0759202565971917,0.1407740626565801,-1.332633902524021,0.3013736818208474,0.40062298127717444,0.055962856306468696,0.9028108461143197,0.04175987679043751,0.3811493485432291,0.9395040894549944,0.1791092523307255,0.10935879480675816,0.5513842814585411,0.183467874630397,COMPLETE
329,0.7383444338725024,2025-11-20 09:24:06.743982,2025-11-20 10:15:57.473445,0 days 00:51:50.729463,1.199085225787007,-0.07814107671400425,-1.2278767706064833,0.16861534539273287,0.33735874938240856,-0.038485476370808944,0.7471800513442112,0.010644776248929125,0.5427590000957764,0.9538676327405065,0.7126992509473269,0.07198694278187248,0.49184885987139565,0.21054685360836017,COMPLETE
330,0.7216936251189343,2025-11-20 10:15:57.685804,2025-11-20 11:07:47.824206,0 days 00:51:50.138402,1.0142688678989682,0.262590236625687,-1.3946724478073693,0.09625228755955571,0.4484368670838903,0.37598778795021337,0.9007975533718284,0.03576500645901386,0.618107534671571,0.9867960592815503,0.12375433078270842,0.1988230901833668,0.5215802762786421,0.16444804584831987,COMPLETE
331,0.5090390104662227,2025-11-20 11:07:48.014476,2025-11-20 11:59:37.949080,0 days 00:51:49.934604,1.0874418198269802,0.09097609283365404,-1.069624988335428,0.23962458901009565,0.5514628558374823,0.13957068706891448,0.8181785648532383,0.13317964503631852,0.5144733856288136,0.8852409453747272,0.4868646283562758,0.2329046186943642,0.5521687430431979,0.2211347422080501,COMPLETE
332,0.7397716460513797,2025-11-20 11:59:38.190196,2025-11-20 12:51:37.993059,0 days 00:51:59.802863,0.39702830560160773,0.17143311896653302,0.20720999978116694,-0.023535954368636522,0.2853514252498886,0.26690608737924393,1.0855817625559512,0.049586595563916494,0.5661705605308914,0.841729526978341,0.540643229853677,0.030720936956685888,0.4732356161795566,0.18525215084201888,COMPLETE
333,0.7221693625118935,2025-11-20 12:51:38.201806,2025-11-20 13:43:29.607849,0 days 00:51:51.406043,1.4222380114736066,0.7804519944184376,-0.8831060554651116,0.3301676190187381,0.7459736091085487,0.03410662372863826,0.9763814176045678,0.02991894886226861,0.6035720045326862,0.9997330092252564,0.5734428040680365,0.09162722269010723,0.5801940255834594,0.16541448370671835,COMPLETE
334,0.741674595623216,2025-11-20 13:43:29.824087,2025-11-20 14:35:17.256321,0 days 00:51:47.432234,0.8279786826399537,-0.012724855386666782,-1.4789633827905355,0.14578901187770565,0.3857869288076054,0.1933750849164848,0.8591790873790097,0.0842038113998457,0.5265454734465268,0.9186748788870992,0.04207845619866529,0.16685919516286546,0.5071136514329527,0.1349401153782147,COMPLETE
335,0.7331113225499524,2025-11-20 14:35:17.470815,2025-11-20 15:27:02.942909,0 days 00:51:45.472094,1.135715825263572,0.34272124064173465,-1.2749012814138267,0.08187394206287642,0.20006275385079125,0.08440128321762862,1.1499470333706847,0.05771894848070258,0.5805669643823039,0.11900465658130605,0.395493681271052,0.8856820300493877,0.41313322853829004,0.1955815521947275,COMPLETE
336,0.49191246431969554,2025-11-20 15:27:03.142600,2025-11-20 16:18:56.171609,0 days 00:51:53.029009,0.9960570597867173,0.27558163308378014,-1.1930712343126468,0.22058038119982865,0.49205538883281835,0.281601692388201,1.2429501065566118,0.1065613956307033,0.5526622717968587,0.9652865354048765,0.20279533005526607,0.2746264884653484,0.5284148588641552,0.22396352907359465,COMPLETE
337,0.7212178877259753,2025-11-20 16:18:56.404638,2025-11-20 17:10:51.913018,0 days 00:51:55.508380,0.7743444120310812,0.19392665433924342,-1.3879240090546574,-1.3612365667774464,0.33461532332677496,-0.07738013176399833,1.0672929061276504,0.031339411997765264,0.5705700993882158,0.9384217253353185,0.5055613747571186,0.7660833956041324,0.4865246286571293,0.06310658932949323,COMPLETE
338,0.703615604186489,2025-11-20 17:10:52.123424,2025-11-20 18:02:40.237193,0 days 00:51:48.113769,1.2454101080381326,0.05272354552797276,1.4428548205327278,0.4114794272949604,-0.6009275398862355,0.14564276963606088,0.9372969692468919,0.05446551816525803,0.5447823256111589,0.9033738019449453,0.10428121775702642,0.12686197020949236,0.4546357620649948,0.2734594483586843,COMPLETE
339,0.7212178877259753,2025-11-20 18:02:40.577022,2025-11-20 18:54:27.296488,0 days 00:51:46.719466,1.0584552490664019,0.37795030349108477,-1.5071656326672338,0.2812780558081144,0.13192433595484293,0.3740889356604209,0.7950424109217158,0.010559885913784373,0.601602362901301,0.8700037714913177,0.16005121327891003,0.2167341110436476,0.542050295873385,0.1501580298868869,COMPLETE
