number,value,datetime_start,datetime_complete,duration,params_a_0,params_a_1,params_a_2,params_a_3,params_a_4,params_a_5,params_a_6,params_u_dc_0,params_u_dc_1,params_u_dc_2,params_u_dc_3,params_u_dc_4,params_u_dc_5,params_u_dc_6,state
397,0.6860133206470028,2025-11-22 20:12:51.308559,2025-11-22 21:04:51.161761,0 days 00:51:59.853202,0.4333389470601009,0.03141532479275588,-1.285980648550579,0.3362390455716492,0.4870444883439856,0.34321973154263297,0.9484170597229941,0.08072676172575517,0.5648170011551994,0.6445696393042546,0.4544209329040524,0.1329141646317909,0.6406860393914654,0.9993057904306787,COMPLETE
398,0.7392959086584205,2025-11-22 21:04:51.377316,2025-11-22 21:56:56.424253,0 days 00:52:05.046937,1.07096942284223,-0.10373312345927976,-1.5190401714991248,0.1191038893304624,0.30055763956846887,0.07166633689401805,1.207979740063929,0.010166866996156022,0.5423505241496464,0.48399819218201817,0.4107803422308254,0.08203674767271467,0.7121770289014031,0.14033210943704053,COMPLETE
399,0.7293054234062797,2025-11-22 21:56:56.650177,2025-11-22 22:48:47.327416,0 days 00:51:50.677239,0.995898506361099,0.09016296205472824,0.394786963388736,-0.9205635897683713,0.3958457222549321,0.22833201387291527,0.7088665757435333,0.05522063541244304,0.4455740394281262,0.8951978651945177,0.8879342714178335,0.1885712866395231,0.5167496283431278,0.17196490212779045,COMPLETE
400,0.7402473834443387,2025-11-24 08:43:45.610752,2025-11-24 09:36:04.506924,0 days 00:52:18.896172,0.685382752388654,0.3684246927550886,-1.3727501473161503,-0.007238248269967815,0.21807548911981975,-0.01852061080202283,0.8857864910405522,0.031601911072415306,0.5836130330528683,0.9958851253970339,0.49411349188721837,0.1057547400943971,0.43106829287752163,0.22106843118542097,COMPLETE
401,0.4928639391056137,2025-11-24 09:36:04.799036,2025-11-24 10:28:26.823304,0 days 00:52:22.024268,1.362659769672785,0.2729843221824394,-1.6817857257052555,0.2090566337843807,0.5391580451535514,0.15700516030637596,1.0019353911323086,0.09795907156766225,0.6072872950468723,0.968070053602176,0.38909523603084917,0.2074499879073567,0.5415129482200427,0.11245871427267178,COMPLETE
402,0.7235965746907707,2025-11-24 10:28:27.087202,2025-11-24 11:20:33.314406,0 days 00:52:06.227204,0.8290614005882543,0.5246979047023126,-0.3123331161598936,0.07279215633354397,0.14895944749252774,0.2787149242473267,1.1045099846138822,0.0627319243946079,0.5013669089110947,0.8771367903890295,0.4712224161836012,0.26774870446648635,0.9031052458347141,0.08337723405209181,COMPLETE
403,0.4490960989533777,2025-11-24 11:20:33.555049,2025-11-24 12:16:54.184825,0 days 00:56:20.629776,-1.4360441794704697,-0.042497745540493265,-1.5515376827445602,0.26832843446894944,0.3170708377324282,0.39214155902520326,0.9609837127391156,0.027085635958794874,0.5549905331824028,0.9388353650964264,0.5369446906270827,0.16119575470788722,0.5906724734949277,0.057780095726010394,COMPLETE
404,0.7007611798287345,2025-11-24 12:16:54.430821,2025-11-24 13:10:00.371083,0 days 00:53:05.940262,1.1987919028444338,0.16275263036817458,-1.2460761755439358,0.17035086231823188,-0.8622851609771589,0.0817295212912244,0.8203542769171239,0.04431086332320978,0.6242371716254126,0.5975673348959828,0.43405703046738964,0.2518774366617444,0.4972037665630317,0.5056684607844023,COMPLETE
405,0.7216936251189343,2025-11-24 13:10:00.638695,2025-11-24 14:01:45.824151,0 days 00:51:45.185456,0.9028882243856147,0.4394608608545401,-1.4537257872971596,0.3817973735592875,0.43901247453926256,0.20636514911627604,1.0544286649220875,0.07385192485292712,0.5252974008324263,0.9107010550580485,0.5064268139976922,0.12261662809929637,0.3074673067437613,0.2016690176029238,COMPLETE
406,0.47288296860133205,2025-11-24 14:01:46.037558,2025-11-24 14:53:42.256347,0 days 00:51:56.218789,1.10751864952561,0.32697224406288605,-1.7646429990515717,-0.15774997890413994,-1.2836555647499541,0.0011573496037174391,0.05598304322208514,0.10231962716090176,0.5724880147070379,0.052294036181849024,0.40612973830243276,0.025214329464046698,0.4753582432263675,0.14802573962232723,COMPLETE
407,0.7278782112274025,2025-11-24 14:53:42.472072,2025-11-24 15:45:30.405895,0 days 00:51:47.933823,0.7373992396259397,0.25561251493407794,-1.6215263806422349,-0.05340766392131753,0.23822446805902464,0.12612979379447847,-0.08283880456021517,0.046448905013121086,0.5956153053875304,0.8392032858982469,0.45813501233412307,0.14051999794312198,0.6798805993374601,0.18047917273829503,COMPLETE
408,0.7378686964795433,2025-11-24 15:45:30.657046,2025-11-24 16:37:16.923947,0 days 00:51:46.266901,1.0025458355624663,1.9798811423460496,-1.318658636277764,0.10844570261575825,0.3725604693096988,-0.0718385884768194,1.259637722291033,0.029103846002449155,0.5463308153177812,0.9300985605133911,0.38103877054763935,0.09717515329879586,0.5293988379308234,0.12691828570716304,COMPLETE
409,0.7293054234062797,2025-11-24 16:37:17.133712,2025-11-24 17:29:09.692465,0 days 00:51:52.558753,0.5507165815468832,0.07087070678392503,-0.17120621226862304,0.0073099626786402375,0.08993276078607657,0.3207247030894851,1.1470418201498018,0.08449155220281018,0.57186338040259,0.9579133743421071,0.5603812651790535,0.17764139402717397,0.5589845935890053,0.15750275007799913,COMPLETE
410,0.7093244529019981,2025-11-24 17:29:09.939844,2025-11-24 18:21:02.820545,0 days 00:51:52.880701,0.853660217920106,0.20712053880662248,-0.015362060998449723,0.2736554136733115,-0.2305436868894862,0.05639104823124769,1.3906554371735158,0.060274859422179396,0.49425474543467546,0.9062007363970006,0.42985417260043873,0.23525207161190098,0.3576373700373513,0.24173315115303923,COMPLETE
411,0.7373929590865842,2025-11-24 18:21:03.087990,2025-11-24 19:13:02.261824,0 days 00:51:59.173834,1.5681210424597618,0.47895689805519803,-1.8359867833582626,0.13543745939742274,0.6791149870457744,0.2100490363953225,0.9136766941630141,0.010534277462418473,0.6673867341798952,0.5559498430779467,0.49016649295399733,0.06767255361975733,0.4915930286560653,0.01010049333149228,COMPLETE
412,0.505708848715509,2025-11-24 19:13:02.502283,2025-11-24 20:05:03.724444,0 days 00:52:01.222161,0.9538182575648874,0.12977086069531601,0.2724101754467927,0.20160721462476752,0.5733297254128962,0.12319159112490684,-1.0897961537667422,0.12131212151204915,0.6349877321904785,0.706495178148975,0.4440861395530206,0.1524657886944657,0.6119700496507559,0.09805783565003126,COMPLETE
413,0.7093244529019981,2025-11-24 20:05:04.034524,2025-11-24 20:56:47.771453,0 days 00:51:43.736929,1.0591150624621117,0.38018989347201826,-1.521179392497879,1.7964232908781075,-0.74848989229295,0.02675249468036278,0.7828000298335888,0.047282195983486,0.42448560184273787,0.97695809283328,0.4739293112860005,0.217127665823403,0.7542264066994682,0.1839566729413402,COMPLETE
414,0.5033301617507137,2025-11-24 20:56:48.028789,2025-11-24 21:48:32.995888,0 days 00:51:44.967099,1.219742736658245,0.761951265484055,-1.4078894981014305,0.028898345724065633,0.2625092946741134,0.27528824478204067,0.5742963426231855,0.07424407915884557,0.5118297147101515,0.8852690065848798,0.41410257365480635,0.11627797549674465,0.5083039959045391,0.13509227205625393,COMPLETE
415,0.7259752616555661,2025-11-24 21:48:33.287101,2025-11-24 22:40:26.390472,0 days 00:51:53.103371,1.14582270316666,0.9837139817856636,-1.7198137236644273,0.32220797313771193,-0.011856941086343373,0.16032787753845118,-0.5655829379824966,0.027774977704177188,0.5296306159439051,0.9452484902899887,0.5203488705956634,0.19118195785588393,0.5446052694176496,0.20284435870498754,COMPLETE
416,0.7235965746907707,2025-11-24 22:40:26.691842,2025-11-24 23:32:22.330582,0 days 00:51:55.638740,0.46467400541507525,-0.2183088531007247,-1.1213108165857864,0.07361520457219498,0.17635113033241256,0.45370819834902537,1.0418358831763488,0.06034952907324354,0.47127975092188434,0.9261735328225372,0.392061695609091,0.09173981456055184,0.6374464715583825,0.07529906530916809,COMPLETE
417,0.7026641294005709,2025-11-24 23:32:22.587755,2025-11-25 00:24:09.380750,0 days 00:51:46.792995,0.6411240152069237,0.6203395656316583,-1.612626840870542,0.4174626500563479,0.3767178087734369,-0.15778755278999182,0.9718298102745696,0.09246005158940925,0.5850513443702835,0.8568505263229562,0.45109680163283866,0.1308783309178821,0.698708418942076,0.15821768476228365,COMPLETE
418,0.7112274024738344,2025-11-25 00:24:09.618057,2025-11-25 01:16:03.945887,0 days 00:51:54.327830,0.9210108140779658,-0.06794757553897614,-1.4931148792408082,-0.08765760863011485,0.48456704299455294,-0.035664169787541264,0.8911518190959568,0.04232378788181182,0.5522366939677941,0.9104131005569679,0.42535457216030836,0.24859381103689188,0.5699607650933741,0.10801997312888499,COMPLETE
419,0.7340627973358707,2025-11-25 01:16:04.173207,2025-11-25 02:07:46.205751,0 days 00:51:42.032544,0.7229141009133349,0.27955938932600916,-1.3605976764267695,0.17497570921140643,0.28826772696921177,0.0915292880989952,1.1414216147874425,0.02623207784049048,0.5710036603509683,0.9613213657277785,0.49696458876544647,0.32772096718530097,0.10721944921455259,0.22023171073257014,COMPLETE
420,0.7293054234062797,2025-11-25 02:07:46.411833,2025-11-25 02:59:30.640723,0 days 00:51:44.228890,1.0756035691978687,0.11353433664886467,-1.2428346035836473,0.23251310906298672,0.8969393185296207,0.2004752907564361,1.2364785456341751,0.07099065888544201,0.604596530444673,0.888268344263872,0.5392907162504568,0.1697719598627347,0.5246172897670774,0.040781608485305224,COMPLETE
421,0.3782112274024738,2025-11-25 02:59:30.880278,2025-11-25 03:51:17.105757,0 days 00:51:46.225479,0.8174918390095538,0.9018382393539186,-1.5658507647383384,0.5625614517281567,-0.13267647494557863,0.350950780009711,0.9896895955108037,0.1110115202697787,0.538435267886866,0.9995116811578859,0.465019797901368,0.2788018292418179,0.654704718588643,0.17615049511918998,COMPLETE
422,0.7411988582302569,2025-11-25 03:51:17.362183,2025-11-25 04:43:11.176209,0 days 00:51:53.814026,1.2943392973179881,0.20035453849123777,-1.6680814486397528,0.11628292114273268,0.4307310543545831,0.05313803535653062,1.077173713540371,0.05107649146330911,0.4532009301367403,0.3894754060659525,0.4113294530942614,0.21510961129828732,0.7990498491082572,0.13586337580424093,COMPLETE
423,0.7093244529019981,2025-11-25 04:43:11.388449,2025-11-25 05:35:07.982779,0 days 00:51:56.594330,0.37761558787454774,-0.003692487808658551,-1.4293599567925677,0.001689124515119142,0.1872613850772194,0.25093886362554857,0.8537080710174151,0.088285804267191,0.5957098365719167,0.5293938386950156,0.37727419599443845,0.1544896189329313,0.46546890307876354,0.41182312698483925,COMPLETE
424,0.7407231208372979,2025-11-25 05:35:08.270533,2025-11-25 06:26:53.086847,0 days 00:51:44.816314,-0.041846312640421955,0.32433589902405063,-1.8099376246596817,0.28640506662422904,0.0349422859886698,-0.0592124972232084,0.7166676873795775,0.0385115868829618,0.5597199824272326,0.9456162060835827,0.3425234087213198,0.11177018849161441,0.5038343269400014,0.15618495299362775,COMPLETE
425,0.544243577545195,2025-11-25 06:26:53.363142,2025-11-25 07:18:38.652227,0 days 00:51:45.289085,1.0159707048226663,1.5708349476082673,-1.3174710938842566,0.16517880037257107,0.3413597126214446,0.14179375558041446,1.1661309839359848,0.230898232645888,0.520487811119204,0.9227065175736053,0.43994767135141083,0.13756192138829984,0.5989406406600097,0.1191129830840417,COMPLETE
426,0.7235965746907707,2025-11-25 07:18:38.933004,2025-11-25 08:10:24.229680,0 days 00:51:45.296676,0.9540258252471951,0.49723859696738115,-0.76687206474879,0.06667931902700486,0.5181102790768395,0.1933739310749844,1.0475811973418911,0.029491582858804533,0.4908435306813113,0.8692843939224411,0.5107712622650676,0.23129543212657844,0.5301643684611212,0.19159101293687647,COMPLETE
427,0.7373929590865842,2025-11-25 08:10:24.468997,2025-11-25 09:02:20.779964,0 days 00:51:56.310967,0.5821783774160767,0.39628485846213746,-0.9818231758329785,0.24046778402416535,0.12383326622022796,0.02070502108134453,0.9234492448592588,0.06433719746013059,0.6214423277790206,0.9692808739289016,0.48300142321040784,0.293249355053274,0.6813942862168911,0.08739274751655783,COMPLETE
428,0.7193149381541389,2025-11-25 09:02:20.997928,2025-11-25 09:54:12.703279,0 days 00:51:51.705351,1.1637107191306941,0.04270395442884134,-1.5025662464131395,0.3671028086579944,0.27937260013411425,0.3055836694887873,0.7770246869672406,0.010845205966355093,0.5842217511849105,0.9016264418602695,0.4007520112844798,0.08470155049239297,0.5755703554629787,0.0658474501521831,COMPLETE
429,0.3273073263558516,2025-11-25 09:54:12.950913,2025-11-25 10:46:07.490125,0 days 00:51:54.539212,1.4451158241892583,0.22393000152341294,-1.1214894083415436,-0.06588235377841929,0.39292491042719063,-0.28556773467389984,0.9824576322417786,0.07311908861629755,0.5437431296455284,0.8230277353320653,0.4565869800471659,0.3618473633186532,0.548753105954697,0.9424210763523209,COMPLETE
430,0.48858230256898194,2025-11-25 10:46:07.778642,2025-11-25 11:38:14.273680,0 days 00:52:06.495038,0.8467739814878288,0.6768118248500449,-1.704416943076007,0.12262898106845599,0.6335933417723904,0.09916961294489898,1.0955089259714454,0.13643110796343308,0.5634924025662696,0.5814548697858043,0.4279273050793642,0.0534907054302968,0.48360479708999304,0.1682488186229323,COMPLETE
431,0.4709800190294957,2025-11-25 11:38:14.601756,2025-11-25 12:30:20.867062,0 days 00:52:06.265306,1.0050102843459825,-0.10182024440799921,-1.6054571505026667,0.013454207356234898,0.23478333711635135,-0.11998402611186398,1.3220299457834819,0.49372439655287864,0.5199702057164384,0.7870553983837121,0.35884495865325383,0.19467238670657835,0.27805469236411084,0.20437937138888654,COMPLETE
432,0.43387250237868696,2025-11-25 12:30:21.241201,2025-11-25 13:22:13.253822,0 days 00:51:52.012621,1.7424308359196128,0.14869471041159638,-1.4084580974482894,0.1904689961319663,0.4930967395891858,0.24133262207814404,0.8676883182805054,0.05341248690393456,0.615912535824478,0.758721628276148,0.4936170328253162,0.2604621389688683,0.7288855249810505,0.1461570014516196,COMPLETE
433,0.7321598477640342,2025-11-25 13:22:13.483450,2025-11-25 14:14:35.533998,0 days 00:52:22.050548,0.7493332290082925,0.32830814337622605,0.05181757722067093,-0.1573098112545009,0.3038817497892804,0.13127904522590114,1.0200956952507743,0.09449413342803312,0.5042039292876395,0.942143634583532,0.5862176385310063,0.10314862459614546,0.5084630498740029,0.124246607009244,COMPLETE
434,0.7226450999048525,2025-11-25 14:14:35.846177,2025-11-25 15:06:27.120102,0 days 00:51:51.273925,0.4966314494156343,0.8064716669070388,-1.2225701080377689,-1.5546004376450053,0.05432150542187636,0.40520758041508087,1.221491233378906,0.010207560808924973,0.3805376928359895,0.9809031885727262,0.476171948733302,0.17292263612902145,0.4451462100242547,0.17448117469157048,COMPLETE
435,0.7354900095147479,2025-11-25 15:06:27.402378,2025-11-25 15:58:13.908353,0 days 00:51:46.505975,1.1203975463136209,0.417538519287596,-1.553790942940379,0.0499986421201665,0.42669097004731044,0.010559211778421257,0.9448704520401894,0.04177807837269251,0.640786724117679,0.9138285952155871,0.5518622908628443,0.1266557346757482,0.6674975358536341,0.2213141819075164,COMPLETE
436,0.731208372978116,2025-11-25 15:58:14.314398,2025-11-25 16:50:02.369432,0 days 00:51:48.055034,0.9016913049405332,0.2675129726281623,-1.7463106660259289,0.44165561286734933,0.17823905378894406,0.18029876981356482,1.1216340942909337,0.06740633619837764,0.04469678649210529,0.933853471534389,0.4431704441228589,0.2103316238943992,0.6283648092123826,0.029014010122235298,COMPLETE
437,0.7378686964795433,2025-11-25 16:50:02.689618,2025-11-25 17:41:58.646076,0 days 00:51:55.956458,1.2375394421919523,0.5873567706563573,-1.8718215785820111,0.2677507925999291,0.5680432477569825,0.08772798165068066,0.8455475286588885,0.02748964983730961,0.5841864110121735,0.8750588507427863,0.38852865399254244,0.14979729936691571,0.5223960991264995,0.05061106578849588,COMPLETE
438,0.7231208372978116,2025-11-25 17:41:58.914591,2025-11-25 18:34:42.285644,0 days 00:52:43.371053,0.6556555073799792,0.07836099629150878,-1.34200527145445,0.11117216463753964,0.3458544692092679,0.28641852088370845,0.6637315965840934,0.08300583451017896,0.5404214527032887,0.9552065067205949,0.5221647556774175,0.0779869258278707,0.5533072799122458,0.10801391324757564,COMPLETE
439,0.5784966698382493,2025-11-25 18:34:42.602936,2025-11-25 19:26:47.671240,0 days 00:52:05.068304,-0.6079575934411046,0.21855539421818565,-1.4820179175908859,0.1640611522380565,-0.060298239985444146,-0.055158890166984706,1.0181212776455397,0.051407639254905844,0.4787654573356017,0.8981371687602029,0.4203846368973791,0.18558880528145888,0.7075801902722791,0.15233510538151707,COMPLETE
440,0.7174119885823026,2025-11-25 19:26:47.891044,2025-11-25 20:18:37.725224,0 days 00:51:49.834180,1.0492349271391952,0.003242132096235792,-0.6171886427350184,0.907446754587668,0.11437400836102009,0.523369830040385,1.1567174541263943,0.029521814746308744,0.5613302010803028,0.9245715190764461,0.4629587969733838,0.2372928578585382,0.49132621547760325,0.2003031411726932,COMPLETE
441,0.527117031398668,2025-11-25 20:18:38.022148,2025-11-25 21:10:28.699713,0 days 00:51:50.677565,0.9696172995613469,0.30857851186631013,-1.6624186030050199,0.3258592528705402,0.2239752526384425,0.025724843506638454,0.9277156089208449,0.10888391241146705,0.5982966672073575,0.6817154880817436,0.4061586543102819,0.10987883052373815,0.46299867626346797,0.2578945045860856,COMPLETE
442,0.7402473834443387,2025-11-25 21:10:28.946624,2025-11-25 22:02:14.544160,0 days 00:51:45.597536,0.8185538959700277,0.16038736112236784,-1.5629356943432253,-0.0297591229353351,0.42801606343963233,0.1532021817656496,0.7900210145058909,0.059719743127767955,0.4305460060409423,0.970036122380831,0.507285042233473,0.2632842467802643,0.5856641034343214,0.18544619147248442,COMPLETE
443,0.4638439581351094,2025-11-25 22:02:14.867731,2025-11-25 22:54:01.996752,0 days 00:51:47.129021,1.107206310713574,0.47541190774487374,-1.069714288057079,0.05947951292635181,0.3418566304013984,0.2391215966807831,-1.9160516264188265,0.0831486527462724,0.522553547219422,0.8882299595469451,0.43767673401386037,0.1411331901408101,0.07837854782310774,0.13198887134269685,COMPLETE
444,0.7411988582302569,2025-11-25 22:54:02.261102,2025-11-25 23:45:47.695140,0 days 00:51:45.434038,0.2312925291156231,-0.15398880517739794,-1.4461640739809036,0.22071106664684384,0.25636458780366084,0.0890021849909003,1.0741435207094654,0.0521418303617222,0.4020707318861114,0.8458653440174746,0.4819912460812676,0.31037967985151393,0.5345819599793624,0.08485837373883283,COMPLETE
445,0.735965746907707,2025-11-25 23:45:47.967069,2025-11-26 00:37:36.276651,0 days 00:51:48.309582,0.8970917247324943,0.3856400992896935,-1.260747685944758,0.13272786416908414,0.4982065069543377,0.35310090172295694,1.2421374733365185,0.028829717003129487,0.5737644189247315,0.9479252695513095,0.37675470141692413,0.04135011246499258,0.5041160532252775,0.15427162744525758,COMPLETE
446,0.7145575642245481,2025-11-26 00:37:36.507469,2025-11-26 01:29:28.407476,0 days 00:51:51.900007,1.3699167475321898,0.10425519568247926,1.6393777531060651,-0.10854654355944968,0.12312828652047515,-0.10276645745730631,0.9748808003629175,0.041510394298449715,0.5470638343575035,0.986336126093228,0.4644593250664574,0.1636064345501525,0.6131928464578339,0.170406082622243,COMPLETE
447,0.7388201712654615,2025-11-26 01:29:28.662807,2025-11-26 02:21:13.754611,0 days 00:51:45.091804,0.701984577371576,0.552169996611925,-1.778752346574168,0.3027312890131012,0.5963623258873576,0.014638966264428219,0.8693507882891823,0.07285815643466795,0.6114740143694707,0.9210069854634209,0.4176071074278393,0.1244319504074523,0.5586548954535671,0.23521837700852993,COMPLETE
448,0.510941960038059,2025-11-26 02:21:13.993044,2025-11-26 03:13:08.030056,0 days 00:51:54.037012,1.0263368096796097,0.2299843362173547,-1.365741755602847,0.18371264829020312,0.32403158504804397,0.16043984847266718,1.080085016391099,0.09254916217497036,0.4930897451214404,0.7364484470337394,0.4461703963529943,0.22188022378731154,0.6537196223618572,0.1063681650106261,COMPLETE
449,0.7017126546146527,2025-11-26 03:13:08.313837,2025-11-26 04:05:02.471861,0 days 00:51:54.158024,1.1988171148381097,-0.018148606741434536,-1.6598564231596071,0.01411955606128034,0.4237065549264547,0.2764601923160165,1.470727576588049,0.025645651787429315,0.4597630174283506,0.9374194995064433,0.5411501910128874,0.10343367154638763,0.4783033045066437,0.8670608182996402,COMPLETE
450,0.7293054234062797,2025-11-26 04:05:02.737832,2025-11-26 04:56:45.404810,0 days 00:51:42.666978,0.552185399439459,0.8504518243459295,-1.518493588868141,0.09071347722438144,0.19187892256624342,0.08645222522771367,1.173945726158674,0.06269722786639717,0.5331874965642315,0.8688590383476669,0.39498562370533663,0.06870546739268459,0.5161437515072442,0.1364829619638958,COMPLETE
451,0.7369172216936252,2025-11-26 04:56:45.648646,2025-11-26 05:48:28.116526,0 days 00:51:42.467880,0.7781522130855321,1.0461502182010143,-1.6269702917796098,0.23892189992681429,-0.002921550433889239,0.19231347401404383,0.9360724115305871,0.04365700337868473,0.5684109179449699,0.9070862480062666,0.3609592048789983,0.19790192111002866,0.5415514015453781,0.06647028912860055,COMPLETE
452,0.4357754519505233,2025-11-26 05:48:28.394078,2025-11-26 06:40:26.358457,0 days 00:51:57.964379,0.9496405597973225,0.3185386549317288,-1.4278533000203186,0.3722353598762501,0.2822272473143234,-0.20235000230206035,0.739384015831518,0.11740273644381347,0.6511743655370231,0.9509604795790004,0.49970291192474975,0.283631578530329,0.6758434340642873,0.191098552738778,COMPLETE
453,0.5789724072312084,2025-11-26 06:40:26.635837,2025-11-26 07:32:30.157597,0 days 00:52:03.521760,0.3840286297756731,0.09552880522401125,-1.1410633790425273,-0.03803581120390612,0.39064447326135593,-0.030316223232649736,1.0140900583743357,0.5552360601101154,0.5938261678353212,0.9658107187594547,0.43037452171869656,0.2497455489975779,0.40028125466224074,0.2119084184893385,COMPLETE
