number,value,datetime_start,datetime_complete,duration,params_a_0,params_a_1,params_a_2,params_a_3,params_a_4,params_a_5,params_a_6,params_u_dc_0,params_u_dc_1,params_u_dc_2,params_u_dc_3,params_u_dc_4,params_u_dc_5,params_u_dc_6,state
568,0.7321598477640342,2025-12-01 01:07:05.224596,2025-12-01 01:59:03.136966,0 days 00:51:57.912370,0.9192247857564504,0.22607069784497932,-1.8163307992881115,0.3662539511239391,0.3793815187670162,0.1576452304575023,0.9795354568465927,0.04148215175521846,0.4920814912805026,0.9073106126482059,0.8362496891052305,0.24441716458990853,0.5133204112868286,0.1283859224832839,COMPLETE
569,0.7136060894386299,2025-12-01 01:59:03.372938,2025-12-01 02:50:56.450871,0 days 00:51:53.077933,1.014361977211594,0.14191331244947994,-1.4322657653041126,-0.34389225532318346,-0.22021092892683475,0.2900224747739686,1.1506566421666697,0.02556176791173551,0.6093013987214934,0.9753865681152131,0.5103911019415599,0.06435842058846974,0.6265102064286093,0.05188061387775808,COMPLETE
570,0.7245480494766888,2025-12-01 02:50:56.660167,2025-12-01 03:42:51.949475,0 days 00:51:55.289308,0.606880244036805,0.3327871526723658,-0.23191634693518892,0.06255759929193586,0.5996779318580912,0.08224504794778373,1.0550997772942972,0.01071480429949385,0.5394823648340487,0.861350521480576,0.43845565748424314,0.20395463222375548,0.5543163968674926,0.17906865742723177,COMPLETE
571,0.3644148430066603,2025-12-01 03:42:52.167184,2025-12-01 04:34:46.835486,0 days 00:51:54.668302,1.3998330598043847,0.46816072040803514,-1.528498048682293,0.5336909201834457,0.20564536944286074,-0.1222011489346781,-0.8913226900851071,0.1006463722816743,0.5617647529217452,0.9395571578815907,0.40038698616368434,0.8970132022033215,0.6751016565529114,0.1493780958221952,COMPLETE
572,0.7392959086584205,2025-12-01 04:34:47.067212,2025-12-01 05:26:40.181330,0 days 00:51:53.114118,0.7230214587187667,0.02866622562110361,-1.3753066787502415,0.25096525755824517,0.48992533381764924,0.21689364935020627,0.9120392491187732,0.0723849299713965,0.5103000265692936,0.8867297102090166,0.37683471655362005,0.10087168822932614,0.49755479111153217,0.10512812096243014,COMPLETE
573,0.7155090390104663,2025-12-01 05:26:40.376363,2025-12-01 06:18:28.692942,0 days 00:51:48.316579,1.1366201328563958,0.10359562716437698,-1.1966690757237601,-0.0022735100179489404,0.028207081451372948,-0.4945512626974248,1.0128514891709464,0.04765698598333406,0.589756320441354,0.9207909724617356,0.4737453996327948,0.18137860810064624,0.5803262953139311,0.21346313390070773,COMPLETE
574,0.49857278782112274,2025-12-01 06:18:28.900914,2025-12-01 07:10:25.117692,0 days 00:51:56.216778,1.2799126432012922,0.8273742247082517,-1.6363261911322708,0.14831981818498824,0.3220955396727433,-0.004864209220012822,0.8035225019259127,0.08273212705360437,0.5503839442187829,0.9523583024349795,0.4197560287954267,0.13954256874458323,0.5256761884876521,0.17347580989357533,COMPLETE
575,0.741674595623216,2025-12-01 07:10:25.340376,2025-12-01 08:02:04.480748,0 days 00:51:39.140372,0.8011923535743478,0.25976917585386405,-1.5544650801888973,0.09623173970807304,0.1424488374108549,0.12089961914829353,1.2276807495055302,0.027794115186684933,0.5289897294140856,0.8169686685913622,0.4558867943122038,0.2669960160576252,0.4707434185796681,0.0841857206699094,COMPLETE
576,0.7150333016175071,2025-12-01 08:02:04.698488,2025-12-01 08:53:42.638949,0 days 00:51:37.940461,0.9540328147535841,-0.27719546136354123,-1.429073646623752,0.2957768293903331,0.2526101975461495,0.384512300425431,0.9439869149585155,0.055457982000002334,0.2509140696612676,0.8980277115621185,0.6823251980916673,0.04636957691589956,0.548674254184571,0.1292947730416466,COMPLETE
577,0.42768791627021885,2025-12-01 08:53:42.916134,2025-12-01 09:45:25.532816,0 days 00:51:42.616682,1.0971057741635695,0.19245726904110277,-1.2779182872179267,-0.0960352110586013,0.41390119731836955,0.031156110248374363,1.123767009990784,0.5340514210085757,0.6342469975214307,0.9255970314712302,0.48404386746389044,0.1221757140080909,0.6081941313097023,0.20241954624537872,COMPLETE
578,0.7269267364414843,2025-12-01 09:45:25.825313,2025-12-01 10:37:24.311607,0 days 00:51:58.486294,0.8785002774802987,-0.03435387287351897,-1.711092596973138,0.18605469899649235,0.6781986144392905,0.15847651495339435,1.057552525826461,0.040618461995167054,0.577821369411673,0.8688293758458892,0.9890610192441156,0.15957439444120972,0.6432908126153053,0.15972800905249798,COMPLETE
579,0.719790675547098,2025-12-01 10:37:24.539437,2025-12-01 11:29:01.084337,0 days 00:51:36.544900,1.1869808684135479,0.3561371351843311,-1.8578050964997224,0.04633995136165728,0.5050616674021785,-0.21291966246535088,0.6978136070642574,0.06850027899089675,0.6163690787301497,0.9656942643629086,0.5178129359383254,0.22162636546823755,0.5006737709329936,0.18679157330838875,COMPLETE
580,0.7369172216936252,2025-12-01 11:29:01.604962,2025-12-01 12:20:36.145203,0 days 00:51:34.540241,0.9815296423575744,0.10842033460959159,-1.1307286314499267,-0.01972182344115809,0.35588431566404066,-0.060258964716483496,0.8847779027852913,0.02667754324136587,0.5984923554605824,0.9078146043717761,0.438526560851039,0.29570565391771336,0.6952944362334562,0.14542982636101068,COMPLETE
581,0.7231208372978116,2025-12-01 12:20:36.477351,2025-12-01 13:12:25.153534,0 days 00:51:48.676183,0.6852147694785904,0.2831218256019265,-1.5990484165830574,0.18639310588071611,-0.11284923216310794,0.2830316255244613,0.9873253940181067,0.12003199582910061,0.5665469345374576,0.9996685596721279,0.40042603140081834,0.09264603373261635,0.8071441505195052,0.11448777931604635,COMPLETE
582,0.7383444338725024,2025-12-01 13:12:25.650976,2025-12-01 14:04:08.417439,0 days 00:51:42.766463,1.0475109973169852,0.3951966502878829,-1.3465232773855436,0.26726596415109455,0.5783302324420754,0.20466171348667803,1.1695402260998566,0.010548777458463419,0.4986107954760013,0.9386097828671498,0.36102675821778735,0.33336346124200905,0.5162369420481084,0.05409048987559562,COMPLETE
583,0.7378686964795433,2025-12-01 14:04:08.814800,2025-12-01 14:55:39.657180,0 days 00:51:30.842380,0.8143183287116867,0.5179863679837005,1.8328190791991383,0.3978771521489658,0.09843121719821009,0.09342074614151338,1.3277050025765318,0.0883571317072969,0.5379891392680446,0.8461960959905436,0.5358734252347386,0.2519812391799031,0.7469578862239808,0.1655481888096463,COMPLETE
584,0.7378686964795433,2025-12-01 14:55:40.009928,2025-12-01 15:47:25.810490,0 days 00:51:45.800562,0.9127294427516176,0.1784329432887877,-1.448951415970217,0.10387557399309161,0.2427244192784616,0.03669779633248732,0.49212046340770427,0.05689898845680797,0.5215282099636802,0.8844106050508506,0.4939888470174661,0.11844749828699444,0.5608884289485215,0.1350666084267315,COMPLETE
585,0.7440532825880114,2025-12-01 15:47:26.192205,2025-12-01 16:39:10.471890,0 days 00:51:44.279685,1.144923659692379,0.02816812786731055,1.9827266846563179,0.12964624483230497,-0.00548686936217857,0.3068318503316255,0.8006870858502008,0.04033997086363984,0.5502276853667304,0.9619704648905721,0.332172578038836,0.07850716794205498,0.5393387762983273,0.07969915643866579,COMPLETE
586,0.35014272121788775,2025-12-01 16:39:10.791887,2025-12-01 17:30:50.126457,0 days 00:51:39.334570,1.2383970671903795,-0.10625247460755788,-1.9339773086963692,-0.18260454623207567,0.00025199872348347085,0.399693009703019,0.7585497800821929,0.10541891776857466,0.5746243536273987,0.9837516953608774,0.30088813984016666,0.04758370822412029,0.5321933889564353,0.07657685964915378,COMPLETE
587,0.7150333016175071,2025-12-01 17:30:50.466611,2025-12-01 18:22:29.281757,0 days 00:51:38.815146,1.183093304517747,0.011745112691926823,1.9700201320867095,-0.0056597339269549365,-0.08856449154041647,0.4505621854224203,1.0679339459594983,0.06630182559294692,0.5977220072320406,0.5136992227825646,0.3165851250361031,0.059704206265717916,0.5727407463967965,0.09553610343765395,COMPLETE
588,0.450523311132255,2025-12-01 18:22:29.605256,2025-12-01 19:14:16.094162,0 days 00:51:46.488906,-0.48896765494494066,-0.21337863510883281,1.4133161309080933,0.07528820141562349,-0.16953088554035847,0.3373544846859445,0.9515026484301962,0.04735799083379062,0.714403037581441,0.9767109207928094,0.3168286772582874,0.080319574931202,0.5424367752945318,0.06573002613476732,COMPLETE
589,0.4333967649857279,2025-12-01 19:14:16.445554,2025-12-01 20:06:00.072025,0 days 00:51:43.626471,1.2736399457988763,-0.06572916047615879,-1.7765622286877676,0.22558546970518797,0.006448206737331652,0.32937903809470565,1.1374856604564265,0.08149275592431479,0.67339740564879,0.9597657648864747,0.33182509639745805,0.08161816050929932,0.5873170555858486,0.033733022545798054,COMPLETE
590,0.5337773549000951,2025-12-01 20:06:00.353406,2025-12-01 20:57:27.878948,0 days 00:51:27.525542,-0.18560634299446122,0.05602792671997227,0.8345212316465453,-0.08231223326293301,0.09853269231273011,0.23849773218265954,-0.7581527108789501,0.6870059047181819,0.5562321554207162,0.9605436547048933,0.33716642679795583,0.0964536346485964,0.5177866555745824,0.08555534608716618,COMPLETE
591,0.48287345385347286,2025-12-01 20:57:28.296659,2025-12-01 21:49:00.024509,0 days 00:51:31.727850,1.360331992840864,1.141390572070395,1.5370057155010897,0.3241764653547381,-0.058798575497973515,0.453061096704368,0.8261084201698292,0.7852079678055474,0.5784266367483196,0.9454571468160267,0.35611555064447425,0.06534701271117045,0.4878725276001436,0.05029824508610974,COMPLETE
592,0.7121788772597526,2025-12-01 21:49:00.346244,2025-12-01 22:40:31.236596,0 days 00:51:30.890352,1.1205667285777376,-0.12613392924786185,1.272842020639479,0.1568408651909805,0.048747484118466994,0.2792254893982459,1.0313496002928715,0.04413401736835936,0.6172781202941647,0.9822332033600228,0.33245050666082215,0.10710002877482146,0.5574970596276921,0.1023424682998801,COMPLETE
593,0.7511893434823977,2025-12-01 22:40:31.461082,2025-12-01 23:32:20.275271,0 days 00:51:48.814189,1.1526177822940293,0.307566777812634,1.7981122978063528,0.04465810813115524,0.20745333767086097,0.19487056276156423,-0.37555419051277644,0.010228531326195998,0.5513426186192569,0.9616904597185584,0.3795653892717189,0.074107312093924,0.45568227697612385,0.08623108987608177,COMPLETE
594,0.7331113225499524,2025-12-01 23:32:20.589167,2025-12-02 00:24:05.313327,0 days 00:51:44.724160,1.3435193762053694,0.20103390402617605,1.7874451746102105,-0.24889826096384315,0.1488192204907801,0.17681311313772807,0.6865859246879668,0.025662438334982246,0.5987700864518445,0.9772822499352389,0.3733361504070246,0.07996763223552246,0.40346885548130246,0.07735443204015703,COMPLETE
595,0.7350142721217888,2025-12-02 00:24:05.620263,2025-12-02 01:15:48.640105,0 days 00:51:43.019842,1.1997009054513776,0.8858178004025685,-0.6277289490497437,-0.03149789395764002,-0.054214532346354066,0.14851586514277448,-0.3779221690091269,0.010466015667529749,0.560917861912349,0.9636121743289778,0.345332072592899,0.11489433345241286,0.42403238959879186,0.052572927518085004,COMPLETE
596,0.7321598477640342,2025-12-02 01:15:48.892193,2025-12-02 02:07:10.771493,0 days 00:51:21.879300,1.3035573300933654,0.4379112645136111,0.6918478835325023,-0.10868582451699225,0.06111589862027078,0.1990952919842581,-0.21399041080022435,0.029051606641013073,0.6352893866115193,0.9964771622885291,0.2718489183555398,0.09596560141128647,0.45950474426084353,0.07425833542014512,COMPLETE
597,0.735965746907707,2025-12-02 02:07:11.077274,2025-12-02 02:58:42.457257,0 days 00:51:31.379983,-0.3171855091898146,0.04207968466971673,1.8748925262028722,0.030425955399372304,0.14990747622022016,0.07297014169601654,0.7663008788947845,0.025351828548324448,0.5770325992875917,0.9499656012985843,0.38358312101773673,0.13527673839473556,0.4519916489891662,0.0872998802064418,COMPLETE
598,0.7373929590865842,2025-12-02 02:58:42.685093,2025-12-02 03:50:22.102710,0 days 00:51:39.417617,1.136088406937035,0.25662118212784624,1.9761548049467346,0.041561338762080915,-0.14673890479693,0.12402192589726241,-0.3400854723090989,0.04019445975375943,0.5444394551858757,0.965465861285435,0.36800987932868523,0.11261667888594719,0.5368332640703727,0.03174075522484132,COMPLETE
599,0.5694576593720266,2025-12-02 03:50:22.386344,2025-12-02 04:42:12.382119,0 days 00:51:49.995775,1.4523786270014492,1.0037212618432472,-0.4201023862412755,0.10112780307572689,0.20047117063773068,0.23964675774117744,1.220448953593087,0.8941572824542154,0.4835542515766449,0.9386992050509343,0.3836859525090624,0.14600030993745017,0.4390289167311471,0.10411509297844486,COMPLETE
600,0.7369172216936252,2025-12-02 08:10:39.982968,2025-12-02 09:02:30.455101,0 days 00:51:50.472133,1.1510704659393385,0.3006171570368441,-0.3194286347192166,-0.02187578292984904,0.30889011456747123,0.16989117201447226,0.8957680978491982,0.012009096776896183,0.6009054211208916,0.7462043268171983,0.3448137976963953,0.07114000566750378,0.5964645049054702,0.06560438932574154,COMPLETE
601,0.7397716460513797,2025-12-02 09:02:30.741519,2025-12-02 09:54:09.751375,0 days 00:51:39.009856,1.2746743260696727,-0.0042706891020241056,1.8743372115277317,0.06993527490866651,0.07928386150079351,0.08454694686706715,-0.04898461532931398,0.04650249098549529,0.5158652124880678,0.9824990984353635,0.4011847502461645,0.1276097903509078,0.5687917447131756,0.08923766907418754,COMPLETE
602,0.7045670789724072,2025-12-02 09:54:10.056504,2025-12-02 10:45:48.051972,0 days 00:51:37.995468,1.211770154607804,0.13614471402794265,1.8819855170810342,-0.15853541009165997,0.18200254096809196,0.288746493128336,0.9451939454560664,0.02670071003758551,0.5572414120010847,0.954100812239038,0.4133557256699669,0.09014913007195853,0.6563253743922373,0.049653373593173816,COMPLETE
603,0.7245480494766888,2025-12-02 10:45:48.393118,2025-12-02 11:37:38.403049,0 days 00:51:50.009931,1.0903594348989158,-0.18757974792716942,-0.527393085340768,-0.06072356263867798,-0.029889575087674376,0.19888030190900308,-0.5468519702696356,0.010008873390005123,0.5837060357999564,0.9335995338906521,0.3564699592571794,0.11186322880847407,0.5138473081594755,0.10122522617066733,COMPLETE
604,0.7335870599429115,2025-12-02 11:37:38.658383,2025-12-02 12:29:05.278205,0 days 00:51:26.619822,0.5803043455538927,0.37841825949178887,1.7837758223884903,0.1320127993043784,0.28156950864046587,0.11660277679831918,0.8190239847059648,0.06090681041971786,0.6165721243583936,0.9670879159684668,0.3925117315271508,0.4452621722441748,0.6160066140460523,0.11584359825126667,COMPLETE
605,0.7240723120837298,2025-12-02 12:29:05.531513,2025-12-02 13:20:37.000971,0 days 00:51:31.469458,1.0478453092254292,0.7294949523211158,1.7844009469508388,0.03965257637654966,0.3767296205599226,-0.9810809189259813,0.5916271505983667,0.010127062288138727,0.5620624280600313,0.947743976821217,0.4231225404514066,0.1587061892727381,0.5435368599156641,0.06457232618033064,COMPLETE
606,0.5894386298763082,2025-12-02 13:20:37.380147,2025-12-02 14:11:50.238541,0 days 00:51:12.858394,-1.0746730382689613,0.094286047874582,1.6194268697210503,0.14623507417673726,0.22920426152994733,0.026451131510400183,1.979359137225741,0.04493640212775249,0.5325446325616255,0.9183224244694449,0.9544940770507435,0.13775317262273612,0.49658095225566945,0.024151887336550118,COMPLETE
607,0.5342530922930543,2025-12-02 14:11:50.525289,2025-12-02 15:03:36.895255,0 days 00:51:46.369966,-1.6614719589755702,0.2304336543248518,1.0939689873888607,0.21314817999110527,0.02939678839734073,0.34617183041092414,-0.14059757395013142,0.07143352562667624,0.5853297506505137,0.9820081926080881,0.43722322539989106,0.5297774117368897,0.5266094584776196,0.8875410810401281,COMPLETE
608,0.7373929590865842,2025-12-02 15:03:37.213590,2025-12-02 15:55:24.656607,0 days 00:51:47.443017,1.1491734274772976,-0.06250761140534361,0.6229935802571038,-0.01070376726002284,0.29667176867964656,0.23129406640772393,1.1184712258834404,0.03345170548010676,0.6543706470658287,0.9332589572510818,0.7784355808837788,0.3775357197206262,0.5717050485527276,0.12599583182808546,COMPLETE
609,0.7435775451950524,2025-12-02 15:55:24.951863,2025-12-02 16:47:07.254399,0 days 00:51:42.302536,0.4926492046113902,0.17506786603488247,-0.8168434855779083,0.09110972801173187,0.12068204200221783,0.12455396069189337,1.3938039865399166,0.05597371469912834,0.5147704684644121,0.9583317661599803,0.3751485546669989,0.09505765554513718,0.636487299736402,0.08371853782974192,COMPLETE
610,0.7340627973358707,2025-12-02 16:47:07.477986,2025-12-02 17:38:46.839441,0 days 00:51:39.361455,0.4227161654212054,0.0518780062788842,-1.0784895463019886,-0.057845668921583326,0.08761732707354364,0.1496236241768934,1.6470304775081699,0.04238170471262105,0.012812177087234977,0.9685371068113672,0.3608349247358091,0.0793747753872829,0.666704575872886,0.06840701274441292,COMPLETE
611,0.7278782112274025,2025-12-02 17:38:47.073477,2025-12-02 18:30:25.319785,0 days 00:51:38.246308,0.4484790136153082,0.13335655375321248,-0.7157602796490865,0.06570356114605545,-0.04343461920662853,0.27233249180164554,1.3331672047362555,0.029517567326322876,0.5537185668417152,0.9998703339086916,0.376690429988109,0.06772760838565794,0.6607669209390601,0.08605066850929433,COMPLETE
612,0.7288296860133207,2025-12-02 18:30:25.582754,2025-12-02 19:22:11.404129,0 days 00:51:45.821375,0.4818873176431419,-0.017117881145026097,1.9370016317506267,0.09252955211104255,0.15095461954991668,0.19413347187931787,-0.44710753467218933,0.05741539305918472,0.573105104351728,0.9592134093663907,0.3233340863089063,0.09274767778619981,0.6276954254687488,0.08039305291405321,COMPLETE
613,0.7369172216936252,2025-12-02 19:22:11.730634,2025-12-02 20:13:58.139561,0 days 00:51:46.408927,0.6091855849175138,0.18344816626134258,-0.7736714832471108,0.01730708364998436,0.011356130736358855,0.09962466491935305,1.4201259376426059,0.0887625746342143,0.5041676270212804,0.9775679527390854,0.39140664370660355,0.037643965613235394,0.6374650352691766,0.045905256209998274,COMPLETE
614,0.7207421503330161,2025-12-02 20:13:58.375107,2025-12-02 21:05:23.134075,0 days 00:51:24.758968,0.5127955183135047,0.029430726588825507,-1.028421327532752,-1.7019158769057674,0.10882124790337057,0.37464958032953166,1.6232904936903454,0.052137597596864094,0.6088227692747119,0.9438291989522188,0.36364227819623474,0.2865775306164099,0.6772600584291734,0.03723634430759257,COMPLETE
615,0.7297811607992388,2025-12-02 21:05:23.569385,2025-12-02 21:57:05.430941,0 days 00:51:41.861556,0.6220572462636007,0.19306582917541404,-0.8585133651549502,-0.11678962676157721,0.16781860188589043,0.026802736546259975,1.4016491578693895,0.027489357800897594,0.5397041216536917,0.9584052616041482,0.4103220432476738,0.1001670379683936,0.6065724589774141,0.09118183212489456,COMPLETE
616,0.7017126546146527,2025-12-02 21:57:05.735208,2025-12-02 22:48:41.344333,0 days 00:51:35.609125,0.582700815315725,0.928310813973745,-1.144032418231788,0.26689708546651736,-0.2402351268042629,0.254501028304452,-0.6023810539823324,0.0722469450812625,0.6359387333325648,0.9886925211690888,0.3787660756617565,0.3076090441124275,0.6560639570768133,0.10887405541057138,COMPLETE
617,0.7402473834443387,2025-12-02 22:48:41.740864,2025-12-02 23:40:04.278119,0 days 00:51:22.537255,0.49702324134829506,0.09133592618083775,-0.8691059161212197,0.2049917743736463,0.042809311568049124,0.15649735548687987,1.5794308978884404,0.027549373293029138,0.524039269272682,0.9433991596547602,0.3518212306270851,0.07078540111474892,0.6213013381287436,0.06036113105652148,COMPLETE
618,0.4605137963843958,2025-12-02 23:40:04.546814,2025-12-03 00:35:54.103854,0 days 00:55:49.557040,0.6977147249539943,-0.11473593816686373,1.9908025873987043,0.12795153979741244,0.20816159908476317,0.04091866568129324,1.440875495736505,0.20868004865824458,0.5866260454736262,0.922857920004303,0.4028124386561744,0.17469783451323623,0.6344894720945614,0.10116093623651752,COMPLETE
619,0.7350142721217888,2025-12-03 00:35:55.357734,2025-12-03 01:28:16.018982,0 days 00:52:20.661248,0.3255459488416078,0.2622115457651556,1.7117129922168055,0.011826993674757924,-0.1163765862624968,0.09689330488356179,1.7344509689698915,0.04937386187714035,0.4773373837968524,0.9683921165709941,0.33685433270048587,0.2648612187774114,0.6869823977481333,0.07507719655994267,COMPLETE
620,0.7383444338725024,2025-12-03 01:28:16.456923,2025-12-03 02:20:07.038034,0 days 00:51:50.581111,0.526006798575256,0.11763147847120907,-1.1906903916041836,0.17664513248676766,0.15313515741188183,0.20553667299161102,0.3141235069651924,0.09127179349805395,0.5657304083059879,0.9422000528201803,0.4218619040268498,0.12320000523156442,0.47004665125810324,0.11579494967178895,COMPLETE
621,0.6674595623215985,2025-12-03 02:20:07.330320,2025-12-03 03:11:54.436906,0 days 00:51:47.106586,0.6837784235253647,-0.02514967549891612,-0.9878750060725451,-0.22044701286024543,-0.01838483653611806,0.3237865165622815,0.8805421857823685,0.010014269296335464,0.6014685478975357,0.905092651802642,0.2924553648597774,0.10316244349037815,0.6002933731528483,0.7755146439499702,COMPLETE
622,0.7297811607992388,2025-12-03 03:11:54.702373,2025-12-03 04:03:16.743301,0 days 00:51:22.040928,0.40227027025707407,0.20830031792537684,-1.2432106801118687,0.34824467881241383,0.2430309430760002,-0.025599547405443207,0.059749193428544456,0.06980821546599933,0.5507096100674261,0.9983570171036062,0.39026945534932334,0.14919069280985003,0.48078354787292743,0.054961335334145406,COMPLETE
623,0.6941008563273073,2025-12-03 04:03:17.000228,2025-12-03 04:54:44.549015,0 days 00:51:27.548787,1.2388366140574552,0.7751765047074526,1.682560155391407,0.09814574741271487,0.08758182181355631,0.13047115783556723,1.4933309002068873,0.04027131532690419,0.5242655033454969,0.9571232072836672,0.44829041578158735,0.19432080278854436,0.6391626319430348,0.31396633956739317,COMPLETE
