number,value,datetime_start,datetime_complete,duration,params_a_0,params_a_1,params_a_2,params_a_3,params_a_4,params_a_5,params_a_6,params_u_dc_0,params_u_dc_1,params_u_dc_2,params_u_dc_3,params_u_dc_4,params_u_dc_5,params_u_dc_6,state
511,0.7126546146527117,2025-11-28 23:25:35.817800,2025-11-29 00:18:13.846666,0 days 00:52:38.028866,1.2869523796126123,0.21850146219840882,1.2957365524595106,0.01587398396330983,0.6356539807373739,0.41740227866034835,-0.4636448211870863,0.05323799528988933,0.6582393137305955,0.9001992578365534,0.5070538984660382,0.23172281482216434,0.556234355959894,0.2027387568819803,COMPLETE
512,0.7278782112274025,2025-11-29 00:18:14.189341,2025-11-29 01:11:06.291515,0 days 00:52:52.102174,1.0854301495008165,1.4215688949248646,-0.9027864736794906,0.13407049109129288,0.39148661542744734,0.0025166741789336977,-1.0035343874080094,0.04046736590452709,0.6890697909610061,0.8164147978643724,0.7490991112911098,0.10373795489848527,0.5740273033737542,0.18436339229497387,COMPLETE
513,0.7373929590865842,2025-11-29 01:11:06.671760,2025-11-29 02:04:02.274053,0 days 00:52:55.602293,0.9499864356098164,0.14723051654323957,-1.0814571707329228,-0.027272468133046707,0.5239563624401643,0.1675315174759958,0.7704506303937666,0.010171367327508757,0.5766060728644207,0.8890672526309307,0.6905590365973922,0.19383851658951404,0.5264378672797853,0.03763012643714764,COMPLETE
514,0.5004757373929591,2025-11-29 02:04:02.649875,2025-11-29 02:56:55.164491,0 days 00:52:52.514616,1.1657818548853789,1.3425168175379774,-1.0075579644248318,0.21294636237678854,0.42540446455454767,0.11005597365738144,1.0693804217069942,0.9496631350462765,0.6079331403994551,0.9074657222802908,0.4317729023408698,0.16487202116178248,0.6227918962633558,0.08980095022522479,COMPLETE
515,0.7117031398667936,2025-11-29 02:56:55.448316,2025-11-29 03:49:47.390647,0 days 00:52:51.942331,0.8588586271105458,0.27303560950619504,-1.4031028442247782,-0.15955046294300046,0.05142509443585754,0.22612684627772667,0.6641233143395627,0.06081542511176316,0.5579357444587212,0.8475582081287798,0.47821984080322505,0.12677966964023674,0.9547430005821128,0.12819286727290127,COMPLETE
516,0.7178877259752616,2025-11-29 03:49:47.767412,2025-11-29 04:42:56.141039,0 days 00:53:08.373627,1.0376840895989146,-0.1557504214540505,-1.197661381575397,0.33627162404292615,0.33652194303037186,-0.25607256079173424,0.9971768330143976,0.03174576675298224,0.6364302564848066,0.8725398889147742,0.3883736032119355,0.08432226691069977,0.49456679251327496,0.15702112855225328,COMPLETE
517,0.7397716460513797,2025-11-29 04:42:56.414167,2025-11-29 05:35:49.818664,0 days 00:52:53.404497,0.7501009225284982,0.03362247371558765,-1.509606512430762,0.07033755061964095,0.239256681551816,0.0689966747859299,1.125439188569664,0.0581614452413275,0.5852631047585447,0.9007125945338089,0.703180065700249,0.2658930966194104,0.473958604265341,0.21740400041833682,COMPLETE
518,0.7426260704091342,2025-11-29 05:35:50.165714,2025-11-29 06:28:51.932249,0 days 00:53:01.766535,0.9217587251588613,0.12218060929289244,0.0738802230451574,0.14046259388310012,0.48023649361792975,-0.04979714416561982,0.85502088651287,0.032326955910839894,0.537208758160656,0.9234972538935028,0.646764062811563,0.21966518443103614,0.7460054618220913,0.18016975916762729,COMPLETE
519,0.7231208372978116,2025-11-29 06:28:52.389558,2025-11-29 07:21:40.564696,0 days 00:52:48.175138,0.8843476285237845,-0.06894112303868433,0.1359819234806227,0.24802613433480936,0.6212128257184196,-0.04813353777026977,0.8114809395109543,0.029125951353100664,0.535432247351129,0.9252433083988298,0.6266579870950223,0.22492377212677553,0.4739518088397491,0.14427281291205385,COMPLETE
520,0.7021883920076119,2025-11-29 07:21:41.005333,2025-11-29 08:14:46.462557,0 days 00:53:05.457224,0.8101486892793403,0.09397660003459515,0.1587597769321711,0.1257123867622949,0.806037243576801,-0.1973286881534828,1.2522784149358555,0.02639088369919689,0.5403636312384431,0.9163264618786485,0.6826910642158966,0.2496256711787363,0.756137423833864,0.17007978664479556,COMPLETE
521,0.6679352997145576,2025-11-29 08:14:46.988146,2025-11-29 09:07:41.975718,0 days 00:52:54.987572,0.9669059966278407,1.2301724327708874,-0.17890038848041045,0.2924024344403282,0.5300821898045687,-0.1392728512649185,0.8831492625695899,0.04554410012087344,0.16930950381717252,0.9361697089535567,0.6511806268179186,0.23695958943171083,0.7179007605669694,0.012559832521800995,COMPLETE
522,0.7321598477640342,2025-11-29 09:07:42.268573,2025-11-29 10:00:43.722056,0 days 00:53:01.453483,0.9203207925799565,-0.03292911887615932,0.10224747775447768,0.1921007192003733,0.6888770436763435,-0.04181159095387338,0.7297627342752637,0.027445273672347573,0.5658727752427669,0.8871793499138624,0.5376721458115029,0.8080002191027431,0.7435862919554793,0.10930235114976707,COMPLETE
523,0.7402473834443387,2025-11-29 10:00:44.078812,2025-11-29 10:53:40.984983,0 days 00:52:56.906171,1.0579479191564836,0.11118155738271229,0.10065724449104753,0.42799077418129666,0.45740248966425084,0.0006119605502154513,0.958651805886294,0.011314155051879469,0.5222148489069831,0.9046419513940893,0.6697346749408962,0.208551494792632,0.751639812262465,0.1841913374616524,COMPLETE
524,0.7226450999048525,2025-11-29 10:53:41.369187,2025-11-29 11:46:38.953931,0 days 00:52:57.584744,1.2074474650807914,0.207456037128946,-1.4669754963963095,0.16513059083778825,0.10653679209684644,-0.09399826150452367,1.1750559082484144,0.04934899208181751,0.20455854088567832,0.9285322737607467,0.3345920566519779,0.286048097122615,0.7853075276590978,0.05514676826260852,COMPLETE
525,0.7350142721217888,2025-11-29 11:46:39.309334,2025-11-29 12:39:26.888533,0 days 00:52:47.579199,0.9969320433801192,0.27005853063968527,0.29146470713981887,0.614876750525241,-0.024103659088480334,0.03909117250871974,1.0308729779999637,0.06274228189866358,0.5588260086873397,0.8636774441143051,0.7090994003026914,0.3993822900726572,0.4461841688555691,0.15764680150000832,COMPLETE
526,0.741674595623216,2025-11-29 12:39:27.208467,2025-11-29 13:32:20.123897,0 days 00:52:52.915430,0.846971781857059,0.042339158568789864,0.04143827334225679,0.06907143007439388,0.3210726798624168,0.1143725375822391,0.833485746981235,0.033675225082733365,0.5821362739314722,0.9513377656403613,0.6268410348991234,0.2528416307224768,0.7300957243667491,0.13401186005810564,COMPLETE
527,0.7155090390104663,2025-11-29 13:32:20.519781,2025-11-29 14:25:35.363542,0 days 00:53:14.843761,1.141715358343944,0.34501462666453636,-0.014872166854551727,0.2729967916974548,0.5788085503909871,-0.009361513253468012,1.1004874431036507,0.04574021038997917,0.5440606900802696,0.8976618761374917,0.7238343352043677,0.3054925329780993,0.5096194401322411,0.166302583676211,COMPLETE
528,0.7354900095147479,2025-11-29 14:25:35.946587,2025-11-29 15:18:47.938492,0 days 00:53:11.991905,0.9125483558384898,-1.4251363230298233,0.059374637883270034,0.3628014377445392,0.3974166305775635,0.0818963553098441,0.919404798278281,0.0660801056285498,0.618270983463172,0.9386348349310109,0.6448783460812818,0.22592387779852693,0.49260964113126504,0.0738804800917883,COMPLETE
529,0.7388201712654615,2025-11-29 15:18:48.294237,2025-11-29 16:12:03.225263,0 days 00:53:14.931026,0.7537514210936407,-1.0905587154759626,0.19660101065976518,0.1754150443446974,0.19706067462503576,-0.1008618885643097,1.0236082348233102,0.01104649624475311,0.5153109980830002,0.9134547905222646,0.6749011865154569,0.10981798145637792,0.45215060666014506,0.12127908306593771,COMPLETE
530,0.6902949571836346,2025-11-29 16:12:03.642722,2025-11-29 17:05:13.416209,0 days 00:53:09.773487,1.0326883057713883,0.15670904967939164,-0.02271590605193606,0.019920415140861972,0.48780667646520226,0.16658683352024145,1.3477934070436588,0.028496033804487005,0.5971717204949533,0.8775123256971049,0.5009009097529347,0.05195873887327127,0.7066040836532781,0.18844234705900653,COMPLETE
531,0.5128449096098954,2025-11-29 17:05:13.736452,2025-11-29 17:58:27.029687,0 days 00:53:13.293235,1.0876649877855729,0.31481227789886246,-1.334070705891391,0.13041873393114917,0.2726310787155078,0.04214264944238463,1.182946908877749,0.07938679246572211,0.5685276773703326,0.9258011959315733,0.6939793219109438,0.2697394648593459,0.5368367147611703,0.1433230727114136,COMPLETE
532,0.7397716460513797,2025-11-29 17:58:27.308776,2025-11-29 18:51:34.027725,0 days 00:53:06.718949,0.9433457478414481,-0.22525883469406574,0.2302520745046791,0.22792061541879732,0.38230963246516375,0.16754663101077488,0.9577447243026436,0.049831709854558676,0.5466775275488932,0.9475107923887044,0.3655038774797476,0.08600123142794305,0.5125932845471729,0.09343116331154366,COMPLETE
533,0.7140818268315889,2025-11-29 18:51:34.608666,2025-11-29 19:43:23.350160,0 days 00:51:48.741494,1.2550901202510987,1.098071196609553,-1.5465346035557879,-0.05661821238759483,0.02836064222793394,0.0913019374745062,0.8507436015042276,0.031504561014901525,0.5034439475908286,0.7784132001286483,0.6595101815901652,0.21131717519776905,0.6890792213786326,0.17444035634358557,COMPLETE
534,0.4234062797335871,2025-11-29 19:43:23.792416,2025-11-29 20:35:15.696925,0 days 00:51:51.904509,0.8336792195843554,0.9253121156691171,-0.07547413263278233,0.0952114492774766,0.13457444181248657,-0.005615666458684249,1.102736249065259,0.8477459206309671,0.5289075755268099,0.830564260775747,0.6001579770317678,0.13766745058070426,0.48064708712258497,0.5260011602762755,COMPLETE
535,0.5580399619410086,2025-11-29 20:35:16.162164,2025-11-29 21:27:03.393295,0 days 00:51:47.231131,1.4768865576500871,-0.0241765485155003,-1.415354834448442,0.30733266057511754,0.30653673391505243,0.2636370889528886,0.7547039361511798,0.07051457103589281,0.5825126355948298,0.8888104909641196,0.6728673220174213,0.1113331411305812,0.6654110840569054,0.1531465440921259,COMPLETE
536,0.7421503330161751,2025-11-29 21:27:03.704531,2025-11-29 22:19:01.164525,0 days 00:51:57.459994,0.9849673355312709,0.19833432439793686,-1.5757999635788886,0.17704237339794676,0.474706154980896,0.17447656905959014,1.2876826469171698,0.04995848756187298,0.5587545933265008,0.9145393117660136,0.5258163030463326,0.24488742086909354,0.5352638969049135,0.11224066374702885,COMPLETE
537,0.7074215033301617,2025-11-29 22:19:01.510425,2025-11-29 23:10:59.483133,0 days 00:51:57.972708,1.1008867038939811,0.09312849599245746,-1.4832003667549714,0.034186892074336506,-0.1574083037018781,-0.17421579611751892,1.0132018761837005,0.02698152010682529,0.6156102357300728,0.9606493730073541,0.6526374400974596,0.6943912875546063,0.5628956699498913,0.19498198221875407,COMPLETE
538,0.7274024738344433,2025-11-29 23:10:59.786094,2025-11-30 00:02:58.392580,0 days 00:51:58.606486,0.7778583495055876,-0.12360626396046051,-1.6492781117018327,0.2546164233951109,0.19427239159612522,-0.03764039923636558,0.9013769764479678,0.07415931943293355,0.5307117145123703,0.936007693494968,0.58695732125928,0.19047592377653574,0.7341103671878823,0.051226230706037,COMPLETE
539,0.7411988582302569,2025-11-30 00:02:58.704616,2025-11-30 00:54:59.772785,0 days 00:52:01.068169,1.1927479181220746,0.245074024722027,0.38864857089959126,0.11038443171748283,0.5369793538734884,0.0794086014550634,0.6725755630084452,0.011300204431893439,0.5965456082979438,0.8490260775516839,0.7223193780434904,0.1505872316647844,0.4960196496810287,0.13426148535463553,COMPLETE
540,0.7140818268315889,2025-11-30 00:55:00.039295,2025-11-30 01:46:41.427140,0 days 00:51:41.387845,0.9080248312430197,0.35719721673729776,-1.385032687123903,-0.03552054639670118,0.38011303858078277,-0.38501038393466736,1.0378993021692131,0.04534085796521273,0.573418888473069,0.8951179970478423,0.42103961053165156,0.2164421410257382,0.6488222910413051,0.17151239423082118,COMPLETE
541,0.5922930542340628,2025-11-30 01:46:41.668234,2025-11-30 02:38:44.536644,0 days 00:52:02.868410,1.030048537629234,0.13053137230774897,-1.2739535360683463,0.20145750446789024,0.258705544245355,0.26550585864151743,1.1435717186169667,0.2835209263361944,0.6450042517454652,0.8688351862588719,0.4890160097202447,0.12514969876172344,0.5164202434959794,0.20651134168219756,COMPLETE
542,0.7293054234062797,2025-11-30 02:38:44.788748,2025-11-30 03:31:03.636326,0 days 00:52:18.847578,0.7134170553556842,0.02299353414894742,-1.635876092168224,-0.6230095166764146,0.09808020528981069,0.2042933430811881,0.1355146371568482,0.06117162008815281,0.5461390954045245,0.9162176126875822,0.3865617379212077,0.09795463172096686,0.5965444147333363,0.03171790643084867,COMPLETE
543,0.719790675547098,2025-11-30 03:31:04.047150,2025-11-30 04:23:03.484498,0 days 00:51:59.437348,0.8817723948210535,0.2933903866727021,-1.527136927789099,0.33210673458672435,-0.08697353226201911,0.12356770265411764,0.9306611118771863,0.08730924383200547,0.5229825820670263,0.9559232912197566,0.4510660493043114,0.06314924596731347,0.45742035676525805,0.15768755246659052,COMPLETE
544,0.7302568981921979,2025-11-30 04:23:03.733994,2025-11-30 05:14:45.402107,0 days 00:51:41.668113,1.1246364297465758,0.41498090537808574,-1.3290877090435798,0.05578111620161798,0.7272217127967658,0.02328989433290285,0.8333917033394574,0.010007198205003839,0.5039515050600911,0.93419890584463,0.5176508305328713,0.2580959999681808,0.5444445617154159,0.0827555887051777,COMPLETE
545,0.6826831588962893,2025-11-30 05:14:45.643773,2025-11-30 06:06:28.013335,0 days 00:51:42.369562,1.6897668748459946,0.19384350211006912,-1.4495876874330977,0.13617128305427995,0.4286688412622072,-0.07601310064426495,1.4262421647092542,0.03795936963022268,0.574750060670638,0.9031523455590532,0.6398983348500016,0.23617988707126786,0.7663843627029476,0.12137369848296012,COMPLETE
546,0.33824928639391055,2025-11-30 06:06:28.211910,2025-11-30 06:58:03.889447,0 days 00:51:35.677537,1.3467759238290444,-0.07066084199729875,-1.5910653337950469,-0.12287236799375767,0.6015858952227807,-0.27040020661406905,1.1979827809751726,0.6195098683669762,0.6050534388632034,0.46111284045593837,0.40756786244170495,0.27900757804701154,0.5203463969312648,0.09732833279625171,COMPLETE
547,0.4862036156041865,2025-11-30 06:58:04.154144,2025-11-30 07:50:04.073257,0 days 00:51:59.919113,0.981585998363312,0.0566259747621525,-1.3811270691313984,0.24788515943680875,0.3387122498716191,0.11795169147171883,1.0605195837885808,0.3700098976853168,0.29222867527126195,0.798930036861686,0.46655621061395475,0.18605809276890964,0.5029434495146999,0.14370484526372293,COMPLETE
548,0.6964795432921027,2025-11-30 07:50:04.349596,2025-11-30 08:41:42.427134,0 days 00:51:38.077538,1.0450830504109516,0.24292173459620556,-1.7209781646340383,0.3933461874165815,0.2098292203541211,0.21187816951397506,0.9498849400786051,0.05857644977448477,0.552040163499994,0.8797364741875032,0.44206629230268657,0.16036647054674177,0.5728512726578934,0.4430778722979342,COMPLETE
549,0.7383444338725024,2025-11-30 08:41:42.655329,2025-11-30 09:33:40.925330,0 days 00:51:58.270001,1.220958041909801,0.14524569639217844,-1.507483860050384,-0.009250596995712776,0.4531908257110082,0.05634160000308782,1.103279348068119,0.029941296882763726,0.6256889681388563,0.9695751392759533,0.36323783363977735,0.08637875779854902,0.4745956929053866,0.18418595899955273,COMPLETE
550,0.7288296860133207,2025-11-30 09:33:41.204615,2025-11-30 10:25:15.363963,0 days 00:51:34.159348,0.8183266026723764,0.3889147712096781,0.9779765217619255,0.10710242733676466,0.022220450767181543,-1.2929469216049791,0.7796458158267117,0.07540587742358365,0.5907214946889467,0.9424647595728362,0.5513919356598225,0.1318563580168465,0.6756940322916458,0.06991697779383843,COMPLETE
551,0.6569933396764985,2025-11-30 10:25:15.611754,2025-11-30 11:17:18.587543,0 days 00:52:02.975789,1.550005098075424,0.30208940703047626,-1.6565100898219693,0.21398676745949094,0.31222711762563177,0.2728848167192717,1.0106446678064587,0.04589385297940414,0.5664413910238982,0.922442581618399,0.48341501262273046,0.11118389546626181,0.6955942123371348,0.20697657162218322,COMPLETE
552,0.41817316841103713,2025-11-30 11:17:18.882573,2025-11-30 12:09:15.712537,0 days 00:51:56.829964,0.9331962679455298,0.008089383655811716,-1.2464929006123688,0.046266479761069144,0.52605910817672,-0.13823918947698724,1.2464394295770311,0.09442045303876254,0.536660342441697,0.9038962703088318,0.505876679400232,0.2114886607213009,0.5510655266733353,0.16847750016300306,COMPLETE
553,0.7388201712654615,2025-11-30 12:09:16.020071,2025-11-30 13:01:12.502064,0 days 00:51:56.481993,1.1105998746846617,0.11607688230354168,-1.4195016092572337,0.16716158161435773,0.13004490431361415,0.14732057457999684,0.8885108881990302,0.02923695206323884,0.5183178011024934,0.9499692256441004,0.42288932662740303,0.31678721947127014,0.529435626315143,0.14154653492281113,COMPLETE
554,0.725023786869648,2025-11-30 13:01:12.740592,2025-11-30 13:52:47.718702,0 days 00:51:34.978110,0.9878275321140101,-1.744558011608409,-1.5294445437132729,-0.0585322142420206,0.25228106767326924,-0.01864196258252037,0.9852486046276124,0.06128607340217768,0.5856420307370631,0.8613785304754566,0.39405860329972137,0.17722838975907232,0.6350101778923368,0.11062493365539508,COMPLETE
555,0.7055185537583254,2025-11-30 13:52:47.964236,2025-11-30 14:44:35.447579,0 days 00:51:47.483343,0.7597575602615179,0.22731460833546427,-1.2929293399413906,0.30844315714916126,0.3782244736690785,0.331187401858289,1.1216786777386174,0.04496501320443628,0.5578645292909499,0.8838640904948801,0.4555255821705603,0.026437118889564806,0.6105317430099318,0.18785560786236732,COMPLETE
556,0.7378686964795433,2025-11-30 14:44:35.667583,2025-11-30 15:36:28.553038,0 days 00:51:52.885455,0.8693310701319966,-0.36174487786753834,-1.7610641043751312,0.11295241404331771,0.6429332664876808,0.04171451034580001,0.8365104253432427,0.07655374739601857,0.6048673635868692,0.9693617181085294,0.4344774153423195,0.1437747254471001,0.509041514723991,0.15163105106242375,COMPLETE
557,0.7264509990485252,2025-11-30 15:36:28.811063,2025-11-30 16:28:11.922952,0 days 00:51:43.111889,1.146718640923172,1.6775476254222492,-1.5952356917331012,0.4484015831139009,0.19278782993662938,0.19936170659473257,1.040074937737665,0.024390590984881763,0.5029951575925984,0.9266758737522199,0.46651847791071976,0.23741415640137276,0.485053211961239,0.030283455718473025,COMPLETE
558,0.7316841103710752,2025-11-30 16:28:12.164563,2025-11-30 17:20:10.485696,0 days 00:51:58.321133,1.0372416970107043,0.3658166811672409,0.031130812794945787,0.013508573661016807,0.45004903280586245,0.14037880905161493,0.9605982468146999,0.055277152892681786,0.538806654968601,0.9018659985265569,0.40637117473176787,0.2895710439899056,0.5885666547457505,0.1261603537357252,COMPLETE
559,0.7378686964795433,2025-11-30 17:20:10.692995,2025-11-30 18:12:06.021692,0 days 00:51:55.328697,1.271118429768223,-0.1442586380871534,-1.3630806411391512,0.21968480278122654,0.3217024766835178,-0.08445813860394918,1.1954246490728584,0.010227524669473957,0.6253551099440402,0.8415062184217815,0.3489445492616868,0.07785527991028039,0.5631550395820577,0.16922532860233971,COMPLETE
560,0.7216936251189343,2025-11-30 18:12:06.258860,2025-11-30 19:03:54.924427,0 days 00:51:48.665567,0.6830394355061289,-1.9780540143234056,-1.1989006746326831,0.11237389669267035,0.5427238213501555,0.0704343221674969,1.8207931040607785,0.101110899912603,0.5671695125104081,0.9443576080732746,0.49841459913250696,0.11915166419865725,0.5321250033175077,0.21800285522288754,COMPLETE
561,0.7159847764034253,2025-11-30 19:03:55.134898,2025-11-30 19:55:50.563962,0 days 00:51:55.429064,0.9186333004318177,0.17056585677943453,-1.5015172418813478,-0.15579861624107216,0.07163384271499015,0.24186488073904777,0.740374863215969,0.03994690626761331,0.7870757393019996,0.9154353636619103,0.5306531538854704,0.15093679158387152,0.7283389532392072,0.010007843395962444,COMPLETE
562,0.7269267364414843,2025-11-30 19:55:50.854532,2025-11-30 20:47:48.293836,0 days 00:51:57.439304,0.8007637763064244,0.2925835360764346,-1.6678544647600968,0.3165721194503293,0.25074499964744956,0.34520546477018965,0.626056450992019,0.07395145304433715,0.5884384794582511,0.9838784768219191,0.3802373743333635,0.19655827819856317,0.48989679783022944,0.09796552780662296,COMPLETE
563,0.7240723120837298,2025-11-30 20:47:48.555900,2025-11-30 21:39:48.360655,0 days 00:51:59.804755,1.0823761856486256,0.960380581546255,-0.13215503769441606,0.18704247833404342,0.3913411557454295,-0.01985471501099234,0.9039986392450651,0.027600355533874032,0.9751287348066011,0.4166244255914885,0.4224715238227263,0.26406276777731946,0.655273707650799,0.19314821991476358,COMPLETE
564,0.7288296860133207,2025-11-30 21:39:48.571803,2025-11-30 22:31:30.067246,0 days 00:51:41.495443,0.966000632463799,1.0468496878776423,-1.4745870508099461,0.049662392582203944,0.14799173648177505,0.13406567239368028,1.0951849641049847,0.06019129292306329,0.5513508038410364,0.8840028802493946,0.4824609887403804,0.22521727078759873,0.4300127841420921,0.06791658764274905,COMPLETE
565,0.4300666032350143,2025-11-30 22:31:30.320784,2025-11-30 23:23:27.534645,0 days 00:51:57.213861,1.1968001228710745,0.4271672839879287,-1.6070261545977849,0.2501244773853949,-0.0614521606338404,0.06476221033741104,-1.7422510578859245,0.08500387326060846,0.5211868053367286,0.33956792966599136,0.45126479513122497,0.09886272723775207,0.46577094164395966,0.6462504192664625,COMPLETE
566,0.7112274024738344,2025-11-30 23:23:27.724938,2025-12-01 00:15:07.102522,0 days 00:51:39.377584,0.8551973418488779,0.05643637403998536,-1.7130722692925433,-0.05291677032796133,0.4664008045738386,0.22494221783033336,1.2884812172478672,0.042553109567969136,0.6520479175008156,0.9580426340951864,0.5632538595974065,0.16440355918093907,0.7075697780992284,0.1565798816038445,COMPLETE
567,0.7402473834443387,2025-12-01 00:15:07.360317,2025-12-01 01:07:04.962509,0 days 00:51:57.602192,1.0452904814415223,-0.04796331229949763,-1.3063224096444248,0.15215954095540785,0.29503726102047617,-0.017360528207360434,0.8392157509252522,0.06044585907157712,0.5775983608186588,0.9310828451951445,0.3144588597039235,0.1301537947213086,0.5394628032611305,0.2436659453417625,COMPLETE
