number,value,datetime_start,datetime_complete,duration,params_a_0,params_a_1,params_a_2,params_a_3,params_a_4,params_a_5,params_a_6,params_u_dc_0,params_u_dc_1,params_u_dc_2,params_u_dc_3,params_u_dc_4,params_u_dc_5,params_u_dc_6,state
454,0.735965746907707,2025-11-26 07:32:30.511660,2025-11-26 08:24:15.443459,0 days 00:51:44.931799,1.9721938167935522,0.6925904757356312,-1.3185704423308329,0.14241143317508784,0.053078942424965025,0.08882002436035319,1.1267003337954844,0.012364090371398588,0.5514612466539605,0.8900535454786785,0.47596901529597635,0.15662166019771565,0.6936319777818968,0.16402318657931378,COMPLETE
455,0.7259752616555661,2025-11-26 08:24:15.665314,2025-11-26 09:15:55.594738,0 days 00:51:39.929424,1.09702731618734,0.17824499508783267,-1.7801377414288009,0.07019647656612474,0.5081561846177974,0.4009645473516038,0.8346908496353509,0.07478548138663443,0.5100200001953047,0.9231565363891595,0.4558559446783572,0.13375342778792054,0.588910387504197,0.11535764959234608,COMPLETE
456,0.725499524262607,2025-11-26 09:15:55.848476,2025-11-26 10:07:36.391731,0 days 00:51:40.543255,0.8685636502841686,0.410192508429898,-1.2217350088281063,0.23750250355615662,0.6973929434409876,0.2120281453478562,1.0666519788331554,0.04508336786537192,0.6278947393987026,0.9124397962722337,0.40854061082216403,0.1805266951984272,0.5269001342183097,0.14361252440992353,COMPLETE
457,0.39533777354900096,2025-11-26 10:07:36.666981,2025-11-26 10:59:21.996287,0 days 00:51:45.329306,1.264524275761414,0.3041407513687834,-1.5750402305707458,-0.2045853825826886,0.21695941473002794,0.303292481751917,0.9282563578000446,0.4077953123996295,0.5817392296784649,0.985798110832384,0.5306901568912931,0.09185552544678588,0.49242538892583365,0.37151002264935,COMPLETE
458,0.49143672692673646,2025-11-26 10:59:22.256132,2025-11-26 11:51:04.851132,0 days 00:51:42.595000,1.0224785277463047,0.050325430023708984,-0.9246694101294535,0.31283299768794026,0.3336523354650815,0.017203109023641736,1.3217424793991452,0.1009266617416242,0.5264099005906223,0.9352485628083896,0.5662337647912175,0.22772345765345262,0.6374230570742907,0.1834381274989165,COMPLETE
459,0.7216936251189343,2025-11-26 11:51:05.054391,2025-11-26 12:43:19.787287,0 days 00:52:14.732896,1.1450501269870927,-0.06091145145862348,-1.4712482151868187,0.4658005886112121,0.1301322407316161,0.147541843758709,1.2000712173654673,0.0595348043083014,0.555249113702292,0.6279665300753529,0.37761037261230734,0.11805314132986759,0.15101727256001474,0.09561635562423831,COMPLETE
460,0.7040913415794482,2025-11-26 12:43:19.993463,2025-11-26 13:35:56.025964,0 days 00:52:36.032501,0.596058176478185,0.23967725714894433,-1.6741861712127248,0.15647637272533038,0.45607047124451544,-0.053549388022318525,1.0200926323660093,0.026797465700324236,0.48963005097934,0.9612753773128819,0.5166056604066658,0.14729223244150438,0.5582946412919754,0.2848184200624754,COMPLETE
461,0.7216936251189343,2025-11-26 13:35:56.273435,2025-11-26 14:30:45.798230,0 days 00:54:49.524795,0.491920488423343,0.49157555106969175,-1.9095657688481789,0.01321817757456241,0.28189210671530607,0.06590236922760323,0.8913628889516626,0.08215794267159594,0.5733075993658998,0.8703499725164111,0.4324223641627855,0.01146241801851857,0.5095105924723821,0.4779119652742204,COMPLETE
462,0.5095147478591817,2025-11-26 14:30:46.062572,2025-11-26 15:24:28.557112,0 days 00:53:42.494540,0.9315159354941929,0.1613532652438353,-1.3894282893857486,-0.08047172400408684,0.3883912850297963,0.24740196047703697,0.7885961880984158,0.722039488945081,0.5354441052377376,0.8079043746783364,0.47987082860066244,0.2613407192723694,0.46342762670239623,0.04457090748793136,COMPLETE
463,0.736441484300666,2025-11-26 15:24:28.798789,2025-11-26 16:18:02.544349,0 days 00:53:33.745560,0.7925565902814118,0.35637152774762443,-1.5542811316806406,0.20885283396967064,0.16868697645029665,0.14341794377874448,0.9828795392360916,0.010557587194707313,0.8799367246713976,0.8904197858326572,0.456288433864608,0.1750268204046991,0.7380653939118859,0.16308241990593939,COMPLETE
464,0.7231208372978116,2025-11-26 16:18:02.811437,2025-11-26 17:11:37.494596,0 days 00:53:34.683159,1.078429800630253,0.2663419592281243,-1.181477516824722,0.08617091166132707,0.568429640558172,0.3372043101133393,1.1137407201266845,0.04441111829453376,0.603325867630838,0.9425246017963856,0.39870695215408625,0.20820188035905748,0.5724662909564329,0.14014419004240428,COMPLETE
465,0.7121788772597526,2025-11-26 17:11:37.769272,2025-11-26 18:05:19.137734,0 days 00:53:41.368462,0.6999570891485252,0.7383288458783879,-0.0744372177810539,0.2792335710871122,-0.17255823094250972,-0.10372851800271245,1.2428721915357281,0.06551585994257811,0.44615334512079946,0.9982056747250153,0.42040934665040464,0.13152759908335582,0.6057742377074157,0.025530115161833705,COMPLETE
466,0.428639391056137,2025-11-26 18:05:19.403907,2025-11-26 18:59:00.537997,0 days 00:53:41.134090,0.8885073957110525,0.9038414217728076,-1.7351362959051486,0.1350866704852909,-0.3696374814409905,0.2086471121795172,1.0485268772807592,0.3258187059771219,0.3399101707367009,0.9040075550644548,0.34383304641155094,0.07274847379362122,0.5394357974362676,0.7055106122070435,COMPLETE
467,0.6555661274976213,2025-11-26 18:59:00.804589,2025-11-26 19:52:37.834246,0 days 00:53:37.029657,1.6253463962623242,0.13069123712442116,-1.2732330574736812,1.0723409490420264,0.2364470913107746,0.029218937790327915,0.8691092249436203,0.04107084576309612,0.47290124483827883,0.8430094862110156,0.4443172919576398,0.10738954374624426,0.71866626763191,0.2016619038867048,COMPLETE
468,0.5199809705042816,2025-11-26 19:52:38.102899,2025-11-26 20:46:18.199259,0 days 00:53:40.096360,0.9818118198428363,0.4212073512562196,-1.0369709366286086,-0.0060626178205056835,0.34659268260357545,0.1100592003279035,0.7035378380452075,0.10221002287257142,0.5863254684639407,0.9733889461903159,0.47834885328241666,0.24913928047927614,0.6595554421562817,0.07497481569068132,COMPLETE
469,0.7388201712654615,2025-11-26 20:46:18.476025,2025-11-26 21:38:57.012773,0 days 00:52:38.536748,1.1635040483129058,0.00894779587575048,-1.6152632418784172,0.20995079579812373,0.47359590451472877,0.18564663349525853,0.9584542856322197,0.02627185558806348,0.5555774506576485,0.9188415868055303,0.5004456767477989,0.16022885542330423,0.48720534944205773,0.23104944705884212,COMPLETE
470,0.450523311132255,2025-11-26 21:38:57.238326,2025-11-26 22:30:57.842765,0 days 00:52:00.604439,1.3131138987913062,0.5838788300495769,-1.491042054959309,0.06971647691176253,-0.05836585939431926,0.4297495153048728,1.1692698279288611,0.13797566802716524,0.5087890116469821,0.9525908720389871,0.38710827331585357,0.29644794624818954,0.5215414030444004,0.1785556813344518,COMPLETE
471,0.736441484300666,2025-11-26 22:30:58.062934,2025-11-26 23:23:28.584047,0 days 00:52:30.521113,0.6309650593123299,-0.4790101613374807,-1.841441256918659,0.3154500350955924,0.08038371251512265,-0.0033508454604013332,1.062113327319174,0.05953064517370096,0.6069690035948264,0.9348934209695662,0.41542368040354744,0.19156807449142024,0.6375008315827363,0.11690689815629268,COMPLETE
472,0.7193149381541389,2025-11-26 23:23:28.824755,2025-11-27 00:15:23.183833,0 days 00:51:54.359078,1.0267673661762282,1.1886180571551064,0.7915076490831517,0.16461420385906284,0.2809680810983826,0.31680308022143633,0.8240048674430831,0.07874187917514634,0.629281771079449,0.8968612462170594,0.7777474977037286,0.09188973202351125,0.5058394210377107,0.1520670591168077,COMPLETE
473,0.7293054234062797,2025-11-27 00:15:23.471369,2025-11-27 01:07:34.185045,0 days 00:52:10.713676,0.8335475042303243,-0.10233694169678424,-1.395516756219949,-0.05130884408413232,0.4143307445385555,0.08886051962391472,0.9330320209076519,0.04049609481671007,0.5303969448223226,0.8756367463731541,0.45930517853116987,0.2285036344274758,0.5428173600415532,0.09299861642906783,COMPLETE
474,0.7216936251189343,2025-11-27 01:07:34.542818,2025-11-27 01:59:36.787922,0 days 00:52:02.245104,0.7430669318853731,-0.22978276667076453,-1.700826707496719,0.39064054810896137,0.1782394832628344,0.24714932304963189,1.0164439747168872,0.010248481106174934,0.6672050450523852,0.9662517443056918,0.4390847431012312,0.12403129649025355,0.6918913844943491,0.12484505841368343,COMPLETE
475,0.735965746907707,2025-11-27 01:59:37.054752,2025-11-27 02:51:53.573259,0 days 00:52:16.518507,0.2930952334525688,0.2081824415924371,-1.5384261432765913,0.08547947891504068,0.36393758686614697,-0.6454253198438765,1.3714966834925542,0.09092117461394736,0.5692115619635996,0.9239239888972625,0.5192268409448112,0.27072540444224635,0.4296574935398656,0.05869968305136288,COMPLETE
476,0.4352997145575642,2025-11-27 02:51:53.829388,2025-11-27 03:44:22.364879,0 days 00:52:28.535491,1.8855467021320136,0.33139863889044585,-1.3274147010174449,0.24244983939899728,0.6427689765819942,-0.1275096126908805,1.1278769664071717,0.05842748391736101,0.5487414423844825,0.8607033318966064,0.3669428770907824,0.14869719995125355,0.47872823149098176,0.1932446535337333,COMPLETE
477,0.7335870599429115,2025-11-27 03:44:22.609239,2025-11-27 04:36:39.302658,0 days 00:52:16.693419,0.9335952125959254,0.06980265763302661,-1.4333493553081262,0.028911262562857462,-1.8089022391056755,0.14827964697344564,1.2409654011694842,0.029183389294758562,0.5048143909357036,0.9085886680333638,0.011175532590715409,0.05403855307823967,0.566642271562878,0.16968015337741205,COMPLETE
478,0.5180780209324453,2025-11-27 04:36:39.547018,2025-11-27 05:28:49.432662,0 days 00:52:09.885644,1.1990181509592415,0.18303888991473083,0.5716685523952832,0.1484064635966036,0.5010934509486085,-0.04434141270117124,0.6336903414104509,0.1168260893831331,0.5905029858776055,0.950167299716702,0.49145600926632327,0.2121088899304784,0.6129333322018088,0.13561192062216088,COMPLETE
479,0.7235965746907707,2025-11-27 05:28:49.709556,2025-11-27 06:21:00.249294,0 days 00:52:10.539738,0.4490186649169548,0.49904637876008506,-1.597288625896704,-0.10389590305174795,0.23335525890817277,0.05921256906217928,-0.6636601283072794,0.0715208197956737,0.40340493871499616,0.9754193019219927,0.40199144808672754,0.1672654404869762,0.4472525086370755,0.2195766503447667,COMPLETE
480,0.7411988582302569,2025-11-27 06:21:00.474659,2025-11-27 07:13:05.135353,0 days 00:52:04.660694,1.0515844053674777,0.28116374937929073,-1.7850833061040152,0.2098450356089097,0.07575262514804768,0.22909731076757833,0.9101830099305049,0.05380256485594609,0.5599967986342941,0.9328473173693683,0.4306789232553524,0.13810836600964116,0.5258529240800291,0.15511452763333794,COMPLETE
481,0.7293054234062797,2025-11-27 07:13:05.417388,2025-11-27 08:04:59.170837,0 days 00:51:53.753449,1.09253731163462,0.9654461861878286,-1.4821083038728309,-0.28428147040644736,0.5568807616496143,0.12612848102911903,0.759298338167664,0.03801273004508738,0.5276337036402678,0.6467817657946329,0.4627752891811271,0.09724666227204412,0.5849845366394534,0.17538655323801441,COMPLETE
482,0.41531874405328256,2025-11-27 08:04:59.477650,2025-11-27 08:56:34.511216,0 days 00:51:35.033566,-0.8000708895845638,-0.7216895119454196,-1.662731405523586,0.3464720758800608,0.3286504318327315,0.36840643575077237,1.5789836794438898,0.09192015617349342,0.6097707960453966,0.49710445659012215,0.5490749475545906,0.3401372276913012,0.6665184723070372,0.1013315510951233,COMPLETE
483,0.6955280685061845,2025-11-27 08:56:34.739966,2025-11-27 09:48:37.671947,0 days 00:52:02.931981,0.9762204834660058,0.6455882685679053,0.14370149844475077,0.08839511648146374,0.4385721760698854,0.02785121850677516,1.097531755537781,0.010547667186179943,0.5822273732982657,0.8845372603812631,0.4962452784790343,0.1154301103088099,0.11780944260987564,0.24364700484354812,COMPLETE
484,0.7055185537583254,2025-11-27 09:48:38.023326,2025-11-27 10:40:42.807106,0 days 00:52:04.783780,0.8340934984648506,0.10342200799176808,-1.2807157123741872,0.01100396791735525,0.015521091769016837,0.187276711743758,0.9974555542633986,0.06874506228919061,0.4678140282777762,0.9103319906478352,0.4146759201803694,0.19859618108177524,0.7742117748534385,0.5809629401834586,COMPLETE
485,0.7369172216936252,2025-11-27 10:40:43.130534,2025-11-27 11:32:42.209943,0 days 00:51:59.079409,0.6380463647038372,0.397735946691875,-1.1875330429046087,0.2477685931596224,0.15880922262472943,0.2552351190027694,0.8437556084216485,0.039464294432753406,0.5478179098021467,0.9547968415193683,0.8726712982705837,0.2504320665199973,0.49344141335391256,0.20747657263655325,COMPLETE
486,0.5185537583254044,2025-11-27 11:32:42.509122,2025-11-27 12:24:37.611342,0 days 00:51:55.102220,-1.9873935461508,-0.025362913093841245,-1.3501909749792362,0.13961854545999608,0.27479025399134105,-0.034012021465476217,-1.284157386720866,0.052457462065967554,0.42036123701523176,0.8298517196850203,0.45144172428781504,0.23531884118637952,0.5491535950714083,0.0785526162590095,COMPLETE
487,0.7264509990485252,2025-11-27 12:24:37.880664,2025-11-27 13:16:39.009929,0 days 00:52:01.129265,0.5383235600299069,0.24714951979533337,-1.5863344343400332,-0.030183673570078964,0.3805326366401382,0.501848934946584,1.1928519333654426,0.02682950815800324,0.48855827999042784,0.7161395260999082,0.3854093373018928,0.1701442222260267,0.5175552580187847,0.015168516480500834,COMPLETE
488,0.7093244529019981,2025-11-27 13:16:39.284500,2025-11-27 14:08:43.857751,0 days 00:52:04.573251,0.8903079426915641,0.3517048553810878,-1.7168630693093183,0.17820413469757415,-0.12024318230869599,-0.18852519774656684,0.9746251143766742,0.07762880302264567,0.5679779298474149,0.986016852970558,0.47417213356262233,0.2785091878619413,0.6271950645177509,0.12777102385884498,COMPLETE
489,0.4647954329210276,2025-11-27 14:08:44.107706,2025-11-27 15:00:41.762514,0 days 00:51:57.654808,1.2335964858810622,0.14197081505507647,-1.105135575785017,0.28654283716543233,0.7603395985002872,0.09372325966422601,1.065834527677404,0.10560667267738369,0.5136326625755999,0.9324770081322779,0.5278286857417787,0.07431101488608914,0.46561339723596495,0.19022994339889882,COMPLETE
490,0.7245480494766888,2025-11-27 15:00:41.990350,2025-11-27 15:52:16.726091,0 days 00:51:34.735741,1.1234227981839844,0.7790671083133481,-1.501069861388897,0.07416967831812565,0.20386233973526785,0.3026961450298006,0.9148371580487147,0.05484791514702293,0.5940440333540739,0.8874103860920676,0.4338052142715415,0.13305653434186626,0.5016666648945752,0.15199403375129755,COMPLETE
491,0.7274024738344433,2025-11-27 15:52:16.942429,2025-11-27 16:44:13.622731,0 days 00:51:56.680302,0.04181242202462038,0.44618401606432795,-1.8925046503326541,-0.12024169376706272,0.4728199056424386,0.17090522799117847,1.1376132570724085,0.02548369086116549,0.6413738958961555,0.6091020224897251,0.40477262516513607,0.18531151711260505,0.6511991068754794,0.04117205007947106,COMPLETE
492,0.7421503330161751,2025-11-27 16:44:13.848858,2025-11-27 17:36:05.426003,0 days 00:51:51.577145,0.14229507989788479,0.06612813939979509,-1.4389595817772751,0.11492379513837281,0.3084838786222237,0.046929901878193125,1.012665601202611,0.08391810287991583,0.36548601550252435,0.9991223236097833,0.4855356100497217,0.10723317700269777,0.7088644223909836,0.1708845657981783,COMPLETE
493,0.48858230256898194,2025-11-27 17:36:05.675624,2025-11-27 18:29:22.413597,0 days 00:53:16.737973,0.7668240544007254,0.24227481876605483,-1.6460139417435953,0.38432087032859075,0.5669900774681861,-0.0631727261261667,0.22717269030152026,0.46057439938305667,0.5373955782341947,0.8529768129805461,0.5092859253855329,0.14778567810074972,0.09569925423118572,0.11409840209781202,COMPLETE
494,0.7226450999048525,2025-11-27 18:29:22.650496,2025-11-27 19:21:14.263352,0 days 00:51:51.612856,0.9991569580989895,-0.12231781609790437,-1.361104430435906,0.48062674256761484,0.11729362047557185,0.13950204748860803,1.2863702599327973,0.04505907411622144,0.5774820707971623,0.916801480550695,0.45026062405905753,0.08262869760475838,0.6820075743761366,0.05820151857519772,COMPLETE
495,0.7369172216936252,2025-11-27 19:21:14.578770,2025-11-27 20:12:49.074405,0 days 00:51:34.495635,0.3793459817177663,0.5498848514966341,-0.4644299090609501,0.20454462174777932,-0.03435274178948888,0.26466249131886754,0.8127818111239817,0.06144829854719556,0.6204112923600825,0.9566484583072893,0.37026690255845307,0.2188608645461426,0.5311488180357871,0.13729198222115224,COMPLETE
496,0.4647954329210276,2025-11-27 20:12:49.339660,2025-11-27 21:04:45.805203,0 days 00:51:56.465543,0.929148245242457,0.00878210884944236,-1.547340985197388,0.008282210632437947,-1.0541903269078428,0.06424095216708534,0.8968641899706684,0.1551567310050564,0.5152556421827682,0.8949562521894175,0.571843432028122,0.31649095627345947,0.8421572591325421,0.1944215179495286,COMPLETE
497,0.4224548049476689,2025-11-27 21:04:46.143866,2025-11-27 21:56:28.964167,0 days 00:51:42.820301,1.0637902637009822,0.34697092267201174,-1.8157034474149074,0.24030982432005965,-0.49408268765187247,0.6029684414957847,1.0881238012567604,0.1215231843466009,0.5493604885842939,0.9414446982521949,0.4233665678127359,0.11888178456008242,0.9214048273198793,0.15241835393837308,COMPLETE
498,0.6860133206470028,2025-11-27 21:56:29.201007,2025-11-27 22:48:13.438608,0 days 00:51:44.237601,1.4163399024595127,1.0953914596056706,-1.2582096521663804,0.06474517422945941,0.39979109393396695,0.3749251048297595,1.1767336147623713,0.026780564741809447,0.45339011837193255,0.543445470660728,0.3477931602070307,0.0355856228287355,0.5652886393414618,0.2217056500155857,COMPLETE
499,0.7269267364414843,2025-11-27 22:48:13.665975,2025-11-27 23:40:05.598643,0 days 00:51:51.932668,0.6758798241785496,0.17804167696098852,-1.452382049856904,0.2965236342266503,0.27273253522984453,0.20499900296520696,0.9816818807700654,0.07651934036499566,0.6039342461105137,0.9737240053702639,0.4685379645917113,0.16180926692794034,0.48201461126489475,0.17934513471735547,COMPLETE
500,0.7207421503330161,2025-11-28 13:06:46.109011,2025-11-28 13:59:31.909098,0 days 00:52:45.800087,1.3447324016328173,0.8520253323020144,-1.0170339493161145,0.14575448637156077,0.16824382372790636,-0.00019163157790583196,0.7243388917256178,0.04439931194059861,0.5668137721781228,0.5821334529552978,0.4040632823892704,0.24725165960339593,0.6016435180214504,0.08728619771441998,COMPLETE
501,0.7264509990485252,2025-11-28 13:59:32.280352,2025-11-28 14:52:28.126759,0 days 00:52:55.846407,0.8270850111572174,0.2806763439263947,-1.7147073392917709,-0.051519896857824626,0.3459705442938855,0.10514283437044775,1.0536539185739908,0.09458900648849301,0.5326940250868657,0.921531540760038,0.4406486331712682,0.20387590026209548,0.06855167554812923,0.11808070364687814,COMPLETE
502,0.7174119885823026,2025-11-28 14:52:28.421644,2025-11-28 16:03:45.610889,0 days 01:11:17.189245,1.1760058357296792,0.4713835128806724,-1.5921847390894706,0.1706793114127776,-0.27108649948319535,0.29863833611222046,0.873231901611795,0.06490088154415055,0.4851935819948452,0.6728734758966063,0.6037257893387278,0.13892595730676466,0.514762083076847,0.1599107009069527,COMPLETE
503,0.7450047573739296,2025-11-28 16:03:48.157649,2025-11-28 17:15:34.473319,0 days 01:11:46.315670,0.9737875510161549,0.13353844516959115,-1.2028743130129982,0.05090684330498849,0.5085964098605007,0.17297325534453767,0.9761892271250526,0.02743489285839118,0.5858764623930782,0.8676779999416914,0.667185240279521,0.27141040645618525,0.5466788686563309,0.20294348359146075,COMPLETE
504,0.7340627973358707,2025-11-28 17:15:37.389650,2025-11-28 18:13:54.151540,0 days 00:58:16.761890,0.9951767981654747,0.09173779553871193,-1.1553512073291972,-0.1160584040117299,0.5835394505706393,0.18088197759858277,0.7967097596843689,0.01795175535952552,0.5929526755988422,0.20789988951494864,0.4899310884226274,0.09735341430882741,0.5512380002020449,0.1749975620238104,COMPLETE
505,0.7392959086584205,2025-11-28 18:13:54.556254,2025-11-28 19:06:00.018338,0 days 00:52:05.462084,0.9072906448147239,0.1509051841458772,-1.2316962232737787,0.036931696961105445,0.6942309133494131,-0.08461640087335565,0.9440239980970135,0.02941541420957189,0.6264448523621874,0.2700300855780255,0.6487281703441267,0.2725504231620461,0.5767022099671468,0.1976789377112475,COMPLETE
506,0.730732635585157,2025-11-28 19:06:00.398491,2025-11-28 19:58:06.748571,0 days 00:52:06.350080,1.067906349237568,0.01750674905942301,-1.1119578625299262,-0.0007382807148592074,0.6287433922740526,0.04042175875483081,0.5646941354565922,0.011574025811623867,0.5887821758735318,0.85921045112304,0.7568431912510413,0.29388802352451965,0.5389548489481331,0.10522499073486105,COMPLETE
507,0.5313986679352997,2025-11-28 19:58:07.086026,2025-11-28 20:49:51.611234,0 days 00:51:44.525208,0.9721992334103406,0.1885100155604188,-1.3053484841539926,-0.20982003776932162,0.5238052853332749,0.23444281965374714,0.8707715293656196,0.6483326539051496,0.3100713044301965,0.8390859490207103,0.6221309204274796,0.17759304750628857,0.551769312718391,0.14559526117425298,COMPLETE
508,0.7402473834443387,2025-11-28 20:49:51.920645,2025-11-28 21:41:54.289103,0 days 00:52:02.368458,1.128344060682961,-0.05470813613432604,-1.1909316643005163,0.07460777153203721,0.45259044383899444,0.12281289163387266,-0.2713432390933912,0.04076432427287713,0.5673986062613593,0.8751039431282344,0.4687015092364592,0.12228217182737532,0.589640019905853,0.133504695438327,COMPLETE
509,0.7131303520456708,2025-11-28 21:41:54.532232,2025-11-28 22:33:43.096057,0 days 00:51:48.563825,0.8687175087555234,0.06597749453888373,-1.3697077198109318,-0.0780344727217082,0.5243423285969078,0.31470286102440287,0.988380947486885,0.03912632643732496,0.6061301170905837,0.8594874580507338,0.4582084068954227,0.06382844756797468,0.5272098964728338,0.06923728832590476,COMPLETE
510,0.7121788772597526,2025-11-28 22:33:43.528890,2025-11-28 23:25:35.530491,0 days 00:51:52.001601,0.9984959999234164,1.0029097987894864,-1.284072983631819,0.10127724169612128,0.4590105193239455,-0.14225131430255306,0.9203673030432481,0.011365890223985986,0.5515247910152868,0.8752958243563871,0.8287665419347238,0.14782968465521618,0.5045658108955846,0.16580268048313512,COMPLETE
