number,value,datetime_start,datetime_complete,duration,params_a_0,params_a_1,params_a_2,params_a_3,params_a_4,params_a_5,params_a_6,params_u_dc_0,params_u_dc_1,params_u_dc_2,params_u_dc_3,params_u_dc_4,params_u_dc_5,params_u_dc_6,state
56,0.7064700285442436,2025-11-02 19:38:50.830824,2025-11-02 21:58:35.745145,0 days 02:19:44.914321,-0.14804626469551846,0.6442413169972458,-0.26264421612179273,1.4603478277397801,0.6771424016482102,-0.8682719919888072,-1.050827828396562,0.010188744886647075,0.375525732848897,0.482883858179285,0.437669616377098,0.09972527097108524,0.3605803737794432,0.069662101329896,COMPLETE
57,0.31018078020932444,2025-11-02 21:58:36.244264,2025-11-03 00:20:49.866874,0 days 02:22:13.622610,-0.4183105814389861,-0.215850626626561,-0.5444483895601583,0.32881836372698475,1.0797947065464344,-0.7318056599199523,-0.7989486240658668,0.9810717634133657,0.42568623804152916,0.6035621628634861,0.2915495517233417,0.19236266774796973,0.29747057671213645,0.8053371829728603,COMPLETE
58,0.46907706945765937,2025-11-03 00:20:50.429184,2025-11-03 03:12:14.303877,0 days 02:51:23.874693,-0.6478010927180118,0.30059395842731557,0.39930829176156246,-0.022502630828933667,0.9602452163015288,-1.053038501738219,0.08345517156278215,0.19177591523741938,0.3214569119006381,0.24054962599615282,0.34249726340678793,0.044184193040687735,0.17052072155950687,0.6025065021284002,COMPLETE
59,0.23977164605137963,2025-11-03 03:12:14.741567,2025-11-03 06:16:24.423444,0 days 03:04:09.681877,-0.8778778948057581,-0.5081811925712698,-0.12030323550122521,0.7829444147183588,0.7799596616175442,-1.6073497464482949,-1.2804213010302001,0.6893924587745793,0.5112472991173596,0.413702492408793,0.9831833454367649,0.5680170395808593,0.42657085564017183,0.17913765447309557,COMPLETE
60,0.692197906755471,2025-11-03 06:16:24.984181,2025-11-03 09:17:59.893698,0 days 03:01:34.909517,0.09629431415441239,0.8924465405003802,0.09785631409363982,1.5745797926663778,-1.4867593803558823,-1.1705567458605801,-0.22823779296190025,0.10188310846753731,0.039172402092254144,0.34622318641393995,0.8110965568597958,0.28853013365966274,0.47681018190704905,0.2312931454332381,COMPLETE
61,0.7050428163653664,2025-11-03 09:18:00.353482,2025-11-03 11:34:31.063130,0 days 02:16:30.709648,-0.0864344669085983,0.1305173444407426,-0.3214573895253735,0.48316793712832184,1.2639632240302663,-1.4849635506955587,-0.5045409583911625,0.1434347751848829,0.5948019107126755,0.5335328077628387,0.39150406079743677,0.11047296259235792,0.03833096427678798,0.02903090980029968,COMPLETE
62,0.46003805899143674,2025-11-03 11:34:31.488131,2025-11-03 13:46:49.466886,0 days 02:12:17.978755,-0.4221279260040997,0.4796363224057064,-0.08104836639302865,0.5657248132182602,1.5814467665038314,-1.3315877003748207,-0.3621647260355207,0.12570880180330363,0.6254698045408877,0.468526943591384,0.4161660042771009,0.13635079568216238,0.14716413100498987,0.1160259010341661,COMPLETE
63,0.7302568981921979,2025-11-03 13:46:49.978550,2025-11-03 16:00:23.430509,0 days 02:13:33.451959,0.2983205566688159,-0.12644444456057172,-0.4025899496577094,0.25485664237930905,1.132624785904437,-1.7750216556941887,-0.21523324873057148,0.04951344090551649,0.4634386461247795,0.663864378889699,0.40210007508441276,0.01129967696488561,0.24017383729222525,0.2895001718818926,COMPLETE
64,0.7259752616555661,2025-11-03 16:00:23.943441,2025-11-03 18:15:31.856121,0 days 02:15:07.912680,0.3169827247419853,-1.9941223300600617,-0.3992622414808355,0.23287834018238351,1.1246317604325986,-1.721816989545801,-0.21774565048713684,0.04643216304346758,0.47913307765910007,0.6516068610663087,0.5465361929288739,0.014912591923711804,0.24897987427859727,0.2904764501311536,COMPLETE
65,0.7012369172216937,2025-11-03 18:15:32.375166,2025-11-03 20:30:15.324858,0 days 02:14:42.949692,0.5260344170962986,-1.4805179058962163,-0.40308718533317467,0.25295823281276714,1.1296315764691667,-1.7835806195911192,0.03740754441239297,0.04503048258996745,0.4443614311777018,0.6739375098476251,0.5257797988934731,0.012918544525528753,0.2840914479186567,0.3006483725714693,COMPLETE
66,0.7240723120837298,2025-11-03 20:30:15.796916,2025-11-03 22:46:31.842781,0 days 02:16:16.045865,0.6559845038919265,-0.056725751624898485,-0.7873861173790268,0.10035196746063205,1.768151595868186,-1.9985589089419848,0.47848662268653636,0.03894004078197058,0.4800038017777142,0.6591568445945402,0.46607569602613824,0.033285590235305224,0.18584756122282714,0.37957351839936115,COMPLETE
67,0.6912464319695528,2025-11-03 22:46:32.456957,2025-11-04 01:01:38.634044,0 days 02:15:06.177087,0.806790693704029,-1.91463004208088,-0.7959254770003036,-0.30127606683883645,1.7465216425343595,-1.9820486284079188,0.434632778805511,0.08187483235388843,0.5491197916816529,0.7387414573772834,0.5980117179236443,0.0843017433340507,0.17936576320029757,0.3494469425361899,COMPLETE
68,0.736441484300666,2025-11-04 01:01:39.016234,2025-11-04 03:22:35.365595,0 days 02:20:56.349361,0.36004018958770784,-0.4263525733632374,1.8808531066813943,0.14626520117244105,1.8991967619158723,-1.8482887744372458,0.5362757933096544,0.17093824936761137,0.2697054176150514,0.7767255164383305,0.5440599266826409,0.03248876894176173,0.20137938424222795,0.45417263437127375,COMPLETE
69,0.32207421503330164,2025-11-04 03:22:35.967949,2025-11-04 05:39:20.991524,0 days 02:16:45.023575,0.6316468577422136,-1.1562302231507955,0.8669089270677175,0.12480599071975373,1.8272263330510852,-1.8614493773284966,0.6836288979539256,0.20634979688469046,0.23879064275513934,0.7856136558207348,0.6532635436585386,0.4351900965191234,0.3069520149063607,0.39374357179627695,COMPLETE
70,0.7074215033301617,2025-11-04 05:39:21.491267,2025-11-04 07:53:37.773403,0 days 02:14:16.282136,0.3022218531650992,-0.4331023677195731,1.783212808828404,-0.07896498316076167,1.9158520127770917,-1.7117415066204542,0.4852990778850541,0.2483195658155772,0.12993667155542155,0.6537439517606604,0.5745966463780583,0.03599746221543368,0.3541051230831729,0.4410749860297447,COMPLETE
71,0.6774500475737393,2025-11-04 07:53:38.184270,2025-11-04 10:09:13.461989,0 days 02:15:35.277719,0.620242748388746,-0.7361321465676091,-0.7142541894775334,0.24670510286363817,1.6870451106758462,-1.5895965021656544,0.8247212612629471,0.010170695865362539,0.29708533375909923,0.7539163236213786,0.45893483678677305,0.03922174904626911,0.21900973685935227,0.49625486760032467,COMPLETE
72,0.6845861084681256,2025-11-04 10:09:14.024440,2025-11-04 11:53:44.882767,0 days 01:44:30.858327,0.3229250747520171,-0.09974521724180489,1.9499657069387533,-0.11784470024380336,1.5701713673061364,-1.896877969597643,0.28504552937143957,0.0512766392847312,0.6742455169250415,0.8127842847804466,0.5455023902563327,0.08280168818909446,0.1952634020438739,0.45527653567236415,COMPLETE
73,0.6764985727878211,2025-11-04 11:53:45.297553,2025-11-04 13:50:05.392531,0 days 01:56:20.094978,0.44737744635512616,-0.28451614301748274,-0.9254949216427614,0.6890164974649995,1.3603321860873983,0.026409724481141872,1.0815273423070304,0.15203722583727192,0.19322215069798254,0.6692163285858106,0.47974263909000303,0.1195688729863971,0.13335904746695887,0.32468902600556426,COMPLETE
74,0.450523311132255,2025-11-04 13:50:05.815184,2025-11-04 15:53:23.991211,0 days 02:03:18.176027,1.0694020554717527,-1.505766222263996,-0.5207264985172677,0.08892298053425285,-0.6099275776097252,-1.7407588658899296,-0.03476283628377899,0.1712216751363086,0.34448094553415987,0.7158456902113443,0.4988567903879685,0.012616212350873807,0.26608996219824177,0.2986155657230305,COMPLETE
75,0.70313986679353,2025-11-04 15:53:24.365158,2025-11-04 17:54:22.868280,0 days 02:00:58.503122,0.7343727108421839,-0.07296273797685243,1.4571659286279082,-0.37577605375024414,1.2381141595395468,-1.5619523300603246,0.13465730414327765,0.09290552199154509,0.4831659776276967,0.5724966906696468,0.37475098339405116,0.07758073271399253,0.39909597027537824,0.36077726803254745,COMPLETE
76,0.7421503330161751,2025-11-04 17:54:23.300638,2025-11-04 20:07:25.886513,0 days 02:13:02.585875,0.22189087332583268,0.1713941432429839,-1.0991733142908358,0.05169312353371924,0.4187665137530935,0.3374142952417423,0.8941897100002563,0.11770724741394704,0.40809724984767265,0.6309852323471008,0.44743989790427463,0.17351374954446785,0.0992040787812892,0.2287239262620343,COMPLETE
77,0.7340627973358707,2025-11-04 20:07:26.463763,2025-11-04 22:24:47.049504,0 days 02:17:20.585741,0.18170320101704743,0.1643720699890751,-1.3181181631901215,0.046761940408462654,0.42470410165569195,0.3575592610435114,0.8968551722602045,0.10923918408527922,0.4140067085407849,0.6229065771611646,0.29729801023819546,0.22143569883405081,0.7898033393860782,0.22115497016758756,COMPLETE
78,0.659372026641294,2025-11-04 22:24:47.423168,2025-11-05 00:43:48.756102,0 days 02:19:01.332934,0.2063078495666231,0.2119488815898743,-1.2582694195008894,0.05823925794685565,-0.23455375684416513,0.3429882266817849,0.9001156817701693,0.10807007139096415,0.4141324716692539,0.6137521369813808,0.2750062899313508,0.3394250562535124,0.8704509129241751,0.28310381359744596,COMPLETE
79,0.4191246431969553,2025-11-05 00:43:49.214468,2025-11-05 03:06:31.617474,0 days 02:22:42.403006,0.3860933560354366,0.6479419294075777,-1.420320945352115,-0.15204454078924154,-0.05551235399002419,0.5250739268778322,0.6187670015138521,0.53033342191522,0.3706389875973771,0.7095647121356795,0.539504502327438,0.22550394864844214,0.5604570316310424,0.22719502724034107,COMPLETE
80,0.4467174119885823,2025-11-05 03:06:31.991527,2025-11-05 05:31:41.158101,0 days 02:25:09.166574,0.5504802202671119,0.5598054418091064,-1.1149771515483398,-0.5318275983865097,0.3822330021954824,0.6397093591856846,1.0172245315513613,0.4243422945510725,0.2960742927129466,0.8103238258179135,0.2990337288024328,0.17075944958882278,0.11587746880711208,0.2741730688257411,COMPLETE
81,0.6931493815413892,2025-11-05 05:31:41.546748,2025-11-05 07:59:59.761799,0 days 02:28:18.215051,0.9236034942305632,0.11967729640923912,-1.7078227304074627,0.1571667891536946,0.13492271778423082,0.19097447567966827,1.4409745578860336,0.06260647576941233,0.4357266373091975,0.5968966898422748,0.37059856581175243,0.03593762870963356,0.6520735341757842,0.22056509902812826,COMPLETE
82,0.7407231208372979,2025-11-05 08:00:00.187628,2025-11-05 10:29:01.655435,0 days 02:29:01.467807,-0.2417533569396567,0.4625367425943444,-1.0020483411211512,0.27000097407267704,0.40958485389537214,0.0023531279462390975,0.8233834168760426,0.03511683923301831,0.5625358262592902,0.7510434222785076,0.4399420917135633,0.10506670121380793,0.19334700815966763,0.24965309114908543,COMPLETE
83,0.648430066603235,2025-11-05 10:29:02.051884,2025-11-05 12:56:36.447832,0 days 02:27:34.395948,-0.25130288576134896,0.4383908829948483,-1.2712195320198598,0.3083911374411003,0.639866010485211,0.7520114635800095,0.7412948228176808,0.04702930251670411,0.49500360477897926,0.6361955797781444,0.49876648875270724,0.12148327894872529,0.7510294125539362,0.3841485706147558,COMPLETE
84,0.7264509990485252,2025-11-05 12:56:36.865600,2025-11-05 15:21:40.324897,0 days 02:25:03.459297,0.19282248227716903,0.7843671200941764,-1.0510789323557617,-0.25683076819724104,0.33320290693347276,-0.042065005229179164,0.5357205560857694,0.11325960628502237,0.4624675182371055,0.740905890655096,0.43772451924845474,0.18374894008658102,0.19458884349126343,0.3403642538791935,COMPLETE
85,0.7269267364414843,2025-11-05 15:21:40.751565,2025-11-05 17:47:40.184473,0 days 02:25:59.432908,0.07097890769449575,0.8044987516036736,-1.0658826834014665,-0.23858154530158174,0.3536515830632694,-0.08935500830929854,0.5289707941294239,0.11339066261228284,0.39264911879911457,0.7677689913353349,0.44341167174195895,0.2776652709716297,0.19502083457819613,0.33379805034722565,COMPLETE
86,0.7021883920076119,2025-11-05 17:47:40.626272,2025-11-05 20:15:02.131773,0 days 02:27:21.505501,0.16753459213843608,1.040772678885579,-1.5409652790922075,-0.2579850215024284,0.4383661255027528,-0.12621063273368044,0.867806100770183,0.1673440203956448,0.3417483904941935,0.7678602235822206,0.44149399336207307,0.25135645301437903,0.035532475647658573,0.3240515486460511,COMPLETE
87,0.6988582302568982,2025-11-05 20:15:02.546219,2025-11-05 22:40:41.771752,0 days 02:25:39.225533,0.07235414395077022,0.768632436529139,-1.0984221805079633,-0.45972806122704524,0.3538112412423915,-0.2496919295563148,1.2473160403485033,0.11842722382085555,0.2688710816901212,0.7287010409086676,0.5681625054329413,0.29538548150126603,0.20355510326469814,0.25010094017406714,COMPLETE
88,0.7288296860133207,2025-11-05 22:40:42.259732,2025-11-06 01:09:32.947632,0 days 02:28:50.687900,0.29840883028303405,1.1927191981380754,-0.9911609027117344,-0.012216819813263557,0.22416453220422491,-0.3400359993000205,0.5757667097511421,0.08004614016661907,0.37127210980822134,0.8450063633104246,0.4312443612524779,0.20459775374620157,0.13945045739231254,0.328653028505168,COMPLETE
89,0.42055185537583256,2025-11-06 01:09:33.470287,2025-11-06 03:37:13.672040,0 days 02:27:40.201753,-0.1489968112294546,1.2519743340393346,-1.0322871011863581,-0.6122146600403273,0.22026443186200206,-0.3511278637555108,0.5478160240934682,0.24170657075742788,0.38080655591399976,0.8537034133651183,0.39448461949026253,0.2130083141293279,0.1421475761023719,0.3432871633178996,COMPLETE
90,0.7264509990485252,2025-11-06 03:37:14.057502,2025-11-06 06:02:47.395268,0 days 02:25:33.337766,0.22454619462907055,1.1236865800097755,-0.9199570053950972,-0.3542977876079623,-0.02602540370470008,-0.10237450677494173,0.3634682409741018,0.2011077288534256,0.4003990895178236,0.7525677072923365,0.4292612259078897,0.18737746664117405,0.1644937669672396,0.43233277635758155,COMPLETE
91,0.6717411988582302,2025-11-06 06:02:47.832688,2025-11-06 08:29:29.857250,0 days 02:26:42.024562,0.23456315041604625,1.5052140943343353,-0.9018397529631244,-0.32649934400111924,0.0785448387094009,-0.08063425867276429,0.7250573869897098,0.19762241759236862,0.4082306956238629,0.7499290397554446,0.4336074826044925,0.27349642154661624,0.1604552824964932,0.4283652382295105,COMPLETE
92,0.7178877259752616,2025-11-06 08:29:30.214013,2025-11-06 10:56:46.470500,0 days 02:27:16.256487,0.056177157072555495,1.0176882149883961,-1.32819206567944,0.02003947454072896,-0.04272327117256324,0.03653705909632381,0.3880619356285722,0.27286866933919013,0.3626603483807162,0.6888612451363271,0.486998301318199,0.17747732509118885,0.2242824419653544,0.5087711509061698,COMPLETE
93,0.7093244529019981,2025-11-06 10:56:46.873617,2025-11-06 13:23:39.534065,0 days 02:26:52.660448,0.3913653750367181,1.1466191466027327,-1.2024471424641803,-0.40831079154523064,-0.1538804864806634,0.2751832191299049,0.23370615541116802,0.11386433347368727,0.3213151385829385,0.7857579262980909,0.41717302339989853,0.24752271258505126,0.11294476339938879,0.26270976175429117,COMPLETE
94,0.6841103710751665,2025-11-06 13:23:39.892577,2025-11-06 15:53:19.861303,0 days 02:29:39.968726,0.18043515198405227,0.8386371501445735,-1.1636324516513623,-0.20473354207937955,0.2690739947764246,-0.41741362249352254,0.6329519965688749,0.15913406363740254,0.39815681452383933,0.7019299080934164,0.44640430325059316,0.3621863096727776,0.8264259795763699,0.3250949912107147,COMPLETE
95,0.6841103710751665,2025-11-06 15:53:20.235451,2025-11-06 18:25:35.959060,0 days 02:32:15.723609,-0.10987016743247563,0.658800960726631,-0.9425127959197402,-0.05585603249300282,-0.43802772565080894,0.3316351204325837,1.7024016975592045,0.0808043317059831,0.43413435842635817,0.8995073344819509,0.5121641240103441,0.18497270613370267,0.20342027731542978,0.40150847080508356,COMPLETE
96,0.7078972407231209,2025-11-06 18:25:36.381781,2025-11-06 20:54:09.321139,0 days 02:28:32.939358,-0.22783649335733064,0.962233510697803,-1.4007706495650414,-0.15225958261910558,0.5795268787228585,0.09482971310504905,0.9263269111752155,0.06835510543059532,0.2743958925917763,0.8354716118929394,0.38314460319719346,0.23121300141987433,0.047664393676495935,0.16639209083367532,COMPLETE
97,0.4576593720266413,2025-11-06 20:54:09.658502,2025-11-06 23:23:43.929032,0 days 02:29:34.270530,0.5026102474115537,1.326036660057284,-0.9861023467995428,0.007921691644954487,0.13597822443498828,0.40434975640115467,0.7887434556505507,0.21502001581196725,0.463040837158953,0.8822575372650949,0.31487890739414814,0.3148438566633189,0.09174677426119594,0.4692397984694633,COMPLETE
98,0.7297811607992388,2025-11-06 23:23:44.324680,2025-11-07 01:53:19.186288,0 days 02:29:34.861608,0.018258369480879888,1.1579764218192057,-1.699195049458362,0.16272419603520866,0.3890954894641266,-0.17060967417912992,0.3620910656421534,0.09508700723461846,0.35028877075521425,0.949714748577004,0.3544569692101853,0.16273078666041035,0.17261575685023228,0.24440410090584014,COMPLETE
99,0.7121788772597526,2025-11-07 01:53:19.602093,2025-11-07 04:24:48.450455,0 days 02:31:28.848362,0.0475804049504526,0.2456351937246608,-1.9671841241799972,0.46149483699124394,0.4384628766451642,-0.5858916370842696,0.5452397543779053,0.12097420106023692,0.20982729323311217,0.8016218949924511,0.3548729770505619,0.15153723617832238,0.13351621107826123,0.24595265704707997,COMPLETE
100,0.4143672692673644,2025-11-10 08:34:41.862406,2025-11-10 09:28:31.584630,0 days 00:53:49.722224,-0.3213110716919328,1.4509513544094685,-1.783669592362112,0.16356234088449753,0.7156670369135836,-0.3250017045870587,1.0046483584564638,0.8426920505368432,0.3518025015318943,0.9411965480162658,0.2631011986612858,0.15718926069431505,0.2292906945230122,0.20681646171382312,COMPLETE
101,0.7140818268315889,2025-11-10 09:28:32.037472,2025-11-10 10:21:52.310966,0 days 00:53:20.273494,0.29063909434842156,1.1664185446110784,-0.7041664694602864,-0.09358957725569778,0.5926491285289376,-0.16724762364409226,0.31826452719150006,0.09401034447591518,0.31824077399554834,0.7687607934366094,0.4298090779758738,0.19552482800577603,0.1703879249542427,0.31965449262687695,COMPLETE
102,0.7212178877259753,2025-11-10 10:21:52.668527,2025-11-10 11:15:18.549046,0 days 00:53:25.880519,0.1361861630765993,0.9673797699577954,-1.8561590700028587,-0.20809797664765223,0.1740947726988041,0.2134094408785188,0.19509770161507536,0.15246678926408758,0.39076984251872043,0.980698450955015,0.3077097855679661,0.22847698977950504,0.14847894118932042,0.2788800233732086,COMPLETE
103,0.735965746907707,2025-11-10 11:15:18.870146,2025-11-10 12:08:46.151972,0 days 00:53:27.281826,0.24907101151440397,0.8395700921285847,-1.58186204497913,0.30054622254869107,0.4417178842620817,-0.03442417457423841,0.38841926890817374,0.17372953828768142,0.4178922378340697,0.6191934961432223,0.39395583219484415,0.20389086506032775,0.17887562272160432,0.35373048681902214,COMPLETE
104,0.7226450999048525,2025-11-10 12:08:46.465734,2025-11-10 13:01:53.664955,0 days 00:53:07.199221,0.02687920642106656,0.7821758136993145,-1.5007456168836362,0.3397267782462675,0.40185378544335926,-0.01316908494903242,1.2164968701893502,0.180753461049189,0.5624167951992519,0.6217225881599014,0.36246016722121405,0.20596145188069537,0.2643803250504866,0.34627238565055574,COMPLETE
105,0.7335870599429115,2025-11-10 13:01:54.039751,2025-11-10 13:54:57.432482,0 days 00:53:03.392731,0.4225414203082155,0.5095247089123245,-1.6212317606578495,0.16697445712393666,0.302818378825589,0.10211097428640448,0.6929778953246948,0.06796576841355445,0.45343380413371376,0.9388548557300603,0.3974358773989808,0.27502674849933684,0.19532703450649883,0.22196524110285162,COMPLETE
106,0.7388201712654615,2025-11-10 13:54:57.826865,2025-11-10 14:48:00.296913,0 days 00:53:02.470048,0.42040331666393094,0.48842741342233015,-1.6272032622015757,0.21240040669846316,0.5211917249456027,0.10207130920553359,0.8145712705596002,0.061964790904332566,0.4319902833275571,0.9339005265691172,0.3963522209552104,0.27268103720235726,0.12069863308661569,0.16481059204770704,COMPLETE
107,0.7383444338725024,2025-11-10 14:48:00.621942,2025-11-10 15:41:01.590108,0 days 00:53:00.968166,0.42650990786385734,0.47685499071767334,-1.6233939936703528,0.2626128417231962,0.492922231038364,0.09448094265558668,0.6665978968104123,0.07102147027760622,0.4231003679614124,0.9387783218299102,0.39392523804704216,0.2699658310877784,0.06573522991757197,0.17187036431485944,COMPLETE
108,0.7302568981921979,2025-11-10 15:41:01.968692,2025-11-10 16:34:16.418268,0 days 00:53:14.449576,0.47064317635511704,0.44756031946492425,-1.6827806736078135,0.2591616614034191,0.5363136298370508,0.11804501300762987,0.6984051519303418,0.07192546213000546,0.4236759187547702,0.9398572055351107,0.3942424445511695,0.38378654432086484,0.06372582686015968,0.21774021472509036,COMPLETE
109,0.7231208372978116,2025-11-10 16:34:16.718897,2025-11-10 17:26:31.338297,0 days 00:52:14.619400,0.4543373483337677,0.48159701281095924,-1.659219585893079,0.48588222628747,0.49734701924789115,0.8210655283983386,0.6950847101046633,0.06509567463154046,0.4217246028051418,0.9651052208342281,0.3988760501205944,0.40209978677483804,0.05805707137193637,0.1616621143123902,COMPLETE
110,0.4519505233111323,2025-11-10 17:26:31.600236,2025-11-10 18:18:53.860737,0 days 00:52:22.260501,0.78731804654389,-0.18385102529910435,-1.5754188187744482,0.25186247149687263,0.7216587953500954,0.06616347411179993,0.8426889070603892,0.1404582467421852,0.5231994422717804,0.9251420785871356,0.38238472474051544,0.353969154939489,0.0806509408524371,0.1259040313730359,COMPLETE
111,0.7421503330161751,2025-11-10 18:18:54.099542,2025-11-10 19:11:23.840609,0 days 00:52:29.741067,0.569073511159173,0.5885494802997241,-1.7711326012600066,0.2029543125459347,0.25977709102569085,0.15104206516170954,1.0829600386864566,0.08925194762312362,0.45577735383848034,0.9836629831582615,0.4126968050423748,0.26509076224102235,0.10338882329268585,0.215065036081507,COMPLETE
