number,value,datetime_start,datetime_complete,duration,params_a_0,params_a_1,params_a_2,params_a_3,params_a_4,params_a_5,params_a_6,params_u_dc_0,params_u_dc_1,params_u_dc_2,params_u_dc_3,params_u_dc_4,params_u_dc_5,params_u_dc_6,state
680,0.736441484300666,2025-12-05 05:47:09.142581,2025-12-05 06:38:58.299124,0 days 00:51:49.156543,0.4663365661345275,-0.020984298924023426,-1.5278188532619008,0.18613577843912082,0.2861341570253566,-1.159348417350724,1.1900203622448489,0.0651573371275171,0.5594787359758095,0.8980054334907097,0.366901201719288,0.08788846673005275,0.4872365901706046,0.09735708813557388,COMPLETE
681,0.46622264509990485,2025-12-05 06:38:58.566217,2025-12-05 07:30:40.255244,0 days 00:51:41.689027,1.1268750709992317,-0.18220824330111665,-1.7010613729310915,0.054548329531657766,-0.010381698698420472,0.12983227279443157,0.9072223912108699,0.1089229003165984,0.5332742695637106,0.9230601025327169,0.4299763258455114,0.31395169143825385,0.5878887572888261,0.12710764616844,COMPLETE
682,0.7440532825880114,2025-12-05 07:30:40.515443,2025-12-05 08:22:25.486239,0 days 00:51:44.970796,0.8561414602196211,0.2515953219710119,-1.4569943653724389,0.143790338702859,0.1814207682438038,0.07967194997400504,-0.17810403129961938,0.025730516314457167,0.5739060522106224,0.9583560757258994,0.4869384063344769,0.15393172142293937,0.4164177832275971,0.17359009949715262,COMPLETE
683,0.7235965746907707,2025-12-05 08:22:25.728161,2025-12-05 09:14:21.958106,0 days 00:51:56.229945,0.9794627048539546,0.27878856450907924,-1.47098571652857,0.28098127031216524,0.1780964244798025,0.011398741343018775,-0.1819270784715144,0.023739161039656946,0.6070229387633383,0.9700997656763201,0.5008661490642686,0.11468692841771196,0.39863740357379907,0.15359953585367783,COMPLETE
684,0.7421503330161751,2025-12-05 09:14:22.394833,2025-12-05 10:06:02.949267,0 days 00:51:40.554434,1.2177461565709076,0.34996141155014676,-1.551650563399009,0.22451313202690004,0.2134019054080713,0.31157937009444925,-0.21424660747699842,0.026993527385856753,0.5807737377346647,0.08132868424855749,0.4958357308141112,0.1507072619620956,0.4518044040361541,0.17372116968368775,COMPLETE
685,0.6784015223596574,2025-12-05 10:06:03.307987,2025-12-05 10:57:54.407449,0 days 00:51:51.099462,1.9956027624382753,0.23441092587936738,-1.6254264404894354,0.41097835378710135,0.33875137178180065,-1.434785282845935,-0.34972593271552976,0.023244578599015134,0.5974948099801614,0.9846322765974536,0.484680019110066,0.1333900636155695,0.4395699964021059,0.12295615898603052,COMPLETE
686,0.7454804947668887,2025-12-05 10:57:54.793553,2025-12-05 11:49:38.498498,0 days 00:51:43.704945,0.8614900199817979,0.43200932205773707,-1.4376500037700455,0.14112610855796873,0.27020293738241447,0.15621230973693495,-0.10736622176359138,0.04371109261264692,0.6216160577398356,0.955806399925607,0.4702034634232216,0.09548080275969249,0.419045766572775,0.14667260563020423,COMPLETE
687,0.7421503330161751,2025-12-05 11:49:38.911885,2025-12-05 12:41:28.129063,0 days 00:51:49.217178,0.8235380174593805,0.42106454616067684,-1.4051885743838992,0.16856709603600062,0.26094283641821814,0.21168465517346569,-0.19566476010947406,0.027372588780364533,0.626410463487835,0.9607245123572716,0.46224128428774214,0.0670255227523597,0.41511648412593166,0.14175116781636798,COMPLETE
688,0.7121788772597526,2025-12-05 12:41:28.594177,2025-12-05 13:34:13.569336,0 days 00:52:44.975159,0.7067781830302059,0.5321176935031674,-1.4351800524970995,0.36120680828912266,0.43583655401331806,0.4300030131253504,-0.04875585518435674,0.012210414328531434,0.6721092521850314,0.9824914594650161,0.458040539464292,0.09017809576759755,0.3933900973370879,0.10922767473978688,COMPLETE
689,0.7293054234062797,2025-12-05 13:34:14.308309,2025-12-05 14:26:09.436102,0 days 00:51:55.127793,0.884482472357064,0.6128027005425718,-1.472752733676964,0.28820146438059396,0.6930354479233175,0.1909575102302024,-0.030887585855551986,0.04256409179065149,0.6536476744841415,0.9533895237812456,0.48626819684175104,0.05146732298032479,0.3894828198046085,0.05926663453172619,COMPLETE
690,0.7435775451950524,2025-12-05 14:26:09.917227,2025-12-05 15:18:06.350898,0 days 00:51:56.433671,0.7576089699506486,0.4937469842275558,0.746158550226413,0.14211078169540584,0.1281533820434009,0.29903315688599125,-0.09890825204733533,0.04384520927943995,0.638075741029485,0.976800165804394,0.47603990956263065,0.10040944306205876,0.43480264488111603,0.028938220042006555,COMPLETE
691,0.7202664129400571,2025-12-05 15:18:06.799151,2025-12-05 16:10:15.677485,0 days 00:52:08.878334,0.74373857772865,0.5135545387371069,1.1738670487110707,0.23301369168631456,0.10570698034254142,0.5350120208888131,-0.16053366208543043,0.03978613470954308,0.6639107161537706,0.9791077253444098,0.46695301969295844,0.06781874500850965,0.40496283662784804,0.01800763954871215,COMPLETE
692,0.7235965746907707,2025-12-05 16:10:16.048051,2025-12-05 17:01:46.825077,0 days 00:51:30.777026,0.7683681296706203,0.47489753490702763,0.9027961394894076,0.4546320434999479,0.1485450862885979,0.3457146456078565,-0.0015578153727018318,0.01315580743537939,0.7030521358343913,0.9802363353625501,0.4780071447964484,0.04715158932615418,0.41791068129699643,0.03184043767065279,COMPLETE
693,0.7202664129400571,2025-12-05 17:01:47.321698,2025-12-05 17:53:37.593237,0 days 00:51:50.271539,0.8058992559362093,0.587377411993051,0.6201796150597823,0.16844803936859765,0.18017835025541426,0.46618861731407346,-0.2843763313668949,0.04365433621418963,0.6443404046674723,0.9699687177682421,0.44974418324119003,0.08778962796719218,0.37982373270851844,0.03150154711873869,COMPLETE
694,0.725023786869648,2025-12-05 17:53:37.934992,2025-12-05 18:45:17.285839,0 days 00:51:39.350847,0.6153719490090911,0.6522836034460607,0.7807194338735749,0.3299698964128854,0.07669597192717667,0.390872663588004,-0.08363949524728667,0.012369676790107628,0.6333629710966435,0.9589738728377156,0.24990830701515893,0.2964789251331609,0.4201068834938476,0.027277661407923794,COMPLETE
695,0.7392959086584205,2025-12-05 18:45:17.660182,2025-12-05 19:37:12.347128,0 days 00:51:54.686946,0.7141896665132117,0.5449394187242693,-1.4007060628952392,0.24496113144425696,0.2213510819870351,0.29658505000636204,-0.13652061649056568,0.0316322456822702,0.6878227744183211,0.9900493243466314,0.3149786879468292,0.0989160709628859,0.4197416446306769,0.043658137291186096,COMPLETE
696,0.7345385347288297,2025-12-05 19:37:12.689278,2025-12-05 20:29:04.470323,0 days 00:51:51.781045,0.6468031596764497,0.4463703074420463,0.45504531220947736,0.13287664656379938,0.13304182551241078,0.2622911923621313,-0.12207159801557149,0.010598294383401794,0.6614734381904135,0.9924665736782322,0.4710572502963253,0.6738060509578836,0.4177395886274673,0.013331094815884315,COMPLETE
697,0.7326355851569933,2025-12-05 20:29:04.767721,2025-12-05 21:20:40.443315,0 days 00:51:35.675594,0.5375791182206137,0.45669808912294957,-1.5358650680050308,0.20406646459424507,0.26771539630168345,0.3449500628373359,-0.10719622190941923,0.05043791624410445,0.6312237599250272,0.9498158650843106,0.441138675466872,0.029943702233563727,0.3742645969682603,0.01052077745139908,COMPLETE
698,0.70313986679353,2025-12-05 21:20:40.837729,2025-12-05 22:12:11.417967,0 days 00:51:30.580238,0.8601451747124742,0.4093925288546988,1.0431013055945177,0.5012021040695434,0.0634636891681476,-0.20137554248344708,-0.2844620286265245,0.060173424166340875,0.6478946138452113,0.9670191119859654,0.4662264487306691,0.07177762860445469,0.39667888375848637,0.05333591055052983,COMPLETE
699,0.7407231208372979,2025-12-05 22:12:11.695605,2025-12-05 23:03:46.297572,0 days 00:51:34.601967,0.7704827587981034,0.5578064311184752,1.5694394444171944,0.10494590304197245,0.1951494722937435,0.24312686357222002,-0.49859181820886433,0.03955386050474563,0.6108753153431233,0.9508878761464058,0.4423982012117183,0.10499913576045139,0.41283193869195267,0.03696895284716814,COMPLETE
