number,value,datetime_start,datetime_complete,duration,params_a_0,params_a_1,params_a_2,params_a_3,params_a_4,params_a_5,params_a_6,params_u_dc_0,params_u_dc_1,params_u_dc_2,params_u_dc_3,params_u_dc_4,params_u_dc_5,params_u_dc_6,state
0,0.6793529971455756,2025-10-28 14:45:35.047949,2025-10-28 17:09:01.606854,0 days 02:23:26.558905,0.06027174058518492,-0.19400087492835683,0.6897173888425785,0.8299824213861862,1.17278741802382,-0.21624987717543487,1.5594788800855501,0.9197922178462276,0.7156013150107265,0.9695366947583401,0.5214631749266352,0.917605790351696,0.2517400700470082,0.614517437967606,COMPLETE
1,0.6907706945765937,2025-10-28 17:09:02.065968,2025-10-28 19:34:09.247735,0 days 02:25:07.181767,0.035948902441170105,0.6001338917361205,-0.9544305818452989,0.8063171958752497,1.8240941655534573,1.7614944127225574,-0.5590349135485049,0.6135981487889243,0.25503367735459803,0.5226409622084758,0.5822943292333134,0.12913544220002182,0.5014578419128323,0.3601803554613917,COMPLETE
2,0.4367269267364415,2025-10-28 19:34:09.707614,2025-10-28 21:58:48.281735,0 days 02:24:38.574121,-1.29490287106923,-1.7584017708752846,-0.9496442783446657,-1.7635971314570935,-1.360585009277103,1.320913328632864,-1.892753435883741,0.32095447507597546,0.6578979952458763,0.18448940208258297,0.8931726181806104,0.1658835105413014,0.5387720445120041,0.6118988685586765,COMPLETE
3,0.46574690770694577,2025-10-28 21:58:48.715121,2025-10-29 00:23:14.455010,0 days 02:24:25.739889,0.982873903268489,0.14968926119261905,0.5225003759779261,1.346839736411804,-0.5739514552161427,-1.51307372140386,0.7802953639765153,0.6978743449661767,0.39630786003297125,0.41710498015427794,0.03559842119685361,0.7044962169587693,0.4590962424771094,0.13396569161077976,COMPLETE
4,0.29257849666983826,2025-10-29 00:23:14.851705,2025-10-29 02:47:53.174604,0 days 02:24:38.322899,-1.179941078982452,-1.311461711445911,-0.9928874788822277,-0.3788179488938779,0.3091245875112283,-1.6654590177957767,1.8164782674367865,0.9952553028361695,0.15819413948248556,0.36914597074759115,0.10998611417083896,0.31892826863415624,0.49834893767920424,0.6361557660040248,COMPLETE
5,0.3748810656517602,2025-10-29 02:47:53.669925,2025-10-29 05:17:17.074339,0 days 02:29:23.404414,0.5146813406780244,-1.5396987496562615,-1.9339834945519545,-0.7323906782957375,1.7074633388493106,-1.9986230314933664,0.7696328294470409,0.9224015658221769,0.3198780438066854,0.6116700841589411,0.9757247061910623,0.9408734342210602,0.7623768779048878,0.06457649484792755,COMPLETE
6,0.17126546146527116,2025-10-29 05:17:17.467918,2025-10-29 07:46:49.651438,0 days 02:29:32.183520,0.898791040310623,-0.5928778679175437,-0.833222864377209,-0.4918074526101637,1.5515191923984757,-0.5149703272485597,0.3984105548111452,0.29116281312355125,0.7127682957372611,0.07134123673944895,0.3807943030728294,0.7297471129185781,0.9122718740342892,0.6496866181092319,COMPLETE
7,0.708848715509039,2025-10-29 07:46:50.090253,2025-10-29 10:14:58.817701,0 days 02:28:08.727448,0.2518132591764499,1.3726881616282403,-1.3865325901220555,-1.6386743752464064,0.21041291120399652,-0.9901634537195516,0.5529913768431234,0.13863740805447872,0.5816692560476548,0.04242538017773423,0.1783056550574133,0.2291949176696927,0.28880067884966787,0.26358830761086327,COMPLETE
8,0.3981921979067555,2025-10-29 10:14:59.276843,2025-10-29 12:30:16.317464,0 days 02:15:17.040621,-1.7349049832927461,0.9172850449226919,-1.6905811613294608,1.298324238079707,-0.8562343002917157,-0.2261485720516112,-0.331082638115209,0.2885304521741611,0.01902896421352262,0.35165673642604217,0.37982483624392377,0.8986742957523063,0.13160748232476302,0.7385777868873974,COMPLETE
9,0.35394862036156044,2025-10-29 12:30:16.772563,2025-10-29 14:48:53.743911,0 days 02:18:36.971348,1.9572335198896966,-0.3802286419018839,-1.211545315554929,-0.18956279474308735,-0.4443649754026766,1.5215529689587766,1.4493831884615083,0.7788447918058525,0.5522221567811804,0.15736693256807302,0.7103634377649859,0.03169187324563989,0.295326836025803,0.33858050600394696,COMPLETE
10,0.4429115128449096,2025-10-29 14:48:54.341416,2025-10-29 16:40:13.548603,0 days 01:51:19.207187,-0.7612592399833837,1.88897456059814,1.6453773166548342,-1.7979691441954277,0.5169302163933912,0.696841279126309,-1.1254942435880448,0.025278899971844362,0.906543806243964,0.7579102470509602,0.22399026299019903,0.41426166178815826,0.06289781490670784,0.9872894241159804,COMPLETE
11,0.439581351094196,2025-10-29 16:40:14.070660,2025-10-29 18:47:10.773043,0 days 02:06:56.702383,-0.30398417320634796,1.183512733268936,0.02430741022071259,0.5714146328132459,-1.9110753790572663,-0.9565963293933564,-0.45460812350539836,0.5104855044916414,0.2990066777034667,0.6048287651838685,0.6321833640199858,0.22133697348592235,0.6578066170929009,0.3363720531170534,COMPLETE
12,0.6950523311132255,2025-10-29 18:47:11.225963,2025-10-29 20:51:09.422289,0 days 02:03:58.196326,0.08882440807774739,0.7860347027031517,-0.2176259519998467,-1.053399720698481,0.8093552314892656,0.4309965091807233,-0.9440799561733548,0.012517170885570528,0.4977636305619276,0.7895875713765718,0.315587058840023,0.05876424506257967,0.33067695181941037,0.31080130891213564,COMPLETE
13,0.7012369172216937,2025-10-29 20:51:09.805622,2025-10-29 22:37:41.179823,0 days 01:46:31.374201,1.5127661630726523,1.7628235272787238,-0.26151357867292646,-1.1524745234810978,0.8308330570603818,0.4621310431474299,-1.2946609169275451,0.01331548064211523,0.5025202449229281,0.870247650195763,0.2694577047443294,0.024474980301506244,0.28332602723783046,0.20716522120608738,COMPLETE
14,0.3796384395813511,2025-10-29 22:37:41.547748,2025-10-30 00:14:37.573441,0 days 01:36:56.025693,1.8297904851061955,1.9712397761607348,-0.10282548260002736,-1.511474751387325,0.02959115408697732,-0.9461098244993494,-1.8647321132226158,0.15858988895331477,0.8930940979747978,0.9985717658338935,0.18485515686057238,0.30475400574798894,0.1914414659632151,0.20182733646798737,COMPLETE
15,0.5195052331113226,2025-10-30 00:14:37.995177,2025-10-30 01:55:37.447051,0 days 01:40:59.451874,1.3477952824137953,1.506094521848858,1.4545334413305362,-1.193999244592635,0.9182777412934623,0.48499612801093267,0.14595358135127157,0.18044061412132867,0.5147615123122976,0.7734335191874891,0.26737963407123244,0.5140367706762577,0.015500439277552736,0.01751990245071397,COMPLETE
16,0.3725023786869648,2025-10-30 01:55:37.854188,2025-10-30 03:37:52.084097,0 days 01:42:14.229909,1.3722955399758716,1.4094964147981992,-1.5006277260519603,-1.9728096548778267,-0.13063166068221443,1.108780716896491,-1.3424016478221183,0.17111039829231545,0.6109525717189139,0.282836871819905,0.012284079586540736,0.47077422429022864,0.3524450781546518,0.4738155835124267,COMPLETE
17,0.39533777354900096,2025-10-30 03:37:52.555898,2025-10-30 05:19:26.071696,0 days 01:41:33.515798,0.4967072308592533,0.25621731068074494,-0.3056557444377115,-1.1164338908877396,1.1655911358123086,-0.869603753255878,0.9674779511043186,0.44672631627569975,0.7895932795396583,0.8431789562662135,0.4272234953624073,0.25545811840435917,0.3988510614659735,0.20861092800332975,COMPLETE
18,0.4743101807802093,2025-10-30 05:19:26.603639,2025-10-30 07:00:54.099961,0 days 01:41:27.496322,-0.5678609649318727,1.603991045925588,0.6586101590845019,1.9235238755521413,0.5298560626316265,0.15148762448778125,0.09845380207893435,0.101270332228583,0.43923648925460324,0.030628598825876763,0.14792828869932656,0.1054630516713741,0.18804691798025752,0.18833641660980127,COMPLETE
19,0.3401522359657469,2025-10-30 07:00:54.596819,2025-10-30 08:42:35.139682,0 days 01:41:40.542863,1.4438749629538088,-1.0772555922425684,-0.4403327182441224,0.21969315499802455,0.07228027563350184,0.9317299727296601,-1.4572620866872485,0.367310644118363,0.9898238431398616,0.6830170001975058,0.28872441096015444,0.37012739592929306,0.7064594961963819,0.4762044732858195,COMPLETE
20,0.6874405328258801,2025-10-30 08:42:35.657595,2025-10-30 10:25:20.691384,0 days 01:42:45.033789,0.6536723224493575,1.0945326089091483,1.106276073563634,-1.4670797900942196,-1.0311426460383872,-0.4957752031449253,-0.7163414414645679,0.09922009306401891,0.17342351823278296,0.49874391149616076,0.445536113333179,0.5980558196829506,0.6057774730516396,0.26760769890373515,COMPLETE
21,0.6569933396764985,2025-10-30 10:25:21.209254,2025-10-30 12:03:18.989011,0 days 01:37:57.779757,0.19238774622672603,0.726311620073705,0.23351400878204503,-0.8483033020923463,0.6614822860492456,0.6017705054416727,-1.169348347473502,0.07199432860931324,0.419903939414061,0.9074021437508688,0.29094326871876136,0.03723271129312905,0.32219008286243545,0.399956284250491,COMPLETE
22,0.7193149381541389,2025-10-30 12:03:19.425217,2025-10-30 13:43:06.886598,0 days 01:39:47.461381,-0.3485278441556269,0.5378456775728305,-0.45049588710928357,-1.1384312941997141,0.9262557994049239,0.11971365957040775,-0.8478646703728436,0.03930451545798812,0.5751165112745169,0.8180723352986587,0.3295674690087458,0.045117839407652106,0.3952413381799611,0.10846129287513195,COMPLETE
23,0.4548049476688868,2025-10-30 13:43:07.310521,2025-10-30 15:31:20.334345,0 days 01:48:13.023824,-0.5206525594156404,1.6377726308108702,-0.4841970293158668,-1.5449453039894727,1.3294649103771965,0.17622975365227456,-0.3250082484186738,0.22166680531775756,0.6153914889793975,0.8811738557507083,0.08798425245582445,0.20626683199708915,0.43439233721068515,0.10441696569219142,COMPLETE
24,0.5599429115128449,2025-10-30 15:31:21.067742,2025-10-30 17:59:41.095839,0 days 02:28:20.028097,-0.8698674430367244,1.2246455569991117,-1.3916378161253182,-1.3026657140682645,0.2942708568127586,-0.03210976185595815,-1.4595274541625782,0.2291917729170792,0.7679401349418185,0.698046018918206,0.19973780007535458,0.1216057174727542,0.12535494548421683,0.013839991824545844,COMPLETE
25,0.7012369172216937,2025-10-30 17:59:41.555087,2025-10-30 20:21:44.836476,0 days 02:22:03.281389,-0.264235310774801,0.43447152059528393,-0.6469752871158262,-0.7339524581002896,1.0388711792217742,-1.3612859884049708,-0.7891846929546378,0.010811618036697335,0.5687492307431946,0.5642949619474846,0.3572318619294808,0.015317398325306507,0.22049764722723872,0.14526893624983792,COMPLETE
26,0.40913415794481445,2025-10-30 20:21:45.392143,2025-10-30 23:04:42.105830,0 days 02:42:56.713687,1.0199712890746881,1.727959956558571,0.20611654994463757,0.18422963909267276,-0.2656910204245331,-0.46338697178424837,0.3248911157766856,0.1080920952658842,0.4621091512624559,0.6955164360728814,0.4771850721750231,0.1766940856236342,0.5775603065047593,0.24123214924162717,COMPLETE
27,0.32825880114176975,2025-10-30 23:04:42.478151,2025-10-31 02:01:12.553194,0 days 02:56:30.075043,0.3542955169629641,1.3292622164538863,-1.9339772297865987,-1.976573910023927,1.989255625207222,0.9739425165936092,-0.14523662185920505,0.4228339183292609,0.8228517591337867,0.9130026281699833,0.21588720603499795,0.2583706747621942,0.392975760624033,0.42240814128065446,COMPLETE
28,0.461465271170314,2025-10-31 02:01:12.972678,2025-10-31 04:57:51.028470,0 days 02:56:38.055792,-1.861267252053125,1.0629907033987878,-0.6732192109006511,-0.9481368624594142,1.4273769372528404,0.2829505402688391,1.1389841877578857,0.10749800506355979,0.35016346135670806,0.2380702284742515,0.09453506752051942,0.09354180708801105,0.12729168413034225,0.27073740572495936,COMPLETE
29,0.510941960038059,2025-10-31 04:57:51.565560,2025-10-31 07:54:09.044530,0 days 02:56:17.478970,1.6893203706310875,0.5398268596239129,-1.2431105226081067,-0.47964004949831374,0.2922946982084705,-0.1652043527036713,-1.7255184015006768,0.2522132572300486,0.6939809921648348,0.9471084704374153,0.5705385445380442,0.010047978161188487,0.2751424791002242,0.08788427114373751,COMPLETE
30,0.2921027592768792,2025-10-31 07:54:09.473339,2025-10-31 10:47:24.819461,0 days 02:53:15.346122,-1.1677310777572059,-0.13779184816831824,1.1183221754867887,-1.3396955762193292,0.7683646519467576,1.9362999325140848,0.607481696962591,0.17185126418452673,0.6365155304453437,0.8496590920647441,0.7413946376804275,0.3327268926596133,0.2481691904441679,0.5656933689682979,COMPLETE
31,0.7093244529019981,2025-10-31 10:47:25.197037,2025-10-31 12:46:40.466650,0 days 01:59:15.269613,-0.2836573997699358,0.23704296050978607,-0.6585033427051014,-0.7429623522523006,1.14445626958282,-1.2310436851185016,-0.8521305879769334,0.028492578723204823,0.5823510496861912,0.5295889726718619,0.369608166836223,0.010621784718350697,0.21914813878947143,0.1522206950293366,COMPLETE
32,0.6912464319695528,2025-10-31 12:46:40.756739,2025-10-31 14:41:53.207315,0 days 01:55:12.450576,-0.17881075415255782,-0.3484888152723331,-0.6487444599052645,-1.7160344346552192,1.1916665882794681,-0.7322872858985083,-0.9792311725099174,0.05099941696076858,0.5512600746265928,0.4367137768591652,0.506811619533367,0.11805952795866131,0.37629476096945075,0.14306460338076019,COMPLETE
33,0.37345385347288296,2025-10-31 14:41:53.576352,2025-10-31 16:28:13.229229,0 days 01:46:19.652877,-0.5464710549278949,-0.7841411384565311,-1.0546922446940716,-0.7658440866186391,0.9815199938697107,-1.2383954988929542,-0.6835398406097385,0.13207903911016378,0.477071940113503,0.5093656452494402,0.3628617249666252,0.168388795481371,0.2658073558883654,0.1660160382039526,COMPLETE
34,0.6902949571836346,2025-10-31 16:28:13.620505,2025-10-31 18:32:45.723435,0 days 02:04:32.102930,-0.0044588848043312646,0.1828637298626044,0.14156238249057052,-0.18965188976569225,1.600836381937282,-1.8257737326122359,-1.586203354840631,0.5805745069074111,0.6766844640418763,0.14437517772885028,0.24935097124024336,0.10378786474067873,0.4897996103023983,0.06630013112508296,COMPLETE
35,0.3258801141769743,2025-10-31 18:32:46.330416,2025-10-31 21:14:14.282660,0 days 02:41:27.952244,-0.9000070158797184,-0.0030859207083135665,-1.6089620490232401,-1.6784271113412554,0.5064790108632056,-1.272678925790673,-1.174243126741648,0.06755956876282833,0.38390624001623913,0.6385460958188034,0.15115545983728879,0.15429857035566524,0.43368708078366813,0.2521000581264621,COMPLETE
36,0.4457659372026641,2025-10-31 21:14:14.688743,2025-10-31 23:37:53.247443,0 days 02:23:38.558700,-1.513859388204076,0.3938980986392094,-0.8604167447440797,-1.2489300598499482,1.3028753366420893,-1.1252553639960414,-0.5975867373215813,0.3490937671342074,0.5780505719499316,0.3042002472875439,0.4213318144398206,0.0694934404531476,0.20811072236466005,0.3021245953190415,COMPLETE
37,0.37630827783063747,2025-10-31 23:37:53.810959,2025-11-01 01:45:23.419620,0 days 02:07:29.608661,0.7938786178499617,0.8851185703924243,0.5001943812094677,-0.5465774476712076,0.2061860231372683,-1.6540391817578108,-0.12913988602886298,0.2184394478244478,0.7563212817905351,0.43371651280423934,0.3232613112833109,0.25179609634506694,0.15432082982037504,0.41274007987351724,COMPLETE
38,0.692197906755471,2025-11-01 01:45:23.905907,2025-11-01 04:10:58.826351,0 days 02:25:34.920444,1.1587042347852115,1.7733583722520563,-1.1321361716837934,-0.93680565431068,0.6506764767929789,-0.27710531145726336,-0.9519445025876606,0.054818474893885916,0.65072092014023,0.815146550477513,0.5522694602233571,0.0678700246657442,0.9297500223041474,0.1098744279773704,COMPLETE
39,0.23786869647954328,2025-11-01 04:10:59.225858,2025-11-01 06:29:28.128328,0 days 02:18:28.902470,-0.1978176614451863,0.552164678314734,-0.4471471714991435,-0.25188304983425347,1.0371910208732893,-0.6122529737220477,-1.9444268247068428,0.7706725197032407,0.24931078193076117,0.7232037871787173,0.14341897046496146,0.8481482202143107,0.9980350710367824,0.9026332504621271,COMPLETE
40,0.681255946717412,2025-11-01 06:29:28.658859,2025-11-01 08:51:15.951030,0 days 02:21:47.292171,0.26410147402922995,-1.8155213180561196,-0.7990676444809066,-0.6940753525807476,1.673691130138517,1.3484745287991116,1.3116909617841537,0.2744643224126177,0.5179011271782904,0.365420809386671,0.057614602937878956,0.19779956760583106,0.5327574646302431,0.04311642253787651,COMPLETE
41,0.7283539486203615,2025-11-01 08:51:16.292590,2025-11-01 10:57:11.281500,0 days 02:05:54.988910,-0.4420354816039456,0.38408642959751393,-0.6219415334144809,0.027109394298862055,1.0379817912989897,-1.3978858995628736,-0.7804487967454584,0.023036773534756517,0.5717912403340403,0.5664629634855314,0.36084138667223514,0.015638680225076362,0.24504079465886935,0.14704642950503874,COMPLETE
42,0.7178877259752616,2025-11-01 10:57:11.616498,2025-11-01 13:14:25.256529,0 days 02:17:13.640031,-0.41851244076353034,0.048666813642197077,-0.17481761446347666,0.416051823073532,0.8506547272532193,-1.5121981007449665,-0.43539962220725,0.011630391086833837,0.53316920337298,0.47430368625875285,0.34527457074192036,0.017530382659916185,0.304702899699792,0.18645286238594583,COMPLETE
43,0.7098001902949572,2025-11-01 13:14:25.689827,2025-11-01 15:38:57.528115,0 days 02:24:31.838288,-0.058572865758176246,0.04052493596771739,-0.04585179194784861,0.56889243654853,1.446769975655204,-1.4729044824171402,-0.32810324313746403,0.13324468879606688,0.5901041126112906,0.5295064622004839,0.4073307660513999,0.14942825579527247,0.07843077702819806,0.14352804612153644,COMPLETE
44,0.4267364414843007,2025-11-01 15:38:58.036528,2025-11-01 17:57:31.906407,0 days 02:18:33.869879,-0.4412225704006036,0.029455343470069673,-0.04023504463716368,0.9136138354298997,1.8516024277149468,-1.9891593610066876,-0.37983343867504316,0.06364503043345504,0.7023554047362061,0.5635530008059142,0.3978861548697801,0.14533012912050094,0.06567553819994706,0.11558291294221176,COMPLETE
45,0.7169362511893435,2025-11-01 17:57:32.385874,2025-11-01 20:15:49.782564,0 days 02:18:17.396690,-0.035313240137974544,-0.24870428674555495,-0.529778069597427,0.5799450058547616,1.4856826530617402,-1.5199925971137573,-0.21336280932772722,0.1337807062629755,0.6066983119963243,0.4700098013745139,0.46162010518690405,0.06600643323401627,0.09664499055435499,0.7224184611373595,COMPLETE
46,0.6969552806850619,2025-11-01 20:15:50.213795,2025-11-01 22:35:45.546731,0 days 02:19:55.332936,-0.01114637083929132,-0.5549402797709067,0.3367764836213774,0.611338346140994,1.4955985511908816,-1.4932215605079862,-0.09487169321782721,0.18961789422999642,0.7323571727569124,0.46399282511616674,0.6123512132317745,0.9939440038451063,0.07268583455469352,0.7426125289125538,COMPLETE
47,0.4319695528068506,2025-11-01 22:35:46.026783,2025-11-02 00:54:45.189685,0 days 02:18:59.162902,-0.7390232948627605,-0.2923863195102051,-0.16361429602735067,0.07972460558132793,1.7252431455976942,-1.624194806517998,-0.46225084037197445,0.129710822215124,0.6438707247695932,0.40162157073843435,0.48296031134519624,0.14029528640738592,0.011224618493033856,0.7174200935020294,COMPLETE
48,0.26070409134157946,2025-11-02 00:54:45.749178,2025-11-02 03:14:41.001807,0 days 02:19:55.252629,-1.0444139949649263,-0.10104285447284159,-0.35982055717547445,0.4262510672748285,1.3673383887056068,-1.4727232968442385,-0.3022839323555684,0.30346202385588017,0.5401429139509977,0.6330501143173658,0.6726717223215124,0.07054101495610228,0.10638505710095031,0.8251302208110681,COMPLETE
49,0.670313986679353,2025-11-02 03:14:41.512955,2025-11-02 05:34:44.341773,0 days 02:20:02.828818,-0.04820431518737034,-0.6147235293048509,0.036418683462578594,1.2073642381738177,1.9918689208683926,-1.9061238616645673,0.23590079903908817,0.09092256248469655,0.6098104118334862,0.5756096323232968,0.46214824026332657,0.6974056193325422,0.16492761065784944,0.5406103655784913,COMPLETE
50,0.2664129400570885,2025-11-02 05:34:44.744261,2025-11-02 07:56:48.208210,0 days 02:22:03.463949,-0.6962332999984984,-0.9098964026709124,-0.9693210890670447,0.7693538949008659,1.2578251838951042,-1.7900317283713498,-0.5278972838966418,0.14549498116566933,0.40208976616948355,0.46236988930246703,0.5186433378366986,0.06018217793139925,0.3238220669742376,0.6809683619923385,COMPLETE
51,0.7150333016175071,2025-11-02 07:56:48.730434,2025-11-02 10:20:30.328034,0 days 02:23:41.597600,-0.38120052485361183,0.3311875894734971,-0.6052780367940067,0.34901868253126933,1.1364445154198528,-1.1261409400508229,-0.8169857709305715,0.03330780685520064,0.4677355702913612,0.5247118716247507,0.3397587158802587,0.016961667521388404,0.23620257435922515,0.055603638763427554,COMPLETE
52,0.42721217887725976,2025-11-02 10:20:30.705432,2025-11-02 12:38:50.117478,0 days 02:18:19.412046,-0.38719156933355414,0.0624402812349904,-0.5348839747816604,0.4051257126654736,1.455411114464794,-1.3970095113892147,1.88869666187032,0.04521818221021458,0.4522868793008351,0.5272093558689558,0.32605782650378407,0.0855763465399963,0.08986334061529853,0.06086546151872618,COMPLETE
53,0.7145575642245481,2025-11-02 12:38:50.808127,2025-11-02 14:59:48.602986,0 days 02:20:57.794859,0.0979226798194352,0.35537400930407037,-0.20555264760721126,0.8802913047879152,0.9338874811376686,-1.1020380319196428,-0.1903382545108886,0.07986278667738378,0.5174295556148367,0.38821615372996987,0.40756664028937784,0.05406514979016264,0.25063386421731887,0.18588829000449683,COMPLETE
54,0.6964795432921027,2025-11-02 14:59:49.109465,2025-11-02 17:20:34.522055,0 days 02:20:45.412590,0.4367826089305761,0.7270578517462158,-0.24057923670389178,1.0558596063713233,0.5016335414943649,-1.0676204688224766,-0.03438728477777728,0.07894085973480264,0.48994632840624225,0.3290130678942955,0.3305573241212691,0.05295478209509917,0.2421011342779046,0.20321924758907517,COMPLETE
55,0.670313986679353,2025-11-02 17:20:35.016691,2025-11-02 19:38:50.343570,0 days 02:18:15.326879,0.15021640259507751,0.3547138031669282,-0.8032248225019394,-0.031005176804229928,0.8625384439953707,-1.7035896961263735,-0.6564001846088282,0.02481576144477588,0.5383789948560672,0.3851070614485218,0.24232487378681986,0.04209600486601608,0.3262146959951371,0.3678096401486227,COMPLETE
