number,value,datetime_start,datetime_complete,duration,params_a_0,params_a_1,params_a_2,params_a_3,params_a_4,params_a_5,params_a_6,params_u_dc_0,params_u_dc_1,params_u_dc_2,params_u_dc_3,params_u_dc_4,params_u_dc_5,params_u_dc_6,state
112,0.7083729781160799,2025-11-10 19:11:24.133033,2025-11-10 20:03:55.006471,0 days 00:52:30.873438,0.5765514434092942,0.5190220458348086,-1.8077192378374527,0.18766222897088905,0.5434070162877338,0.24289944216734477,1.0533041385423596,0.02740733875751221,0.4534095959489437,0.9999502841313358,0.9428392947845545,0.3894998095239839,0.10430388002371081,0.2122742757921651,COMPLETE
113,0.7369172216936252,2025-11-10 20:03:55.365745,2025-11-10 20:56:28.738915,0 days 00:52:33.373170,0.40743532109673275,0.291855381943504,-1.6621164609311057,0.37643427744025876,0.4400231948600973,0.1309526347261001,1.1314860122295427,0.09016069618867456,0.5021029353587081,0.9481599979417649,0.33722733978878866,0.32136582740667924,0.026433408943488765,0.18981981566798378,COMPLETE
114,0.7240723120837298,2025-11-10 20:56:28.992019,2025-11-10 21:48:57.602853,0 days 00:52:28.610834,0.7060837954169887,0.2924564584468533,-1.861421023090404,0.39262512621758505,0.25601772120676264,0.4790176625768633,1.1158666700672146,0.06368570047418909,0.4404218452497036,0.9233681156142188,0.3981613161560627,0.3196751896839353,0.03109481945374537,0.0876895577162046,COMPLETE
115,0.7240723120837298,2025-11-10 21:48:57.821044,2025-11-10 22:41:20.787742,0 days 00:52:22.966698,0.3841740311689433,0.591298986206445,-1.4738775737749839,0.6125285139920796,0.4704160847607759,0.5526632293473265,0.9639412514601355,0.03785875816537916,0.5004256346360936,0.896577944957906,0.34052263559819723,0.2642900078061916,0.0632451751208102,0.18577857689230046,COMPLETE
116,0.6988582302568982,2025-11-10 22:41:21.073714,2025-11-10 23:33:40.669065,0 days 00:52:19.595351,0.47718215319371393,0.148974225702148,-1.6253609679602603,0.31404875102226665,0.6149926162415827,0.12806397371926248,1.4066114409167132,0.08999423037280102,0.42009464446445643,0.9792148142756248,0.46616199738834163,0.42859839926391397,0.010868341971528368,0.23191699337534413,COMPLETE
117,0.6950523311132255,2025-11-10 23:33:40.978153,2025-11-11 00:26:02.904736,0 days 00:52:21.926583,0.589628409678397,0.4295747819947522,-1.7233485152731833,0.49988067713881756,0.7941369748263001,0.39823639214620754,1.3410242859466086,0.13089910891084933,0.49892209918975705,0.8754320152481555,0.4094484779351814,0.2989214405879432,0.08715121405926718,0.2598827735499137,COMPLETE
118,0.7383444338725024,2025-11-11 00:26:03.205409,2025-11-11 01:18:21.142664,0 days 00:52:17.937255,0.38518904251393693,0.6581796406061926,-1.4527232422632788,0.36903088932715633,0.057082310796520985,0.13039510367821486,0.7944089785646794,0.05600438149657934,0.4520737158512935,0.9564106336407739,0.3267843635818364,0.33221711438905394,0.051341357616449826,0.19711039902636468,COMPLETE
119,0.7188392007611798,2025-11-11 01:18:21.404939,2025-11-11 02:10:42.296252,0 days 00:52:20.891313,0.366981090439206,0.6817797460597922,-1.37644407143307,0.7233864308573787,0.09663558381832849,1.583737228450286,1.1830525627987352,0.03770039998096418,0.4707098333534778,0.9716199492811466,0.24621455030774653,0.3243780529531472,0.030358536844546313,0.196031800505757,COMPLETE
120,0.7369172216936252,2025-11-11 02:10:42.521763,2025-11-11 03:03:02.308377,0 days 00:52:19.786614,0.5548039026662104,0.350026063895934,-1.4823931677683642,0.38422305307138577,0.017070774676665887,0.3274197455707174,0.7987956607605027,0.15548058095195072,0.5211097397026165,0.9563162436877868,0.32798388596320627,0.24724161971452915,0.11449427404422449,0.13824733244638604,COMPLETE
121,0.5071360608943863,2025-11-11 03:03:02.680416,2025-11-11 03:56:04.276028,0 days 00:53:01.595612,0.675049986255613,0.36961123954552594,-1.506049265827409,0.384331085383748,0.032935864629848044,0.31593973208231263,0.7967284490474963,0.15511803916995812,0.4463402491125803,0.9577072382608374,0.2756312958939809,0.239154475279306,0.10615081370961266,0.17280159264372316,COMPLETE
122,0.5137963843958135,2025-11-11 03:56:04.705862,2025-11-11 04:49:09.232881,0 days 00:53:04.527019,0.8504601253810097,0.21806936728783502,-1.572586235344062,0.08953675526156822,-0.2295186131133563,0.1506105403667925,0.9192295723048668,0.10480270975469468,0.5406114475061945,0.9240062020630474,0.3261842921323952,0.2744636215059459,0.0533291481683453,0.14071234261835644,COMPLETE
123,0.7274024738344433,2025-11-11 04:49:09.482254,2025-11-11 05:42:16.388053,0 days 00:53:06.905799,0.5336312336315869,0.5928923336432841,-1.9002647246681508,0.5421577077619055,0.295510851293552,0.40057916268353977,0.9775690113015945,0.17209091368756468,0.5179576362454719,0.9920917223018394,0.22528673707470045,0.34630509449305813,0.12134978606834947,0.15225445867037407,COMPLETE
124,0.6912464319695528,2025-11-11 05:42:16.796236,2025-11-11 06:35:19.729925,0 days 00:53:02.933689,0.4086891870082855,0.11274920883704964,-1.2992667441699441,0.669321592432575,-0.3743636215185767,0.23795033099387147,1.5417383081679197,0.06045619383135194,0.08339974469880845,0.8985260345300924,0.30754619956544116,0.2902187990459055,0.0784622342577888,0.19679618428756984,COMPLETE
125,0.7240723120837298,2025-11-11 06:35:20.142704,2025-11-11 07:28:21.542729,0 days 00:53:01.400025,0.2741576132225236,-0.006497472821619804,-1.7596174267442366,0.26169897619046284,-0.09690133924549663,0.04634307691164173,1.114639584646567,0.13423223275833882,0.48075066655138576,0.5925992461660784,0.3522623803635657,0.248085326018176,0.09623961351782241,0.23324542039250423,COMPLETE
126,0.7235965746907707,2025-11-11 07:28:21.930133,2025-11-11 08:21:32.438886,0 days 00:53:10.508753,0.7507461629253727,0.5108681143518438,-1.464728823812692,0.39803609901420833,0.1640534691009472,0.6702868603657528,0.7699097815579373,0.024662982166956088,0.45548642159985975,0.9326955735528836,0.3720669952503948,0.3084177705025998,0.12217159811872234,0.08879384864577854,COMPLETE
127,0.741674595623216,2025-11-11 08:21:32.863059,2025-11-11 09:14:32.432244,0 days 00:52:59.569185,0.3512633929751019,0.29233988585702564,-1.9963661672074209,0.18161929784445824,0.0056309204518819045,1.159096505255231,0.9131113979839103,0.0900504175564039,0.5596750423527592,0.9528967830444642,0.32825920478718457,0.22090900627611104,0.029291867837651038,0.12575297932532886,COMPLETE
128,0.5195052331113226,2025-11-11 09:14:32.688735,2025-11-11 10:07:33.760669,0 days 00:53:01.071934,0.6174101655017046,0.29752224281602657,-1.987399207815971,0.13199107864609705,0.06424241608116121,1.0836654985820648,0.6479231492966318,0.3416067204001373,0.5546036806553882,0.8669329072997853,0.28965578592250457,0.263044615437679,0.024959337408213253,0.12985633052692547,COMPLETE
129,0.5294957183634633,2025-11-11 10:07:34.174551,2025-11-11 11:00:38.794677,0 days 00:53:04.620126,0.9188814529274394,0.38104186016034913,-1.6136531767198858,0.3282259713072654,-0.8703018501760001,1.7200883147505452,0.8924877138606271,0.6574896713013028,0.5302873840664033,0.9573294262942,0.33232597707082795,0.2174778197594337,0.04920149574983579,0.0955130772840878,COMPLETE
130,0.7150333016175071,2025-11-11 11:00:39.184326,2025-11-11 11:53:42.387173,0 days 00:53:03.202847,0.3514369135792469,0.6686561500660475,-1.8135876230886625,0.19860921463760092,0.28725716090559605,1.273959347851007,1.305227789994271,0.08872120553807816,0.5036306554778891,0.9783977049428035,0.3010871887617709,0.23386052022362908,0.9919847564699733,0.17398915370338014,COMPLETE
131,0.7435775451950524,2025-11-11 11:53:42.579937,2025-11-11 12:46:42.713553,0 days 00:53:00.133616,0.44908035094516996,0.2035877497560652,-1.3782376027856613,0.08179887200892519,0.19687142868883434,0.18859654688506478,1.056586140377315,0.05467358409984782,0.5871364720643845,0.9135200376827413,0.3776625543721514,0.28254880174451824,0.6309381212656857,0.2107582942076923,COMPLETE
132,0.7421503330161751,2025-11-11 12:46:43.104842,2025-11-11 13:39:54.392975,0 days 00:53:11.288133,0.44395021709839405,0.20884199561403893,-1.3784581628492654,0.033531896384973586,0.2057964485610817,0.21281698071478017,1.0476582401234094,0.09993761157299792,0.5713406849334968,0.9123694195097514,0.3801104498509615,0.47026683252031554,0.6779157931756448,0.1603433768931257,COMPLETE
133,0.7121788772597526,2025-11-11 13:39:54.774392,2025-11-11 14:33:04.503863,0 days 00:53:09.729471,0.5478327935183803,0.15847390054090246,-1.346507051806614,0.08045991113875373,-0.1457736746450504,0.20450088616759737,1.0622162829706883,0.11236687656334059,0.5942808620426148,0.9093776150522594,0.32720779865527766,0.481955110182496,0.8261746870327462,0.15076596622501773,COMPLETE
134,0.7207421503330161,2025-11-11 14:33:04.939346,2025-11-11 15:26:25.057903,0 days 00:53:20.118557,0.49722431713573034,0.23391248567909476,-1.445831857223378,0.013120688423498061,0.4506981158963594,0.5869992194762672,0.8381161518759899,0.1347997584375906,0.5623749301009965,0.8831485727449376,0.3455018624296907,0.5161868767247844,0.6905176006862027,0.12333454398308677,COMPLETE
135,0.7059942911512845,2025-11-11 15:26:25.384825,2025-11-11 16:19:45.166405,0 days 00:53:19.781580,0.14554242010915958,0.04905799827817792,-1.205264822254173,0.4509636420301661,-1.6897038829935938,0.4607813923822643,1.1639872536392666,0.09211773267032233,0.6269417143730346,0.9121959050347866,0.36928618995523615,0.7068365400275477,0.6280326816897652,0.18520565208970427,COMPLETE
136,0.4538534728829686,2025-11-11 16:19:45.486796,2025-11-11 17:13:03.391743,0 days 00:53:17.904947,0.262429137718693,0.3252822201355304,-1.322844966694807,-0.08567304572462164,-0.011927078216193905,-0.0257751424618734,0.9919212257294048,0.4716006872852331,0.5368959731593265,0.9637492806975315,0.2798177778206502,0.2883402254023125,0.7334983088982261,0.16073213193299998,COMPLETE
137,0.7288296860133207,2025-11-11 17:13:03.827985,2025-11-11 18:06:11.596544,0 days 00:53:07.768559,0.35187779964745525,0.39815525840521526,0.7516427663668301,0.06436082172895638,0.20496773381230246,0.2872344114092495,0.9188060473600184,0.14913711040173033,0.5784344489324523,0.9964763292666154,0.41759812666858953,0.21556812850773321,0.8037176997463319,0.19983043331065845,COMPLETE
138,0.7335870599429115,2025-11-11 18:06:12.121804,2025-11-11 18:59:26.893945,0 days 00:53:14.772141,0.6598908460441129,0.2738885340557048,-1.5390108452398896,0.29877119328385154,-0.3020596924200141,0.19516349609908376,0.7777583492630742,0.050316440890326226,0.6017950432767907,0.9478713926551122,0.2605048531744646,0.30914073789141133,0.5839097088402047,0.13000273116249278,COMPLETE
139,0.4895337773549001,2025-11-11 18:59:27.175621,2025-11-11 19:52:46.629450,0 days 00:53:19.453829,0.4479751913577683,0.11207766724411922,-1.415995754951737,0.22891328591498675,0.04158225735674211,0.36795475711588643,1.0341223739467815,0.3814480511771051,0.66720292295675,0.8340698009676513,0.45544184494610473,0.6028424142127106,0.6880653711439741,0.10433769749294855,COMPLETE
140,0.7269267364414843,2025-11-11 19:52:46.996237,2025-11-11 20:46:03.759823,0 days 00:53:16.763586,0.20377534125355362,0.5855609287549287,1.1955911563573653,0.35416365871024924,0.13066844161864738,-0.1927811487815432,1.2069705665279604,0.010500521508735587,0.9670262234317174,0.5493090297484486,0.3849835782900503,0.33010577691612775,0.0774095572764429,0.17497560232799997,COMPLETE
141,0.7354900095147479,2025-11-11 20:46:04.129086,2025-11-11 21:39:21.243308,0 days 00:53:17.114222,0.4208888608986215,0.49062664912580434,-1.6441205333442699,0.15194428775441612,0.29476664139777964,0.09634208398358829,0.6596152520812707,0.06576033969505274,0.48856807098380156,0.8627832090230663,0.31538017572474314,0.260786634760286,0.5353207752654248,0.22769957919430148,COMPLETE
142,0.7373929590865842,2025-11-11 21:39:21.544854,2025-11-11 22:32:39.289476,0 days 00:53:17.744622,0.5498483915811901,0.18662084794538603,-1.8660794906899636,-0.027286403705246515,0.35967888356711236,0.009454318994937498,0.4717869821448002,0.08022596610781554,0.5124766003897824,0.9000076205829735,0.3119598209617014,0.25851280468181714,0.5069269453969935,0.2569870827716001,COMPLETE
143,0.7378686964795433,2025-11-11 22:32:39.661293,2025-11-11 23:25:52.710422,0 days 00:53:13.049129,0.5999599183819544,0.33267930139208235,-1.8715231577496474,-0.03319584418270148,0.34861486871040903,0.017985585187412848,0.6430403379182205,0.08567991060239762,0.5710965270491125,0.8548454967733068,0.317067385393897,0.25767061521951373,0.5013033763094012,0.2566919198023506,COMPLETE
144,0.731208372978116,2025-11-11 23:25:53.128895,2025-11-12 00:19:26.923431,0 days 00:53:33.794536,0.56365487521891,-0.008962001465756375,-1.9221893791724731,-0.12172238136244751,0.21923942285595135,-0.007060798010893932,0.4197427402242227,0.08231926658999386,0.5870912623645902,0.8969854971888287,0.3675262228231665,0.251480866780741,0.4575323771697761,0.2636204697286726,COMPLETE
145,0.5413891531874405,2025-11-12 00:19:27.189359,2025-11-12 01:12:42.712938,0 days 00:53:15.523579,0.689596791327452,0.3439659024011324,-1.7904530406645032,-0.0257432636203301,-1.169278539337949,-0.2535100355986034,0.45857816425279296,0.12381988277837053,0.6472576228854048,0.919742242163498,0.3525221095528566,0.291603312686159,0.6569275741128665,0.2516355753156284,COMPLETE
146,0.4933396764985728,2025-11-12 01:12:43.237256,2025-11-12 02:06:10.657301,0 days 00:53:27.420045,0.5924492745086738,0.18249450812892123,-1.8541500071338648,0.43057584825114525,0.5523699064763373,-0.033290247730858924,0.5939308364017168,0.18233469703952215,0.6177848806022871,0.8293007227721668,0.4797102167953001,0.33804828505797047,0.6283412265048832,0.20389134202678008,COMPLETE
147,0.47240723120837297,2025-11-12 02:06:10.996015,2025-11-12 02:59:41.630265,0 days 00:53:30.634250,0.8654304620125337,0.2496357217004102,-1.9379129398524066,0.10508112837189862,0.3688174055751012,0.17670341588163882,0.8105072833305695,0.09975616745531912,0.5649130455410554,0.8880108256065875,0.3368643747427704,0.13399450448971578,0.012540077778234005,0.3032635248882811,COMPLETE
148,0.7183634633682208,2025-11-12 02:59:41.987660,2025-11-12 03:53:03.686856,0 days 00:53:21.699196,0.5198081571030868,0.41096391062516213,-1.7359251928125927,0.5203025830065713,0.12317524093503542,0.28266108888646946,1.107176396311032,0.02954372631704117,0.5475767379117051,0.9552831349553966,0.42042780076644104,0.37667444903806363,0.602151590725122,0.14632863969512783,COMPLETE
149,0.7407231208372979,2025-11-12 03:53:03.998628,2025-11-12 04:46:11.816628,0 days 00:53:07.818000,0.7534257097785292,0.6848116970728225,-1.693082848832375,0.21054974980697544,0.3672941671422573,0.012617357619031544,0.9499379895586884,0.051507670793758786,0.5162025234856397,0.8558112362873858,0.3798641937930743,0.2381663771651318,0.5243393737334691,0.07822576259847269,COMPLETE
150,0.7126546146527117,2025-11-12 04:46:12.096977,2025-11-12 05:39:34.222181,0 days 00:53:22.125204,1.0972772529887214,0.6151880101176322,-1.988223531429436,-0.02022454700561127,-0.09926959618586756,-0.10723147240295557,1.2845597371722333,0.05366397857713176,0.5268385027509657,0.8534159447034808,0.32682760620415413,0.27313312602592177,0.55786769129157,0.07250432390420601,COMPLETE
151,0.7392959086584205,2025-11-12 05:39:34.463272,2025-11-12 06:32:47.000826,0 days 00:53:12.537554,0.7940546485558526,0.7104607166196839,-1.7223935025746187,0.18636998996884468,0.3832247987852146,0.04430779152869479,0.9872911916276251,0.07696862756413764,0.5151458341608082,0.9291665150274361,0.3826044779660222,0.23720523043294622,0.5227945102597756,0.1112923041641002,COMPLETE
152,0.7407231208372979,2025-11-12 06:32:47.336759,2025-11-12 07:26:03.339856,0 days 00:53:16.003097,0.7660468921179884,0.7476656311046909,-1.7484485969153662,0.1531857483337667,0.38671200621867885,0.05363101535098788,0.9745299984089151,0.08140658147275072,0.5129634324513686,0.9164207324374066,0.37736541546994895,0.23871363427664943,0.5061612069491634,0.0387586553145428,COMPLETE
153,0.7383444338725024,2025-11-12 07:26:03.902223,2025-11-12 08:19:23.010899,0 days 00:53:19.108676,0.9997223254511909,0.6745264937524498,-1.733136149301676,0.20980257346749998,0.3397204409948406,0.055436829431473295,0.9696392879633584,0.08203289659768294,0.5119507092842778,0.9332751221585953,0.37056182974002044,0.2375997373428989,0.5059820543613517,0.05572294974968317,COMPLETE
154,0.7421503330161751,2025-11-12 08:19:23.323501,2025-11-12 09:12:47.953385,0 days 00:53:24.629884,0.8012852027922605,0.7270691973926553,-1.7335001108332226,0.1951680426438993,0.35940368647213994,0.0470957719673989,0.981379225980666,0.08057120326924713,0.5780946945907531,0.9199425185456118,0.37682548112842096,0.2420239673449507,0.5153279277718861,0.04101431148055358,COMPLETE
155,0.7473834443387251,2025-11-12 09:12:48.495902,2025-11-12 10:05:36.361029,0 days 00:52:47.865127,0.9922920789030619,0.7343209775575209,-1.7470371478292186,0.20731790885799167,0.3470604571289223,0.016753023528377348,0.983595954829801,0.030630306983218815,0.5873578286245401,0.9108815573123089,0.3743578085713107,0.22866320056301848,0.5020027556634334,0.04826068424946473,COMPLETE
156,0.7159847764034253,2025-11-12 10:05:36.693257,2025-11-12 10:58:00.086575,0 days 00:52:23.393318,1.2413713576639958,0.7461637883619457,-1.7263729408819306,0.17581105738691602,0.6350521589441872,1.9977626238890633,0.9430023750911765,0.03546480906049373,0.576229973141801,0.9227194177232665,0.377373273025002,0.22704791291247922,0.4966952867908089,0.0347653910679209,COMPLETE
157,0.7445290199809705,2025-11-12 10:58:00.340546,2025-11-12 11:50:18.691036,0 days 00:52:18.350490,1.1641895724469438,0.9297326533513861,-1.7722348183295804,0.23108268683423877,0.5042435588676597,0.06683703101335503,1.0419079339971706,0.05302930427620131,0.6046319680050487,0.8747916785414048,0.4091997613144499,0.2340859836806858,0.5149825386447092,0.015224344544007923,COMPLETE
158,0.7297811607992388,2025-11-12 11:50:19.145635,2025-11-12 12:42:44.716516,0 days 00:52:25.570881,1.1913202753776115,0.9114923623731199,-1.774954577205298,0.23003743572796082,0.4629643592056815,0.07775494856817182,1.0316930601232048,0.04551280370666776,0.6144017821177394,0.8802914590298896,0.4054120933186506,0.19484857283393878,0.5269404454428787,0.01749070214234216,COMPLETE
159,0.7174119885823026,2025-11-12 12:42:45.250582,2025-11-12 13:35:31.459836,0 days 00:52:46.209254,1.0293347499737633,0.7197368533593983,-1.6879882971667224,0.0583551616036104,0.2162972414104026,-0.1769487817206664,0.873095181154734,0.0204757772567458,0.6398309109021869,0.9335356965157845,0.42338193794792567,0.1713828779709096,0.46185424335485653,0.0666830770599098,COMPLETE
160,0.6893434823977165,2025-11-12 13:35:31.699598,2025-11-12 14:28:00.431735,0 days 00:52:28.732137,0.7939840370550443,0.7085056176530267,-1.5812963562474815,0.2174559268779041,0.7304605575084184,-0.11319377208833814,0.9926740674782838,0.05584717598380675,0.5935246972542245,0.9732589778024745,0.3768904201104026,0.20811148846320374,0.5573792184623705,0.04810328380870149,COMPLETE
161,0.731208372978116,2025-11-12 14:28:00.714738,2025-11-12 15:20:25.278981,0 days 00:52:24.564243,0.9568228358694082,0.8738639986939162,-1.8778112032609822,0.1137912632312529,0.5258201269301254,0.04699943090323824,1.1711533234919256,0.06414109804986577,0.5704443977151913,0.8703184071526127,0.45329552703589054,0.2373756156352797,0.5132021700567964,0.015805671704742928,COMPLETE
162,0.4862036156041865,2025-11-12 15:20:25.609671,2025-11-12 16:12:54.579248,0 days 00:52:28.969577,1.1352042579132529,0.6287657825430302,-1.7985573348627173,0.31634729046595167,0.3485102597861933,0.15426174881271654,1.0663843018939207,0.07612950384059658,0.5517995471995283,0.9067311066615849,0.3600219726870215,0.2786483332453498,0.4899308129165165,0.040574027378461594,COMPLETE
163,0.7335870599429115,2025-11-12 16:12:55.094271,2025-11-12 17:05:16.762209,0 days 00:52:21.667938,1.008211356994245,0.5576892887846521,-1.7504594437301506,0.034526514788040724,0.2730442063716017,-0.07443400739618045,0.9564472086265091,0.028375675928154327,0.5908992188097435,0.9217637045061491,0.41069106787691106,0.23703203693373243,0.4689226460269508,0.07257834173959468,COMPLETE
164,0.5623215984776403,2025-11-12 17:05:17.105386,2025-11-12 17:57:44.194546,0 days 00:52:27.089160,1.4227832351619134,0.8336460062027706,-1.9185023722721473,0.205492540651044,0.3757210110459289,0.04229149744328118,0.8664214761341777,0.10224480204378239,0.6129639030852991,0.8512535575870919,0.38933175768852035,0.2204276414345156,0.5206355352347175,0.05441733636437269,COMPLETE
165,0.7169362511893435,2025-11-12 17:57:44.508236,2025-11-12 18:50:12.469690,0 days 00:52:27.961454,1.2896162628900532,0.9417628527983647,-1.661902646391753,0.2736576613144578,0.5871597999444641,0.23362298614503663,1.2239093902436007,0.05152027621654863,0.5683289753729497,0.09538702979802322,0.35839982096356604,0.2576998153817427,0.4424231705249471,0.10626618577509815,COMPLETE
166,0.7216936251189343,2025-11-12 18:50:12.713424,2025-11-12 19:42:38.184454,0 days 00:52:25.471030,0.8195938332492901,0.758951905873875,-1.5369294791701584,-0.08037044487655959,0.5012754677946168,0.1296561019938351,1.0776138575424685,0.07503766382308058,0.5363435744319615,0.9095951595051268,0.3823874474701549,0.30161373420908,0.48527853959741696,0.03360274563736608,COMPLETE
167,0.7278782112274025,2025-11-12 19:42:38.610231,2025-11-12 20:35:12.151995,0 days 00:52:33.541764,0.982788018265723,0.6684190912567669,-1.8158426295208598,0.11808594814431671,0.17477342282407668,-0.23789901938544486,0.736660960782881,0.010561145306275378,0.47953141957686984,0.9310747535209242,0.4397799603400487,0.18592637401638862,0.5442968298735652,0.07737960858262988,COMPLETE
168,0.7316841103710752,2025-11-12 20:35:12.412609,2025-11-12 21:28:21.626488,0 days 00:53:09.213879,0.7281299794536896,1.0185252782426915,-1.9936645761512448,0.16646188935882678,0.30360709742415876,0.0072564885360942855,0.9642657966872004,0.04275255801613115,0.5507429101821777,0.8868466404006236,0.4111099307534878,0.8432405092694405,0.5906086314586382,0.015030282127736841,COMPLETE
