number,value,datetime_start,datetime_complete,duration,params_a,params_lambda,params_mu,params_new_fs,params_u_dc,state
0,,2025-11-18 09:48:58.513512,2025-11-18 09:49:07.523136,0 days 00:00:09.009624,-0.7584502918614167,0.0033825124568671048,4.418276997012849,14612,0.9972032071825871,FAIL
1,,2025-11-18 09:50:18.361751,2025-11-18 09:59:00.560736,0 days 00:08:42.198985,0.05218424676667377,0.0281116513523701,2.263787151185483,8742,0.5714132610276754,FAIL
2,0.15889628924833493,2025-11-18 10:07:43.550280,2025-11-18 10:16:39.583050,0 days 00:08:56.032770,-2.3965309828798476,21320.96071047974,1.6856844749674327,17183,0.7961563108802202,COMPLETE
3,0.13035204567078973,2025-11-18 10:16:39.829265,2025-11-18 10:28:12.845910,0 days 00:11:33.016645,-1.200643308317454,211.06550895485213,3.8426523147633955,26923,0.5376221776936606,COMPLETE
4,0.12131303520456709,2025-11-18 10:28:13.080969,2025-11-18 10:41:00.272498,0 days 00:12:47.191529,-2.940621895806012,21.865729383995557,1.9367385079163606,29834,0.6797167211625463,COMPLETE
5,0.10799238820171266,2025-11-18 10:41:00.558912,2025-11-18 10:53:58.380615,0 days 00:12:57.821703,1.9831231144268102,0.0676518368548925,4.251170262036758,29860,0.9383926078779355,COMPLETE
6,0.21883920076117983,2025-11-18 10:53:58.644979,2025-11-18 11:02:27.051109,0 days 00:08:28.406130,1.332488449420138,36162.553738570154,1.7909096761207426,12775,0.4151803700355846,COMPLETE
7,0.1489058039961941,2025-11-18 11:02:27.367648,2025-11-18 11:10:52.220202,0 days 00:08:24.852554,-1.774976330345396,587197.8466937735,2.1021038350756744,10812,0.9619568182576741,COMPLETE
8,0.2402473834443387,2025-11-18 11:10:52.480891,2025-11-18 11:18:51.759427,0 days 00:07:59.278536,2.2430292323736287,1.12556839925079,2.772006991008312,997,0.8235972658241826,COMPLETE
9,0.12131303520456709,2025-11-18 11:18:52.060694,2025-11-18 11:31:35.777327,0 days 00:12:43.716633,0.29530611853450717,149.29584859512363,4.900606402712683,28656,0.09825614270116001,COMPLETE
10,0.17126546146527116,2025-11-18 11:31:36.024030,2025-11-18 11:39:36.716045,0 days 00:08:00.692015,0.2633977914551915,0.00018225844970281768,2.2245355798901922,1804,0.8890005203728503,COMPLETE
11,0.09752616555661275,2025-11-18 11:39:37.017934,2025-11-18 11:49:34.204903,0 days 00:09:57.186969,-0.17261785711226452,4.052218442708612e-05,4.360726008721616,21689,0.8406964307093667,COMPLETE
12,0.18315889628924834,2025-11-18 11:49:34.439453,2025-11-18 11:57:29.119772,0 days 00:07:54.680319,2.793882681302206,0.06689054172386809,0.03724663185880184,639,0.29783128314569207,COMPLETE
13,0.11941008563273073,2025-11-18 11:57:29.365840,2025-11-18 12:05:28.577117,0 days 00:07:59.211277,1.5752871673044782,0.030755427767117868,3.2446812129261913,8489,0.36042190337341773,COMPLETE
14,0.16603235014272122,2025-11-18 12:05:28.816786,2025-11-18 12:13:30.834317,0 days 00:08:02.017531,1.3348734979751904,11414.833732430909,0.9210624450194373,5758,0.6030804295712621,COMPLETE
15,0.21075166508087537,2025-11-18 12:13:31.049744,2025-11-18 12:21:59.603333,0 days 00:08:28.553589,2.3575515438690924,2.3719069083038335,3.0939584451767326,14595,0.355140672195518,COMPLETE
16,0.11132254995242626,2025-11-18 12:21:59.869822,2025-11-18 12:30:27.597622,0 days 00:08:27.727800,1.0080200035702864,1.9698186370930004,2.9386700306771196,14564,0.13696871539361077,COMPLETE
17,0.21503330161750714,2025-11-18 12:30:27.803942,2025-11-18 12:38:24.811299,0 days 00:07:57.007357,2.701867975687073,5907.521869990851,1.2002375335721123,4749,0.4563728826956242,COMPLETE
18,0.08705994291151284,2025-11-18 12:38:25.013911,2025-11-18 12:48:31.359492,0 days 00:10:06.345581,0.9642598782133509,0.001529075384676437,0.869967529945419,22687,0.6759803859662541,COMPLETE
19,0.14700285442435776,2025-11-18 12:48:31.612777,2025-11-18 12:56:54.132407,0 days 00:08:22.519630,-0.3947538034560276,132302.39950833502,2.663986130724642,11685,0.2143597807490696,COMPLETE
20,0.2269267364414843,2025-11-18 12:56:54.352621,2025-11-18 13:06:18.377035,0 days 00:09:24.024414,1.9387713899493426,426.6516669252972,3.5237765956449034,19171,0.45286353489718517,COMPLETE
21,0.24310180780209326,2025-11-18 13:06:18.590966,2025-11-18 13:15:21.591532,0 days 00:09:03.000566,1.9880139550569027,607.1035522276071,3.610789277302325,18045,0.7516092498791559,COMPLETE
22,0.11893434823977164,2025-11-18 13:15:21.877718,2025-11-18 13:25:49.232794,0 days 00:10:27.355076,-0.8089034716325398,12.991724837440085,3.821236145807026,23441,0.7486058714196325,COMPLETE
23,0.20837297811607994,2025-11-18 13:25:49.422785,2025-11-18 13:35:01.445431,0 days 00:09:12.022646,2.2060170871570195,330.7251076892588,3.536214950040682,19032,0.5732874783586217,COMPLETE
24,0.219790675547098,2025-11-18 13:35:01.650951,2025-11-18 13:44:00.284671,0 days 00:08:58.633720,1.8819814828471901,1841.659123856472,2.6707734948377633,18049,0.7426254734219487,COMPLETE
25,0.17697431018078022,2025-11-18 13:44:00.507999,2025-11-18 13:53:28.274039,0 days 00:09:27.766040,2.9548368420286475,0.9925551386686065,3.624206757986043,20185,0.6578461411194515,COMPLETE
26,0.1698382492863939,2025-11-18 13:53:28.490763,2025-11-18 14:04:18.630088,0 days 00:10:50.139325,0.6752999917323423,810.9038375143635,4.23573815117653,24775,0.49535531074595895,COMPLETE
27,0.22359657469077068,2025-11-18 14:04:18.839427,2025-11-18 14:13:01.222946,0 days 00:08:42.383519,2.395969501994522,23.077180036594935,4.7089272338427,16498,0.8515975393662013,COMPLETE
28,0.18553758325404376,2025-11-18 14:13:01.625238,2025-11-18 14:21:02.908157,0 days 00:08:01.282919,1.701182234218723,0.28223532773233856,3.294683331891525,9011,0.7365128661363193,COMPLETE
29,0.1412940057088487,2025-11-18 14:21:03.130103,2025-11-18 14:30:38.990367,0 days 00:09:35.860264,0.8718685542535356,62.755435131288074,2.5775230786972267,20619,0.6242306437529992,COMPLETE
30,0.22787821122740248,2025-11-18 14:30:39.215847,2025-11-18 14:41:51.921328,0 days 00:11:12.705481,2.4341822613902573,1422.3097415329048,4.046282910552858,25647,0.2675232376034064,COMPLETE
31,0.10704091341579448,2025-11-18 14:41:52.138308,2025-11-18 14:53:06.508604,0 days 00:11:14.370296,2.738140311689074,0.0035515700717459542,3.9937013589727055,26249,0.21237140097518553,COMPLETE
32,0.1422454804947669,2025-11-18 14:53:06.727562,2025-11-18 15:01:52.008162,0 days 00:08:45.280600,2.4329904482313016,2570.5844537240673,2.8932031527126343,16401,0.013380753875738838,COMPLETE
33,0.219790675547098,2025-11-18 15:01:52.243043,2025-11-18 15:12:27.673303,0 days 00:10:35.430260,1.9961229897012356,25445.1939307043,3.4375578962387094,23756,0.2684940280293232,COMPLETE
34,0.2098001902949572,2025-11-18 15:12:28.064662,2025-11-18 15:23:45.771009,0 days 00:11:17.706347,1.467493042331398,787.9131739746731,4.575256389336623,26220,0.4047916322522396,COMPLETE
35,0.20694576593720265,2025-11-18 15:23:46.009024,2025-11-18 15:32:46.701565,0 days 00:09:00.692541,2.2317503842880155,8.588472438083615,3.843035358813012,18113,0.5537533863868601,COMPLETE
36,0.22882968601332065,2025-11-18 15:32:46.953869,2025-11-18 15:42:22.251307,0 days 00:09:35.297438,1.841455447928173,90.68177952171715,4.0225127276466575,20583,0.8063033024977788,COMPLETE
37,0.17887725975261656,2025-11-18 15:42:22.917494,2025-11-18 15:52:10.885345,0 days 00:09:47.967851,2.9882482733038085,0.40840934651051997,4.065575136465594,21317,0.7933890744469887,COMPLETE
38,0.13748810656517602,2025-11-18 15:52:11.197846,2025-11-18 16:03:15.050330,0 days 00:11:03.852484,-2.7717816004215954,59.858101666052235,4.481555315493786,25046,0.9740959465041704,COMPLETE
39,0.22597526165556614,2025-11-18 16:03:15.301550,2025-11-18 16:15:01.638224,0 days 00:11:46.336674,2.565224236136353,108885.45897480262,2.3919930372524614,27771,0.904711153754149,COMPLETE
40,0.12464319695528069,2025-11-18 16:15:01.892008,2025-11-18 16:23:16.192763,0 days 00:08:14.300755,-1.6347980022066513,79.03533075438759,4.942930213623974,12768,0.7926186687112384,COMPLETE
41,0.1384395813510942,2025-11-18 16:23:16.399590,2025-11-18 16:35:43.023015,0 days 00:12:26.623425,1.1870537084585613,5.930539137031586,3.762420231042078,28833,0.844003648896994,COMPLETE
42,0.17554709800190296,2025-11-18 16:35:43.254054,2025-11-18 16:44:22.527647,0 days 00:08:39.273593,0.5183435041137672,3728.1457043821815,4.145570379652989,15646,0.9265614020033788,COMPLETE
43,0.2554709800190295,2025-11-18 16:44:22.787516,2025-11-18 16:54:02.772150,0 days 00:09:39.984634,1.9314109381903872,746.9348670951517,3.441208140680007,19592,0.994600749234428,COMPLETE
44,0.2369172216936251,2025-11-18 16:54:03.003106,2025-11-18 17:03:21.407423,0 days 00:09:18.404317,1.7417817255197554,180.61186871148186,3.126108775370896,19786,0.9870852213109812,COMPLETE
45,0.2445290199809705,2025-11-18 17:03:21.618977,2025-11-18 17:12:31.877427,0 days 00:09:10.258450,1.7538427722230447,172.0701832996057,2.986171365562651,19608,0.9649165726050644,COMPLETE
46,0.2483349191246432,2025-11-18 17:12:32.387665,2025-11-18 17:22:10.698388,0 days 00:09:38.310723,1.5151565988200957,229.1072297743782,2.0167052327369834,17785,0.9819566936186689,COMPLETE
47,0.1665080875356803,2025-11-18 17:22:11.012031,2025-11-18 17:30:22.311198,0 days 00:08:11.299167,1.2837053049532365,29.565874874770014,1.5121430810099223,13518,0.9327436998846751,COMPLETE
48,0.24548049476688868,2025-11-18 17:30:22.540300,2025-11-18 17:39:11.316420,0 days 00:08:48.776120,2.217848016028811,9901.03509385004,2.020642832575752,17837,0.9962458746199466,COMPLETE
49,0.20266412940057088,2025-11-18 17:39:11.548656,2025-11-18 17:48:00.277682,0 days 00:08:48.729026,1.536763414103772,13370.685078549717,2.2885131000202006,17566,0.8894276341988,COMPLETE
50,0.2126546146527117,2025-11-18 17:48:00.506250,2025-11-18 17:57:51.669754,0 days 00:09:51.163504,2.1726519871593672,460783.5481314718,2.0830457149768313,22196,0.9997801613619768,COMPLETE
51,0.15080875356803045,2025-11-18 17:57:51.883467,2025-11-18 18:06:17.794704,0 days 00:08:25.911237,0.07993651677188636,76458.39235330261,1.706420159295718,15321,0.9468033697893354,COMPLETE
52,0.17174119885823025,2025-11-18 18:06:17.988776,2025-11-18 18:14:59.348346,0 days 00:08:41.359570,1.1836136606467922,6514.234029873355,1.4092135067735585,18511,0.8729401873071618,COMPLETE
53,0.23834443387250237,2025-11-18 18:14:59.535190,2025-11-18 18:23:14.600156,0 days 00:08:15.064966,2.1530922154293006,340.85366180195194,2.805332016326169,16324,0.9424682284875174,COMPLETE
54,0.2340627973358706,2025-11-18 18:23:14.808889,2025-11-18 18:30:41.367424,0 days 00:07:26.558535,1.650773932536785,785.9232580816898,1.9970910588328197,3061,0.9985461431996961,COMPLETE
55,0.24976213130352046,2025-11-18 18:30:41.610099,2025-11-18 18:39:21.289052,0 days 00:08:39.678953,2.023533467494795,36075.63361110896,2.42478855773958,17079,0.9099550300169584,COMPLETE
56,0.21836346336822074,2025-11-18 18:39:21.622604,2025-11-18 18:47:54.242945,0 days 00:08:32.620341,1.9909955083703035,46522.47304876488,2.424058239699953,17552,0.9104128219632631,COMPLETE
57,0.23882017126546146,2025-11-18 18:47:54.437054,2025-11-18 18:55:58.999322,0 days 00:08:04.562268,2.633109701313475,10084.216645652376,1.8344909075519016,13578,0.8777787934712905,COMPLETE
58,0.23453853472882968,2025-11-18 18:55:59.829758,2025-11-18 19:05:14.670234,0 days 00:09:14.840476,2.0490723242104956,502820.305325695,3.0480651703440236,19363,0.9619595296374281,COMPLETE
59,0.20266412940057088,2025-11-18 19:05:14.926301,2025-11-18 19:14:49.159690,0 days 00:09:34.233389,1.443353047499397,32523.72678246074,2.1627325728874194,21282,0.7172383699276499,COMPLETE
60,0.1598477640342531,2025-11-18 19:14:49.453783,2025-11-18 19:23:34.438947,0 days 00:08:44.985164,0.8338923614517577,227245.64797494968,3.2480637294254953,17024,0.8230140040154076,COMPLETE
61,0.1879162702188392,2025-11-18 19:23:34.668146,2025-11-18 19:31:48.958399,0 days 00:08:14.290253,1.1016249850103486,3848.894329975896,0.9383146842070775,14138,0.9585731376896428,COMPLETE
62,0.21027592768791628,2025-11-18 19:31:49.177868,2025-11-18 19:41:47.637690,0 days 00:09:58.459822,1.7776472042124356,214.3259236045027,2.598294086528151,23009,0.8637419220770127,COMPLETE
63,0.21217887725975262,2025-11-18 19:41:47.852422,2025-11-18 19:50:40.852753,0 days 00:08:53.000331,2.2909304192589675,3.65247521809363,2.7312023133093857,18685,0.9137673504764703,COMPLETE
64,0.18601332064700285,2025-11-18 19:50:41.081269,2025-11-18 19:59:00.184207,0 days 00:08:19.102938,2.4569669142883908,0.997443104523037,3.0143423917523475,15501,0.7664838697243839,COMPLETE
65,0.23263558515699334,2025-11-18 19:59:00.460494,2025-11-18 20:06:41.179421,0 days 00:07:40.718927,2.724522815969066,1339.8918372825651,2.3106289106624325,8837,0.8379407614187568,COMPLETE
66,0.230732635585157,2025-11-18 20:06:41.380406,2025-11-18 20:14:30.723025,0 days 00:07:49.342619,1.5616376984965348,33.71149796263555,3.385667788470537,11229,0.7063501736733683,COMPLETE
67,0.10608943862987631,2025-11-18 20:14:30.974505,2025-11-18 20:21:54.972241,0 days 00:07:23.997736,-0.48099186217097933,0.08231721502115819,1.8445308405175982,6252,0.9632151449778972,COMPLETE
68,0.09895337773549001,2025-11-18 20:21:55.165414,2025-11-18 20:31:00.075663,0 days 00:09:04.910249,1.8804409009403011,1.451838109168194e-05,0.2923535447736949,19444,0.9021543067918675,COMPLETE
69,0.23644148430066603,2025-11-18 20:31:00.283515,2025-11-18 20:39:38.687237,0 days 00:08:38.403722,2.0757732865974137,751.732600718721,2.4995488898512077,16898,0.7764642595364837,COMPLETE
70,0.23263558515699334,2025-11-18 20:39:38.911425,2025-11-18 20:49:19.478083,0 days 00:09:40.566658,2.8562146544037836,15.875075431646192,3.665452418303703,22074,0.931170657763521,COMPLETE
71,0.19695528068506185,2025-11-18 20:49:19.680010,2025-11-18 20:57:04.694684,0 days 00:07:45.014674,1.3736518230382995,14464.237189220958,3.1735958053031466,12561,0.8271910153090923,COMPLETE
72,0.109895337773549,2025-11-18 20:57:04.890226,2025-11-18 21:06:39.024889,0 days 00:09:34.134663,2.351844519866474,0.015229095423838221,2.9183606925694923,20516,0.9797765969602525,COMPLETE
73,0.21170313986679354,2025-11-18 21:06:39.255805,2025-11-18 21:15:30.944829,0 days 00:08:51.689024,2.58431763138498,7428.638354258898,1.915893698880916,28,0.8765714475233527,COMPLETE
74,0.22407231208372977,2025-11-18 21:15:31.275811,2025-11-18 21:24:18.835910,0 days 00:08:47.560099,2.5844258658118147,2013.7397953593274,2.079553996583079,17983,0.8797572255549726,COMPLETE
75,0.230732635585157,2025-11-18 21:24:19.144580,2025-11-18 21:31:53.209768,0 days 00:07:34.065188,2.2085838380000213,24942.388832562556,1.4964862328567576,3666,0.9555952124736056,COMPLETE
76,0.22835394862036157,2025-11-18 21:31:53.436341,2025-11-18 21:42:10.738946,0 days 00:10:17.302605,1.7013329881642987,493.50113481524903,1.627736316681012,24148,0.8552080659014976,COMPLETE
77,0.22645099904852523,2025-11-18 21:42:10.959409,2025-11-18 21:49:59.036151,0 days 00:07:48.076742,2.83277032098695,144.53910729478295,1.303508455645976,10470,0.9124505444505692,COMPLETE
78,0.23786869647954328,2025-11-18 21:49:59.400412,2025-11-18 21:58:09.420718,0 days 00:08:10.020306,1.9047028948853866,230482.38564170786,2.81585852089608,14300,0.8105770195350966,COMPLETE
79,0.22169362511893434,2025-11-18 21:58:09.723099,2025-11-18 22:06:38.394176,0 days 00:08:28.671077,2.551328901498087,7689.031122206904,2.2170812096150563,16256,0.9996673920090118,COMPLETE
80,0.15128449096098953,2025-11-18 22:06:38.687198,2025-11-18 22:16:02.873457,0 days 00:09:24.186259,-1.2678231229059724,3583.9900685228563,3.357493845404112,21204,0.8907124435145768,COMPLETE
81,0.21693625118934348,2025-11-18 22:16:03.142855,2025-11-18 22:23:30.745375,0 days 00:07:27.602520,2.35840375673642,56357.31740251396,1.7540487813434664,7703,0.9332121105701189,COMPLETE
82,0.23977164605137963,2025-11-18 22:23:30.960710,2025-11-18 22:32:42.926319,0 days 00:09:11.965609,2.083289168344145,1441.208101331558,2.487363917492044,20130,0.6129118931976453,COMPLETE
83,0.21550903901046622,2025-11-18 22:32:43.186843,2025-11-18 22:41:40.297366,0 days 00:08:57.110523,2.067120813724499,1458.0213754482722,2.4181375537316034,18809,0.6358244741387458,COMPLETE
84,0.20313986679352997,2025-11-18 22:41:40.545428,2025-11-18 22:50:43.176017,0 days 00:09:02.630589,1.630523042258758,343.68454742891663,2.566551607918174,19920,0.5831621809319996,COMPLETE
85,0.22597526165556614,2025-11-18 22:50:43.396880,2025-11-18 22:59:12.686380,0 days 00:08:29.289500,1.8579516974740933,19421.48791391087,3.516414465282948,17971,0.5123828982506934,COMPLETE
86,0.2098001902949572,2025-11-18 22:59:13.007591,2025-11-18 23:08:31.860175,0 days 00:09:18.852584,2.234021388919652,112.88325284454871,1.999677346195609,20374,0.7550317861176191,COMPLETE
87,0.22645099904852523,2025-11-18 23:08:32.141967,2025-11-18 23:17:15.473422,0 days 00:08:43.331455,2.71020009654523,42.16455200124402,2.7421388473116632,17492,0.6784385261534869,COMPLETE
88,0.19600380589914368,2025-11-18 23:17:15.769027,2025-11-18 23:25:33.199341,0 days 00:08:17.430314,2.477037399771839,0.31791991255220353,2.21428112102938,14823,0.9740782779490149,COMPLETE
89,0.20123691722169362,2025-11-18 23:25:33.415230,2025-11-18 23:34:05.857273,0 days 00:08:32.442043,2.002996580406133,3154.1490464656094,1.8825868796162513,16146,0.7228623381797448,COMPLETE
90,0.24310180780209326,2025-11-18 23:34:06.112877,2025-11-18 23:43:07.418492,0 days 00:09:01.305615,1.7521760738146281,979.8256107111345,3.892580287364959,19090,0.8522520564527395,COMPLETE
91,0.23501427212178877,2025-11-18 23:43:07.706738,2025-11-18 23:52:08.880124,0 days 00:09:01.173386,1.505649310063843,234.33279904374874,3.8420107606310245,19076,0.7857318792559055,COMPLETE
92,0.1845861084681256,2025-11-18 23:52:09.223238,2025-11-19 00:01:34.530049,0 days 00:09:25.306811,1.2973731217851088,974.9250680938845,3.5721319577413344,21203,0.8463342877537434,COMPLETE
93,0.230732635585157,2025-11-19 00:01:34.773238,2025-11-19 00:08:57.679162,0 days 00:07:22.905924,1.7783494779812088,528.0748773252119,2.3618708070868406,1637,0.9467912046939451,COMPLETE
94,0.19600380589914368,2025-11-19 00:08:57.974123,2025-11-19 00:17:33.907042,0 days 00:08:35.932919,2.131044263227182,1.3660228954581153,4.305542125140777,17114,0.9143643680632416,COMPLETE
95,0.2602283539486204,2025-11-19 00:17:34.221625,2025-11-19 00:27:07.741401,0 days 00:09:33.519776,2.3173539511977874,11457.035859031124,3.7608555626424858,22344,0.981017241914466,COMPLETE
96,0.2483349191246432,2025-11-19 00:27:08.028093,2025-11-19 00:36:56.888621,0 days 00:09:48.860528,1.9344176677954508,5359.152748705194,3.7221509753358366,22708,0.9721996932176453,COMPLETE
97,0.26070409134157946,2025-11-19 00:36:57.155186,2025-11-19 00:46:46.905667,0 days 00:09:49.750481,1.6841632063717633,5284.55661180071,3.7206073201081478,22333,0.9787377516770559,COMPLETE
98,0.230732635585157,2025-11-19 00:46:47.099762,2025-11-19 00:56:29.916258,0 days 00:09:42.816496,1.6911852230994007,98402.36311409611,3.939343773279251,23113,0.9630488069260525,COMPLETE
99,0.22216936251189343,2025-11-19 00:56:30.097440,2025-11-19 01:06:03.915208,0 days 00:09:33.817768,1.4152736769682182,4693.214468895629,3.695659688947188,22067,0.9854490522305022,COMPLETE
100,0.2269267364414843,2025-11-19 01:06:04.120625,2025-11-19 01:15:58.066314,0 days 00:09:53.945689,1.0039370922203736,989247.2777312518,4.1677875288867705,22714,0.9994490749516355,COMPLETE
101,0.24215033301617508,2025-11-19 01:15:58.344488,2025-11-19 01:26:17.660817,0 days 00:10:19.316329,1.9306111669466843,12263.914004904476,3.898525353524364,23967,0.9349856795361645,COMPLETE
102,0.181255946717412,2025-11-19 08:18:31.968888,2025-11-19 08:29:05.880265,0 days 00:10:33.911377,0.5386574047220803,2171.484056037955,3.7548339446862222,24825,0.9737456125867819,COMPLETE
103,0.2340627973358706,2025-11-19 08:29:06.224100,2025-11-19 08:39:35.157872,0 days 00:10:28.933772,1.927843231162192,17179.369628188193,3.875246951076894,24083,0.9326038075377504,COMPLETE
104,0.2450047573739296,2025-11-19 08:39:35.396027,2025-11-19 08:50:23.524301,0 days 00:10:48.128274,1.7743881496168488,10165.125273657834,3.450120305050398,25417,0.9475913108234963,COMPLETE
105,0.2373929590865842,2025-11-19 08:50:23.752349,2025-11-19 09:02:09.821769,0 days 00:11:46.069420,1.5423523119377192,5699.543099631316,3.5291137304684965,27373,0.8936357108128042,COMPLETE
106,0.1874405328258801,2025-11-19 09:02:10.043029,2025-11-19 09:10:59.313273,0 days 00:08:49.270244,1.2211783459908494,38301.46489970393,3.4268770384491516,18202,0.9520358348733035,COMPLETE
107,0.25737392959086586,2025-11-19 09:10:59.593548,2025-11-19 09:21:51.731421,0 days 00:10:52.137873,2.274530458078632,2643.589594104188,4.428732054238326,25396,0.9789898094786057,COMPLETE
108,0.2521408182683159,2025-11-19 09:21:51.981176,2025-11-19 09:32:58.967443,0 days 00:11:06.986267,2.393665862363055,221138.2863868008,3.122820354919527,26089,0.9764754887266857,COMPLETE
109,0.26117982873453854,2025-11-19 09:32:59.342104,2025-11-19 09:44:02.115358,0 days 00:11:02.773254,2.31421884082647,158744.47161928276,4.686640251254184,25977,0.975097704158844,COMPLETE
110,0.2530922930542341,2025-11-19 09:44:02.415577,2025-11-19 09:55:35.482627,0 days 00:11:33.067050,2.2863985110637755,165950.8499643992,4.464922335591951,26342,0.9844477579483616,COMPLETE
111,0.2554709800190295,2025-11-19 09:55:35.733565,2025-11-19 10:08:07.335830,0 days 00:12:31.602265,2.252404975528355,171550.5363509874,4.684813196619316,28785,0.9819167804958562,COMPLETE
112,0.24595623215984777,2025-11-19 10:08:07.528775,2025-11-19 10:20:52.837410,0 days 00:12:45.308635,2.347458221411447,230814.0060346365,4.759046209347777,29491,0.979120175606851,COMPLETE
113,0.24738344433872503,2025-11-19 10:20:53.070111,2025-11-19 10:33:09.973584,0 days 00:12:16.903473,2.3146404852814753,233317.452677071,4.690929077508544,29142,0.9766061734704793,COMPLETE
114,0.24405328258801143,2025-11-19 10:33:10.225041,2025-11-19 10:44:28.690573,0 days 00:11:18.465532,2.4394274303726595,143624.74727003346,4.5349752563624675,26525,0.9800411551708523,COMPLETE
