number,value,datetime_start,datetime_complete,duration,params_a_0,params_a_1,params_a_2,params_a_3,params_a_4,params_a_5,params_a_6,params_a_7,params_f_0,params_f_1,params_f_2,params_f_3,params_f_4,params_f_5,params_f_6,params_f_7,params_high_0,params_high_1,params_high_2,params_high_3,params_high_4,params_high_5,params_high_6,params_high_7,params_low_0,params_low_1,params_low_2,params_low_3,params_low_4,params_low_5,params_low_6,params_low_7,params_u_dc_0,params_u_dc_1,params_u_dc_2,params_u_dc_3,params_u_dc_4,params_u_dc_5,params_u_dc_6,params_u_dc_7,state
296,0.8087535680304472,2025-11-19 10:49:11.246390,2025-11-19 11:58:34.607188,0 days 01:09:23.360798,0.49225883794061837,4.036314314383349,0.4649845247832858,2.371037409505975,2.5412477925968266,3.5411801417568687,0.06838665485294781,4.570185821018519,2080.7472073610925,4304.548572875599,5457.907920840271,7627.148815891823,9973.573904223347,11912.133928192177,13584.936670752448,15896.335069789238,2662,4754,6634,7840,9611,11264,13422,15964,10,2233,4281,6254,8463,9705,11330,13424,0.1918748445505465,0.7015755723908172,0.833787699378874,0.46466485872067925,0.6499105290204966,0.39333347711547906,0.9827469601921016,0.5242592305704946,COMPLETE
297,0.8044719314938155,2025-11-19 11:58:34.850174,2025-11-19 13:01:11.366425,0 days 01:02:36.516251,0.5359988341368324,3.9369730341612907,0.4514957543536676,1.4663695031700854,3.1055083643018633,3.711080542296284,0.3637949735575595,4.559376000104609,2102.641603160902,4281.924131424417,5478.179489776645,7626.150654257326,9983.583062985288,11902.09942526137,13700.948311403758,15897.319983833993,2880,4753,6635,7838,9613,11266,13435,16000,8,2244,4286,6352,8461,9695,11335,13468,0.19217357407640728,0.706709971513334,0.8364823661506079,0.4493895781915455,0.12813595409762785,0.3926011005078282,0.9846625099908204,0.5101236149720109,COMPLETE
298,0.8063748810656518,2025-11-19 13:01:11.656233,2025-11-19 14:01:49.536531,0 days 01:00:37.880298,0.4852250379591631,3.8262579106053636,0.43543568514620745,2.392581240563405,3.0139020855281524,3.778916871170417,0.0857232245300798,4.499297041790043,1976.119903188396,4280.101136315689,5487.469269100722,7643.321421129016,9978.30404054064,11900.081652202169,13674.911257971302,15912.733626045088,2895,4756,6646,7842,9626,11290,13442,15993,1,2243,4285,5989,8452,9734,11295,13428,0.1904126649185619,0.7069167988189488,0.8333765121615199,0.44882635239002927,0.11198321906935033,0.3987677429660342,0.9856493966447647,0.5319053909940301,COMPLETE
299,0.7074215033301617,2025-11-19 14:01:49.961917,2025-11-19 15:01:57.919000,0 days 01:00:07.957083,0.5033414625020691,3.845555317608217,0.1729754358197111,2.7660993119818036,2.9541230372672955,3.715924108293736,0.034240559001525284,4.2420876042085185,1927.6857713446461,4254.219115012289,5468.355260958588,7636.862480854572,9992.547235169597,11904.08707595984,13662.62828137848,15909.83540310365,2932,4748,6657,7846,9623,11285,13405,16001,420,2247,4301,5996,8454,9729,11255,13450,0.19862864514614623,0.7008539487812964,0.8375184389913854,0.439124553483326,0.12694944504920685,0.41785377864638473,0.988768859548098,0.475782504417135,COMPLETE
300,0.8035204567078973,2025-11-19 15:01:58.223927,2025-11-19 16:02:03.302435,0 days 01:00:05.078508,0.5708317187220393,4.1124239580382,0.4441553823943277,2.424018613480577,3.4874962959637785,4.091395109157011,0.3293394239428027,4.55432492560456,1982.1142118026303,4284.940088102884,5502.239750237211,7693.237442206059,9993.789053018403,11945.29518236411,13620.50850587329,15940.397271111613,3009,4754,6674,7865,9637,11300,13434,16017,1,2243,4284,6328,8464,9761,11317,13439,0.1929136777787605,0.6731177751204214,0.8428837056619694,0.4465439924067407,0.09922317376993223,0.3995897938849984,0.9958708321087578,0.5342338808771974,COMPLETE
301,0.8030447193149381,2025-11-20 08:28:52.194152,2025-11-20 09:43:46.027469,0 days 01:14:53.833317,0.4922189514246272,4.0351836096151565,0.38050358107725724,2.770766200041097,3.543769589462105,3.9042592220219894,-0.1827893492285993,4.360428003346032,1970.6718227730962,4221.298590229738,5491.989741892708,7714.188434560409,9962.536870032824,11940.915987522538,13684.598352659992,15943.516432640952,2664,4765,6700,7872,9640,11301,13425,16032,0,2247,4282,6334,8464,9773,11324,13448,0.19571594708298784,0.6489870022070539,0.8439320845612079,0.45708992924715297,0.09435532094606397,0.45818632435276835,0.9981427166135455,0.5336734284432834,COMPLETE
302,0.5152235965746907,2025-11-20 09:43:46.317909,2025-11-20 10:52:37.197805,0 days 01:08:50.879896,0.6179801367472545,3.98654706659132,0.42613459429278283,2.445701504225997,4.103455637185549,4.015284604697501,-0.24547713168327145,4.468410331877152,1848.4166826815865,4222.3719630717715,5449.8236545097825,7769.491144293543,9993.356111856843,11957.957366744706,13722.747390197968,15898.286535516458,2905,4705,6721,7841,9722,11316,13443,16006,0,2255,4292,6322,8461,9718,11298,13435,0.19237675311247593,0.6525934120713041,0.8548973455287374,0.4482945532107076,0.07918069936469044,0.4362709472719506,0.9887176138570236,0.5177386503897565,COMPLETE
303,0.8058991436726927,2025-11-20 10:52:38.461324,2025-11-20 12:04:32.515133,0 days 01:11:54.053809,0.4505994227469433,4.0344027439424845,0.262683524389263,2.9331750976076956,3.2735870169570087,3.78122672031445,0.1397155021902126,4.523145306380439,1993.6886453168574,4288.585382164647,5508.841181737905,7737.631036585426,9945.769294624914,11913.668362843267,13683.609474086676,15937.369463949917,2977,4761,6694,7883,9654,11297,13417,16037,0,2234,4279,6340,8447,9776,11299,13487,0.1907650769210647,0.7133188375826002,0.8392486786808956,0.4484791880665782,0.13089940426848712,0.46625066670628684,0.9988092992878473,0.5321414543481856,COMPLETE
304,0.8106565176022835,2025-11-20 12:04:33.071369,2025-11-20 13:16:01.304844,0 days 01:11:28.233475,0.4208456678562605,3.6543592309275055,0.08460472822863085,2.90981422696747,3.54641726772482,4.035235182450162,0.09851988097060294,4.027508574565363,2040.0371527757802,4265.767786443251,5499.974053614081,7743.690409071402,9948.517963905211,11911.852351134095,13642.518994861903,15931.590138505848,2958,4751,6648,7893,9666,11292,13407,16026,0,2241,4287,6341,8446,9768,11289,13492,0.183052609606005,0.7405415653931722,0.8345293713641759,0.42958451923742175,0.1202682371112774,0.4528660961305066,0.9931168793881348,0.5244058915959956,COMPLETE
305,0.8006660323501428,2025-11-20 13:16:03.133285,2025-11-20 14:28:42.183271,0 days 01:12:39.049986,0.37868755010122207,3.6544451338367705,0.24964332698572955,3.0654065378768602,3.374025814893373,3.869471932175173,0.10615080445904246,4.039636032723428,1971.2123949028467,4217.7092564372615,5507.490899121461,7703.250997322125,9949.052082900711,11999.84232150682,13631.528661312448,15938.974868167745,2998,4727,6695,7910,9670,11301,13423,16043,1,2244,4282,6349,8443,9761,11284,13494,0.21712730234073996,0.7374997599830484,0.8182423147560098,0.4266531654116014,0.11350949616904835,0.46754300534374216,0.9917283538838294,0.5295549808337631,COMPLETE
306,0.8058991436726927,2025-11-20 14:28:42.574822,2025-11-20 15:39:30.205740,0 days 01:10:47.630918,0.4384940718473689,3.7291185864485814,0.0823729950905317,3.018090988985495,3.458068707965036,4.13390117134764,0.10338164584712638,4.069750149171234,1957.314070152652,4218.619121234102,5495.9923483495,7800.878844645304,9938.27161525786,11993.678523947901,13648.272804787892,15933.633575889497,2999,4728,6699,7915,9666,11307,13433,16043,0,2246,4312,6332,8446,9746,11292,13492,0.21941059241666233,0.733591768122261,0.8140599335344706,0.43379126151202513,0.09773358038736504,0.46905759401353825,0.9937676964327048,0.5202757600289676,COMPLETE
307,0.8116079923882017,2025-11-20 15:39:30.668657,2025-11-20 16:50:46.893969,0 days 01:11:16.225312,0.4114968690989161,3.616568667659781,0.04187766866884518,3.3267741746989605,3.402443150134951,4.177550631588573,0.06654505291671373,3.5565669287672144,1970.069937057559,4214.834166978632,5492.840455109295,7841.32906400344,9952.51396894897,11988.31628987611,13651.685630740472,15945.693265839313,2991,4730,6697,7890,9680,11306,13424,16049,0,2249,4314,6345,8442,9758,11287,13489,0.20650470134812493,0.7410907661236118,0.8117176997333421,0.42262681097846166,0.13998631901030145,0.46847574157317917,0.9945584874824459,0.5002658962350073,COMPLETE
308,0.8044719314938155,2025-11-20 16:50:47.123198,2025-11-20 18:03:25.642861,0 days 01:12:38.519663,0.4449117647169931,3.843002701346026,-0.06150957270154056,3.5907647278690478,3.594807798991733,4.731039219154309,-0.4810510557391383,3.624713424067346,1926.813171400048,4255.51996144591,5462.818859729622,7827.384909601129,9941.156116348255,11962.850915445984,13693.527455062651,15997.655891072729,2962,4745,6697,7887,9669,11317,13405,16033,0,2254,4311,6404,8132,9749,11286,13471,0.18016720133483077,0.7402669031163578,0.8184292481054403,0.4236967580920787,0.1508472721341989,0.5072878342096006,0.9996639096222751,0.5070795808613411,COMPLETE
309,0.566127497621313,2025-11-20 18:03:25.984900,2025-11-20 19:15:01.215807,0 days 01:11:35.230907,0.7073561354516736,3.750733630141348,-0.060141242477704526,3.6867038044897904,3.8398233229841217,4.453212163092345,-0.5227092221889906,3.421225098180764,1931.9419515237298,4244.305663362908,5484.495488961072,7748.313794143087,9947.266591554588,11954.415562748887,13724.506484291549,15940.742777053798,2967,4711,6699,7887,9723,11329,13395,16019,1,2251,4301,6350,8187,9766,11263,13473,0.18909517222386119,0.7537683752038405,0.803731658023392,0.42168662254202727,0.15484345496552288,0.4868017968683005,0.9924194436202926,0.5007682579312378,COMPLETE
310,0.8139866793529972,2025-11-20 19:15:01.594124,2025-11-20 20:27:16.127818,0 days 01:12:14.533694,0.4506680715061256,3.8512676102646983,0.08102916802782506,3.2108836545492414,3.5212500494787324,4.1753267845948026,-0.13918473826497427,3.611333957033465,1962.468312531631,4182.001098583716,5463.212472317085,7893.2236996259935,9991.78412967093,11970.633260387925,13665.521943295653,15943.274864349685,3030,4738,6706,7931,9677,11302,13418,16052,1,2260,4282,6413,8433,9792,11286,13449,0.23122125936000226,0.7759761133559623,0.7821837023222352,0.42168174650787743,0.09135835732194131,0.533466625891189,0.9960763511864252,0.5063560700240343,COMPLETE
311,0.79686013320647,2025-11-20 20:27:17.111125,2025-11-20 21:38:40.545768,0 days 01:11:23.434643,0.46048229772710514,3.616338271905258,0.03859278926705595,3.1537164656518666,3.170295539149943,4.322541184235297,-0.2197619013377063,3.6709797862265927,1936.3924638471788,4197.390093898746,5446.5920378167675,7819.144380689206,9917.590736245053,11959.384089285963,13685.505506899144,15952.11747538319,3039,4739,6708,7925,9692,11305,13421,16047,0,2261,4316,6399,8425,9783,11287,13447,0.231333376406118,0.7280671882268233,0.8186339762485111,0.4175754509168022,0.10206504142821946,0.5182373997559873,0.998505865659,0.5026575188150205,COMPLETE
312,0.5394862036156042,2025-11-20 21:38:42.009160,2025-11-20 22:49:37.333834,0 days 01:10:55.324674,0.7871655668477258,3.971376610590366,0.10436264946390109,2.885887429392935,3.54764432982099,4.118673975712315,-0.4050665547908799,3.694836128941398,1971.103879949278,4166.985367658309,5489.889572132343,7899.165481666859,9998.78923015962,11901.99822145193,13649.314506844845,15910.269973921773,2967,4726,6683,7937,9664,11340,13427,16058,0,2243,4315,6299,8438,9753,11304,13475,0.20215721106212453,0.7860651272543324,0.7775846833878024,0.4401276403780922,0.0784787983279124,0.49089190955674267,0.9988290746306437,0.5354107259695471,COMPLETE
313,0.80732635585157,2025-11-20 22:49:38.121444,2025-11-21 00:01:54.106282,0 days 01:12:15.984838,0.47798309452879323,3.8984532328692083,-0.0035843610726776776,3.5185261219870223,3.4188757683357496,4.644868043309074,-0.7940010928608601,3.654985825493374,1906.8257274817333,4268.586133325726,5456.399403912207,7998.190144704865,9959.04309278325,11871.98886523212,13597.811723087241,15998.73849395137,3014,4744,6697,7887,9678,11310,13393,16032,0,2263,4283,6418,8287,9744,11295,13497,0.17447317865570047,0.7085010483522524,0.8134372479578758,0.4363374673852824,0.15828382737440347,0.4604226346541194,0.9780476401206322,0.5139233009031764,COMPLETE
314,0.8044719314938155,2025-11-21 00:01:55.069933,2025-11-21 01:13:56.383677,0 days 01:12:01.313744,0.3686843828608307,3.8422243776031073,-0.10619307497696459,3.512329304446518,3.7375066029736166,4.210261509128821,-0.6544357236866678,3.42607488706738,1991.8406327883072,4226.2775379111235,5459.288175049334,7964.563973455672,9960.007834765203,11995.661885713273,13604.160758260598,15940.64524515608,3024,4746,6708,7896,9688,11322,13388,16084,0,2259,4284,6385,8445,9750,11233,13506,0.1852749170916259,0.7094156933003672,0.8090467199660135,0.4302659712715021,0.15792750325170424,0.5434875383538765,0.9760240282759342,0.5131250836381172,COMPLETE
315,0.8049476688867745,2025-11-21 01:13:57.032298,2025-11-21 02:25:24.717061,0 days 01:11:27.684763,0.3517214090169844,3.7259728098256484,-0.025810398961671643,3.5687689016350306,3.478909443048631,4.168517786720382,-0.7035192806595076,3.6634157416574644,1989.4822590676674,4229.962005348385,5423.324117210011,7918.460855488189,9970.41251792127,11998.342634306782,13583.62436455212,15958.588609143004,3016,4745,6703,7914,9709,11318,13396,16066,7,2267,4287,6402,8037,9749,11232,13502,0.21784278280854077,0.7111652267386978,0.7850937075304242,0.4154106938225046,0.16176130603284145,0.5381303987105629,0.9774490587172644,0.5127335679562197,COMPLETE
316,0.8025689819219791,2025-11-21 02:25:25.398531,2025-11-21 03:30:35.232561,0 days 01:05:09.834030,0.5316620056424662,3.835490317231958,-0.026235748501506617,3.4188950575890176,3.7673171214967414,4.176749524079406,-0.11215552119505023,3.5282645193269864,1878.1317705841386,4209.13659651305,5431.632140427032,7974.078679132158,9959.793216278573,11979.208735270056,13591.669510084614,15953.276065871249,3063,4751,6707,7920,9702,11329,13386,16080,8,2269,4281,6403,8127,9746,11231,13492,0.1821063015106468,0.7044267068507809,0.7871804349646814,0.4181292397379342,0.1521222752804418,0.5220220553274253,0.9736436731190121,0.5177087881567476,COMPLETE
317,0.8082778306374881,2025-11-21 03:30:35.515764,2025-11-21 04:30:00.720520,0 days 00:59:25.204756,0.3502134052307848,3.5749386452028054,-0.14255674383323236,3.399374483575112,3.458217505637803,4.661477598239726,-0.8948636236597559,3.7135610126957292,1910.3226891644854,4263.569626042577,5459.438213208222,7918.8226564865545,9958.271699940991,11879.990587008651,13680.212457001062,15909.894681172429,3020,4747,6719,7905,9719,11319,13412,16032,6,2265,4306,6418,8251,9801,11279,13502,0.21447297119749084,0.745787402184949,0.8008658522611283,0.43435992117339506,0.18384375058611704,0.5898055558784571,0.9816041746262089,0.4932930646742253,COMPLETE
318,0.8011417697431018,2025-11-21 04:30:00.948038,2025-11-21 05:29:26.649497,0 days 00:59:25.701459,0.3436015911136599,3.541379040481293,-0.1768138975397403,3.4589963780490693,3.2709670529927126,4.652455086075813,-0.6280261528445387,3.7373741436440513,1825.4611421680074,4256.861992844705,5447.91948772756,7919.9311313078215,9928.38457895665,11874.982809811576,13803.228839115975,15898.471910697443,3018,4743,6721,7961,9712,11349,13406,16028,0,2271,4309,6427,8319,9814,11172,13507,0.2237664640900939,0.748780468985479,0.7829332120863386,0.4350965367303683,0.17441946907086084,0.6191850482280861,0.9747825661231504,0.4603675180525342,COMPLETE
319,0.5375832540437678,2025-11-21 05:29:26.908491,2025-11-21 06:28:32.555787,0 days 00:59:05.647296,0.7117976988845305,3.699262566459908,-0.01801568962457023,4.139728121059535,3.448964502071418,4.351247941390886,-0.7602257355792749,3.1877174144495797,1905.7077818169225,4279.012490506208,5412.803429529723,7864.45846949663,9995.23586465267,11991.521348186283,13717.757829186494,15909.379549338784,3014,4745,6688,7908,9674,11325,13372,16060,9,2266,4342,6373,8258,9794,11246,13482,0.2122334225623126,0.7201872722355213,0.8072708675884842,0.40700007291064916,0.13947579086399933,0.554718566687241,0.9772372556384921,0.4924875601910247,COMPLETE
320,0.8144624167459562,2025-11-21 06:28:32.814028,2025-11-21 07:28:59.205685,0 days 01:00:26.391657,0.37477516877924777,3.825764202402726,0.046593094339986124,3.3160756372965796,3.11658725959885,4.360389189232137,0.10128819389650451,3.4733458109999655,1997.293356347724,4163.387964280128,5459.6148491983,7987.14240022086,9937.506849087058,11892.606190064853,13622.158046334522,15957.824431085233,2986,4717,6718,7895,9688,11301,13440,16089,9,2242,4317,6375,8111,9748,11278,13521,0.2413562266274386,0.735258788314487,0.8080519444829531,0.4334112943055544,0.11873467553514847,0.5754258672221166,0.9818271916486047,0.5117858632279463,COMPLETE
321,0.80732635585157,2025-11-21 07:28:59.679042,2025-11-21 08:43:29.449322,0 days 01:14:29.770280,0.41077496055603213,3.8043858375782453,-0.2894247576535156,3.7041111979354553,4.063587306911403,4.447537653979184,-1.0311538268084606,3.449422099708552,2023.7792639243887,4235.38307424298,5464.406693679499,7999.298780026914,9924.426294407825,11890.525515139683,13589.637643240927,15993.934915985392,2987,4713,6722,7890,9732,11375,13393,16087,10,2240,4328,6420,8062,9739,11219,13529,0.23628629887330482,0.7410950119234477,0.769111633600708,0.4260131114693164,0.1686559535960529,0.6000343839187305,0.9765668454290711,0.5040565185399143,COMPLETE
322,0.8030447193149381,2025-11-21 08:43:29.718470,2025-11-21 10:00:05.456240,0 days 01:16:35.737770,0.38943357920849125,3.471761624242234,-0.19349801435283365,3.6521318852770923,3.075112939030854,4.375768262744025,-1.0925208649321634,3.446061178230747,2006.3788788388274,4141.449365649338,5456.645355857258,7966.821551445681,9937.373509242492,11874.841623818567,13589.96412935852,15962.135678964956,2894,4710,6722,7893,9730,11376,13396,16098,9,2261,4328,6455,8055,9752,11273,13523,0.2458766401552902,0.7630357000393208,0.772068474963381,0.41226366466276576,0.18025293790168725,0.5864650885966616,0.978216782466043,0.47898521066084443,COMPLETE
323,0.8082778306374881,2025-11-21 10:00:05.867692,2025-11-21 11:17:45.000118,0 days 01:17:39.132426,0.3365284337119814,3.8013577726483767,-0.33385225712330674,3.897737586699784,4.074421171881953,4.814734260180652,-0.9723282544370571,3.156323100977378,2027.267689600382,4176.159348259858,5464.872089860165,7999.63404384182,9903.371097081084,11903.229668533226,13867.833760270792,15884.696049636028,2987,4718,6703,7936,9766,11320,13410,16132,9,2284,4310,6378,8090,9739,11290,13506,0.26395476052301137,0.742055466943404,0.7955512818124556,0.42809629572098973,0.1204767722743192,0.590445168912031,0.9764534139379866,0.5133113888969142,COMPLETE
324,0.813510941960038,2025-11-21 11:17:45.557766,2025-11-21 12:35:29.180601,0 days 01:17:43.622835,0.33911392349631087,3.7697477861886988,-0.2894347824787749,4.022577688348588,4.04597779312732,4.637611733244343,-0.8785583807767515,3.050132706880697,1920.8573716689984,4166.627652808203,5468.055011335252,7956.9940128367025,9905.005808865862,11904.890363252425,13841.638261487027,15888.662372641476,2987,4722,6722,7933,9663,11312,13416,16131,9,2277,4308,6423,8080,9738,11208,13500,0.2674969399650048,0.8086182719293433,0.7901398045151511,0.42187950133402063,0.12274043778797568,0.5349855155758723,0.9795551464364007,0.5139722011734827,COMPLETE
325,0.8139866793529972,2025-11-21 12:35:29.624177,2025-11-21 13:53:26.144568,0 days 01:17:56.520391,0.3324120891029987,3.7317402111109574,-0.3169156489125292,4.123010726946805,4.176445962362265,4.571988607906189,-1.3347049173193986,2.9535408813433195,1924.2861433638948,4199.18967854707,5464.0074907463895,7991.497771172754,9908.560328211297,11895.86680941645,13892.091421446075,15894.856264876891,2948,4718,6704,7935,9757,11357,13412,16155,0,2283,4312,6416,8091,9740,11221,13501,0.2280119282813124,0.7801972409798797,0.782561018303275,0.4267566213000712,0.1205731793879432,0.5419577244464744,0.9823468412639639,0.5135630710577282,COMPLETE
326,0.538534728829686,2025-11-21 13:53:26.660154,2025-11-21 15:11:26.056737,0 days 01:17:59.396583,0.6543172451828354,3.686863626605508,-0.37444443109088715,3.229532020069782,4.401654138014828,4.674684848916818,-0.9539616608143429,2.9504234359674073,1905.328275611231,4170.645451723411,5413.605255775177,7990.755602040667,9913.576589757615,11898.921040472263,13688.821243705102,15879.286078241777,2949,4683,6719,7939,9735,11354,13412,16160,217,2274,4322,6413,8096,9738,11191,13529,0.26215694098182313,0.7989462627982428,0.7627676803177674,0.402485961305136,0.1271835178140979,0.5875881308294978,0.9790141611476484,0.49778785059515973,COMPLETE
327,0.8054234062797336,2025-11-21 15:11:26.376037,2025-11-21 16:29:19.773832,0 days 01:17:53.397795,0.3116261476177816,3.4498943595487694,-0.3418396898491931,3.961597532228892,4.065869314517509,4.9045986263833115,-0.9192994394690682,3.2284035141243437,1849.3952095294942,4178.131914122219,5472.685587183112,7946.327731348646,9927.95816308036,11858.858193573124,13815.743641916268,15896.250710590411,2978,4724,6692,7933,9769,11313,13451,16185,11,2283,4344,6428,8135,9781,11214,13473,0.2367745457124061,0.8110314107001917,0.7799965684005824,0.42346496567703346,0.11689851796817552,0.5836704629280052,0.9743773201345383,0.46602347744681755,COMPLETE
328,0.774500475737393,2025-11-21 16:29:20.137889,2025-11-21 17:46:35.129147,0 days 01:17:14.991258,0.3354755201287314,3.411320560444896,-0.42383914900904585,3.948636102627759,4.204043846989144,4.923612869206707,-1.3637115507710116,3.059096653427982,1817.6445382204558,4176.774857459686,5435.30401221608,7937.2964815974565,9897.871677923362,11850.101577467218,13876.615535439356,15882.416649803821,3054,4715,6722,7952,9744,11291,13449,16181,12,2283,4344,6372,8033,9784,11208,13498,0.24338626825322707,0.8172870370683483,0.7795064200537066,0.4368636237286342,0.11744736828683264,0.6392767987863124,0.9702494710003353,0.4634809140141252,COMPLETE
