number,value,datetime_start,datetime_complete,duration,params_a_0,params_a_1,params_a_2,params_a_3,params_a_4,params_a_5,params_a_6,params_a_7,params_f_0,params_f_1,params_f_2,params_f_3,params_f_4,params_f_5,params_f_6,params_f_7,params_high_0,params_high_1,params_high_2,params_high_3,params_high_4,params_high_5,params_high_6,params_high_7,params_low_0,params_low_1,params_low_2,params_low_3,params_low_4,params_low_5,params_low_6,params_low_7,params_u_dc_0,params_u_dc_1,params_u_dc_2,params_u_dc_3,params_u_dc_4,params_u_dc_5,params_u_dc_6,params_u_dc_7,state
428,0.48763082778306377,2025-11-26 14:04:09.960937,2025-11-26 15:08:00.313115,0 days 01:03:50.352178,0.5515980599725275,4.267030841256326,-0.6284076674197128,3.1929201766256377,3.241645478589836,3.8408820159239427,-0.03784320274202885,2.3953805226294462,1800.5658509641498,4185.712983491348,5145.024015692363,7744.6652896542255,9877.752036038315,11997.835345561607,13909.316134928993,15999.43392333873,2930,4707,6687,7982,9634,11319,13449,15577,19,2252,4298,6462,8039,9921,11163,13527,0.23461423167763046,0.7877148710777916,0.7671590647654947,0.438558732987336,0.146309430229658,0.552030618831906,0.9622208290826133,0.5569952783371599,COMPLETE
429,0.4923882017126546,2025-11-26 15:08:00.621669,2025-11-26 16:11:07.593292,0 days 01:03:06.971623,-0.3132152971846228,4.059170966768131,0.27169278395423213,3.75686555335649,4.509470863375268,-4.614615602492558,-1.4074981186992712,3.0365888410537467,1990.4625742136038,4058.656374532898,5435.22894831589,7999.9295185821875,9742.025815943498,11921.677842160847,13822.694968412572,15906.381646100537,3037,4661,6653,7963,9705,11285,13375,16154,9,2655,4470,6360,8085,9767,11309,13493,0.799731138539084,0.8218639604817676,0.7901693719229624,0.3899488523559183,0.05403123135406207,0.6347898865314164,0.9478570315547941,0.5119654273294003,COMPLETE
430,0.7854424357754519,2025-11-26 16:11:07.937646,2025-11-26 17:14:20.352094,0 days 01:03:12.414448,0.058233350474578144,3.4901789010250517,0.1038637200691387,2.919825544571287,3.5263548116492553,4.254541089543645,-1.275719994190702,3.469311302441459,1935.4199156880397,4287.265232151916,5471.300708821764,7914.531639411163,9934.734938192241,11883.670944263005,13609.781192205339,15868.238121184299,3016,4731,6701,7948,9771,11340,13417,16102,50,2267,4314,6301,8125,9794,11275,13470,0.25232416681661307,0.73843897837451,0.7145892028004399,0.4478112439906672,0.0735849344583701,0.5121593622563745,0.9704249485849897,0.4955397681580769,COMPLETE
431,0.4467174119885823,2025-11-26 17:14:20.652650,2025-11-26 18:17:06.624903,0 days 01:02:45.972253,3.9115896323407484,3.7585534766460897,-0.25976397227513315,3.4139979628947454,3.068888478609814,4.832300690751526,-0.275436041172072,3.7234181165871343,1700.1034390053949,4110.038173382516,5416.0780221348305,7861.205519156996,9851.922004407399,11953.339852343091,13656.941107283383,15830.886759051657,2988,4689,6679,7917,9811,11304,13397,16072,28,2245,4349,6399,8074,9883,11241,13510,0.2877817959762067,0.8805430714279032,0.771399662805486,0.42626954080416174,0.09603329525708568,0.5870037252947187,0.9829437050236309,0.5295671787602766,COMPLETE
432,0.8058991436726927,2025-11-26 18:17:06.924267,2025-11-26 19:20:20.251564,0 days 01:03:13.327297,0.3279400353936864,3.952851919812601,-0.12534699459512413,3.993520833105502,4.0886695876587025,4.568422559402556,-0.5380261337255052,3.215445751770472,2026.4286289534741,4242.044498800013,5486.995748401236,7806.686335145108,9901.552243507631,11787.255534727672,13748.846352405702,15938.294701032373,2969,4643,6705,7893,9679,11407,13431,16124,0,2313,4278,6480,8107,9732,11220,13567,0.2194688920764338,0.768361577945759,0.7999158985076257,0.4036478475802631,0.010632371790964828,0.5311126529296243,0.9363521198527955,0.4778719083479874,COMPLETE
433,0.44433872502378685,2025-11-26 19:20:20.593975,2025-11-26 20:23:52.640471,0 days 01:03:32.046496,0.9495022037639872,3.3182275726510593,0.18756347599386464,4.9286182989755805,3.7965677754785894,4.030858496938219,0.10097329386303414,2.8150958951202822,1880.5389772352873,4169.70140085524,5529.269965779411,6693.528254549476,9962.352997005382,11714.420320851876,13584.966844260898,15967.993911082798,3060,4738,6722,8000,9735,11381,13468,16065,17,2281,4314,6377,8023,9703,11291,13539,0.1955514243470492,0.7241684697065628,0.7545986207109258,0.3703730101704067,0.21256011757935184,0.5585355222194714,0.9811632423684804,0.544399794380027,COMPLETE
434,0.6503330161750713,2025-11-26 20:23:52.938834,2025-11-26 21:27:03.195392,0 days 01:03:10.256558,-0.09197572018990055,3.5780212704970036,-0.37167203770963786,3.10794307914756,4.308506765936525,4.322468572053646,-1.0506296045114287,3.0702500379238056,1948.9323321339966,4293.817340230676,5370.556748601813,7961.472122203827,9892.286687928574,11829.341239148669,13867.225202814552,15908.191094366683,2846,4668,6674,7947,9663,11288,13385,16210,9,2256,4846,6432,8246,9752,11254,13483,0.17365420065994658,0.7962919353491196,0.7887122931474341,0.43570391120655283,0.3632983410282767,0.6168869982922165,0.9580184816810438,0.3983881544863024,COMPLETE
435,0.8035204567078973,2025-11-26 21:27:03.534978,2025-11-26 22:30:21.418223,0 days 01:03:17.883245,0.18880203044905386,4.317587227494367,0.4605330648002617,3.6561874021920606,2.602502630843201,4.828686409864516,-1.650855684685845,-0.8251108236692866,1835.4774612422787,4209.243347905169,5447.510671213106,7896.481095135741,9958.41047827089,11885.263416877791,13641.3059964124,15856.521278902383,2945,4716,6691,7927,9795,11325,13356,16009,18,2238,4336,6415,8197,9774,11318,13507,0.3092428986656893,0.7489146088245581,0.8092509517897924,0.45099475421838675,0.12319317789965104,0.5785380860775663,0.9265126272352809,0.5116182033317954,COMPLETE
436,0.5290199809705043,2025-11-26 22:30:21.660580,2025-11-26 23:33:26.787385,0 days 01:03:05.126805,0.5631550976492543,3.7569308279575226,0.020539724168354076,3.296193705229346,3.430252780546382,4.599127280331398,0.2489821055786791,1.5703894493677453,1760.9595886679806,4140.4795199145665,5508.496166846343,7956.84496447695,9810.035600223318,11929.510435155398,13795.952488277399,15932.919951979948,2962,4685,6660,7903,9705,11298,13414,16098,37,2278,4931,6505,8138,9826,11196,13457,0.24247819803673218,0.7703668550637601,0.7461041243699613,0.4238907710286862,0.17488529690406707,0.47718304137825407,0.9651533966231159,0.4941932448261685,COMPLETE
437,0.8044719314938155,2025-11-26 23:33:27.142894,2025-11-27 00:36:38.305181,0 days 01:03:11.162287,0.39794050580362467,4.122148855869517,0.23012705517269538,2.2770300495948743,3.720943320711056,4.989838372475802,-0.7765979499721867,3.4484705795390846,1996.6123045169618,4257.873692499976,5484.495496266186,7768.942861691306,9927.305618951059,11487.89783857143,13721.834979038453,15962.007147112296,3008,4737,6695,8032,9749,11356,13445,16038,0,2305,4294,6447,8097,9723,11277,13523,0.2093646148612932,0.7306291476037293,0.7709027566291499,0.3899919892784787,0.08543604370299282,0.45732548938728346,0.9843906952820757,0.46319265899250495,COMPLETE
438,0.7335870599429115,2025-11-27 00:36:38.575689,2025-11-27 01:39:48.248877,0 days 01:03:09.673188,0.04858084190072959,3.781597617822771,-0.16993092296310566,4.210816915805863,4.863117345275489,4.190945091969088,-1.1786111367565415,1.8922971003516396,1893.2636547273412,4078.0975743713725,5546.578764818696,7840.073984595657,9997.288969442561,11964.561565674814,13926.532480506794,15899.14090542154,2926,4704,6652,7973,9637,11277,13328,16150,121,2331,4393,6280,8060,9806,11305,13431,0.26751639447767,0.827354773785402,0.8106483196579001,0.46675104977885895,0.04178907555369689,0.8143846820539449,0.9993075508068932,0.5253202216657876,COMPLETE
439,0.48858230256898194,2025-11-27 01:39:48.561650,2025-11-27 02:42:56.792636,0 days 01:03:08.230986,0.7499899100905976,4.007733451919528,-0.5085975670094969,2.6772318766993326,3.9655631554840487,4.350884568745266,-0.23866759851403532,3.7275052473296997,2069.215923876634,4181.755026694706,5401.680957594584,7725.641404185026,9885.176352476743,11866.03311595064,13678.875552340054,15963.55596102295,2990,4622,6021,7949,9687,11425,13398,15983,24,2233,4273,6396,7968,9847,11243,13493,0.4431417950111616,0.7774158175700128,0.7845046625829833,0.41089800259245407,0.10891599160362125,0.5983747921276295,0.9468469842583591,0.5660922706677135,COMPLETE
440,0.7269267364414843,2025-11-27 02:42:57.083894,2025-11-27 03:46:05.067388,0 days 01:03:07.983494,0.25522019759388825,3.4619568979949125,0.4971304057828383,3.554117304216402,2.9363810843518925,3.8506834964894487,-0.9136960032980987,4.062100483537066,2030.5866559749804,2853.2294290626833,5467.371093697519,7918.595104168156,9936.012198744822,11910.518015934416,13844.63473937418,15805.531131504904,2909,4771,6707,7886,9724,11320,13372,16080,10,2264,4318,6213,8080,9747,11267,13542,0.3308657421136776,0.7570976225019729,0.7410037746428011,0.445245639791576,0.06033166891983779,0.5175159391607073,0.9684529533142896,0.5438297759426973,COMPLETE
441,0.7954329210275928,2025-11-27 03:46:05.357262,2025-11-27 04:49:04.452860,0 days 01:02:59.095598,0.46508301988298656,3.121731659503117,0.0460891924251014,3.9336229756387846,3.2424209877290697,4.592056149564254,0.03916720352954761,2.7457905667092963,1948.3949618279253,4309.571555370579,5516.0611890797145,7999.113576596546,9836.928968285727,11850.318336692904,13616.442716716618,15866.911216189985,3027,4665,6673,7920,9654,11805,13429,16127,10,2290,4802,6364,8157,9778,11328,13461,0.22944501365307146,0.8041379095043856,0.8185037818509368,0.4258856993409547,0.1400443944193994,0.5515273894745144,0.948890360057644,0.5060330555711864,COMPLETE
442,0.41531874405328256,2025-11-27 04:49:04.672690,2025-11-27 05:52:26.931433,0 days 01:03:22.258743,-0.07148235466392025,3.9443928351921933,-0.828348080902561,3.2351349733581016,3.5725374941455463,4.431144469849645,-1.3799949061963657,3.2697340721998156,1810.4928016272618,4216.263018495339,5444.741899374267,7887.126789572298,9970.297574904444,11785.896465028478,13586.414248219458,15917.289844884805,2975,4724,6706,7986,9773,11339,13458,16050,0,2249,4300,6545,8116,9706,11290,13504,0.18361751452038988,0.7207212854068737,0.7947886414646449,0.3962043650799992,0.033308244443358836,0.5690039256630798,0.9812445967232956,0.7720800212314343,COMPLETE
443,0.49571836346336823,2025-11-27 05:52:27.167647,2025-11-27 06:55:36.487059,0 days 01:03:09.319412,-0.2854619371297248,4.26358804976919,0.2822726685446455,2.9137704739573924,4.586706052284077,4.005981829809397,-0.520302072226215,3.0049204329643535,1904.4901699996008,4118.7811649886735,5484.6906879982525,7961.608082335116,9859.08262061794,11918.538383860548,13894.478095750272,15956.405826997678,3166,4698,6722,7882,9750,11305,13388,16024,29,2226,4365,6604,8223,9795,11234,13483,0.2504944152024912,0.7418006501438515,0.7628356923731162,0.45796441687166595,0.151945239137066,0.6380238941444287,0.9994393498768459,0.43892747391538883,COMPLETE
444,0.7140818268315889,2025-11-27 06:55:36.836818,2025-11-27 07:58:15.088187,0 days 01:02:38.251369,0.2240847042612,3.632932313645697,-0.23885373861961023,3.479766785176296,4.2333752416120065,4.694569140233051,0.35954814424549747,3.5382721392992837,1986.7724635363545,4018.8624852059434,5538.863269406973,7817.6588539470185,9905.669922162415,11967.903789643,13524.932998460295,15892.25474504274,2948,4745,6684,7958,9676,11271,13411,16101,291,2268,4335,6325,8046,9750,11213,13555,0.20698803426555826,0.7876308197308663,0.5776916280761114,0.36884029222304243,0.09384794362026863,0.4968060048257126,0.629720118649315,0.4836844690235307,COMPLETE
445,0.5518553758325404,2025-11-27 07:58:15.331938,2025-11-27 08:59:43.906058,0 days 01:01:28.574120,0.5982381864215094,0.26806676051150635,-0.029127986534823458,3.809216050910512,2.7857070285437033,4.164014314581605,-1.0825766761520002,2.5125939597309457,1863.8238110161822,4255.503887825253,5440.274117920416,7857.075764574782,9936.842034393927,11821.8846984536,13766.16424815622,15832.855734353529,2992,4646,6648,7933,9716,11372,13440,16065,17,2246,4255,6712,8102,9732,11256,13525,0.5968392022945479,0.8475866008477583,0.7243141340412358,0.43557769631534954,0.12246649991626009,0.9404110455750733,0.930299249979523,0.5180640599271509,COMPLETE
446,0.6917221693625119,2025-11-27 08:59:44.167039,2025-11-27 10:01:03.249940,0 days 01:01:19.082901,0.1062928274555946,3.876906932569747,0.5072142064870188,3.669301879406586,3.859920048433984,3.7205461327278284,-0.7345634963233469,3.856935710536092,1755.7116079136301,4325.927785535798,4746.641739773989,7928.882839928138,9761.26222462411,11884.855806817803,13642.983548149114,15996.656406135518,3046,4715,6683,7899,9702,11290,13480,16141,366,2298,4292,6469,8086,9811,11279,13474,0.27651423276108483,0.7565334089268688,0.7832293064441789,0.40963506578145364,0.06713351276458573,0.43717616832299816,0.5964600971648985,0.4649179268224311,COMPLETE
447,0.49762131303520457,2025-11-27 10:01:03.465439,2025-11-27 11:01:16.090221,0 days 01:00:12.624782,0.8602932506373475,4.086901851412662,0.16087282443379536,3.3697092289235995,3.352375161602726,4.471313052873891,-0.14688901439292143,3.313316921595404,2067.2437719421127,4168.5033502019205,5411.093933659918,7697.65859108227,9962.116959001492,11753.2875441624,13556.080884912377,15934.20700359623,2963,4673,6703,7863,9836,11347,13369,16006,9,2272,4321,6241,8065,9767,11306,13503,0.2242262452220595,0.7359253421317044,0.815703345605113,0.46792438648230067,0.11017725159171521,0.5371570607377093,0.9643375300198088,0.4957899241638037,COMPLETE
448,0.7997145575642245,2025-11-27 11:01:16.392937,2025-11-27 12:01:24.172016,0 days 01:00:07.779079,0.4531492042065618,4.341526541199134,-0.3929997808007086,3.0270077281618715,4.13015884432015,4.824114330289477,-1.5642478997625837,4.297314628991612,1928.2800467224286,4211.617144582448,5505.536774949536,7779.784146331562,9999.071968368788,11924.947581383962,13693.867003188036,15885.440728616191,2927,4774,6670,8016,9623,11317,13348,16179,20,2220,4411,6417,8307,9710,11229,13454,0.16793581956593853,0.7711157888191837,0.7648789547601188,0.4181638257570556,0.39078999233676703,0.6068028269874141,0.9494079228334803,0.5314352372410394,COMPLETE
449,0.4933396764985728,2025-11-27 12:01:24.511910,2025-11-27 13:01:30.870599,0 days 01:00:06.358689,-0.10775841917912363,3.6302165750134576,0.3361727260385531,4.225182008296758,3.1420876122718115,4.256501914552072,-1.2779202476943468,2.8838677427003248,2013.7185867797139,4278.669097072149,5003.045041027203,7957.651944416415,9891.348331257534,11840.47189482386,13819.809520945619,15998.597991991981,3010,4574,6722,7910,9733,11270,13415,16117,0,2260,4348,6447,8173,9783,11258,13541,0.1970144468468725,0.8098442953558553,0.7978599095513397,0.3351300162602012,0.3312781797822723,0.6563657414545636,0.9805172405196043,0.5543934709196671,COMPLETE
450,0.7863939105613701,2025-11-27 13:01:31.116435,2025-11-27 14:01:51.285960,0 days 01:00:20.169525,0.270681921435484,3.328137977324469,-0.10113181551241432,3.86991372879574,3.574132037035597,4.610290804037925,0.15287927025952722,3.6917124247151203,1965.2377540600992,4142.8966149145745,5562.597793094571,7897.4143498539315,9859.911668565672,11881.572008594512,13611.661911876618,15926.632359058698,2987,4745,6696,7962,9656,11391,13397,16253,45,2235,4270,6489,8134,9755,11180,13572,0.2450820354548745,0.7194539931826993,0.8259208477863559,0.3814576157127407,0.08117355371145511,0.5824354661591176,0.9195247310502588,0.515404531113475,COMPLETE
451,0.4971455756422455,2025-11-27 14:01:51.706249,2025-11-27 15:02:20.729550,0 days 01:00:29.023301,-0.4673079640979977,3.8454548383057054,0.08075377344562412,3.1916877413564544,3.916050685274441,4.855736266792074,-0.3852347982857277,3.137431706014789,1846.309543637104,4094.2571408213403,5467.237837011235,7820.059254801414,9924.558257104358,11997.790411117763,13735.328369738709,15851.174631435204,2948,4718,6645,7939,9796,11515,13428,16088,9,2281,4310,6383,8032,9862,11286,13523,0.287641260492878,0.7829447607185313,0.7855506357426862,0.44713012372434524,0.1656885839956813,0.5120311454793739,0.9678275718977253,0.47711062158645867,COMPLETE
452,0.36298763082778307,2025-11-27 15:02:21.053318,2025-11-27 16:02:46.764105,0 days 01:00:25.710787,0.6401439649301044,4.074713534803288,-0.5325503452199098,3.520754683009922,4.393450215633129,4.094810437848905,0.5080957418776116,3.3620594502441166,1712.3611673384291,4187.435503882702,5496.236338129744,7864.727974363775,9959.072211172313,11956.058229080198,13942.129178929908,15962.720585645986,3074,4698,6668,7879,9694,11451,13458,16045,28,2248,4942,6519,8260,9827,11318,13428,0.22364150719605808,0.750319236209867,0.7436509636223153,0.4304413816905222,0.1329628232813114,0.5633635323780032,0.9431482104884287,0.49856358282902696,COMPLETE
453,0.4257849666983825,2025-11-27 16:02:47.013330,2025-11-27 17:03:30.869884,0 days 01:00:43.856554,1.1159539879884115,3.48879779074925,-0.2380734197973759,3.682087791178341,3.686272982182773,4.436196154976498,-1.0447041389614344,3.0683749603319086,1898.7780193466858,4235.252456346357,5530.416513150412,7732.867429309557,9805.086263411617,11811.709764913301,13879.264480874457,15903.747455375034,2876,4681,6688,7978,9761,11295,13380,16166,16,2220,4375,6337,8095,9725,11270,13482,0.25859105309545277,0.6929056178444253,0.8055568865961996,0.4741920582233805,0.027366010005435065,0.5391227545981262,0.9838821109148639,0.536341425769026,COMPLETE
454,0.8173168411037107,2025-11-27 17:03:31.202120,2025-11-27 18:04:52.262584,0 days 01:01:21.060464,0.3900769458619161,3.713770048881436,0.3611507158076353,2.764573150368375,3.03765560664948,4.710221249397909,-1.7373300267430607,2.6705107169547766,2058.9161467441054,4266.225673935473,5417.965123240635,7932.528520146652,9909.337609872118,11884.234454522357,13657.85699725442,15999.607921760022,3134,4633,6722,7920,9667,11331,13410,16029,8,2580,4290,6263,8364,9738,11333,13511,0.18265128231076636,0.7939565772653697,0.7758440897340415,0.39386667153206906,0.09705824569987091,0.6215833649084692,0.962230751824454,0.5706548655994473,COMPLETE
455,0.7978116079923881,2025-11-27 18:04:52.802860,2025-11-27 19:09:18.898721,0 days 01:04:26.095861,0.43494800475961365,3.72819717371003,0.27955284569413047,2.610927658242604,2.937803790065923,4.724015830355354,-2.030191854918967,2.3683573155006123,2034.8427195290656,4253.124089105137,5347.905209711611,7933.72402693904,9896.24578523987,11910.10681978119,13693.30220979344,15997.500453484918,3135,4632,6707,7936,9674,11340,13409,16025,23,2613,4295,6268,8344,9737,11336,13502,0.18368572651860185,0.8157780375413399,0.7698672148204807,0.39259548888216494,0.09398236660254974,0.6139305196373128,0.9983967490850018,0.571018312562407,COMPLETE
456,0.4077069457659372,2025-11-27 19:09:19.184868,2025-11-27 20:13:01.572433,0 days 01:03:42.387565,0.738734822068021,3.033082450235806,0.052216130816312184,2.8744572614660817,3.170509201253509,4.974507270270438,-0.8890080624789413,2.7139310206241456,1970.02207291642,4287.94450839853,5389.95323725612,7970.64478602438,9925.051840039363,11867.659960033348,13657.101719891725,15963.07880482171,3103,4618,6722,7911,9636,11367,13442,15986,0,2785,4773,6301,8296,9699,11303,13522,0.20458616388860207,0.7944782921631588,0.7565286784615534,0.40445971920216994,0.06292604181271749,0.6753755272995111,0.9654066539370006,0.5522558457045613,COMPLETE
457,0.5685061845861085,2025-11-27 20:13:01.960427,2025-11-27 21:16:47.689277,0 days 01:03:45.728850,-4.728230961969435,3.5236479189077192,-0.0943134922164556,4.571927000770902,3.41564174297268,4.61179504587239,-1.803949369717711,2.668982201577922,2055.1732863428283,4224.181583392221,5424.302367429805,7906.731956552167,9855.211803542245,11934.582999395323,13581.528208929987,15998.151841278475,3144,4645,6704,7925,9686,11320,13385,16054,10,2328,4275,6252,8003,9765,11322,13462,0.17019699819153664,0.8428256104370688,0.7132148438647226,0.36075624234878506,0.10798704453253816,0.6252702407185287,0.981827173249613,0.5656693069725895,COMPLETE
458,0.510941960038059,2025-11-27 21:16:47.949739,2025-11-27 22:20:44.248113,0 days 01:03:56.298374,0.3778382213294435,3.877350122091158,0.3882374423433719,2.7039182593564064,2.776674487531916,4.403721590713366,-1.6625560813999327,2.921106608980547,1481.52037227194,4156.430329724857,5455.690939924204,7874.152822907612,9998.08724333166,11896.4292038466,13642.421216502491,15939.263436553178,3143,4658,6722,7898,9889,11329,13421,16028,35,2311,4329,6198,8318,9693,11295,13491,0.235087947110061,0.7903507968296881,0.77791791901223,0.38449558357970615,0.19419955357858773,0.5898634126305637,0.9544725852500855,0.5294348641137118,COMPLETE
459,0.4966698382492864,2025-11-27 22:20:44.554131,2025-11-27 23:24:43.809597,0 days 01:03:59.255466,0.5694732820562699,3.758573800188603,0.2094401032260195,3.0850798936443784,2.98998127927549,4.787256920754913,-1.5595716174307603,3.571831998850468,1783.1291030075774,4276.35498404068,5426.012046974728,6845.084682299443,9943.238222758304,11245.105662373175,13786.14928392709,15962.883655383774,3123,4604,6685,7948,9659,11359,13362,16002,17,2291,4293,6238,8278,9714,11240,13438,0.19411391051301308,0.7724821784892127,0.7379944527749335,0.41301771742679333,0.13832710126263825,0.6483526478588301,0.967478201398143,0.4483102673788027,COMPLETE
460,0.791151284490961,2025-11-27 23:24:44.445621,2025-11-28 00:32:06.306617,0 days 01:07:21.860996,0.21565125992896528,3.2953143470764026,-0.6289495328930195,3.3310647876466586,4.096885173383146,4.263843741523231,-1.2734352953775308,3.195284741057416,2003.9132760566863,4204.189903438302,5475.857834958558,7963.17163885112,9887.304676686985,11962.985586718023,13712.667935855368,15933.522101748194,2971,4685,6700,7916,9714,11313,13408,16074,9,2256,4253,6299,8377,9742,11277,13512,0.21909940848872064,0.8100139159566505,0.7937522953903227,0.3746025438407407,0.08386265279359677,0.6000601647187224,0.9998065153900558,0.5485099978191738,COMPLETE
