number,value,datetime_start,datetime_complete,duration,params_a_0,params_a_1,params_a_2,params_a_3,params_a_4,params_a_5,params_a_6,params_a_7,params_f_0,params_f_1,params_f_2,params_f_3,params_f_4,params_f_5,params_f_6,params_f_7,params_high_0,params_high_1,params_high_2,params_high_3,params_high_4,params_high_5,params_high_6,params_high_7,params_low_0,params_low_1,params_low_2,params_low_3,params_low_4,params_low_5,params_low_6,params_low_7,params_u_dc_0,params_u_dc_1,params_u_dc_2,params_u_dc_3,params_u_dc_4,params_u_dc_5,params_u_dc_6,params_u_dc_7,state
263,0.7882968601332064,2025-11-18 00:23:08.471036,2025-11-18 01:24:21.698830,0 days 01:01:13.227794,0.3087799908970915,4.44015742108802,0.34122267395695793,1.0525966413053283,1.1688728052349227,3.3652748986989107,1.651741886315845,-4.243996513490724,2121.1565484757466,4284.666608620619,5474.271823125394,7529.712629356909,9272.986612948507,11920.18199885853,13348.941523415764,15898.840347536758,2612,4628,6608,7877,9550,11251,13561,15978,27,2182,4141,5918,8482,9742,11444,13705,0.08743045763235692,0.7938352359926816,0.9255731086511572,0.5165518846354819,0.6263850415293037,0.43617497190952703,0.9978955700909218,0.6320076901478678,COMPLETE
264,0.8035204567078973,2025-11-18 01:24:22.054728,2025-11-18 02:26:52.504182,0 days 01:02:30.449454,-0.051111497209972684,4.1572590493086405,0.7767365407296043,1.4641851991473878,1.7845490364045191,2.7100461545272734,1.1079730759177953,4.579233775454931,2205.942833054493,4376.415486481128,5604.830930129514,7575.123204757274,9859.527929591635,11999.687430974862,13209.80084296807,15997.418750344119,2612,4734,6635,7824,9567,11220,13522,15896,17,2166,4237,5969,8459,9644,11391,13666,0.12197906196208544,0.6968171865486547,0.890519675802768,0.5458616250168822,0.6823979735329023,0.36209519201574897,0.9654441934575438,0.6812473708253567,COMPLETE
265,0.7459562321598477,2025-11-18 02:26:53.000697,2025-11-18 03:29:32.292766,0 days 01:02:39.292069,-0.008335581725599922,4.232594674318846,0.7145753477967791,1.5213463907470293,2.1388200492044533,2.7298834179709766,0.5978753700273698,4.297345269156247,2213.375130332553,4376.919176846048,5555.4014511742025,7676.0140974844735,9304.395392444234,11997.505431621308,13220.401483307513,15981.589848467924,2621,4739,6682,7794,9572,11234,13500,15929,152,2180,4244,5974,8459,9643,11390,13731,0.14718880604912327,0.7036309857684853,0.8924580022359866,0.555488890715269,0.6590306952785305,0.36375175235554214,0.9736514554254685,0.6799872761307993,COMPLETE
266,0.5090390104662227,2025-11-18 03:29:32.579969,2025-11-18 04:32:01.584893,0 days 01:02:29.004924,-0.4253901397284606,4.648099642988007,0.5585690300837969,1.7532510294688075,1.4004112831431992,3.122848633379906,1.1012731424509243,4.879240571334338,1890.8925581571057,4416.239039040625,5602.6853850729985,7578.532706860216,9375.779836736301,11856.956285331527,13159.828731739944,15927.648409837042,2595,4724,6650,7822,9593,11217,13555,15873,18,2203,4221,5941,8498,9653,11350,13662,0.12016807544205044,0.7503919988393861,0.8771771523534597,0.540245883785857,0.636325422885655,0.33931705027134207,0.9533572498972889,0.6570425599964963,COMPLETE
267,0.7868696479543292,2025-11-18 04:32:01.872176,2025-11-18 05:34:18.084539,0 days 01:02:16.212363,-0.01842697375562108,4.096565977195514,1.0092613463015976,1.3441651233421736,1.8390692891800007,2.675613873954953,0.8860749953401192,4.692772810196157,2158.2647176652613,4348.542109169565,5512.513075659203,7572.892663927126,9612.060165645093,11953.69749885402,13261.27285466074,15961.886631823343,2571,4786,6626,7850,9561,11180,13524,15899,30,2166,4190,5991,8437,9615,11416,13686,0.11957854839535503,0.8545039095777198,0.8658261749230708,0.5768638826023212,0.6767211210394938,0.3895476665114681,0.9665293309645268,0.626945432701143,COMPLETE
268,0.7992388201712655,2025-11-18 05:34:18.325956,2025-11-18 06:36:52.856885,0 days 01:02:34.530929,0.4878123984052755,4.998080370800482,0.8165873164338581,0.9783383454192376,1.767048573279712,3.2595822207059726,1.3000358899727933,4.905550514811915,2195.2516653384596,4393.036964965888,5658.125514395395,7507.506186895681,9434.979418667948,11793.485266662163,13330.515814563498,15873.91162659334,2649,4763,6576,7776,9539,11220,13487,15951,13,2220,4166,5958,8475,9671,11394,13370,0.09859419742093364,0.6443970464113212,0.8437261568064723,0.4849386831352115,0.6073534051627769,0.3607376866411317,0.946711044797651,0.6018378044194801,COMPLETE
269,0.7992388201712655,2025-11-18 06:36:53.091411,2025-11-18 07:39:31.032298,0 days 01:02:37.940887,0.6527326401786064,4.859577696684181,0.8399718729416508,0.9349267762922344,1.8549753343297648,3.81106124866015,1.3412755089763624,4.906703033311384,2203.4619007088413,4390.006299262328,5373.849785550848,7609.00491855347,9861.554032017371,11795.260271910302,13315.717051928392,15859.710165012646,2645,4766,6588,7780,9605,11222,13482,15951,20,2219,4162,5960,8475,9689,11390,13616,0.1005977984664295,0.6468030344835838,0.8476370435230588,0.49668133471817544,0.1349317170791195,0.3573492868780415,0.9489259840745754,0.5979493650566775,COMPLETE
270,0.7616555661274976,2025-11-18 07:39:31.325423,2025-11-18 08:42:01.806088,0 days 01:02:30.480665,0.631892858644946,4.514818419663407,1.5882257463468061,0.9289078116176843,2.067214675964049,3.925346635752784,1.545547292731608,4.5111420761016525,2221.1592956498553,4392.665038839351,5591.660347378764,7626.792543299809,9855.972299516265,11678.722260910967,13309.966244887948,15836.639543064357,2646,4744,6600,7775,9644,11215,13466,15956,41,2216,4166,5968,8480,9698,11391,13623,0.09818451559319663,0.6382394780966464,0.8962189107383721,0.48549333479701007,0.19386911393711986,0.3521462305483729,0.9705127571675292,0.5719286944578237,COMPLETE
271,0.7811607992388202,2025-11-18 08:42:02.033257,2025-11-18 09:44:37.802897,0 days 01:02:35.769640,0.4530317046561521,4.984793341698678,1.278012422648743,1.1187884358241584,1.6557216872489842,3.7632424169071617,1.037673633758829,4.991444475688346,2068.80737997038,4424.771789688893,5667.840692755511,7603.834582896175,9968.5504863609,11778.767767080964,13434.970673432423,15989.84471354472,2665,4775,6616,7783,9616,11222,13061,15913,16,2166,4126,6011,8471,9677,11370,13660,0.08699913760778667,0.6653871017444462,0.8177331631586334,0.4991835751902339,0.053545617800514755,0.3141153374692852,0.9155407550919672,0.6013430926383802,COMPLETE
272,0.8044719314938155,2025-11-18 09:44:38.027515,2025-11-18 10:47:16.767280,0 days 01:02:38.739765,0.7878224912869146,4.640119841140733,0.8706055808117166,0.9203933332738812,2.354277212952376,2.970382108740352,0.776187424343465,4.936015908155136,2202.701854236738,4395.912138262567,5380.7560811692765,7558.515015112855,9779.445288115576,11805.646926287449,13207.075103200494,15657.376448178526,2631,4793,6647,7797,9600,11192,13498,15959,0,2190,4159,5954,8444,9667,11406,13602,0.10873672936729034,0.6880133238885678,0.87097531280038,0.4786023092293122,0.588262496317406,0.3299392291113333,0.9505173386810833,0.5513511674297304,COMPLETE
273,0.7816365366317792,2025-11-18 10:47:17.037267,2025-11-18 11:49:53.153137,0 days 01:02:36.115870,0.6483038961340986,4.6124218444896785,1.1345068144761006,0.9099198060430741,2.46758838959159,2.89067097619048,0.34716829552963546,4.9686842924959755,2212.8449350513797,4499.269508675535,5345.319091480257,7654.757560519977,9450.876962044624,11806.431591944884,13202.445726545235,15676.786269059874,2634,4791,6642,7797,9582,11197,13486,15979,0,2190,4235,5956,8429,9711,11400,13294,0.10921624147611908,0.6014813640475031,0.9135446793078748,0.4722007147310213,0.36830218102295137,0.3310401522634341,0.9517782593931852,0.5564907024039261,COMPLETE
274,0.4871550903901047,2025-11-18 11:49:53.879883,2025-11-18 12:52:41.213141,0 days 01:02:47.333258,-0.38541365521473225,4.421438845169165,0.9056705586249828,0.9664775181950086,1.961759458042137,2.63493272678721,0.7874597042502387,4.642986877623096,2192.29277993372,4428.804894923677,5224.948714196589,7769.102575961263,9724.649692132334,11841.469908056559,13226.486789612287,15649.336912641102,2654,4714,6663,7761,9698,11188,13514,15963,0,2189,4167,5984,8500,9665,11346,13604,0.0819412050002779,0.6826244279844512,0.8733418609964402,0.48323001793054515,0.5501150551843018,0.36819795929003996,0.9993539040530443,0.5268016585808906,COMPLETE
275,0.7982873453853473,2025-11-18 12:52:41.440702,2025-11-18 13:55:12.626643,0 days 01:02:31.185941,0.9790041745029449,4.182121778195644,0.8834565801334195,1.1247928750500982,2.5034793924732788,3.08105219933414,1.7423223416723816,4.77448089088532,2105.1148201575506,4392.728826250891,5523.9073477758275,7556.458708042553,9821.697065394637,11755.824344066052,13266.09986568085,15708.725416389987,2628,4795,6634,7770,9601,11211,13536,15873,10,2226,4264,5957,8477,9689,11368,13385,0.12925956995903323,0.7227268636249893,0.8820671396077593,0.4997791295010678,0.5828882796894773,0.3360487064016587,0.8980394293751625,0.5873942413523819,COMPLETE
276,0.7664129400570885,2025-11-18 13:55:13.097833,2025-11-18 14:58:06.121147,0 days 01:02:53.023314,0.8391540911509068,4.136455204498564,1.0669671650899106,1.1337842937125284,2.4081214759358645,4.2411968214408375,1.636176233002575,4.805710704688289,2098.1860036799576,4382.717154449112,5411.566124133373,7574.649524878092,9866.742960901465,11748.839042698324,13275.475915110961,15697.492358766862,2620,4796,6645,7764,9629,11186,13545,15871,29,2230,4272,5998,8422,9727,11313,13679,0.13308356424419432,0.729997092133086,0.9323085212388295,0.49892210347923305,0.5254414075067148,0.32291075613860243,0.9780997112181016,0.5842358782646458,COMPLETE
277,0.5285442435775451,2025-11-18 14:58:06.381458,2025-11-18 16:00:49.122407,0 days 01:02:42.740949,0.7092934169093306,4.99217208771235,0.38397181840593825,1.173822585475905,2.108668763913979,3.073370464408311,1.8001662391506783,4.188601436431296,2044.7885854909314,4455.456257303824,5428.165858719974,7548.752034081232,9791.985051263486,11874.724649419408,13169.072986743788,15710.452596593452,2631,4798,6610,7780,9601,11175,13456,15949,13,2190,4215,5968,8481,9692,11366,13648,0.6506687983110359,0.6458397369996047,0.8321924056370699,0.466387728417327,0.5617800743089842,0.33897187525824835,0.9197370172514178,0.5479534773131779,COMPLETE
278,0.801617507136061,2025-11-18 16:00:49.819554,2025-11-18 17:03:42.483308,0 days 01:02:52.663754,1.061229724434095,4.311921180056194,0.8478238806368639,0.9215944975621,1.7867595601400401,4.748210414657602,0.7142914543006795,4.569697688858557,2247.948095932079,4384.33648657302,5310.669067380526,7587.404998267785,9900.85533530025,11789.967853445973,13250.505164335354,15660.185393356986,2645,4697,6665,7804,9657,11204,13513,15901,0,2166,4257,5957,8401,9670,11383,13363,0.11930983911346013,0.7124820432458466,0.889331588048217,0.5088026154490424,0.5850416259150942,0.3067341891964638,0.9546874848767801,0.5907236861292531,COMPLETE
279,0.7259752616555661,2025-11-18 17:03:43.310946,2025-11-18 18:07:18.902141,0 days 01:03:35.591195,0.8610781211172335,4.303581228928396,0.8865790339248916,1.2671597110083745,1.7894912101807843,4.129159837019715,0.6704510819750868,4.656686754413962,2234.665007409018,4315.260824710775,5329.983656684147,7699.214473679787,9931.091980441624,11688.960469181155,13303.255526096384,15646.061887932878,2653,4668,6716,7805,9680,11871,13498,15904,260,2186,4255,5909,8393,9674,11384,13386,0.10620790510453457,0.7146285450371287,0.8881288639621767,0.5042325784301254,0.2256796102268736,0.33730073775449815,0.9540090913732586,0.6128569188626654,COMPLETE
280,0.7887725975261656,2025-11-18 18:07:19.516868,2025-11-18 19:09:50.058726,0 days 01:02:30.541858,1.0471658229245184,4.1643360797020685,1.4154110540588236,0.9881925396097329,2.2341108619721686,3.611789137515122,0.24046425690514256,4.3230605154981445,2118.6724379332695,4312.373599977299,5534.999484049948,7607.431539358747,9908.700485168234,11791.53748901668,13209.260943096033,15615.198179036064,2613,4695,6675,7803,9661,11268,13536,16014,0,2170,4288,5954,8441,9703,11358,13326,0.12539939337289152,0.7065080374203585,0.910420412563027,0.514497013247738,0.5785168570943175,0.30027365024824443,0.9665624905802291,0.5712643634869582,COMPLETE
281,0.7987630827783063,2025-11-18 19:09:50.324724,2025-11-18 20:12:19.010261,0 days 01:02:28.685537,0.9095609788500102,4.361908478535249,0.8099191157381006,1.1418654585950565,2.7725979645835372,3.1575936749832363,0.8784005533336126,4.77875439277533,2249.1037488081784,4387.39944302516,5353.866343432185,7650.306970998561,9870.495789141649,11718.933274329493,13270.661775213559,15658.49092311031,2582,4736,6665,7809,9613,11219,13474,15915,25,2167,4260,6029,8408,9668,11382,13416,0.11812587844541822,0.6693777815970123,0.887451461273938,0.4639746333296938,0.5799931715848793,0.32284191953710945,0.9393001352454154,0.610054658526375,COMPLETE
282,0.7778306374881065,2025-11-18 20:12:19.790734,2025-11-18 21:14:51.090864,0 days 01:02:31.300130,1.0464431774044378,3.8109152606005594,1.1565676098097648,1.274916427123615,1.8042623114923402,4.8095785218268094,0.5110752174768437,4.4972582962127765,2253.1173834888837,4392.242815604205,5382.447362454607,7651.402253271226,9841.143490113602,11728.974467465134,13232.125287474884,15665.193866020234,2553,4712,6707,7751,9612,11226,13471,15948,25,2223,4264,6031,8411,9682,11341,13369,0.12084371981948283,0.664723865271065,0.8900329725786239,0.9944035415847567,0.5598659366119721,0.3173493479353764,0.982563301710561,0.5973959764095548,COMPLETE
283,0.4681255946717412,2025-11-18 21:14:51.673886,2025-11-18 22:17:19.408930,0 days 01:02:27.735044,1.278111427394675,4.349121822082656,0.8504924085935021,1.6816316024510052,1.5443329775054726,4.982557543408582,0.8015120974355789,4.8210741456394315,2257.7733433940457,4376.256918176767,5297.6357787816305,7612.423749728427,9835.69404896247,11820.49644693396,13179.139948528287,15582.75902447996,2578,4622,6687,7828,9607,11289,13511,15917,33,2185,4241,5999,8389,9663,11375,13357,0.13666973477804892,0.5748105376163589,0.9389267956376408,0.4510912952907774,0.545249521850358,0.34754127401718327,0.9536435439208719,0.6348166954416138,COMPLETE
284,0.7887725975261656,2025-11-18 22:17:19.934607,2025-11-18 23:19:55.125382,0 days 01:02:35.190775,0.872364682879017,4.141056340287188,1.0445770837054562,1.1225864296838732,2.7671618326664076,3.1630200926712275,1.0451446858672149,4.981090763821375,1999.272812965508,4276.596776765176,5264.210354396179,7677.747313709381,9882.59500659649,11783.57683355274,13309.322066384499,15928.030891123022,2592,4730,6660,7762,9639,11221,13443,15972,19,2224,4274,5983,8424,9727,11383,13426,0.11075623680072903,0.622617138599753,0.9093135756381517,0.4712568293051468,0.5854903610232539,0.36016497762567107,0.9279499692006661,0.5808157817169989,COMPLETE
285,0.6165556612749762,2025-11-18 23:19:55.958670,2025-11-19 00:22:37.768554,0 days 01:02:41.809884,1.0606869159940593,4.5614355375268625,0.7959930642152266,1.5461323520332189,2.6363725562692517,4.562354259600619,-0.35324362349276545,4.087806926917476,1714.8286420758545,4325.922643748859,5347.474310684089,7554.688834606841,9787.832431419332,11846.142431994298,13271.862144777982,15994.190098233697,2639,4687,6636,7840,9623,11251,13492,15924,47,2203,4229,6042,8442,9666,11324,13362,0.09679916286507795,0.682017423505848,0.8796556567332409,0.5090695058127045,0.5744943228705465,0.41580450966932436,0.8579538306769525,0.6076659952006437,COMPLETE
286,0.7050428163653664,2025-11-19 00:22:38.130032,2025-11-19 01:25:16.784536,0 days 01:02:38.654504,0.6764332487186682,4.354348592189479,0.4327827494762852,1.0330818774535746,2.436745337374792,3.013516270182434,0.9708906919970168,4.625063594768298,2129.649007916684,4379.624740870484,5401.124882582944,7590.93302712555,9804.928909602873,11717.727564086641,13315.880825157388,15700.31387101675,2607,4730,6658,7784,9588,11496,13517,15995,334,2184,4185,5979,8473,9698,11458,13396,0.1755951919969647,0.729666085791076,0.8530016355777749,0.4550744158872355,0.5322833360243924,0.3340679217251796,0.8742724919175097,0.6390714979149187,COMPLETE
287,0.5313986679352997,2025-11-19 01:25:17.077866,2025-11-19 02:25:59.680202,0 days 01:00:42.602336,1.1698567752356321,4.003306252389323,0.23725866230866888,1.2857833022192535,2.2889301572896783,4.4918671762542415,0.7701519147700029,4.507046073150882,2075.0027393001155,4442.064078659204,5370.809336349741,7540.70799415406,9961.491969090812,11764.489269609396,13233.040333362933,15647.943722818874,2673,4645,6633,7812,9603,11208,13473,15894,9,2227,4259,5954,8379,9633,11391,13412,0.13586384149654523,0.6916551394083318,0.8650130471521353,0.5266510159469904,0.5914470495372447,0.3814576152415734,0.9096853651758636,0.5492325021622699,COMPLETE
288,0.7759276879162702,2025-11-19 02:26:00.018796,2025-11-19 03:26:41.447220,0 days 01:00:41.428424,0.5624303874776172,4.785654617718092,1.3102721805737394,0.9618203210978981,1.9486774128046813,2.763673944438159,1.167983414340048,4.801818463968347,2213.5257842747587,4360.52972998539,5479.708962500447,7584.312597993177,9411.652877672199,11805.95304170936,13276.350144055705,15950.040452103503,2646,4743,6605,7876,9574,11167,13539,15942,24,2166,4295,6007,8365,9653,11369,13341,0.08125614390114576,0.6568250038510358,0.8949608644837296,0.4801617877131437,0.6788310062967752,0.31599603286168787,0.9452520261660873,0.6138451322677162,COMPLETE
289,0.4134157944814462,2025-11-19 03:26:41.712262,2025-11-19 04:27:23.488032,0 days 01:00:41.775770,1.4615658205279867,4.558064498892966,0.9112408787332107,1.3709246378878084,1.6834383493600453,3.2755043608504213,0.5741126075331072,4.818948302850642,2150.2711135445575,4408.841331971132,5240.83310476228,7641.458612555531,9887.741060740771,11887.266550773149,13127.308935605204,15730.361798117541,2586,4762,6643,7800,9568,11234,13517,15906,15,2201,4188,5916,8402,9682,11440,13384,0.11673126857488915,0.7155327809547588,0.9648972255967053,0.7979958951396181,0.6022984974941371,0.3568075733076496,0.9736765319727289,0.589832283223592,COMPLETE
290,0.7935299714557564,2025-11-19 04:27:23.705809,2025-11-19 05:28:08.180369,0 days 01:00:44.474560,0.7488775746848195,4.319308960207846,0.5333093275517709,1.7832676483211647,1.4428279767669523,2.5982021130418067,0.8734096511683095,4.385188486692088,2283.1327139864966,4452.50621335425,5361.831557091185,7519.004711647952,9768.075973606497,11853.125927606527,13381.781893833211,15904.174054666908,2570,4695,6591,7860,9652,11191,13490,15891,38,2184,4236,5964,8485,9634,11347,13367,0.07843224697988452,0.7784652236002576,0.8506716581919437,0.5006948700457353,0.6519081048773564,0.3340340217096633,0.9284555984892194,0.631827055013211,COMPLETE
291,0.7954329210275928,2025-11-19 05:28:08.536518,2025-11-19 06:28:41.439257,0 days 01:00:32.902739,0.47766782637199967,4.831775230407562,0.7715558864876494,0.776164623905218,2.6835655927183035,2.4829503183955106,0.0008392548157009072,4.691774965082172,2189.5508392829706,4341.216284282576,5302.842437126162,7549.8663196107855,9822.69775276196,11913.538263815084,13779.460803811266,15847.693662232039,2620,4735,6616,7897,9629,11277,13506,15926,8,3066,4216,5933,8447,9668,11421,13466,0.10044994009481217,0.67546440490052,0.9272740480644899,0.60545392979869,0.5641211817536578,0.4036697788302676,0.8891042138848508,0.5687769694790566,COMPLETE
292,0.7897240723120837,2025-11-19 06:28:41.908362,2025-11-19 07:29:32.852484,0 days 01:00:50.944122,0.3357389923177089,4.615935379454054,1.0827333887993071,1.1010017153789295,1.8448069513726022,2.9333448649615663,1.4652462622861289,3.921304888992197,2247.4938663788635,4396.0796455601285,5566.695695086325,7708.760509059407,9314.619607518684,11808.13672331438,13187.693160007213,15682.95085037512,2547,4782,6660,7772,10264,11218,13551,15869,24,2226,4199,6020,8426,9714,11392,13347,0.13447759313409668,0.7479638310599799,0.884777348728951,0.5239839547212493,0.5937443162984021,0.30320043892725923,0.9585478899063875,0.6537518296326945,COMPLETE
293,0.8068506184586108,2025-11-19 07:29:33.191256,2025-11-19 08:30:16.321475,0 days 01:00:43.130219,0.30803246028861175,4.471002937199688,0.3283478261022863,1.493045611417325,1.3296555847049836,3.5144773978624904,0.37301103993514917,4.906672856001979,2101.3554226729593,4455.754204794905,5576.479004954363,7470.813254193463,9910.781501648069,11896.95154628329,13532.484242051927,15953.298519398071,2663,4758,6625,7837,9588,11253,13459,15953,0,2202,4181,6331,8500,9646,11363,13445,0.15739454322616991,0.7033060873818123,0.8401380775621521,0.46404264760164743,0.6490652059900508,0.376725530641484,0.9187732523309193,0.6098338598883319,COMPLETE
294,0.46241674595623217,2025-11-19 08:30:16.562292,2025-11-19 09:39:14.283800,0 days 01:08:57.721508,0.8679199236703447,4.376676690080662,0.2437856968238482,1.6034198627697278,1.3164813126505783,3.4958989365624458,0.24177438303588736,4.936966438095186,2028.8678547524928,4255.793145640908,5539.213266200897,7465.665539886851,9921.410416698156,11832.205520260586,13538.938088405397,15963.987721530235,2681,4717,6687,7749,9591,11581,13460,15954,1,2203,4251,5897,8499,9644,11355,13391,0.16131340995008908,0.6938258929590496,0.872379433643336,0.45805457436805236,0.6690184040754985,0.43805916664497213,0.9189431402648954,0.5945663171493605,COMPLETE
295,0.8120837297811608,2025-11-19 09:39:14.549519,2025-11-19 10:49:10.946971,0 days 01:09:56.397452,0.4912557982393,4.143749779962796,0.3059999693223871,1.3756510902525882,2.895934086885334,3.7063306913164173,0.3535203661898627,4.7684066789936,2095.7675747351896,4314.275258457257,5507.996932475145,7628.1856398875825,9958.071297083143,11912.655867460693,13655.07597427583,15913.85569563401,2908,4753,6627,7815,9608,11255,13421,15982,0,2239,4226,5986,8478,9690,11371,13457,0.14419165998581396,0.7016023956222678,0.8400673607484264,0.4712766583265998,0.32402012478070796,0.3694364624895087,0.9408005273484126,0.5349864112405813,COMPLETE
