number,value,datetime_start,datetime_complete,duration,params_a_0,params_a_1,params_a_2,params_a_3,params_a_4,params_a_5,params_a_6,params_a_7,params_f_0,params_f_1,params_f_2,params_f_3,params_f_4,params_f_5,params_f_6,params_f_7,params_high_0,params_high_1,params_high_2,params_high_3,params_high_4,params_high_5,params_high_6,params_high_7,params_low_0,params_low_1,params_low_2,params_low_3,params_low_4,params_low_5,params_low_6,params_low_7,params_u_dc_0,params_u_dc_1,params_u_dc_2,params_u_dc_3,params_u_dc_4,params_u_dc_5,params_u_dc_6,params_u_dc_7,state
131,0.7402473834443387,2025-11-11 15:17:04.107700,2025-11-11 16:19:01.122685,0 days 01:01:57.014985,-0.5673214862145342,-4.316563784516396,4.50745006602506,-1.1741198473182712,-4.158750242032734,2.715813208803559,-3.297146659095177,-2.2760319957866963,2365.250552331838,3902.8112541908395,5912.340916980664,7262.046002288403,8881.474835078097,10388.909144427727,12640.50650283045,15096.725903962768,2537,4201,6353,7987,9364,11080,13064,15920,15,2220,4040,5756,7725,10069,11760,13728,0.024491184107708647,0.03173981227867778,0.800724649094082,0.6362474500262337,0.6577521486666619,0.12110915613404555,0.9444865827510984,0.4915197973253282,COMPLETE
132,0.7373929590865842,2025-11-11 16:19:01.668656,2025-11-11 17:20:56.506445,0 days 01:01:54.837789,0.38043941280402815,1.2662923933892698,-0.5818975867668057,-0.6167875247862443,2.882747606201464,1.7118868475014957,-2.768486530203846,-3.3233824374806593,2427.4867144254604,3768.174992242335,5872.316926270397,7410.914756999985,9006.14173092871,10512.606386005798,12541.620713473578,15738.92300325652,2443,4825,5984,8053,9309,11146,12851,15940,61,2316,4067,5986,7633,9484,11736,13145,0.06819552090936702,0.11595560747183395,0.8341161837698435,0.5976247547047766,0.6845627556750322,0.13931797357935535,0.8609448496754055,0.25121362747542014,COMPLETE
133,0.7854424357754519,2025-11-11 17:20:56.848558,2025-11-11 18:23:06.539883,0 days 01:02:09.691325,-0.8798934083659031,1.572446951646782,-0.2341860636717228,-0.24388095142137944,-1.0155860884917165,-0.2599857311062708,-3.4030916721155724,-2.6727230502487087,2317.544039594444,3995.4511889583487,5930.042880158442,7301.118599663538,8935.414258684168,10399.13173149083,12462.29126646183,15142.209083955186,2637,4896,6300,7948,9344,11119,13032,15994,31,2266,3972,5790,7533,9522,12026,13775,0.01175820115425203,0.10166376801255214,0.7786135894958258,0.5309512071420674,0.7135073318466001,0.1904265167243563,0.8112328084359084,0.3136264080221451,COMPLETE
134,0.4486203615604186,2025-11-11 18:23:06.904281,2025-11-11 19:25:00.463421,0 days 01:01:53.559140,-1.4905866194400437,2.2986533128720295,-1.085403258569089,-0.13918615451439864,-0.8618192997646467,-0.07100679110316499,-3.4741265280825564,-2.6670106019066635,2309.9283098716382,4088.454362242669,5935.802518715526,7302.350638814941,8931.531766556223,10405.130258977111,12597.75892868922,15072.566140632334,2659,4943,6296,7820,9344,11264,12985,15992,29,2196,3968,5724,8204,9529,12033,13767,0.02578411085663354,0.09921770597662202,0.7875257356976527,0.5384295445363808,0.7203961043827409,0.2255760991280407,0.7678862829562889,0.3144668593214621,COMPLETE
135,0.7959086584205518,2025-11-11 19:25:00.917659,2025-11-11 20:27:11.331707,0 days 01:02:10.414048,-0.969779675687113,1.7011460776543599,-0.1862159681305121,0.32309521810772834,-4.671979830488321,-0.9171112504798038,-3.1544836274634718,-2.9085059435153275,2398.8463773939156,3962.1221938620083,5968.13272874058,7230.285747652203,9048.412486320463,10529.866152707034,12673.54155739536,15139.171197924989,2633,4910,6501,7943,9383,11180,13016,15863,8,2266,4028,5816,7539,9568,11561,13630,0.012057449245270725,0.06452560813986948,0.7678422728439998,0.5244671650752841,0.6105627665306878,0.1874418022366716,0.7991464578066118,0.2831807493609508,COMPLETE
136,0.7935299714557564,2025-11-11 20:27:11.775848,2025-11-11 21:29:17.067460,0 days 01:02:05.291612,-1.014118417449183,1.5668878085681064,0.16395475463418055,0.38813876500135347,0.5930110137264214,1.4209688964025073,-3.0265408122755137,-3.0209655543288125,2471.5281857691775,3991.5500390984826,5968.596832567476,7339.618303918359,9057.154660516524,10542.664406954018,12706.014117880048,15195.165105441049,2623,4881,6319,7621,9392,11129,13026,16437,7,2268,3990,5783,7528,9551,12013,13674,0.012404902116814318,0.0605566240132363,0.6976671264992835,0.4026968087080258,0.6256452823695002,0.16097873236417146,0.8084433999267879,0.26574717131651737,COMPLETE
137,0.4519505233111323,2025-11-11 21:29:17.450073,2025-11-11 22:31:27.027146,0 days 01:02:09.577073,-1.1304047668040897,1.3911138260462692,-0.24898800490020362,0.2102593038621675,0.5619757126724261,1.4357899498022313,-3.19941896231569,-3.6714892796239424,2465.9670227355223,3986.271601344376,5997.520593986189,7350.873761870723,9045.161861665203,10549.010991438015,12690.232787579816,15248.506642473907,2625,4937,6307,7618,9394,11172,13039,16445,44,2273,3982,5794,7530,9557,12034,13821,0.0395418680075937,0.07463025454156978,0.7125383686928635,0.5241862229720293,0.6007626034139156,0.18918599434649627,0.8134852685533861,0.2645770100504546,COMPLETE
138,0.7954329210275928,2025-11-11 22:31:27.388254,2025-11-11 23:33:40.714759,0 days 01:02:13.326505,-0.9422001977135638,1.5561808163040556,0.12215785758369585,0.581994861926735,-1.2326567731564049,2.025035829995086,-3.1190780542286336,-3.1062882902835165,2490.0734341003235,4014.4754382170613,5892.23469604442,7334.5582982609785,9078.89327842693,10464.258376962624,12949.309904775982,15311.069467065778,2685,4865,6326,7904,9454,11118,13016,16307,8,2307,4019,5812,7535,9595,11958,13685,0.015517050761284654,0.0560767982805549,0.7656599178775616,0.3923331207471756,0.6037336619314667,0.1622528710897546,0.7909784253309593,0.22526374145757133,COMPLETE
139,0.7764034253092293,2025-11-11 23:33:41.268940,2025-11-12 00:35:50.738034,0 days 01:02:09.469094,-1.1125513625077483,1.6094057037495297,0.12073869051546886,0.9654573523085863,-1.2901131490095765,2.092751941704434,-3.1141522098949497,-3.0991519850965115,2499.019157250936,4049.0219860730617,5896.5579194497805,7231.390984945814,9062.27480665671,10496.06737117098,12800.29814532403,15210.991589366595,2743,4867,6319,7872,9435,11123,13018,16327,28,2259,4018,5819,7516,9615,11990,13674,0.014977353940140917,0.5228537572850543,0.6958252050194592,0.40634810342623784,0.579871135551121,0.07440426363548139,0.8307308358713266,0.22833906907020718,COMPLETE
140,0.6355851569933397,2025-11-12 00:35:51.106792,2025-11-12 01:37:54.779845,0 days 01:02:03.673053,-0.8924275482665952,1.7216703695748614,0.39848011086821433,0.4637741473171981,-0.17652805863631893,2.3915180394452964,-2.9134725800721997,-2.9882927491699522,2455.5905858160577,4157.328896437694,5976.126204692558,7286.501629848386,9107.942145626186,10531.578451476964,12958.657280004283,15307.613980995451,2639,4901,6386,7911,9388,11151,13079,16411,9,2302,4032,5785,7551,9569,11970,13580,0.03856617378806028,0.06338195669287934,0.7629927993425266,0.49647529168133614,0.523754716019667,0.17251741371705714,0.8457643283550424,0.16886584717036696,COMPLETE
141,0.796384395813511,2025-11-12 01:37:55.399893,2025-11-12 02:39:54.568782,0 days 01:01:59.168889,-1.5710088420717727,1.5839551877372455,-0.19357757714660803,0.46895489723807293,-1.2681581293316841,1.7816139395079142,-3.4348213961413494,-3.2833552677347195,2396.632068521872,3966.2112388870873,5841.788688948844,7361.885405413587,8863.525223679486,10473.109581063985,12683.824699245255,15344.614459163275,2681,4851,6280,7654,9452,11102,13008,16478,9,2344,3994,5841,7544,9535,12008,13645,0.010585706937698811,0.09256624926897847,0.7212001884830119,0.29990582420591266,0.6668716372074468,0.1581815308300994,0.8028052483196912,0.28668314371182757,COMPLETE
142,0.7844909609895337,2025-11-12 02:39:54.918744,2025-11-12 03:42:08.377433,0 days 01:02:13.458689,-2.107616566927473,1.5162856580577644,-0.18621270278434066,1.3112641325722176,-1.0898208060255907,1.657982898687715,-3.5644077456973475,-3.4188467358539683,2400.220013666417,3955.28128827963,5923.57216366048,7393.77064349244,8867.613882776572,10457.77811825238,12878.563013750703,15126.846480278817,2679,4870,6253,7949,9448,11100,13056,16433,23,2321,3989,5841,7502,9596,12003,13639,0.012638275578492864,0.09190561820193296,0.724333426970532,0.3190993807802898,0.5584548413229004,0.1560368256177055,0.793738062452877,0.28390651616538687,COMPLETE
143,0.7949571836346336,2025-11-12 03:42:08.858193,2025-11-12 04:44:27.115902,0 days 01:02:18.257709,-1.7359648632937645,1.8595424984063378,-0.5249172835189747,0.8340099713099302,-0.6174909872659201,2.0230114903063994,-3.364115147234019,-3.1373428337705653,2499.9092561447546,4074.5913270494307,5821.73674606157,7323.077083809594,8772.80337193351,10391.136868468438,12723.907151342357,15199.445769775255,2709,4790,6360,7664,9411,11136,13032,16464,7,2284,3959,5808,7548,9529,11938,13598,0.011755175993638862,0.119390796372795,0.6639940036757093,0.4268060543564394,0.668977671311796,0.19382638237675856,0.7515584754735519,0.2097080497247859,COMPLETE
144,0.3720266412940057,2025-11-12 04:44:27.590334,2025-11-12 05:46:47.274887,0 days 01:02:19.684553,-1.4295745169047525,2.082670301843619,-0.5783485843465477,0.36520338217063963,1.3169178848480323,1.9869207031308256,-3.026547867345192,-3.2659517589898734,2451.8041874950773,4054.0826810792682,5829.253830273919,7470.86681238576,8768.504522048503,10572.742636566043,12675.999601248528,15189.510437625426,2763,4865,6359,7656,9421,11083,13004,16485,6,2285,3949,5818,7565,9553,12007,13532,0.04558846088518214,0.052817840494402385,0.6727324324241261,0.4078681982624841,0.6664299360121441,0.11749470459014469,0.7546382720198394,0.20333538373881965,COMPLETE
145,0.41722169362511896,2025-11-12 05:46:47.749124,2025-11-12 06:49:00.344940,0 days 01:02:12.595816,-1.7485376993678885,0.9947058779920446,0.12194335949724888,0.9702822133754148,-1.2690459750011915,1.821590262600128,-2.7298599988855163,-3.161827027716772,2499.0027449213585,3847.483692353015,5874.136473401085,7372.265046624893,8820.669683885802,10510.69615398481,12739.223157793702,15345.079861318123,2721,4784,6329,7582,9477,11189,13047,16371,172,2306,4075,6262,7597,9495,11937,13618,0.03555431058228195,0.5932899085473542,0.6351926485621653,0.3486385033202273,0.6455964132060954,0.7220335916595452,0.8727072459109957,0.21963359630595627,COMPLETE
146,0.44481446241674594,2025-11-12 06:49:00.974154,2025-11-12 07:51:06.338692,0 days 01:02:05.364538,-1.2914327835817854,1.8635188247989618,0.7809406877709886,0.794510148645868,-1.6737631341874262,2.530623450263839,-3.385707035127954,-1.0595071736551371,2403.9681149347225,4202.711770778056,5809.271785894644,7416.614987620796,9012.624242817239,10436.456682200193,12774.597589242167,15267.1590986302,2703,4852,6408,7706,9409,11135,13018,16469,16,2393,4052,5755,7544,9634,11958,13667,0.06225565002293302,0.12384588270478838,0.812711624219839,0.29720331729077765,0.6132098051233487,0.08584381910120435,0.9027934192770566,0.2520329947707904,COMPLETE
147,0.79686013320647,2025-11-12 07:51:06.833568,2025-11-12 08:53:28.542187,0 days 01:02:21.708619,-1.719354282676088,2.384058271723733,-0.7920626975776962,0.5704703539591269,-0.6309793638148798,1.2734358323918373,2.913903320976365,-2.8800284332911996,2432.710242218012,4108.134488594761,5853.707553491837,7238.62182011902,8699.346288688928,10357.593984882087,12726.42776831314,15321.172076710605,2678,4923,6370,7625,9532,11155,12989,16371,8,2351,3998,5844,7514,9540,11910,13704,0.011521253011642875,0.1717248930340999,0.6958578217895731,0.43648584300395726,0.6087247603667267,0.14784879938284878,0.7777024673531421,0.2720161213360153,COMPLETE
148,0.4519505233111323,2025-11-12 08:53:28.986307,2025-11-12 09:55:24.112640,0 days 01:01:55.126333,-2.061837938165509,1.9857756714967638,-0.8883087031775677,0.5917471153958082,-0.5187073043439484,1.3144633615144181,2.6735580034015163,-2.9019803614355384,2375.6295379874587,4078.963210703,5797.352375160053,7187.45857551045,8705.983756008434,10212.619124378984,12700.779779444765,15421.332280211898,2768,4914,6375,7637,9667,11163,12987,16401,41,2420,4006,5847,7561,9534,11898,13596,0.02829128406008742,0.1384800472471972,0.6628825059578519,0.43681171444732186,0.6141555213167763,0.20095937447078627,0.7699028737798246,0.26720839281766456,COMPLETE
149,0.7901998097050428,2025-11-12 09:55:24.536609,2025-11-12 10:56:11.325815,0 days 01:00:46.789206,-1.4942661207079153,2.3989770450146315,-1.4394622373844026,0.9364788841314398,-0.2833856802653265,1.9245162005392096,1.8558283035001748,-3.4943920529378243,2466.253636404057,4186.4612529897495,5863.5925406228225,7232.158475145462,8743.242664686693,10349.965036618896,12906.662534099354,15353.219328688809,2672,4924,6277,7667,9536,11105,12972,16362,1,2345,3996,5810,7524,9585,11939,13627,0.011611425743654088,0.1617702463680951,0.696821385704805,0.38485128893462267,0.5988568204850896,0.13442191222455183,0.7868227018674298,0.18377812694514267,COMPLETE
150,0.7930542340627973,2025-11-12 10:56:11.839926,2025-11-12 11:57:06.563640,0 days 01:00:54.723714,-2.4318165585472586,2.522621593409702,-0.42552699192169796,1.4191503442042652,-0.7308766530119412,1.900485846755454,4.391324261824571,-3.512888553434006,2495.806692733653,4319.993066986856,5840.32610407834,7239.539876274829,8774.842957415885,10321.045077980207,13077.402455766402,15335.905474496854,2729,4927,6325,7670,9540,11098,13348,16354,0,2560,3990,5853,7519,9591,12054,13634,0.010839681103522505,0.17602744344749305,0.6916247004352768,0.4391225514987561,0.5911297469578902,0.13776720548311894,0.7389785341828625,0.1771448034892063,COMPLETE
151,0.791151284490961,2025-11-12 11:57:06.968796,2025-11-12 12:58:12.548790,0 days 01:01:05.579994,-1.9093384331872256,2.594084791233679,-1.4746535199782673,1.8759479270650106,-0.6808887057112427,1.928598609040403,3.3302836180909647,-3.6311326563580746,2497.9161739498795,4252.378491234888,5838.475579136459,7251.974129571243,8739.116335562241,10292.33968949673,12976.655154793556,15354.228465206786,2672,4923,6310,7661,9523,11101,13337,16338,2,2339,3998,5812,7500,9579,11973,13630,0.013496919350627783,0.1781838390931368,0.6987825366082763,0.38330755391226823,0.5754474286354814,0.14638102780746515,0.7425480387981658,0.1787310079984568,COMPLETE
152,0.7882968601332064,2025-11-12 12:58:12.916747,2025-11-12 13:59:11.910068,0 days 01:00:58.993321,-2.5762625868923186,2.5249060190936876,-2.000261778121088,1.7848551081794666,-0.6305251457895609,2.323199468590278,3.7644824299533473,-3.5524168144670583,2460.826066215958,4365.046792875266,5771.377817734573,7232.766305705027,8742.092428590093,10279.970577478354,13089.38995483327,15324.886617212098,2679,4922,6279,7672,9543,11102,13345,16317,3,2336,3995,5814,7513,9601,11933,13626,0.010530605499817634,0.16862503296686884,0.689787528051406,0.38538608573313865,0.502792962901762,0.14954080482269738,0.7236279885454222,0.18478076893124007,COMPLETE
153,0.45575642245480497,2025-11-12 13:59:12.359933,2025-11-12 15:00:10.324366,0 days 01:00:57.964433,-1.6012588863123463,3.065893253409201,-1.3485769002083334,2.19453956999034,-0.7797440128755465,2.00967728633802,3.0543446115346544,-3.979345283305062,2498.3984237396758,4237.048805131313,5832.785923236201,7203.2812640439515,8703.047905480977,10338.389926182832,13016.497571147296,15412.7011795771,2729,4880,6323,7633,9527,11133,13364,16370,8,2356,4025,5854,7526,9582,11967,13560,0.04525936376615841,0.1925263998438661,0.7490182120947363,0.3936137219854179,0.5885865157609322,0.16933070952307677,0.7908620512261282,0.15992952747090078,COMPLETE
154,0.4619410085632731,2025-11-12 15:00:10.758176,2025-11-12 16:00:59.367565,0 days 01:00:48.609389,-2.411202255667455,2.2090128243926688,-0.8538437635124035,1.5031219216565628,-0.04990570355307211,2.7136893128171176,1.6833651355580845,-3.4622256788967753,2413.6853250801996,4335.0211377587275,5745.158606685432,7263.9444226706655,8663.585633757768,10167.55459148496,12876.654276626556,15355.46540990076,2689,4826,6261,7579,9600,11074,13408,16331,22,2285,3954,5831,7500,9641,12051,13677,0.08583842365740331,0.1791965735837707,0.6426726654343735,0.4339573429310282,0.5722243299627602,0.136497682547685,0.7387945447322242,0.21745237570197679,COMPLETE
155,0.763558515699334,2025-11-12 16:00:59.760670,2025-11-12 17:01:50.927966,0 days 01:00:51.167296,-1.9636044281063287,2.783891270604742,-1.3985234615529794,1.3119483159308627,-0.31177085968904095,2.1996514209477613,4.124168934191311,-3.670233818502391,2499.2228601161705,4282.146165256998,5857.604361139348,7327.598263196192,8787.649436393278,10228.226634985862,12970.04663391556,15447.983847157699,2659,4889,6330,7667,9578,11108,13293,16432,0,2608,3995,5808,7575,9677,11988,13660,0.010302906204968846,0.23218813756581438,0.7249085075726749,0.3369610803395231,0.6082716819309522,0.1766639072227149,0.7069154883347488,0.18061290319402487,COMPLETE
156,0.5513796384395814,2025-11-12 17:01:51.214523,2025-11-12 18:02:44.921449,0 days 01:00:53.706926,-2.7389185529981805,2.470073750943185,-1.1190651361476671,1.106348069308397,-0.684063069007387,3.0283488847380964,2.490872330086437,-3.1186151722486906,2453.2956007859325,4393.32479449453,5892.512714490089,7176.37048169915,8765.291453927939,10299.714566758157,13130.019760917845,15281.703874101086,2709,4790,6305,7654,9512,11153,13352,16457,10,2466,4025,5845,7550,9580,11892,13730,0.04561845054787405,0.20384884902898726,0.5966935345860012,0.35710162366802983,0.5615464487033708,0.19874217544161846,0.777447142136651,0.1465658324035846,COMPLETE
157,0.6807802093244529,2025-11-12 18:02:45.290875,2025-11-12 19:03:46.450627,0 days 01:01:01.159752,-1.8428531471923995,2.222554659138788,-1.874472206265467,0.7573613768629609,-0.2989931114356902,0.8467226985345836,3.648908087185922,-2.4880819243904657,2390.3156286217168,4147.816516611311,5805.944586804201,7084.494978449859,8636.51546119736,10365.340627782309,12922.291291000362,15339.446567532643,2793,4847,6420,7725,9564,11120,13303,16279,0,2555,3978,5867,7532,9661,11945,13704,0.02993898060306411,0.16496961792761217,0.6655559763026472,0.44579725374541584,0.5401862097991922,0.15258893183776723,0.6912380453317755,0.2005973201431571,COMPLETE
158,0.4543292102759277,2025-11-12 19:03:46.850883,2025-11-12 20:04:28.720704,0 days 01:00:41.869821,-2.1988771557511666,1.8492908995273307,-0.41250646404198166,1.5134758337989969,-1.2308784688322225,1.6231567213164295,4.411868268161407,-2.8132485586396117,2347.4585186363506,4198.109068881986,5105.0668783529645,7238.206298323452,8818.76027731965,10341.751422893742,13064.111792167745,15474.002904383486,2675,4915,5852,7609,9500,11100,12978,16356,21,2377,4051,5773,7516,9614,11916,13596,0.07824663577264307,0.2191610015230859,0.6104595330255179,0.39602408655534965,0.6299690278473428,0.556841021626495,0.735290975414095,0.2887174037478232,COMPLETE
159,0.4357754519505233,2025-11-12 20:04:29.121104,2025-11-12 21:05:55.482725,0 days 01:01:26.361621,-1.6261265887623313,2.418484333786552,-0.7529482897715148,0.49140880658326114,-0.0817585886255722,1.913124546794512,1.8663408733468612,3.305134088729817,2425.658242567532,4117.987324045391,5840.429532505678,7155.2693108328,9202.188890638501,10386.59139290838,12772.467839147232,15405.047382086172,2650,4894,5920,7628,9536,11135,13278,16303,19,2672,4007,5798,7575,9594,12010,13632,0.05646721411143522,0.1575924270112416,0.6887011296853851,0.43059177721869907,0.5113029812510314,0.13479634168369853,0.7545654001224007,0.2781312411697709,COMPLETE
160,0.5180780209324453,2025-11-12 21:05:55.969847,2025-11-12 22:07:08.276962,0 days 01:01:12.307115,-1.2809642052812957,3.597539694974224,0.25124221455064666,0.10866190940700665,0.4348323048668341,1.3919020247793266,1.2017779654642802,-3.9092222887328867,2466.9193910677805,4270.409992453409,5785.228247539343,7315.129327902926,8736.184503623866,11288.183711533366,12900.786769320048,15285.058442686384,2701,4730,6245,7698,9482,11536,13406,16413,0,2341,3948,5833,7541,9574,11869,13657,0.037957218668331946,0.18011405378674197,0.7119150706467473,0.3715398617411003,0.6015539080765375,0.45385782576450373,0.8037049631281111,0.24509235672099558,COMPLETE
161,0.4752616555661275,2025-11-12 22:07:08.751774,2025-11-12 23:08:14.007892,0 days 01:01:05.256118,-1.013054136194169,1.72806142079666,-0.47873005943205504,0.8562241983850765,-1.000922443681948,1.8529018369241266,3.3559056566675958,-2.956858044713113,2385.2105767393973,4223.067961690563,5898.654985357441,7227.8785312543705,8788.37702316184,10093.354674519427,12735.475485213019,15238.286801663939,2615,4929,6357,7603,9570,11075,13000,16343,32,2237,4028,5753,7520,9534,12021,13631,0.026547951317411545,0.1353879130719688,0.7418630446039307,0.47197204057078374,0.6285738221217436,0.11764221263142347,0.7788638542519487,0.22783285858745106,COMPLETE
162,0.7844909609895337,2025-11-12 23:08:14.472232,2025-11-13 00:09:22.330013,0 days 01:01:07.857781,-1.452919077228306,1.393577306119034,-1.5105287492549753,0.3237212906264524,-0.6573072667788509,1.6369749226762298,3.9300384072876113,-3.3687199493870734,2330.748527773564,4021.833370590804,5972.386745765446,7276.237095201767,8890.291118391184,10311.473893160564,12978.537190817851,15366.577630207892,2677,4911,6388,7688,9456,11085,13337,16383,10,2256,3986,5776,7502,9564,11975,13603,0.010573456483473897,0.11549263692046222,0.7518246492402426,0.41873659955162257,0.5855054139920172,0.10024283836104159,0.8238606490289977,0.24018225236789195,COMPLETE
163,0.45670789724072314,2025-11-13 00:09:22.725292,2025-11-13 01:10:25.388461,0 days 01:01:02.663169,-1.7989965222966056,2.6968212773554754,-0.01244982915444559,1.0983183388767364,-0.8432896462143848,1.0462982158499556,4.685806489836982,-3.1940074727533982,2426.491372864668,4309.8409063432255,5873.045011514048,7276.450804062611,8690.26723447424,10243.942134153098,12728.322126773293,15302.207310746398,2757,4757,6338,7750,9623,11179,13383,16491,27,2303,3962,5722,7550,9542,11984,13681,0.05439920476457469,0.08958627506812475,0.710912468991725,0.37841413153740533,0.6458589433692647,0.16211131469566145,0.9973054124628964,0.26119739983198614,COMPLETE
