number,value,datetime_start,datetime_complete,duration,params_a_0,params_a_1,params_a_2,params_a_3,params_a_4,params_a_5,params_a_6,params_a_7,params_f_0,params_f_1,params_f_2,params_f_3,params_f_4,params_f_5,params_f_6,params_f_7,params_high_0,params_high_1,params_high_2,params_high_3,params_high_4,params_high_5,params_high_6,params_high_7,params_low_0,params_low_1,params_low_2,params_low_3,params_low_4,params_low_5,params_low_6,params_low_7,params_u_dc_0,params_u_dc_1,params_u_dc_2,params_u_dc_3,params_u_dc_4,params_u_dc_5,params_u_dc_6,params_u_dc_7,state
98,0.346336822074215,2025-11-08 12:43:40.774698,2025-11-08 13:43:44.587156,0 days 01:00:03.812458,-0.8916453578459222,-4.711719044905833,2.6877846079546677,-2.1287928048794647,-4.211694021698259,-1.432436554754792,-3.1385881315017836,-1.6801875458791506,2499.669442114316,3562.034400784287,5992.796382208955,7064.87762130981,9191.981049935539,10779.098862104394,12240.93160104088,15224.690563832843,2513,4317,6596,8129,9388,11459,12957,15879,76,2217,4342,5802,7751,9798,11717,13233,0.36914372848597105,0.09026686380156909,0.5237443817608495,0.5473019975639617,0.6437511924756496,0.22144783033419263,0.3298442381273018,0.4192065919516319,COMPLETE
99,0.4433872502378687,2025-11-08 13:43:44.915533,2025-11-08 14:43:44.639102,0 days 00:59:59.723569,-0.49379116394744155,-4.0482565036261375,3.0882461577647007,0.14368066127216483,-4.747741831509439,-1.0009128192327483,-2.034070912406566,-3.5949361637068873,2442.192646519012,3694.962784242736,5946.320781576895,7115.663812036533,8900.265676101622,10725.406418822977,12162.605819148874,15084.809213749788,2404,4043,5902,8309,9467,11387,12916,15837,53,2267,4404,5864,7715,9695,11604,13069,0.27862437972485216,0.053305629269956474,0.457542142347655,0.761903235536028,0.7205072667258623,0.24696450354491883,0.4101293061252115,0.6272224348921529,COMPLETE
100,0.5237868696479543,2025-11-08 14:43:44.979331,2025-11-08 15:43:48.363616,0 days 01:00:03.384285,1.0361395983172947,-4.485688784083898,1.6198586016960097,-0.6518076688612434,-4.053375964727562,0.896128205941311,-2.8136641748703006,-3.1463602718836636,2296.1474167145584,3831.7912047675295,5898.175292418909,7311.105721080687,9297.071877771772,11894.766666222496,12080.99947736797,15043.549729899301,2481,4203,6433,8240,9323,11326,12937,15946,32,2186,4255,5923,7641,9858,11671,13111,0.32572313143922615,0.027889923603728117,0.4142183745320494,0.46417969376373736,0.5918517173125246,0.3502306003648943,0.5613006270721859,0.46555010625042104,COMPLETE
101,0.7350142721217888,2025-11-10 08:36:41.922328,2025-11-10 09:38:34.244521,0 days 01:01:52.322193,0.21255891859546955,-3.894859673309737,4.069285481903949,-1.7606786175842095,-3.7645970413340146,-1.7826335000672073,-2.3866212080526386,-2.177651861248613,2375.553795099995,3792.175242008357,5831.36000548053,7221.34747933095,9071.160033554544,10632.494978042314,12203.396842248396,15136.968760906993,2587,4119,5947,8068,9418,11263,12859,15915,21,2340,4372,5884,7671,9719,11740,13181,0.5896883830740189,0.10835396267961242,0.3528627028602011,0.5345257542770881,0.7335970069736113,0.3234843206680822,0.23345266039798437,0.3194874392791377,COMPLETE
102,0.7730732635585157,2025-11-10 09:38:34.566382,2025-11-10 10:40:15.810878,0 days 01:01:41.244496,0.4397976385926332,-3.55971883770599,3.685365624869796,-0.4476420200734751,-4.986408526815435,-0.43729530964197716,-2.6242133000723107,-2.5623305405359207,2213.6716298333954,3574.325380234108,5875.715855873221,7379.558547828747,8827.41543209681,10669.854781459795,12233.499180232688,14960.085909305271,2506,4092,6495,8171,9373,11302,12881,15720,11,2240,4421,5943,7789,9781,11630,13044,0.2999336086917525,0.07364103233115488,0.4460253704102738,0.6115821770270881,0.7633347225995581,0.17183953896165718,0.45024548372828205,0.4097963127085682,COMPLETE
103,0.3558515699333968,2025-11-10 10:40:16.198110,2025-11-10 11:41:41.846101,0 days 01:01:25.647991,0.7971468602072569,-4.282549734187737,2.5528031530520807,-1.118669648207899,-4.443242268289506,-1.4939186291769004,-3.33429064853443,-2.40589951347403,2123.3447796191185,3610.5286054791063,5996.749151891336,6949.6802110150065,8722.740761107703,10939.93054316367,12150.89533559982,15265.810018328006,2430,4146,6552,8008,9294,11196,12979,15787,28,2397,4394,5911,7812,9968,11658,13653,0.20258972849485415,0.19461247345848523,0.5497953036522798,0.6566967785608597,0.6603086519271305,0.11175893271479699,0.49783303294738335,0.3660871091541895,COMPLETE
104,0.7564224548049476,2025-11-10 11:41:42.257667,2025-11-10 12:43:21.443701,0 days 01:01:39.186034,0.024909184616305757,-3.0963153430080586,2.0100542810505257,-0.2187037551642403,-3.655314554682624,1.789749348863935,-3.4317965118975375,-3.879477548856913,2458.315789789252,3713.2170668772023,5927.682663858578,7264.268602240806,9005.978790656874,10538.369578017688,12343.69230755767,14841.199371019575,2395,4244,6408,8043,9356,11276,12895,15873,43,2280,4313,5781,7749,9823,11614,13085,0.16546490060834812,0.16197450386074966,0.32069522608404155,0.08008118855126942,0.7477469367132137,0.147203782638529,0.5240489018572491,0.2856512246554442,COMPLETE
105,0.7159847764034253,2025-11-10 12:43:21.781021,2025-11-10 13:44:48.944250,0 days 01:01:27.163229,0.2432753478938679,-4.817983539159837,4.475674248403061,-1.4773206260474585,-3.4329508110687983,-1.0874857343593414,-3.627928328402028,-1.2919527074772088,2265.0247763464977,3431.878650385914,5950.068853500291,6871.3686102333595,8902.147106206663,10736.76785202029,12088.099119969986,15676.07216022434,2442,4074,6314,8083,9402,11345,12922,15893,62,2321,4291,6214,7622,9898,11697,13139,0.06120958381887434,0.09859746427071078,0.3924376459704836,0.5638939281044484,0.7836437625292816,0.03277187014212271,0.3953692575119527,0.33579108966534615,COMPLETE
106,0.7321598477640342,2025-11-10 13:44:49.213334,2025-11-10 14:46:28.672475,0 days 01:01:39.459141,1.3968150952347222,-4.9943213343875135,3.785498958172661,-4.781401510832644,-3.906168779488328,1.4544509308803397,-3.16717804073814,-3.533238445057822,2342.4776915089024,3502.381915159429,5909.792033371589,7160.672397342209,8803.072130822538,10811.912659132362,12276.515156069669,15367.152280759436,2362,4174,6375,8110,9437,11235,12834,15861,10,2224,4348,5847,7593,9760,11771,12955,0.02978405183744491,0.06332531593127741,0.4861927285030928,0.42157868878782867,0.7031935210048099,0.27877968162982086,0.6168511894729811,0.39964663075741613,COMPLETE
107,0.5561370123691722,2025-11-10 14:46:29.010523,2025-11-10 15:48:16.234889,0 days 01:01:47.224366,-0.3523131181457092,-4.502470344891875,-0.3442915915344774,0.6624475633306326,-4.247336177071241,0.12361689568918055,-2.0193739475840458,-3.3565846461102735,1363.0861993474823,3780.222828047684,5825.0404842019825,7075.282299494309,8951.422369116688,10676.945354760299,12204.41982091012,15311.63100834843,2467,3976,6463,8282,9337,11264,12964,15985,25,2251,4192,6022,7772,10049,11643,13055,0.4348687026405368,0.1275574243610883,0.3607712630326009,0.129446350246127,0.8009117569373272,0.17718369496117234,0.647410809701582,0.4436281837556798,COMPLETE
108,0.4424357754519505,2025-11-10 15:48:16.532123,2025-11-10 16:50:02.969921,0 days 01:01:46.437798,-0.6870621339760254,-3.773634202080023,2.2874089223077303,-2.3440060771773883,-4.638085275342292,-0.6468899448363234,-3.9109343717795197,-2.817845522555545,2402.465651966798,3871.582453145404,5867.115209577251,7328.576180474669,9077.388249109115,10889.74257073407,12446.601649348006,15498.880219086202,2656,4123,6439,8142,9495,11153,12876,15959,199,2294,4324,6170,7689,9849,11573,13583,0.12128624516678646,0.03807754400585975,0.2927787810509143,0.15551352301580712,0.7161852495746069,0.2113616794545082,0.4721597382545457,0.5726067452766627,COMPLETE
109,0.5889628924833492,2025-11-10 16:50:03.321168,2025-11-10 17:50:26.134228,0 days 01:00:22.813060,0.5556236087831506,-4.253355963318588,2.8809724595920785,-0.0462468095343842,-2.930716067921936,-1.9486453951308986,-2.7544346835350884,-3.2553842012104726,1197.2602583889131,3630.2718610880775,5748.282840625348,7029.802225191125,9142.414100141063,10619.938694110615,12381.184514398628,15001.076514378412,2221,4038,5777,8025,9379,11300,12936,15757,37,2367,4390,6143,7650,9802,11671,12935,0.23960093213041692,0.014301434833621117,0.9242922128622397,0.5125687013705984,0.7691234296194012,0.14536075671916043,0.22452778409720922,0.37800675374981885,COMPLETE
110,0.4923882017126546,2025-11-10 17:50:26.668518,2025-11-10 18:50:57.757594,0 days 01:00:31.089076,1.6083668418581318,-3.143168036891386,1.4751696546203397,-0.9967877948765606,2.6412206893107797,-1.313578627622368,-2.980250673879066,-4.0066119535766225,666.7449194864255,4032.1892983324497,5963.012889011097,6804.156602100086,8751.33351252537,10525.801583607908,12147.85104514173,15857.292941234646,2281,4003,5871,7978,9295,11181,12912,15832,51,2437,4418,5756,7727,9682,11742,13073,0.05693996289248912,0.12712992177938162,0.4260767491836971,0.0637175130394505,0.7928158477712199,0.10309672342614666,0.5849865217642563,0.3536661354554119,COMPLETE
111,0.7683158896289248,2025-11-10 18:50:58.117672,2025-11-10 19:51:54.070810,0 days 01:00:55.953138,0.4270197203226942,-3.4671161704766793,3.4877331903852493,-0.4589650645360283,-4.440645553771376,-0.44551224605362216,-2.6075307231388307,-2.560074733700665,2222.86067051342,3568.1920531467026,5882.6448109080975,7398.736299841448,8822.259746936941,10673.131904839083,12225.227974860089,14935.772036207707,2510,4092,6588,8172,9368,11320,12877,15715,11,2230,4426,5943,7786,9729,11630,13044,0.31647205168346715,0.0712166464756651,0.44076902158322456,0.6099883277021199,0.7638852630984312,0.17643961975697364,0.44208611981855017,0.41207460347751745,COMPLETE
112,0.4167459562321599,2025-11-10 19:51:54.333474,2025-11-10 20:52:43.687295,0 days 01:00:49.353821,-0.09699251786650831,-3.6372182837583624,3.98844704082096,-0.49242695664173164,-4.967710562718457,-0.8462974883450155,-2.4231202883665213,-2.448119443425669,2299.82402024751,3542.35226923627,5795.037829517823,7386.071490482498,8849.284291661043,11075.756087770695,12269.561523631377,14885.06806482442,2540,4351,6539,8118,9402,11299,12889,15709,1,2203,4363,5949,7822,9775,11687,13100,0.35067892835382863,0.0682916595870578,0.4578343793528017,0.6808224969097266,0.7458139747613591,0.2268642220070213,0.44412850455695974,0.42788749020971184,COMPLETE
113,0.33206470028544244,2025-11-10 20:52:44.032441,2025-11-10 21:53:36.804675,0 days 01:00:52.772234,0.9479751837634613,-3.914795080702648,3.590723317959225,-4.4685614064464705,-4.109853739123794,-0.4803904744278288,-1.8719060539066485,-1.9487334535031926,2155.583841445954,3679.6977583956877,5871.2391314567185,7205.9633420274085,8887.806404822511,10706.381111495937,12238.349161407235,14764.052891854853,2490,4153,6240,8211,9426,11364,12860,15933,19,2252,4331,5820,7796,9824,11714,12990,0.28813704572434967,0.09183276351603463,0.5702234498735177,0.6271612352978228,0.6919518009852974,0.25488696335123423,0.69988372685765,0.4653280809871304,COMPLETE
114,0.7483349191246432,2025-11-10 21:53:37.166547,2025-11-10 22:54:17.148321,0 days 01:00:39.981774,0.33634728140943526,-4.5809433322007695,3.1844652665693323,-0.7450851489612975,-4.806200323678073,-1.001952116603996,-3.5270638540140125,-1.6768949287084962,2366.2378000861468,3081.686204919653,5909.848376903492,7305.601823436246,9002.129356844021,10779.094074683457,12111.547695351337,14971.159991853427,2446,4075,6481,8233,9323,11208,13204,16003,36,2190,3974,5894,7854,9778,11728,13041,0.19520828873727286,0.04551436647981857,0.5120261575083687,0.6115945414543555,0.853573815062896,0.20092601978985478,0.38561501474355964,0.3271608398000411,COMPLETE
115,0.7930542340627973,2025-11-10 22:54:17.528744,2025-11-10 23:54:52.148382,0 days 01:00:34.619638,0.5768648528977198,-3.5521088162941004,4.922453363879618,-1.3249668668222652,-4.5527171980002565,-1.619258133563653,-2.6682837910143995,-2.9836292291228936,2452.5879807576134,3757.5212931775627,5840.305019148889,7483.955401111876,8839.526283005129,10659.99852343703,12304.71567051581,15053.370132735477,2470,4194,6499,8055,9374,11247,13020,15815,9,2306,4247,6009,7750,10277,11598,13120,0.25223443487143676,0.02870812763116055,0.7380662838863561,0.5900444857824787,0.8099848589530906,0.08519455990153434,0.9648241086969158,0.2882066001406065,COMPLETE
116,0.428639391056137,2025-11-10 23:54:52.534129,2025-11-11 00:55:35.550212,0 days 01:00:43.016083,0.7909710203843185,-3.322885905735681,4.786832872513474,-1.4275508264688699,0.2107470881939637,-1.633393584123947,-3.182551763369029,-2.9247564108358266,2419.828240193716,3754.2245565802696,5839.890457616767,7490.012153657865,8687.484860000613,10587.152341667246,12187.619667578267,15236.28066837061,2422,4210,5922,7930,9877,11229,13022,15817,25,2305,4248,6009,7748,9572,11602,13114,0.24597217916113814,0.36635054533090594,0.9112496324507586,0.5781574194310025,0.8158000215375324,0.04421439018125951,0.9666613143204293,0.29779023425059103,COMPLETE
117,0.796384395813511,2025-11-11 00:55:35.871520,2025-11-11 01:56:15.993129,0 days 01:00:40.121609,0.14993081004110287,-4.06081267394364,4.9428945679453316,-1.2205342097176826,-3.833880215098372,-1.1903393852392137,-1.7114701203932454,-3.6150055433027752,2459.8212272590886,3967.2598736116697,5769.174667759184,7457.700640043024,8944.823200470264,10468.908555074733,12507.178647623252,15752.568106927405,2476,4229,6354,8011,9345,11254,12985,15897,9,2277,4075,5962,8350,10250,11575,13158,0.08473456467086811,0.0282011934924277,0.7877933094971256,0.5206612564972166,0.7328778106330691,0.09209295076815502,0.9261219612650877,0.2511752940657336,COMPLETE
118,0.47668886774500474,2025-11-11 01:56:16.358722,2025-11-11 02:57:11.248682,0 days 01:00:54.889960,1.2974380975648099,-4.098397653710198,4.944755361087217,-1.9061502857085975,-0.492608077724611,-1.1947641798890427,-2.1062440796367916,-3.504071537180604,2467.8743279469213,3953.074154426477,5781.044551108129,7545.529084753551,8919.387397444912,10459.692899397067,12620.765734867133,15943.46246045907,2557,4257,6508,8011,9354,11408,12998,15894,9,2275,4125,5959,8272,10257,11579,13237,0.2236801153420021,0.02714451037515278,0.7364703798197713,0.5189196153916816,0.7192607159616191,0.10778152183445994,0.9201322537612905,0.2692346077777642,COMPLETE
119,0.4804947668886774,2025-11-11 02:57:11.903478,2025-11-11 03:58:44.690870,0 days 01:01:32.787392,-0.16485319289423572,-4.305157703166123,4.521794170818084,-1.15577096276122,-3.253914569852537,-0.7760681917548388,-1.708664562192312,-3.7124073754458995,2334.8377974360155,4032.647591630359,5971.156631668443,7453.247070924118,8971.334262305485,11177.117570421584,12501.749102392496,15756.943063833074,2468,4231,6400,8062,9298,11339,12973,15850,0,2332,4068,5925,8328,10186,11547,13156,0.15446917316007117,0.010072121182588524,0.7494688489578233,0.5904400974198858,0.6578571244555957,0.08649954359572465,0.9540845321318822,0.2502389119508201,COMPLETE
120,0.7017126546146527,2025-11-11 03:58:45.050281,2025-11-11 05:00:13.856630,0 days 01:01:28.806349,0.9819361020522632,-4.675448930404252,4.198610706091222,-2.0659434750137144,-4.590383502193105,0.4809819947582855,-1.2751601724059063,-3.1462352779428095,2447.4410376213077,3814.209022069105,5999.53757680461,7252.079194434802,9101.04054404479,10379.965831424737,12329.066909520217,15184.165432686654,2613,4189,6360,7973,9748,11277,13044,15920,39,2211,4095,5862,8436,10209,11782,13278,0.031828141964992326,0.056264778954775524,0.8387521787078799,0.4887331711303612,0.5429270384972921,0.12661389564952885,0.9164422527410315,0.30225297900857584,COMPLETE
121,0.7573739295908658,2025-11-11 05:00:14.348344,2025-11-11 06:01:51.555382,0 days 01:01:37.207038,0.04653459991889597,-2.9534691144421648,4.311265495089323,-4.677441018323155,-3.7528195079645252,-2.022063541438544,-2.2764322695812416,-4.223346568668303,2499.1218219123484,3877.6497943497884,5726.863973026844,7340.859715295936,8769.62851931366,10490.240903432881,12395.50478201842,15654.207077768348,2398,4151,6258,7750,9339,11994,13173,16105,25,2288,4306,6043,7707,10179,11474,13203,0.08589875684333848,0.036400414652177436,0.798730351456404,0.45457280343819584,0.7377460471393879,0.15040003524577258,0.9410462925334891,0.6009001210836966,COMPLETE
122,0.6465271170313986,2025-11-11 06:01:51.878759,2025-11-11 07:03:20.237726,0 days 01:01:28.358967,0.1404092759149313,-3.9586478232195215,1.8779660890366472,-1.6794085462296309,-3.9167541335538067,-1.5568408987759121,-1.684439160631776,-3.8879092410387446,2397.619523614294,3129.539951463769,5763.433256940396,7424.632100418027,8294.885531273001,10559.587123098225,12302.299217804397,15055.879573852728,2476,4130,6382,8363,9381,11128,12906,15780,297,3068,4150,5991,7670,10270,11651,13126,0.1341253333622087,0.10274927255760177,0.5342502183579296,0.21470422554854734,0.78132344798777,0.05475861225777798,0.8818158502679647,0.19691908827360513,COMPLETE
123,0.7007611798287345,2025-11-11 07:03:20.767954,2025-11-11 08:05:00.372339,0 days 01:01:39.604385,0.5869862500776523,1.9857475096946284,2.612739668463031,-4.2717068829283225,-4.321175380516219,-1.3678853143479504,-0.5239837020737819,-2.0811867034746125,2356.8825874144545,3711.361467484215,5809.74232220098,7503.214601962071,8639.488351797572,10613.263252008577,12061.91244178611,15797.441825788852,2530,4279,6214,8482,9404,11251,12937,15873,256,2363,4048,6086,8347,10238,11664,13180,0.10618940531899047,0.08165948491643915,0.9925911007918209,0.11252498825966206,0.8035145413839185,0.06951083085897136,0.9806905241763857,0.3677707401446221,COMPLETE
124,0.7873453853472883,2025-11-11 08:05:00.763169,2025-11-11 09:06:38.236686,0 days 01:01:37.473517,-0.4271058779304814,0.4428249091701511,4.871943953087261,-0.9871795804227977,0.8593000425195045,1.0763501929820856,-2.786852510522768,-3.3057942701490286,2439.912704163537,3936.167961217509,5927.618178248961,7474.830310091531,8856.51420839486,10459.54716627186,12452.666017555772,15139.787452822611,2576,4199,6349,8083,9316,11213,13060,15945,12,2317,4095,6016,7601,9553,11600,13698,0.06547024824855893,0.05123489315806112,0.7745446297508638,0.5636034244791489,0.6819497813591798,0.017776366816424582,0.8489900039932203,0.5061630098164266,COMPLETE
125,0.4424357754519505,2025-11-11 09:06:38.676639,2025-11-11 10:08:27.067409,0 days 01:01:48.390770,-0.5431059595611377,0.43374921822799944,4.932317931053166,-1.3409266539702256,2.2948085990094236,1.2329926377590417,-2.862630282785413,-3.3377695961573495,2407.9135742522008,4004.562812554311,5924.498836950986,7538.191488107154,8851.30542054095,10263.785008802277,12434.987396695029,15117.326479295398,2557,4221,6422,8038,9303,11247,12990,15946,11,2319,4111,6014,7563,9590,11520,13749,0.06964481029473309,0.05211967515755209,0.730600670774857,0.5586702223059588,0.6269749110703591,0.016819036630222488,0.9012952371435651,0.5096771217201643,COMPLETE
126,0.758325404376784,2025-11-11 10:08:27.559192,2025-11-11 11:10:07.774332,0 days 01:01:40.215140,-0.36683008219605534,0.9643954233535932,-0.7194553993476597,-0.9215586925307989,1.7765853661797362,1.5133296048413434,-2.6209868853296143,-2.748937979866639,2452.986208245045,4096.224521052959,5845.338992867717,7123.091560538423,8722.764960227725,11763.886415750469,12485.06115539788,15159.066529752483,2592,4305,6275,8080,9322,11219,13053,15901,50,2271,4166,5885,7602,9625,11601,13696,0.052226900115896494,0.03004499575001937,0.7920298005668298,0.5173927588756772,0.6849516845037781,0.04783999749602352,0.8912073889194837,0.3425074206323222,COMPLETE
127,0.41817316841103713,2025-11-11 11:10:08.218020,2025-11-11 12:11:54.962638,0 days 01:01:46.744618,-0.266945153925607,2.617456524678737,4.709225340843457,-2.9011473444598,0.9723272319577702,0.6136941462859193,-3.712657589953567,-3.0675971771071993,2317.6261540515156,3922.5776996472796,5947.372749561223,7461.261071076136,8939.821987839538,10466.3929041097,12560.712588541412,15025.677111727186,2582,4187,6341,8047,9277,11281,12955,15800,0,2296,4014,5960,7647,9649,11486,13687,0.9736118135411495,0.0537748050079167,0.23246552700706782,0.36150866148095184,0.8461506912329718,0.09048932593731038,0.8371498310664269,0.5394662214382433,COMPLETE
128,0.483349191246432,2025-11-11 12:11:55.371867,2025-11-11 13:13:27.526913,0 days 01:01:32.155046,4.878215863223252,3.0101731532417446,4.882463456573082,-2.4471065380869947,3.2909519088800607,1.051690353374985,-2.340695890026351,-3.5498077655493803,2244.159937771168,3852.6464513279725,5897.065198582654,7364.199479585657,9249.979044883186,10333.11808569,12362.236810381097,15283.041147632735,2492,4245,6450,8014,9348,11318,13025,15823,18,2340,4279,5906,7619,10152,11701,13712,0.25835787712851743,0.010198909096912956,0.7046546150657416,0.8407878139719644,0.7565224803564987,0.0299214890803174,0.9294821805615651,0.2820913954182355,COMPLETE
129,0.7887725975261656,2025-11-11 13:13:27.937353,2025-11-11 14:15:19.682884,0 days 01:01:51.745531,-0.8013163974930411,1.710433128952387,-0.19782415296042874,-0.7098738438886246,-1.0056728397609909,1.815810487366538,-3.021638447973743,-2.9780210179666673,2280.84517157843,3927.5465972836582,5962.84896814961,7290.505413486111,8875.704665285111,10455.319603778438,12684.162408810174,15208.598227323422,2518,4936,6361,8103,9317,11083,13012,15958,34,2252,4093,5726,7686,9542,11756,13641,0.025671188417184992,0.0807933840245929,0.7758404931680011,0.5644777730155459,0.7021039506497282,0.11895891265845449,0.9685905131350949,0.231741573187142,COMPLETE
130,0.4552806850618459,2025-11-11 14:15:20.117743,2025-11-11 15:17:03.566611,0 days 01:01:43.448868,-0.7369482673259314,0.7445611754002609,-0.08192490191629212,-0.7709816204396441,0.06985763238982923,2.2083811557487345,-2.991907667960618,-2.942819920900645,2270.39994637556,3933.585201167965,5959.620894437437,7189.143529522911,8807.111951179459,10446.227375914143,12826.829181753985,15211.084894076026,2517,4499,5824,8097,9323,11087,13007,15967,34,2253,4100,5740,7688,9549,11834,13646,0.05038699890089959,0.07830819490785891,0.7648975429963023,0.5632219504351407,0.7074651378219651,0.10570970837348775,0.9666511193035341,0.2317055704884335,COMPLETE
