number,value,datetime_start,datetime_complete,duration,params_a_0,params_a_1,params_a_2,params_a_3,params_a_4,params_a_5,params_a_6,params_a_7,params_f_0,params_f_1,params_f_2,params_f_3,params_f_4,params_f_5,params_f_6,params_f_7,params_high_0,params_high_1,params_high_2,params_high_3,params_high_4,params_high_5,params_high_6,params_high_7,params_low_0,params_low_1,params_low_2,params_low_3,params_low_4,params_low_5,params_low_6,params_low_7,params_u_dc_0,params_u_dc_1,params_u_dc_2,params_u_dc_3,params_u_dc_4,params_u_dc_5,params_u_dc_6,params_u_dc_7,state
494,0.6027592768791628,2025-11-29 13:21:36.653487,2025-11-29 14:26:13.567426,0 days 01:04:36.913939,2.2506752867198188,4.199240426511897,-0.23392341296992775,3.0006549672413683,3.627758622859587,4.429609861331912,0.43023464619286567,2.981766826287388,1969.3627109376464,4120.220662705508,5539.486233437598,7944.300435818383,9914.02362817531,11829.597145084104,13840.931101212756,15849.179918591895,2986,4712,6684,8033,9622,11306,13490,16006,32,2264,4314,6341,8068,9694,11226,13417,0.1818967365408548,0.8255011537799045,0.8028604298297168,0.33847254259516,0.07584221993598357,0.5579764346296816,0.9203643676680144,0.4985125321574829,COMPLETE
495,0.7959086584205518,2025-11-29 14:26:13.900227,2025-11-29 15:27:13.314126,0 days 01:00:59.413899,0.0336293576256925,3.494016904139445,0.13116361163759285,3.513451231436199,4.813143864005603,3.8723245095290233,-1.22531875318003,3.941783213665692,1728.4872394966108,4325.788488985354,5501.619359722551,7830.190324948245,9799.292872097887,11921.696743805105,13611.827180948676,15999.70343772877,3123,4658,6641,7947,9658,11371,13399,16082,16,2212,4347,6431,8123,9790,11299,13550,0.23961365171803256,0.796037023581961,0.8275858262046617,0.43483085678671457,0.2058151071257766,0.6288306675102219,0.9508293841925481,0.44865543159310933,COMPLETE
496,0.46241674595623217,2025-11-29 15:27:13.785164,2025-11-29 16:28:15.424086,0 days 01:01:01.638922,0.9729783777690691,3.7581481123739917,-0.44920790796193577,4.1778267588873135,3.3509836781132427,4.227791895207499,-0.7934659848676091,-0.6281609112260438,2097.732452694647,4275.227095988873,5467.4991694018145,7964.322553336749,9958.69811536449,11737.886695844005,13794.593390948949,15885.727554303317,2975,4690,6703,7922,9722,11692,13458,16060,8,2247,4292,6480,8151,9721,11321,13499,0.21518070311943452,0.755526439442073,0.7803494050947772,0.4131121343747496,0.10611137169838453,0.5850486098081726,0.9824738530301517,0.5161143368567898,COMPLETE
497,0.8035204567078973,2025-11-29 16:28:15.873821,2025-11-29 17:29:14.728284,0 days 01:00:58.854463,0.3676558834375898,4.041583135172457,-0.08193270231234942,3.8734808351113705,3.937055100809422,4.5847099045502215,-1.4179201619430906,3.3919331626784954,1811.282627609058,4167.390528477303,5430.795513678345,7898.652422830004,9876.457631270036,11886.235694946949,13913.085460507265,15960.056039561367,3045,4726,6667,7970,9752,11422,13429,16120,25,2284,4914,6255,8046,9768,11264,13447,0.2668356337673695,0.7205064506508861,0.8160794520369059,0.39522295559779286,0.23699347727578302,0.6836925727804488,0.9997008332449442,0.540428969687926,COMPLETE
498,0.44481446241674594,2025-11-29 17:29:15.086803,2025-11-29 18:30:05.345378,0 days 01:00:50.258575,-0.24555003349865334,3.6280309918521327,-0.725150305534763,2.8025365716007316,2.912411388550721,4.06581299605986,0.2099054729690018,2.5384763988142174,2003.876839755905,3997.59164793534,5329.796669086724,7800.21753044627,9914.771121196572,11965.885210259663,13687.4117525161,15815.5016914881,3001,4781,6687,7874,9691,11337,13380,16170,15,2326,4316,6450,8294,9740,11288,13515,0.19597191945337622,0.7726983237205067,0.7542254277898962,0.37067736756566655,0.04675299964194746,0.5443979842408159,0.9614021075139031,0.4687482251652213,COMPLETE
499,0.8116079923882017,2025-11-29 18:30:06.087893,2025-11-29 19:30:53.910662,0 days 01:00:47.822769,0.17925143333713092,4.314491356193459,0.25447345982557346,3.202289715394291,4.344141581325289,4.810260592424756,-0.4782248866463936,3.6697414415305656,1627.1429158836017,4205.453324262468,5404.062482606462,7719.18044681132,9965.22139337643,11856.445504756268,13520.060757413743,15926.462629000755,2927,4586,6722,7904,9773,11281,13404,16024,8,2225,4381,6400,8087,9798,11247,13482,0.2441746283838484,0.6864019183620463,0.8513182642290882,0.4515147895985804,0.1832552976096456,0.4793679750744095,0.9346019558743559,0.48778205846835776,COMPLETE
500,0.5033301617507137,2025-11-29 19:30:54.311311,2025-11-29 20:31:42.308096,0 days 01:00:47.996785,-0.37669841707025453,4.421158862311735,0.5544592226810602,3.2283104381241685,4.56286585693513,3.6539444748345566,-0.38830902700136133,3.8169438530719213,1601.1933124021305,4234.36881558768,5558.769919037773,7716.689726598745,9998.08096829392,11780.0515044336,13506.052291735345,15966.548152481137,2893,4583,6710,7891,9791,11275,13361,15994,0,2214,4384,6385,8078,9795,11220,13464,0.22817551801702982,0.6883476645160771,0.846752853446965,0.4614472921895122,0.16932604530407,0.4935025209493989,0.9184088591193309,0.47951124960525265,COMPLETE
501,0.7725975261655567,2025-12-01 08:34:33.108994,2025-12-01 09:46:38.193447,0 days 01:12:05.084453,-0.04517468138153302,4.348549013424903,0.36862173956997546,4.043362735858817,4.376463074607865,4.391001165218015,-0.2760787753618691,4.145936761289945,2069.2238883503655,4294.311005825966,5368.262406768913,7666.819725569037,9999.736250131451,11824.066720575094,13509.91480017898,15999.214853499385,2928,4628,6721,7856,9630,11255,13335,16031,52,2229,4410,6405,8054,9778,11199,13481,0.24679024975623556,0.695195424719011,0.8606557837491811,0.4728975157053993,0.1728676864470612,0.4556711131208495,0.9328798372762287,0.520321316637309,COMPLETE
502,0.7811607992388202,2025-12-01 09:46:38.698363,2025-12-01 10:58:42.503884,0 days 01:12:03.805521,0.14442736108038856,4.200036596700389,0.22780874221438427,3.5555921335094194,4.772637195806603,4.6647596625024015,-0.5936822253450037,3.6777149419902444,1652.00402123078,4204.838957952971,5400.671256785252,6965.394502858564,9955.065472038106,11862.092157562232,13474.880818429832,15928.500836900655,2913,4565,6686,7904,9818,11284,13394,16016,23,2230,4376,6373,8087,9755,11238,13441,0.2102078391242979,0.6813450442330249,0.8433997689490329,0.48128841077248385,0.18021070188976696,0.46930506114091247,0.9378887470248419,0.4452110513635272,COMPLETE
503,0.4148430066603235,2025-12-01 10:58:43.072971,2025-12-01 12:09:54.965559,0 days 01:11:11.892588,0.722312418747528,4.074576907704683,0.12335310265743532,3.7227879243237294,4.240179293519827,4.228062919755977,-0.09062903808284806,3.5934793466558532,1624.7769148339075,4258.916040218514,5497.665697809362,7703.615019106919,9940.661963836023,11803.056874002907,13446.98913483805,15875.357408652706,3024,4601,6722,7881,9773,11265,13444,16232,0,2209,4356,6403,8338,9713,11246,13469,0.17384139751270422,0.7122419063391036,0.8505026667397151,0.4457523025305072,0.2118884014668543,0.4823301992497303,0.9157499673453904,0.40903107687756146,COMPLETE
504,0.5456707897240723,2025-12-01 12:09:55.592023,2025-12-01 13:22:37.145204,0 days 01:12:41.553181,0.49081239897819096,4.005632470463369,0.5966128230051011,3.3764020191098836,3.260470919143354,4.4837694567267885,0.0019513800819890431,3.7773933972632023,1671.0863451610298,4207.954674608472,5408.367897567291,7758.371023566239,9966.238790700587,11853.896356659545,13563.03939518567,15793.200201726593,2946,4747,6663,8413,9840,11394,13370,15999,10,2246,4338,6557,8021,9736,11264,13493,0.23056123576916865,0.5492244076798034,0.8228338952328341,0.43546704475770737,0.19230059776979758,0.42988000160716966,0.9505411282191657,0.4954092052815496,COMPLETE
505,0.7978116079923881,2025-12-01 13:22:37.727606,2025-12-01 14:34:06.577065,0 days 01:11:28.849459,0.18190438110794127,4.391215391033696,0.3619030244097511,3.190001659364776,4.964753979266765,4.776326891342927,-0.6311171811870131,3.9975616479298455,1670.2530076491912,4328.106064278786,5530.183572787453,7676.451380056056,9906.09643243058,11363.579786728013,13951.946770517005,15934.404593916592,2997,4594,6703,7914,9676,12038,13405,16037,37,2265,4391,6351,8203,9776,11223,13406,0.15354539321995747,0.67505760008314,0.8588670171291919,0.44911593639909664,0.14667315601851225,0.5143644190138184,0.9846882797508549,0.5440346291404436,COMPLETE
506,0.48525214081826834,2025-12-01 14:34:07.261328,2025-12-01 15:45:49.218775,0 days 01:11:41.957447,-0.08005126990601236,4.2622088179149396,0.009062356435956764,3.4890125987754668,4.598230377826678,3.9592689620500137,-0.25931963991535967,0.6284316600820676,1586.6153494353302,4252.284196603831,5464.058949485884,7741.335434323552,9851.66255890438,11921.174409741721,13552.96139665405,15896.827964498136,2968,4705,6680,7863,9654,11453,13386,15964,17,2229,4244,6219,8422,9692,11268,13300,0.19249251486121388,0.7319448167516713,0.8326503304360559,0.4788800196031654,0.13340542373407804,0.4998094466197875,0.9998909528665781,0.5750072281733998,COMPLETE
507,0.7102759276879163,2025-12-01 15:45:49.795848,2025-12-01 16:57:15.466584,0 days 01:11:25.670736,0.413053725911599,3.8877315917341937,0.19807427413208373,3.9021952189053604,3.500449293768929,4.264198060158357,-0.48944338041527835,4.31173195873243,2026.6647313142475,4171.192589149094,4546.695033148412,7805.145673443091,9927.07983066862,11762.076364135313,13856.933621397315,15964.220002183863,3105,4733,6722,8000,9706,11332,13430,16195,309,2289,4498,6316,8074,9756,11249,13455,0.25260194146723125,0.7450980435835203,0.7975756793498807,0.4551545272718409,0.012456917394421048,0.5663511567350317,0.9659688429804943,0.5106709049229411,COMPLETE
508,0.5423406279733587,2025-12-01 16:57:16.080440,2025-12-01 18:10:31.967352,0 days 01:13:15.886912,0.650713009179559,4.177135477907043,0.5765644597487266,3.736101001539154,3.0708509020920927,4.551723768284401,0.09084311507897487,3.4215920794965053,1947.7554663299493,4291.1398668850115,5493.3094246326,7998.069088037327,9965.807056442944,11998.361546885677,13790.224214590211,15852.316145425575,3059,4769,6645,7928,9878,11297,13413,16014,8,2245,4375,6419,8100,9792,11279,13499,0.2170956124098785,0.7157516422602818,0.8138119839834533,0.43001745024276916,0.1559693655042323,0.5219633586507703,0.04919715938672792,0.4851346790128612,COMPLETE
509,0.5266412940057088,2025-12-01 18:10:32.689141,2025-12-01 19:22:37.690427,0 days 01:12:05.001286,-0.5361264321130719,3.8631293554917674,0.3969423913938219,4.645859898108865,2.5186627656650225,4.8285746088333115,-0.7922335619067317,3.262107977760222,1739.6724016841756,4232.40855741583,5457.4931387959,7960.555410634223,9999.83064404883,11882.492287294288,13744.896581140452,15963.543593825845,2919,4681,6691,7895,9765,11349,13457,15987,0,2214,4345,6387,8378,9808,11234,13479,0.2353870442921611,0.7505011739734885,0.7995401373169144,0.41045227593552175,0.12259752752152984,0.6059874359598237,0.9363529828667095,0.5306911473212049,COMPLETE
510,0.7997145575642245,2025-12-01 19:22:38.353113,2025-12-01 20:34:16.678681,0 days 01:11:38.325568,0.18704585611383168,3.5048240598218356,0.016445714463879435,4.299186057826762,3.7338507202611373,4.38976728019866,-0.4846858508739626,3.5490248063672603,1721.5394956961272,4195.5803850443635,5516.994978988153,7931.295941390238,9874.186572305132,11834.649678370566,13907.096522407397,15905.897241450684,3084,4493,6702,7956,9793,11310,13347,16058,25,2310,4425,6363,8306,9717,11205,13534,0.1954231704990762,0.7104672730540157,0.8336113938814339,0.42822152199570107,0.06985114013439286,0.47263641978820925,0.9812799784456453,0.5061391249668673,COMPLETE
511,0.8039961941008563,2025-12-01 20:34:18.228385,2025-12-01 21:46:20.482725,0 days 01:12:02.254340,0.3409769513048961,3.1827363223152254,0.22231603563100982,2.998765501315665,4.324195115427835,4.99631944740515,0.542233493867083,3.106858775304215,1969.0415174407267,4155.6730791416085,5570.197793446437,7724.402268864398,9920.027226278566,11931.090610787878,13657.237139464607,15935.637783154627,3150,4715,6671,7908,9675,11281,13377,16044,17,2274,4326,6282,8056,9745,11324,13502,0.25966568694205105,0.6600039461554714,0.733659707535311,0.38442429640154685,0.41373860024542514,0.44565395570236577,0.9504197466701203,0.5573350238347564,COMPLETE
512,0.5223596574690771,2025-12-01 21:46:21.134567,2025-12-01 22:58:31.537713,0 days 01:12:10.403146,-0.23991125405262634,4.079164281006775,-0.11994849115445033,3.3201211642323436,4.180841225555903,4.0774777009580365,-0.9579199933642052,-4.982674274109286,1508.3229286953929,4335.24044209995,5428.070789894776,7793.378949638667,9960.483219479145,11881.929870339403,13521.04243720365,15871.028894934501,3004,4745,6722,7875,9641,11254,13396,16147,10,2399,4272,6329,8240,9764,11258,13432,0.2143499013705763,0.7660567727122568,0.7727763537319567,0.44981859596399504,0.10986969919414674,0.5735854237307969,0.9132412277135395,0.4693101280847163,COMPLETE
513,0.7340627973358707,2025-12-01 22:58:32.605438,2025-12-02 00:10:50.943748,0 days 01:12:18.338310,0.03008763307942597,4.386869506792843,0.09726573913218894,4.056366309517629,3.382270715002964,-3.400576641307663,-0.18024327832341008,3.7782002250898605,1702.5223749859279,4260.452971291693,5483.604599258271,6770.920286074323,9820.265773458741,11794.289642000178,13596.920933600097,15963.923097989971,2975,4671,6660,7928,9727,11375,13485,16032,176,2253,4364,6243,8088,9729,11285,13579,0.24070676617574266,0.46662549491382477,0.7960088169042698,0.40771818809275784,0.026768798347463416,0.5400392170302982,0.9659610498772286,0.5328398088175261,COMPLETE
514,0.7954329210275928,2025-12-02 00:10:51.712784,2025-12-02 01:23:17.642239,0 days 01:12:25.929455,0.5730734229742647,3.8449039217823224,0.37771212860745335,2.5452978577165357,2.8234843523414526,4.639462567512328,0.190935034721136,4.056921452039846,2058.532343749212,4220.984240700737,5408.097913250444,7856.64179794548,9890.953367434258,11690.319592204509,13860.39228292787,15919.472743942344,2876,4698,6696,7982,9690,11325,13430,16071,26,2232,4300,6432,8121,9685,11344,13463,0.1781855078642285,0.7270451762133279,0.864309888158604,0.47968709316863634,0.2691642898388015,0.5975368753035725,0.98275450757303,0.48985835844810144,COMPLETE
515,0.8106565176022835,2025-12-02 01:23:18.184711,2025-12-02 02:35:40.742819,0 days 01:12:22.558108,0.21531738481941293,3.4333895965800014,-0.27151819129867205,3.5294937279744074,4.017274393234026,3.8323097289474277,-1.1861682483944505,3.318030753388017,1994.8181590092147,4107.530866834967,5362.46205588147,7775.452546582816,9935.69769875735,11962.47214681128,13999.441772089918,15830.272473625439,2940,4616,6635,7948,9612,11419,13400,16178,0,2287,4316,6399,8273,9778,11309,13517,0.15141342023434706,0.6962542762731865,0.8178896213991865,0.4334954738000038,0.13931533379641334,0.4229378909561119,0.9365289782874655,0.8725626043500148,COMPLETE
516,0.5028544243577545,2025-12-02 02:35:41.238371,2025-12-02 03:47:37.001818,0 days 01:11:55.763447,-0.1252394249280287,3.3678188110275005,-0.06701387611812853,3.1479379748315948,3.7985585271153925,3.6894918997118653,-1.5024201821474032,3.286007041113778,1903.4546630212417,4058.0090005479246,5382.509379223405,7763.827242759632,9960.624992519735,11956.962915850807,13992.681799553051,15828.019469407758,2935,4588,6649,7955,9616,11466,13416,16180,8,2327,4282,6396,8276,9797,11314,13482,0.14558514328708824,0.6233306912372347,0.8378835759960949,0.4662345988401394,0.1365235973239184,0.4158256565807535,0.9090216536862482,0.39285371737690555,COMPLETE
517,0.79686013320647,2025-12-02 03:47:37.388366,2025-12-02 04:59:51.248162,0 days 01:12:13.859796,0.13562259330695645,3.4337988211758024,0.4743743755823725,3.418212471296634,3.1824979700218905,3.591164337805254,-1.7026165228641708,2.210516154027896,1989.0519414102152,4100.120442622869,5218.073067338515,6610.768993145267,9861.068495265996,11993.514862049606,13977.695180216935,15793.62239092249,2907,4629,6631,7971,9612,11443,13444,16211,9,2731,4264,6365,8307,9815,11352,13507,0.161230713486054,0.6729583723093862,0.8216015234759781,0.4422632907821418,0.09944201572816497,0.41450081460689786,0.93203904891151,0.8614140755375739,COMPLETE
518,0.8039961941008563,2025-12-02 04:59:51.592979,2025-12-02 06:12:35.846033,0 days 01:12:44.253054,0.25096102262976705,2.96220034442554,0.21787471033159347,1.9735455947789307,3.6219943147966696,3.8709790074472243,-1.971378109237992,-1.1055748796747444,1932.9847978679832,4034.800443440351,5273.607076688399,7702.3914847159185,9936.853986274778,11955.10671597285,13966.191750136079,15851.293442555103,2864,4603,6625,7940,9641,11424,13356,16180,0,2350,4313,6300,8262,9835,11321,13518,0.1526563222879819,0.6992753634613456,0.8573210829055656,0.40236441245675203,0.05162032490013257,0.4508331008784276,0.9334015462691034,0.37079992144710133,COMPLETE
519,0.769267364414843,2025-12-02 06:12:36.466514,2025-12-02 07:25:19.509905,0 days 01:12:43.043391,-0.0256377466629982,3.1216969830777246,-4.208106350232232,2.901354290638136,3.9696966192966534,3.8293428151880455,-1.3186797472392366,3.0859610479501116,1759.730520673719,4108.9318484404275,5358.8740816090585,7773.083897261423,9967.659762430207,11933.413375487513,13947.949092568428,15878.464115809187,2948,4620,6647,7993,9610,11274,13467,15623,17,2304,4341,6539,8214,9780,11303,13451,0.17619845149130725,0.6927400806135974,0.8136381767537917,0.4242106525801021,0.08746624939449715,0.4224011099450823,0.9480338305833086,0.8386106907004984,COMPLETE
520,0.7759276879162702,2025-12-02 07:25:20.018596,2025-12-02 08:37:45.278729,0 days 01:12:25.260133,0.5223315743407511,3.615578583106282,-0.24300420437810535,3.569647189152953,3.51001692237278,4.019598946911015,0.33929649425137026,3.613204180615562,1991.6017381657116,4159.893262507262,5350.64437564334,7820.900571055585,9894.31863810608,11963.03696045253,13999.362562603219,15894.529010603066,2894,4617,6047,8013,9659,11411,13318,16251,33,2293,4285,6202,8276,9782,11285,13490,0.19765405868044938,0.6684383922140664,0.8212739164582095,0.7495540636080553,0.12105890823360693,0.4404540553198533,0.9079045895476973,0.4334052942870856,COMPLETE
521,0.4862036156041865,2025-12-02 08:37:46.444355,2025-12-02 09:50:53.420336,0 days 01:13:06.975981,-0.41142338399871714,3.6747548603306672,-4.869323459749158,3.2884644073689007,2.9505757642906922,4.201034896153592,-0.038670436332867555,2.755292557741418,2101.48242611774,4110.587093951814,5316.162986527677,7722.241602530042,9930.477632932625,11908.230942211721,13931.922885899905,15833.019850249246,2933,4641,6666,7945,9635,11296,13406,16160,8,2279,4232,6381,8241,9861,11334,13476,0.17878659452349843,0.7896120455978655,0.8424789372829906,0.45604973338103294,0.14564807426087278,0.46990609095690117,0.9540160076009523,0.5468846787034227,COMPLETE
522,0.439581351094196,2025-12-02 09:50:54.078479,2025-12-02 11:05:04.359430,0 days 01:14:10.280951,0.845380321199869,3.953529938937423,0.6566153249682024,3.0925774020946486,4.3902538126938,3.6155337561333383,-1.1876953388047593,3.3353967380626823,1931.3542372531488,4135.985375904954,5397.958462712064,7757.479677160946,9969.09679249652,11183.047022584096,13876.938229429688,15902.526839858952,2957,4547,6633,7969,9662,11434,13432,16224,0,2311,4303,6407,8289,9764,11300,13552,0.1481843927771469,0.6886179490073019,0.8017548619952893,0.3775752969038668,0.49409026287633895,0.5018830897529557,0.9613169701997807,0.9973793825459243,COMPLETE
523,0.3972407231208373,2025-12-02 11:05:04.967016,2025-12-02 12:17:48.394877,0 days 01:12:43.427861,3.2653409420705115,-0.17060679208165652,0.08254464883078459,3.49908584843502,3.766024619879106,4.763771525210759,-0.38445819064123,2.9698410964263897,1860.2124358085903,4082.487395802623,5427.094476383029,7851.325345349451,9843.47136593932,11848.274462841731,13896.897301103469,15789.459010566046,3163,4608,6678,7918,9823,11250,13379,16197,0,2273,4401,6578,8259,9803,11263,13512,0.19753976932111367,0.7167777173642753,0.7879615611088306,0.4350985029996672,0.06460140114250351,0.4318905652962553,0.928462393049259,0.8966535447061523,COMPLETE
524,0.7949571836346336,2025-12-02 12:17:49.037821,2025-12-02 13:29:38.650483,0 days 01:11:49.612662,0.13200547558477818,3.3834471785978764,-0.38624448697391983,3.8344450802199535,3.267353730350292,3.863772804900387,-0.7713557243582577,4.368925359340445,2036.0658009189822,4000.874349968319,5537.364363319045,7659.6063752638165,9898.976997002266,11997.941247599107,13832.526234876828,15853.988429759309,3131,4667,6685,7943,9944,11485,13400,15971,20,2294,4325,6336,8165,9822,11282,13537,0.2159561538397985,0.7633558787055855,0.8317674330734719,0.4779799340000308,0.10461410968716668,0.4880332633921656,0.9845890335515589,0.8738383072370581,COMPLETE
525,0.7959086584205518,2025-12-02 13:29:39.215557,2025-12-02 14:40:28.865734,0 days 01:10:49.650177,0.36239576352741726,4.189818868433434,0.3200040219487365,2.8344709033393602,4.008293387429367,3.4682535350243437,0.14853433898262175,3.141775414523334,1974.515271226558,4181.233155409944,5453.027667208405,7832.581420712431,9996.978559572897,11907.671079689298,13711.066331855362,15920.949825021487,2918,4582,6659,7960,9622,11302,13451,16147,16,2260,4259,6351,8413,9753,11310,13423,0.27207749427757627,0.733115840990243,0.8081523247293341,0.41336983953454753,0.08429028427299656,0.5554088182147296,0.9994068822942584,0.9330508090429777,COMPLETE
526,0.4196003805899144,2025-12-02 14:40:29.419739,2025-12-02 15:52:53.948103,0 days 01:12:24.528364,-0.20729435520436024,3.6873575806917445,-3.3748159475218333,3.655374624874752,3.5195604753566756,4.296160216532624,-0.24951171570078867,3.5248119855708775,1923.804534227216,4297.102691299674,5502.474140678703,7788.661503608408,9999.635913253593,11822.204402195748,13815.247096652698,15944.87544107641,2964,4648,6640,7926,9681,11319,13364,16015,17,2278,4362,6271,8134,9948,11337,13492,0.17481647559150926,0.7892402378275271,0.5434849899228262,0.3589202223389724,0.12766272998860478,0.5215211634229381,0.9473962951717603,0.5218223184657165,COMPLETE
