number,value,datetime_start,datetime_complete,duration,params_a_0,params_a_1,params_a_2,params_a_3,params_a_4,params_a_5,params_a_6,params_a_7,params_f_0,params_f_1,params_f_2,params_f_3,params_f_4,params_f_5,params_f_6,params_f_7,params_high_0,params_high_1,params_high_2,params_high_3,params_high_4,params_high_5,params_high_6,params_high_7,params_low_0,params_low_1,params_low_2,params_low_3,params_low_4,params_low_5,params_low_6,params_low_7,params_u_dc_0,params_u_dc_1,params_u_dc_2,params_u_dc_3,params_u_dc_4,params_u_dc_5,params_u_dc_6,params_u_dc_7,state
593,0.47954329210275926,2025-12-05 16:55:03.815978,2025-12-05 17:56:49.197044,0 days 01:01:45.381066,0.18453836555881659,3.520907877008819,-0.45703924624297365,3.986747890733015,4.55101349365534,4.5358606643228,0.43710285858185505,-0.5367439639692551,1283.8686992449652,4155.957202753107,5510.781542199224,7696.409037639984,9843.664861884869,11757.44032211059,13840.690972145228,15816.223919281438,3029,4637,6722,7926,9612,11429,13473,16186,9,2255,4409,6368,8445,9785,11288,13485,0.35216410504512985,0.8734774442548872,0.7704202846550329,0.4336395038831898,0.3144652315025141,0.5819995956001568,0.6643301431424313,0.4518770392617528,COMPLETE
594,0.527117031398668,2025-12-05 17:56:49.554348,2025-12-05 18:58:42.531031,0 days 01:01:52.976683,0.4071546173547653,4.068502252371574,0.4533125107695473,4.2945585943918365,4.266604580969744,4.8561757494246445,0.2096854545114708,4.685956721677668,1530.231247561311,4115.896333003952,5571.3683934597775,7778.5491356912025,9879.333866848452,11930.319418251782,13821.922001041834,15847.906229410652,3008,4612,6669,7963,9633,11351,13423,16184,0,2343,4353,6346,8425,9769,11265,13396,0.2366882441693471,0.8233248400041495,0.7439985490278135,0.4063228804639877,0.3760003519914306,0.5589886967077881,0.9657038255804743,0.08553351560767575,COMPLETE
595,0.5023786869647955,2025-12-05 18:58:43.027076,2025-12-05 20:00:26.079545,0 days 01:01:43.052469,0.7360446541006815,3.822196255784221,-0.15296779742295877,4.176650225163027,4.931638274587276,4.239399300641246,0.7839364411665266,-1.5345854717706517,1188.6967866832065,4194.250234213681,5495.163425882533,7622.536344863257,9816.339805196281,11815.278446313521,13765.42804234665,15905.762392321021,3077,4600,6687,7943,9608,11364,13503,16219,18,2273,4386,6322,8465,9739,11310,13572,0.8620667938580854,0.8153485552319217,0.7798399469021319,0.47859464593257345,0.29251210226912816,0.5286061664828868,0.9451627316773002,0.5495074865895654,COMPLETE
596,0.8125594671741199,2025-12-05 20:00:26.668674,2025-12-05 21:02:19.079509,0 days 01:01:52.410835,0.07481332080475483,4.496759656784798,0.15823944739775767,4.503370941332304,4.159444740369858,4.62269049246134,0.2523324279517374,2.8288296979304905,1953.800593681243,4046.4878975835254,5548.550004339895,7738.469769380158,9873.910114305796,11106.280578567981,13889.578647403843,14666.249058827092,3019,4631,6640,8032,9644,11404,13462,16175,8,2245,4320,6376,8448,9792,11244,13507,0.2754232623245905,0.8013098634220758,0.7252585647410081,0.37681656358640353,0.13607158185855478,0.593220741472181,0.920218776770206,0.5059464672377482,COMPLETE
597,0.5066603235014272,2025-12-05 21:02:19.653862,2025-12-05 22:04:23.952862,0 days 01:02:04.299000,-0.44321273323545113,4.475158329573427,0.03374482048469152,4.764409229565011,4.551886417951891,4.672773444002085,0.313692066439421,-1.3207016730519725,1959.2686325768511,3954.934764616651,5592.623815804718,7655.118668312552,9776.259527567903,11108.238825712913,13871.80520798077,14335.0680510498,3033,4626,6633,8016,9626,11407,13489,16170,33,2280,4321,6377,8406,9815,11234,13495,0.311263872201061,0.8435903388219735,0.6973568980970081,0.3574263318599637,0.1375909722445283,0.5520971572870905,0.8925217786693637,0.5272882015356508,COMPLETE
598,0.5114176974310181,2025-12-05 22:04:24.449287,2025-12-05 23:06:21.824739,0 days 01:01:57.375452,-0.19006125241564614,4.66849838426951,0.42367089814416004,4.598766349646284,4.250973179516722,4.992144275054446,0.4705034157606339,-2.1550788292304266,1973.0499915707148,4217.182881639607,5553.592579742305,7718.010646668462,9849.77740471849,10992.274373375878,13806.043253564696,15812.840502584208,3059,4629,6605,8047,9642,11406,13516,16241,23,2378,4337,6398,8444,9795,11276,13462,0.29586893283162347,0.8147164809345763,0.7319862270744649,0.3737135158242505,0.1336300106749325,0.5780161329130546,0.9149086021911121,0.51297485425618,COMPLETE
599,0.80732635585157,2025-12-05 23:06:22.310121,2025-12-06 00:08:03.954394,0 days 01:01:41.644273,0.03230735968070372,4.617542397948733,-0.29707916528352074,4.675422261824552,4.3852426414613745,4.695297464288574,0.0952797664721825,2.0522361497649415,1305.5458780318113,4039.097648696785,5468.883356655623,7676.686872631931,9867.461222009382,11227.124211810085,13729.976302767971,14922.03285831685,3022,4474,6618,8065,9654,11419,13471,16190,15,2206,4312,6359,8426,9796,11206,13510,0.2768375672311145,0.8511498975567989,0.7120665082522771,0.3420683684087867,0.3979554358183762,0.5898159984651549,0.9152425572561431,0.5679288808173212,COMPLETE
600,0.4809705042816365,2025-12-06 00:08:04.386661,2025-12-06 01:09:57.414755,0 days 01:01:53.028094,0.5147719400772626,4.497575897421824,0.2259265049426133,4.438248236163827,4.179115951343747,4.8400758207085355,0.6777192256421939,1.4170361482976777,1019.4757911346185,4017.675802029431,5437.7073923863945,7734.617472569451,9810.316033481855,11999.104630906893,13855.520381559192,14660.376785028006,3052,4589,6637,8062,9592,11443,13459,16161,10,2250,4292,6380,8466,9840,11291,13484,0.2684564923176208,0.8205878521486785,0.6773730944454807,0.32158810868845894,0.3564039714511819,0.5435395683395058,0.9277807829553599,0.546447431476133,COMPLETE
