number,value,datetime_start,datetime_complete,duration,params_a_0,params_a_1,params_a_2,params_a_3,params_a_4,params_a_5,params_a_6,params_a_7,params_f_0,params_f_1,params_f_2,params_f_3,params_f_4,params_f_5,params_f_6,params_f_7,params_high_0,params_high_1,params_high_2,params_high_3,params_high_4,params_high_5,params_high_6,params_high_7,params_low_0,params_low_1,params_low_2,params_low_3,params_low_4,params_low_5,params_low_6,params_low_7,params_u_dc_0,params_u_dc_1,params_u_dc_2,params_u_dc_3,params_u_dc_4,params_u_dc_5,params_u_dc_6,params_u_dc_7,state
65,0.7735490009514748,2025-11-07 03:30:28.995461,2025-11-07 04:32:41.219002,0 days 01:02:12.223541,0.12545248778747098,-2.856482311727344,3.655615831037178,-4.467026060326954,-3.8160386139821143,-1.8100413949074292,-4.692817513423695,-4.732892601428098,1065.7486043467734,3322.23838066406,5691.607394718543,7667.054200783162,8075.064738284845,10621.117487661732,12192.979928328343,15641.485692151024,2430,4129,6313,8447,9417,11196,13154,16070,24,2359,4502,6073,7915,9424,11632,12956,0.09576604473560235,0.13693828978953854,0.8669674756672064,0.052038804974931165,0.7381544874168874,0.07548112146609882,0.0917533226744589,0.1330143698883421,COMPLETE
66,0.46907706945765937,2025-11-07 04:32:41.523160,2025-11-07 05:35:03.979783,0 days 01:02:22.456623,0.9538094161926643,-2.8950605855034093,3.4382936149210224,-4.5268379671149805,-4.71427023468884,-1.8694931576396245,-3.7905085450585227,-4.729208868042244,409.4760595794853,3307.835491725276,5675.070640833936,7689.943689027984,8059.374005696235,10578.100488904,12191.020636042926,15634.00373364053,2412,4107,6396,8441,9430,11204,13154,15932,23,2361,4583,5803,7936,9429,11508,12969,0.08377655628583928,0.12425589546646142,0.8692756048305913,0.04881645519079194,0.7450125671097685,0.07375090548752358,0.07821176707434764,0.12969420117504554,COMPLETE
67,0.4538534728829686,2025-11-07 05:35:04.312209,2025-11-07 06:37:13.929591,0 days 01:02:09.617382,0.5661749413263687,-1.146276323221041,3.889563666171126,-4.925414176853824,-4.179387925356944,-3.537530701228624,-3.057912334864504,-3.9424174207193645,1033.0365371980301,3527.20794417336,5701.234296586946,7849.236371309733,8123.53596352491,10150.754858338949,12398.21582965938,15441.771685364894,2199,4133,6325,8407,9388,11140,13019,15977,1,2244,4499,6151,7765,9325,11750,12888,0.18280572706235293,0.09142896379451354,0.8291822776310709,0.06701364095241039,0.9838451263102772,0.2647584451428153,0.18904442051715736,0.04665669922715199,COMPLETE
68,0.6022835394862036,2025-11-07 06:37:14.276314,2025-11-07 07:39:23.423695,0 days 01:02:09.147381,-0.9317297704123616,-0.23526154977360902,2.1547881557368993,-2.8396895733358267,-3.583077916536495,-4.019235935822728,-4.1587330052017615,-4.698182386595854,1024.7830872236457,3432.9003852703668,5625.485848341515,7651.277151596891,8241.852234658852,10633.206309069506,12345.467608744952,15607.21961694518,2454,4214,6368,8261,9416,11183,13064,16060,91,2438,4682,6040,7909,9437,11589,13054,0.1390301258731565,0.01790548392203839,0.08770189701184276,0.03561547165935039,0.8033495760330471,0.16060859199533592,0.010336636449126996,0.1890039895716709,COMPLETE
69,0.7164605137963844,2025-11-07 07:39:23.772666,2025-11-07 08:40:23.096491,0 days 01:00:59.323825,0.11670658286518276,-3.3178283210774726,3.647921624215648,-4.384767873653346,-3.933490862037894,-4.693784896975635,-4.948227054380757,-4.185534060354802,647.2272445638008,3146.1474179842576,5437.601315976751,7929.467554229295,8015.443168670401,10697.28626416549,12049.851441455681,15722.803084943715,2501,4170,6140,8368,9367,11129,13139,16005,68,2325,4537,6193,7998,9303,11622,12927,0.03934391971903049,0.14363205991845837,0.5575477338990644,0.07981300564143992,0.6752561890253997,0.23322977601919653,0.09491431624578925,0.07033227234365687,COMPLETE
70,0.30019029495718363,2025-11-07 08:40:23.455367,2025-11-07 09:40:39.086270,0 days 01:00:15.630903,-0.43824404045047793,-3.8248442997799286,0.582133205909584,-4.712546857674139,-4.9832864121289715,-3.126512713795043,-2.551874310169995,-0.33835149236877565,2235.023849209028,3256.8812263924974,5789.935103628003,7252.791268357771,8124.543270816201,10353.639194970132,12279.63045498403,15397.77050266574,2418,4094,6027,8463,9339,11100,12896,15875,42,2376,4899,5928,7892,9396,11833,12963,0.1737954989328299,0.29816589430399404,0.6276422851929836,0.17499061446216374,0.8043688251048651,0.05340401148709967,0.2855134596239911,0.010800080232765977,COMPLETE
71,0.7706945765937203,2025-11-07 09:40:39.470180,2025-11-07 10:40:56.971874,0 days 01:00:17.501694,-0.07532856433355273,-2.2767988972892175,0.34751544846290927,-3.99524176771818,-1.765746006682864,-2.278000776143651,-4.6731661533840505,-4.5068740576225075,2336.698235175587,3370.628920363204,5857.3167457541995,7460.501623398667,8601.742164434958,10421.438289325595,12006.742522765471,15548.46065798,2370,4140,6295,8136,9394,11165,13086,16063,30,2279,4446,6077,7865,9386,11725,13025,0.10247407967840853,0.2203349491984819,0.26185987831753066,0.03720019896448257,0.8693082274923117,0.12731361993254714,0.14244112236649203,0.239031798828698,COMPLETE
72,0.3967649857278782,2025-11-07 10:40:57.305047,2025-11-07 11:41:02.175957,0 days 01:00:04.870910,-0.7932688912145032,-2.2342944447700863,-0.6969538164982305,-3.891278675449601,-3.0885955064727337,-2.300907622358254,-4.642958814678094,-4.981756151921187,2479.4924332719916,3361.0810557432424,5886.7787630357325,7512.18026181402,8522.846939096708,10496.978442228308,12004.278014174155,15682.350701145433,2373,4138,6304,8156,9390,11223,13079,16071,28,2287,4445,6061,8061,9461,11788,13085,0.08394683755337419,0.20798712933492644,0.1452592765464355,0.02386899640379847,0.8800912353213202,0.12845942755226336,0.19851548241213982,0.127451772857732,COMPLETE
73,0.3934348239771646,2025-11-07 11:41:02.550371,2025-11-07 12:41:17.575694,0 days 01:00:15.025323,-0.31298783982284734,-2.8867743443092113,0.20315903561348547,-3.9660772313653507,-3.74307097909253,-1.7222063339034022,-4.199694943999759,-4.695481532125352,2073.877788626239,3210.5695664289356,5617.3517747339965,7781.696869062838,8603.411295201191,10191.255600971708,12080.118497607917,15461.68749525316,2476,4157,6423,8111,9522,11170,13254,16022,55,2258,4509,6021,7954,9404,11683,12858,0.13721084834146824,0.15483426955391835,0.19469897151427967,0.06788818599734961,0.9471909884108713,0.09526239820490125,0.11847000176360344,0.22726380063700546,COMPLETE
74,0.7335870599429115,2025-11-07 12:41:17.918327,2025-11-07 13:41:26.109144,0 days 01:00:08.190817,0.37591495380717266,-1.5740212810439578,2.6906913459764623,-2.6601000273337205,-2.4471038199792794,-0.9768062243179672,-3.5830109517663753,-4.474297023910171,2356.125156000885,3524.277080772059,5743.275287688399,7580.981983406376,8658.983730840673,10303.305430426739,12187.09534458475,15534.768112014595,2532,4059,6194,8062,9459,11088,13043,15967,83,2335,4334,6113,8122,9341,11745,12983,0.03397322137677555,0.08674972502267025,0.32128599500896404,0.03907289446617065,0.8654876818040137,0.13981348919434752,0.06048398332670231,0.3479947952127186,COMPLETE
75,0.7816365366317792,2025-11-07 13:41:26.555531,2025-11-07 14:41:45.724724,0 days 01:00:19.169193,0.6543998944736518,-2.709493608184686,2.921830192098388,-2.4295615786595035,-2.4302310613538145,-1.0529111501380604,-3.7985561500277414,-3.7737410301924714,2355.8813958590003,3541.3379417380884,5851.517398949966,7347.560473953901,8573.379448850415,10451.066333965256,12173.154923025453,15389.729539081218,2524,4048,6286,8047,9469,11282,12960,15922,13,2346,4328,5977,7854,9513,11743,13022,0.07210957989440736,0.07208575769294483,0.3076079816332417,0.1546080137146747,0.7387418418389711,0.15932147265050298,0.18069894992915847,0.3454367968004202,COMPLETE
76,0.7878211227402474,2025-11-07 14:41:46.006307,2025-11-07 15:41:56.275021,0 days 01:00:10.268714,0.6661430267681454,-4.813160148745517,3.940333005165969,-3.3098763119070047,-4.448719333217662,-1.2458578130281093,-3.8387923916664994,-3.7585577142335307,2439.37341416763,3827.761793933355,5864.224379760957,7373.375046903593,8560.750258870099,10561.197415598783,12170.865275558155,15239.191405456568,2296,4015,6280,8085,9426,11281,12874,16114,18,2385,4360,5978,7856,9509,11713,13022,0.20952003876608344,0.05306895145599824,0.2618161444066243,0.15895257477776498,0.7366317093145629,0.08126070835512349,0.19687960269872828,0.3231167071836951,COMPLETE
77,0.3425309229305423,2025-11-07 15:41:56.586654,2025-11-07 16:42:00.087153,0 days 01:00:03.500499,1.7955983906671937,-4.68212754224754,4.095259124779472,-3.2901864911002057,-3.5208176581996375,-1.3064579083392034,-3.342096218157168,-3.995206560186296,2438.5266776786375,3960.333594997744,5916.066366758829,7357.4271859253095,8570.764048990359,10730.325151237548,12362.127836143882,15259.46649345242,2267,4008,6292,8071,9420,11285,12894,16127,18,2429,4555,5977,7842,9497,11811,13025,0.3363226078588152,0.0289800834843415,0.2533249635706225,0.1473553830589724,0.7411896882633956,0.2684929593441707,0.20609208546844293,0.3009801663407172,COMPLETE
78,0.35632730732635587,2025-11-07 16:42:00.383176,2025-11-07 17:42:02.887218,0 days 01:00:02.504042,2.2154983470844836,-4.1492534674774495,4.6678170853333105,-2.331761060932714,-4.363859599974554,-1.257754260989216,-3.837152042772782,-3.759774975897416,2493.9031512427937,3749.859523818285,5854.326443663657,7335.680595045895,8196.619747772585,10858.594018876656,12172.791276121938,15181.83736177614,2213,4028,6392,8150,9483,11339,12875,16167,34,2383,4491,5920,7767,9463,11728,13065,0.210178323268317,0.05726550085816875,0.3015241184748495,0.20215884509560578,0.6426414475126518,0.1601315766126457,0.3024302527967206,0.48249797037502246,COMPLETE
79,0.3977164605137964,2025-11-07 17:42:03.293908,2025-11-07 18:42:10.018362,0 days 01:00:06.724454,1.2351821770225364,-2.740682646256499,3.060759033830201,-1.9324729406911765,-4.44341889942093,-0.8627710792715217,-3.002339924049817,-3.043697523720202,2353.317380070703,3465.111673174451,5931.547409842986,7487.686969804898,8259.712931792556,10579.5264393721,12298.524590131425,15367.68610795807,2297,4082,6339,7959,9376,11291,12949,16270,13,2348,4356,5851,7860,9306,11851,13041,0.16828445108116263,0.1073718260373054,0.3848974807230995,0.16097247980104773,0.7278795380807723,0.11378758479127227,0.26192022099892026,0.3388064437243268,COMPLETE
80,0.3720266412940057,2025-11-07 18:42:10.515944,2025-11-07 19:42:09.832772,0 days 00:59:59.316828,0.8408309848666333,-3.137137370374349,4.335702066740575,-4.369049378150925,-3.1404888196458005,-0.25952023668138846,-2.6048429731454505,-4.214999685091536,2412.5710982985465,4097.293740184795,5848.634656556974,7631.426456771755,8100.920316633252,10497.982189348017,12522.349016351855,15219.195454420336,2635,4222,6259,8025,9980,11236,12837,15925,2,2492,4387,6064,7738,9548,11903,13315,0.23432076503828952,0.08289231904596454,0.5196413536622999,0.22760145333766157,0.6942060297287969,0.03424020807925207,0.3644375960677898,0.1812651131761306,COMPLETE
81,0.7668886774500476,2025-11-07 19:42:10.123911,2025-11-07 20:42:15.586468,0 days 01:00:05.462557,0.6829033794342761,-2.082451185875242,3.334038401301679,-3.128269315037234,-2.530745795059576,-2.2229670424887633,-4.329294104972149,-3.755874756062685,2191.2151853158243,4137.784255220048,5776.244961363065,7599.248372321591,8559.907681157174,10414.585887027306,12259.551168251683,15592.143736793527,2380,4061,6362,8196,9446,11374,13005,16043,47,2309,4448,5983,7884,9510,11758,13012,0.07162543448243193,0.15142755347246242,0.2638975323739321,0.25612348448747796,0.8294711102710747,0.06622292932018524,0.1880494507472016,0.21157808261623212,COMPLETE
82,0.764034253092293,2025-11-07 20:42:15.896436,2025-11-07 21:42:27.030351,0 days 01:00:11.133915,0.7068853842549131,-2.2532033875080395,3.44262678805769,-2.818124537861601,-2.548421327490247,-1.6213040039772144,4.830450531448625,-3.7041762675314924,2185.4786517774655,4251.753589354423,5759.21164946481,7588.698597543535,8001.833955336763,10635.36216166307,12260.062040360419,15578.627495579838,2381,4052,6447,8200,9440,11362,12970,16210,21,2384,4448,5976,7973,9606,11721,13008,0.0799053852488036,0.11995370596945093,0.3418953975205066,0.24370764108802198,0.7902425808912213,0.08684877457545961,0.09073870597905825,0.14546668199690435,COMPLETE
83,0.4291151284490961,2025-11-07 21:42:27.762888,2025-11-07 22:42:37.556189,0 days 01:00:09.793301,1.1750879915580155,-3.6428094269858153,2.8683624965707115,-3.0643734259708135,-3.0380122421829867,-2.1253694436433,-4.290784852833292,-4.511572475360043,838.9545834667333,4174.60813159946,5873.17185583077,7730.6394656199445,8590.568786567805,10420.263625016383,12173.55939319529,15894.588590227499,2303,3956,6376,8267,9406,11259,12993,16043,45,2275,4479,5999,7932,9511,11768,12909,0.12239692404640103,0.14629226509516202,0.2796013934789102,0.18938872054662315,0.6968656674435917,0.21051752494928683,0.19002880605189065,0.0970065095554917,COMPLETE
84,0.4866793529971456,2025-11-07 22:42:38.071159,2025-11-07 23:42:40.768830,0 days 01:00:02.697671,0.3972945998398416,-2.5679873294983495,3.2346962771621306,-3.4368976340585204,-3.868236436953689,-2.8229409453050964,-3.865704048802864,-3.2443215228863274,1137.220289740369,3827.1716023493605,5799.795421923214,7278.409842313089,8656.169994778393,10529.27267498051,12407.320779736536,15570.125488787315,2346,4125,6334,8175,10180,11216,12934,15893,33,2319,4511,6048,8011,9440,11760,13161,0.10046007893205847,0.06196035236672284,0.2676256776227676,0.2646690002031449,0.8146461074842636,0.07821313138547359,0.5194821147820001,0.2844671182459035,COMPLETE
85,0.7978116079923881,2025-11-07 23:42:41.456619,2025-11-08 00:42:46.746883,0 days 01:00:05.290264,-0.1400295118925785,-4.838112636259947,2.020584515548052,-2.5038541976540563,-3.556020953759443,-0.6960827488062311,-3.325173536618868,-3.7191623161611735,2356.937294669354,3737.2602676211245,5950.388703003204,7666.191077157651,8769.686556611563,10465.007213569997,12079.336976921315,15697.296843819993,2397,4095,6314,8240,9347,11369,12871,15848,15,2246,4322,5906,7827,9396,11671,13111,0.0675747524851263,0.010228000266918329,0.201137489905297,0.13249210820736423,0.752131831516986,0.13839279546382008,0.21867488618670566,0.32839000421475517,COMPLETE
86,0.4419600380589914,2025-11-08 00:42:47.111732,2025-11-08 01:42:53.154001,0 days 01:00:06.042269,-1.2656711745036042,-4.979406897739355,2.0835296393664913,-2.549049229634794,-4.594245153498944,-0.5846542988691645,-3.3053659965774185,-4.591815544523239,2299.826644726131,3735.3562084882915,5933.31121876958,7668.226447592188,8862.247737152318,10598.200877698637,12080.877283610367,15713.788736820245,2435,4016,6320,8220,9356,11477,12865,15846,15,2239,4317,5902,7836,9381,11636,13100,0.2620468250903614,0.01210790734345948,0.19544684170316518,0.12164595361585892,0.752924040268205,0.16505991217879368,0.11728049863985032,0.39051056598416634,COMPLETE
87,0.3834443387250238,2025-11-08 01:42:53.643544,2025-11-08 02:42:59.644955,0 days 01:00:06.001411,-0.2339949543908546,-4.460382929293811,-1.2726091183399213,-1.819719111167076,-3.5352177214383698,-0.7716027338118516,-3.691344887013396,-4.156720851428756,1512.6687909697362,3790.522499531816,5316.616015283756,7836.869878468584,8775.058286498082,10477.045410862162,12693.359984134393,15637.971160725876,2310,4094,6284,8369,9278,11406,12915,15773,99,2350,4361,5826,7709,9406,11675,13213,0.14692579715414328,0.08185225191508307,0.440782381929911,0.09692629266910724,0.6705500624492767,0.17382312756516194,0.26721858756389366,0.32020166765604907,COMPLETE
88,0.7897240723120837,2025-11-08 02:42:59.978774,2025-11-08 03:42:59.195670,0 days 00:59:59.216896,0.18644834867010657,-4.036819703637914,2.3011775305831055,-4.718159799234376,-4.220008624723897,-1.1124908772756184,-2.483174796967071,-2.779159731700346,2425.26962215702,3675.3198480773794,5996.931754641778,7178.595160266494,8993.04102694617,10713.969953556521,12180.69176526016,15672.474098700997,2408,4120,6405,8101,9339,11272,12874,15913,0,2272,4383,5871,7758,9843,11718,13058,0.2047293087388346,0.03495338662586033,0.41376006830194734,0.07438961800165426,0.72821787690639,0.24672671849401318,0.4582265474190722,0.38917415108495734,COMPLETE
89,0.7806850618458611,2025-11-08 03:42:59.541499,2025-11-08 04:43:03.749114,0 days 01:00:04.207615,0.42369512034805157,-3.9003576289286475,1.831417224744922,-1.305351316002883,-4.882246377752253,-1.1201120905371373,-1.8845561307127299,-2.818917578656987,2421.1117920632837,3907.4555657645637,5955.094759476068,7034.642980006473,8974.06070132465,10826.706654415439,12326.086161856607,15057.39953549943,2406,4319,6495,8088,9332,11307,12853,15797,0,2232,4331,5774,7664,9796,11713,13117,0.27883888730602124,0.037117482059067695,0.40453844103878,0.46809297154810386,0.6346183523520941,0.23077647933820794,0.5715687111139753,0.48273182357322164,COMPLETE
90,0.7711703139866793,2025-11-08 04:43:04.000427,2025-11-08 05:43:07.891997,0 days 01:00:03.891570,0.18701855824442237,-4.002755948257647,1.8338338607880504,-1.328078013845377,-4.869313340649057,-1.1733481505223617,-1.8435396645730924,-2.7563247262377892,2423.872143260054,3904.4254022064206,5966.083710554653,7000.8702187790495,8981.764979142725,10822.478927020347,12479.28444005504,15312.305502419948,2415,4110,6410,8095,9345,11321,12865,15812,0,2237,4297,5771,7641,9882,11533,13259,0.18572146206166784,0.044098780602442794,0.40255426582073844,0.714635867072485,0.6152692876958791,0.24422285848112146,0.5671413546512952,0.5175332904569735,COMPLETE
91,0.7759276879162702,2025-11-08 05:43:08.248512,2025-11-08 06:43:11.607465,0 days 01:00:03.358953,0.48282859047157195,-4.871165514551447,2.3071150853033067,-0.8224990181024339,-4.213372526891707,-0.7626641192259148,-2.5024723886028575,-2.3405272437864273,2378.861363692563,3608.7449799274254,5947.990699445221,7143.972602230299,9142.746509734634,10690.765116253498,12326.62748876556,15148.150177978823,2489,4198,6483,8245,9330,11273,12908,15786,17,2176,4338,5879,7686,9799,11678,13175,0.2193426172979318,0.03496209034656516,0.4611836862916425,0.5557903627128828,0.7292705442789617,0.2241224429418383,0.41849900975219934,0.40289754253018445,COMPLETE
92,0.4490960989533777,2025-11-08 06:43:11.873464,2025-11-08 07:43:15.614516,0 days 01:00:03.741052,1.1241214161765885,-4.872048623140503,2.729933544580765,-0.8367689406803753,-4.255973292276762,-0.3048471761136309,-2.4709596551067916,-2.5341152778467455,2488.9173476403153,3677.3653520047255,5992.630651155736,7052.1167437018175,9118.46023592901,10694.963073432315,12365.958258350815,15049.016685902028,2493,4323,6476,8045,9338,11279,12835,15798,14,2180,4269,5867,7619,9791,11810,13106,0.2705789016216321,0.033779567598513305,0.47707293003246987,0.5801615081774711,0.7274683455754116,0.33724676816759974,0.46387360162920455,0.49029479837896817,COMPLETE
93,0.7916270218839201,2025-11-08 07:43:15.876128,2025-11-08 08:43:20.172884,0 days 01:00:04.296756,0.46364191409280653,-4.335388209588905,2.5271829891076396,-0.3973625452062959,-4.643071073642022,0.006716990431206105,-2.729694853473674,-3.1363495612224392,2384.052442227312,3602.914335412331,5947.210686485818,7198.583244603958,9053.615962728903,10804.833372924872,12207.747657373584,15117.391316928204,2571,4222,6472,8011,9329,11313,12897,15850,22,2178,4335,5785,7671,9835,11693,13147,0.35517317117447034,0.06599989470254343,0.4256319919007395,0.6247991817197794,0.7041013463441017,0.3059968440156007,0.4396808611377966,0.5645220062012234,COMPLETE
94,0.5223596574690771,2025-11-08 08:43:20.480285,2025-11-08 09:43:17.149741,0 days 00:59:56.669456,0.5034924399170599,-4.40615813770713,2.4307111706776707,-0.9056051951134465,-4.5950097151641724,-0.1335583270568872,-2.2226095103454346,-3.127155595515959,2373.6061911603474,3606.3633747349904,5935.609240199292,7142.6901548708565,9178.540864087036,10765.945198847083,12312.436000258389,15091.57462267158,2609,4227,6515,8089,9319,11426,12907,15744,65,2170,4340,5799,7679,9920,11692,13187,0.4688229995166739,0.01151919564811327,0.4212515645261228,0.6360856895840951,0.640127567286645,0.29754840280569395,0.4364529767237304,0.5412282478816814,COMPLETE
95,0.5504281636536632,2025-11-08 09:43:17.477003,2025-11-08 10:43:20.935906,0 days 01:00:03.458903,-1.6203580003509317,-4.678669189494282,0.7725551444342094,-1.265889006953896,-4.031481719290341,0.04114568451975057,-2.7881865802963204,-2.271387951255874,2428.5265150639025,3646.8126724160243,5899.16694733023,6947.480820124344,9040.975692540205,10847.693053490038,12421.328959500315,14923.828458908161,2572,4272,6486,7965,9285,11356,12952,15800,9,2237,4313,5768,7660,9839,11683,13158,0.3332004468244452,0.07006206529731118,0.3754629907340996,0.4794381783170645,0.7737005439104555,0.2904724260635112,0.419841228895122,0.44502586932444377,COMPLETE
96,0.35632730732635587,2025-11-08 10:43:21.339457,2025-11-08 11:43:24.813874,0 days 01:00:03.474417,-0.1633721261744881,-4.181508531798437,1.841043314243118,-0.3823976197298845,-4.457970210894494,-0.7032342730562653,-1.526800278521799,-2.9269182054634544,2390.090080491425,3879.1269600385967,5826.877917661027,7219.686686712649,9045.943718523436,10980.856683767694,12524.363718352472,15127.794481302326,2526,4183,6460,7900,9328,11309,12882,15853,1,2166,4280,5730,7693,9841,11708,13131,0.3847593770618296,0.11070203875738563,0.49508321843194086,0.5438274304049363,0.7020092528745878,0.2485828723136282,0.49131163581602993,0.5566186661820329,COMPLETE
97,0.3520456707897241,2025-11-08 11:43:25.102834,2025-11-08 12:43:40.394808,0 days 01:00:15.291974,-1.1513729701041577,-3.482013959856532,2.299881952506406,-1.5887635740166708,-4.83785283700383,0.486171384417167,-2.988783483313801,-2.7787023272575264,2274.2271954458697,3984.96893991627,5957.7570962730415,7171.37651409831,8958.449095011407,10899.158122767518,12325.44628904266,15175.00529680215,2547,4392,6529,8003,9354,11246,12851,15907,20,2260,4371,5827,7586,9744,11802,13166,0.2280505725400354,0.04286503442831138,0.4662525532834977,0.6660201756529773,0.6820235584630516,0.21106583200950657,0.34887802328390116,0.3877716637429914,COMPLETE
